Log file open, 02/20/17 15:00:25
LogInit:Display: Running engine for game: FPSMEME
LogPlatformFile: Not using cached read wrapper
LogInit:Display: RandInit(-391352585) SRandInit(-391352583).
LogTaskGraph: Started task graph with 4 named threads and 7 total threads with 1 sets of task threads.
LogStats: Stats thread started at 0.078894
LogInit: Version: 4.12.5-3039270+++UE4+Release-4.12
LogInit: API Version: 2992821
LogInit: Net Version: 3039270
LogDevObjectVersion: Number of dev versions registered: 13
LogDevObjectVersion:   Dev-Blueprints (B0D832E4-1F89-4F0D-ACCF-7EB736FD4AA2): 3
LogDevObjectVersion:   Dev-Build (E1C64328-A22C-4D53-A36C-8E866417BD8C): 0
LogDevObjectVersion:   Dev-Core (375EC13C-06E4-48FB-B500-84F0262A717E): 1
LogDevObjectVersion:   Dev-Editor (E4B068ED-F494-42E9-A231-DA0B2E46BB41): 2
LogDevObjectVersion:   Dev-Framework (CFFC743F-43B0-4480-9391-14DF171D2073): 6
LogDevObjectVersion:   Dev-Mobile (B02B49B5-BB20-44E9-A304-32B752E40360): 0
LogDevObjectVersion:   Dev-Networking (A4E4105C-59A1-49B5-A7C5-40C4547EDFEE): 0
LogDevObjectVersion:   Dev-Online (39C831C9-5AE6-47DC-9A44-9C173E1C8E7C): 0
LogDevObjectVersion:   Dev-Physics (78F01B33-EBEA-4F98-B9B4-84EACCB95AA2): 0
LogDevObjectVersion:   Dev-Platform (6631380F-2D4D-43E0-8009-CF276956A95A): 0
LogDevObjectVersion:   Dev-Rendering (12F88B9F-8875-4AFC-A67C-D90C383ABD29): 2
LogDevObjectVersion:   Dev-Sequencer (7B5AE74C-D270-4C10-A958-57980B212A5A): 0
LogDevObjectVersion:   Dev-VR (D7296918-1DD6-4BDD-9DE2-64A83CC13884): 0
LogInit: Compiled (64-bit): Jul  6 2016 09:09:46
LogInit: Compiled with Visual C++: 19.00.23026.00
LogInit: Build Configuration: Development
LogInit: Branch Name: ++UE4+Release-4.12
LogInit: Command line:  
LogInit: Base directory: C:/Program Files/Epic Games/UE_4.12/Engine/Binaries/Win64/
LogInit: Installed Engine Build: 1
LogInit: Using libcurl 7.41.0
LogInit:  - built for x86_64-pc-win32
LogInit:  - supports SSL with WinSSL
LogInit:  - other features:
LogInit:      CURL_VERSION_SSL
LogInit:      CURL_VERSION_IPV6
LogInit:      CURL_VERSION_ASYNCHDNS
LogInit:      CURL_VERSION_LARGEFILE
LogInit:      CURL_VERSION_IDN
LogInit:  CurlRequestOptions (configurable via config and command line):
LogInit:  - bVerifyPeer = true  - Libcurl will verify peer certificate
LogInit:  - bUseHttpProxy = false  - Libcurl will NOT use HTTP proxy
LogInit:  - bDontReuseConnections = false  - Libcurl will reuse connections
LogInit:  - CertBundlePath = nullptr  - Libcurl will use whatever was configured at build time.
LogInit: Presizing for max 8388607 objects, including 0 objects not considered by GC, pre-allocating 0 bytes for permanent pool.
LogInit: Object subsystem initialized
[2017.02.20-15.00.25:678][  0]LogInit: Selected Device Profile: [Windows]
[2017.02.20-15.00.25:678][  0]LogInit: Applying CVar settings loaded from the selected device profile: [Windows]
[2017.02.20-15.00.25:687][  0]LogInit: Computer: DESKTOP-TV50U0L
[2017.02.20-15.00.25:687][  0]LogInit: User: Jack
[2017.02.20-15.00.25:687][  0]LogInit: CPU Page size=65536, Cores=4
[2017.02.20-15.00.25:687][  0]LogInit: High frequency timer resolution =2.531253 MHz
[2017.02.20-15.00.25:687][  0]LogMemory: Memory total: Physical=7.9GB (8GB approx)
[2017.02.20-15.00.25:687][  0]LogMemory: Platform Memory Stats for Windows
[2017.02.20-15.00.25:687][  0]LogMemory: Process Physical Memory: 192.23 MB used, 192.23 MB peak
[2017.02.20-15.00.25:687][  0]LogMemory: Process Virtual Memory: 195.47 MB used, 195.47 MB peak
[2017.02.20-15.00.25:687][  0]LogMemory: Physical Memory: 3387.41 MB used, 8055.77 MB total
[2017.02.20-15.00.25:687][  0]LogMemory: Virtual Memory: 539.90 MB used, 134217728.00 MB total
[2017.02.20-15.00.26:068][  0]LogTextLocalizationManager: No specific translations for ('en-GB') exist, so ('en') translations will be used.
[2017.02.20-15.00.26:461][  0]LogD3D11RHI: D3D11 adapters:
[2017.02.20-15.00.27:026][  0]LogD3D11RHI:    0. 'NVIDIA GeForce GTX 970M' (Feature Level 11_0)
[2017.02.20-15.00.27:026][  0]LogD3D11RHI:       3040/0/4027 MB DedicatedVideo/DedicatedSystem/SharedSystem, Outputs:1, VendorId:0x10de
[2017.02.20-15.00.27:036][  0]LogD3D11RHI:    1. 'Intel(R) HD Graphics 530' (Feature Level 11_0)
[2017.02.20-15.00.27:036][  0]LogD3D11RHI:       128/0/4027 MB DedicatedVideo/DedicatedSystem/SharedSystem, Outputs:0, VendorId:0x8086
[2017.02.20-15.00.27:037][  0]LogD3D11RHI:    2. 'Microsoft Basic Render Driver' (Feature Level 11_0)
[2017.02.20-15.00.27:037][  0]LogD3D11RHI:       0/0/4027 MB DedicatedVideo/DedicatedSystem/SharedSystem, Outputs:0, VendorId:0x1414
[2017.02.20-15.00.27:037][  0]LogD3D11RHI: Chosen D3D11 Adapter: 0
[2017.02.20-15.00.27:042][  0]LogD3D11RHI: Creating new Direct3DDevice
[2017.02.20-15.00.27:042][  0]LogD3D11RHI:     GPU DeviceId: 0x13d8 (for the marketing name, search the web for "GPU Device Id")
[2017.02.20-15.00.27:042][  0]LogWindows: EnumDisplayDevices:
[2017.02.20-15.00.27:042][  0]LogWindows:    0. 'Intel(R) HD Graphics 530' (P:1 D:1)
[2017.02.20-15.00.27:042][  0]LogWindows:    1. 'Intel(R) HD Graphics 530' (P:0 D:0)
[2017.02.20-15.00.27:042][  0]LogWindows:    2. 'Intel(R) HD Graphics 530' (P:0 D:0)
[2017.02.20-15.00.27:043][  0]LogWindows: DebugString: PrimaryIsNotTheChoosenAdapter PrimaryIsNotTheChoosenAdapter PrimaryIsNotTheChoosenAdapter FoundDriverCount:0 
[2017.02.20-15.00.27:043][  0]LogD3D11RHI:     Adapter Name: NVIDIA GeForce GTX 970M
[2017.02.20-15.00.27:043][  0]LogD3D11RHI:   Driver Version: Unknown (internal:Unknown, unified:Unknown)
[2017.02.20-15.00.27:043][  0]LogD3D11RHI:      Driver Date: Unknown
[2017.02.20-15.00.27:043][  0]LogRHI: Texture pool is 1361 MB (70% of 1945 MB)
[2017.02.20-15.00.27:547][  0]LogD3D11RHI: Async texture creation enabled
[2017.02.20-15.00.27:593][  0]LogD3D11RHI: GPU Timing Frequency: 1000.000000 (Debug: 2 1)
[2017.02.20-15.00.27:593][  0]LogShaderCompilers: Guid format shader working directory is -23 characters bigger than the processId version (../../../../../../Users/Jack/Documents/Uni Folder/140FPSTEST/FPSMEME/Intermediate/Shaders/WorkingDirectory/4776/).
[2017.02.20-15.00.27:594][  0]LogShaderCompilers: Cleaned the shader compiler working directory 'C:/Users/Jack/AppData/Local/Temp/UnrealShaderWorkingDir/253276044B1C8D656ED275BF4FE1446D/'.
[2017.02.20-15.00.27:594][  0]LogShaderCompilers:Display: Using Local Shader Compiler.
[2017.02.20-15.00.28:562][  0]LogTemp:Display: Loaded TP AllDesktopTargetPlatform
[2017.02.20-15.00.28:572][  0]LogTemp:Display: Loaded TP WindowsClientTargetPlatform
[2017.02.20-15.00.28:582][  0]LogTemp:Display: Loaded TP WindowsNoEditorTargetPlatform
[2017.02.20-15.00.28:592][  0]LogTemp:Display: Loaded TP WindowsServerTargetPlatform
[2017.02.20-15.00.28:601][  0]LogTemp:Display: Loaded TP WindowsTargetPlatform
[2017.02.20-15.00.28:609][  0]LogTemp:Display: Loaded TP AndroidTargetPlatform
[2017.02.20-15.00.28:618][  0]LogTemp:Display: Loaded TP Android_ASTCTargetPlatform
[2017.02.20-15.00.28:625][  0]LogTemp:Display: Loaded TP Android_ATCTargetPlatform
[2017.02.20-15.00.28:633][  0]LogTemp:Display: Loaded TP Android_DXTTargetPlatform
[2017.02.20-15.00.28:641][  0]LogTemp:Display: Loaded TP Android_ETC1TargetPlatform
[2017.02.20-15.00.28:649][  0]LogTemp:Display: Loaded TP Android_ETC2TargetPlatform
[2017.02.20-15.00.28:665][  0]LogTemp:Display: Loaded TP Android_MultiTargetPlatform
[2017.02.20-15.00.28:665][  0]LogTemp:Display: Loaded TP Android_PVRTCTargetPlatform
[2017.02.20-15.00.28:666][  0]LogTemp:Display: Loaded TP HTML5TargetPlatform
[2017.02.20-15.00.28:689][  0]LogTemp:Display: Loaded TP IOSTargetPlatform
[2017.02.20-15.00.28:697][  0]LogTemp:Display: Loaded TP TVOSTargetPlatform
[2017.02.20-15.00.28:704][  0]LogTemp:Display: Loaded TP LinuxNoEditorTargetPlatform
[2017.02.20-15.00.28:712][  0]LogTemp:Display: Loaded TP LinuxServerTargetPlatform
[2017.02.20-15.00.28:720][  0]LogTemp:Display: Loaded TP LinuxTargetPlatform
[2017.02.20-15.00.28:720][  0]LogTargetPlatformManager:Display: Building Assets For Windows
[2017.02.20-15.00.28:810][  0]LogDerivedDataCache:Display: Max Cache Size: 512 MB
[2017.02.20-15.00.28:862][  0]LogDerivedDataCache: Loaded boot cache 0.05s 48MB C:/Users/Jack/AppData/Local/UnrealEngine/4.12/DerivedDataCache/Boot.ddc.
[2017.02.20-15.00.28:862][  0]LogDerivedDataCache:Display: Loaded Boot cache: C:/Users/Jack/AppData/Local/UnrealEngine/4.12/DerivedDataCache/Boot.ddc
[2017.02.20-15.00.28:863][  0]LogDerivedDataCache: FDerivedDataBackendGraph:  Pak pak cache file ../../../../../../Users/Jack/Documents/Uni Folder/140FPSTEST/FPSMEME/DerivedDataCache/DDC.ddp not found, will not use a pak cache.
[2017.02.20-15.00.28:863][  0]LogDerivedDataCache: Unable to find inner node Pak for hierarchical cache Hierarchy.
[2017.02.20-15.00.28:863][  0]LogDerivedDataCache: FDerivedDataBackendGraph:  CompressedPak pak cache file ../../../../../../Users/Jack/Documents/Uni Folder/140FPSTEST/FPSMEME/DerivedDataCache/Compressed.ddp not found, will not use a pak cache.
[2017.02.20-15.00.28:863][  0]LogDerivedDataCache: Unable to find inner node CompressedPak for hierarchical cache Hierarchy.
[2017.02.20-15.00.28:879][  0]LogDerivedDataCache:Display: Pak cache opened for reading ../../../Engine/DerivedDataCache/Compressed.ddp.
[2017.02.20-15.00.28:891][  0]LogDerivedDataCache: Using Local data cache path C:/Users/Jack/AppData/Local/UnrealEngine/Common/DerivedDataCache: Writable
[2017.02.20-15.00.29:074][  0]LogInit: Selected Device Profile: [Windows]
[2017.02.20-15.00.29:075][  0]LogContentStreaming: Texture pool size is 0.00 MB
[2017.02.20-15.00.29:234][  0]LogMeshUtilities: No automatic mesh reduction module available
[2017.02.20-15.00.29:234][  0]LogMeshUtilities: No automatic mesh merging module available
[2017.02.20-15.00.29:235][  0]LogMeshUtilities: No distributed automatic mesh merging module available
[2017.02.20-15.00.29:513][  0]LogAssetRegistry: FAssetRegistry took 0.0214 seconds to start up
[2017.02.20-15.00.29:548][  0]LogPackageLocalizationCache: Processed 3 localized package path(s) for 2 prioritized culture(s) in 0.031840 seconds
[2017.02.20-15.00.29:554][  0]LogUObjectArray: 28739 objects as part of root set at end of initial load.
[2017.02.20-15.00.29:554][  0]LogUObjectAllocator: 5855632 out of 0 bytes used by permanent object pool.
[2017.02.20-15.00.29:554][  0]LogUObjectArray: CloseDisregardForGC: 0/0 objects in disregard for GC pool
[2017.02.20-15.00.29:563][  0]LogInit: WinSock: version 1.1 (2.2), MaxSocks=32767, MaxUdp=65467
[2017.02.20-15.00.29:759][  0]LogSlate: SlateFontCache - WITH_FREETYPE: 1, WITH_HARFBUZZ: 1
[2017.02.20-15.00.29:759][  0]LogSlate: SlateFontCache - WITH_FREETYPE: 1, WITH_HARFBUZZ: 1
[2017.02.20-15.00.30:529][  0]LogUdpMessaging: Initializing bridge on interface 0.0.0.0:0 to multicast group 230.0.0.1:6666.
[2017.02.20-15.00.30:767][  0]SourceControl: Info Source control is disabled
[2017.02.20-15.00.30:871][  0]SourceControl: Info Source control is disabled
[2017.02.20-15.00.30:882][  0]SourceControl: Info Source control is disabled
[2017.02.20-15.00.30:892][  0]SourceControl: Info Source control is disabled
[2017.02.20-15.00.31:136][  0]LogEngine: Initializing Engine...
[2017.02.20-15.00.31:137][  0]LogHMD: SteamVR failed to initialize.  Err: 110
[2017.02.20-15.00.31:137][  0]LogHMD: SteamVR failed to initialize.  Err: 110
[2017.02.20-15.00.31:277][  0]LogAIModule: Creating AISystem for world NewWorld
[2017.02.20-15.00.31:281][  0]LogInit: XAudio2 using 'Speakers (Realtek High Definition Audio)' : 2 channels at 48 kHz using 32 bits per sample (channel mask 0x3)
[2017.02.20-15.00.31:293][  0]LogInit: FAudioDevice initialized.
[2017.02.20-15.00.31:321][  0]LogDerivedDataCache: Saved boot cache 0.03s 48MB C:/Users/Jack/AppData/Local/UnrealEngine/4.12/DerivedDataCache/Boot.ddc.
[2017.02.20-15.00.31:326][  0]LogInit: Texture streaming: Enabled
[2017.02.20-15.00.31:353][  0]LogInit: Transaction tracking system initialized
[2017.02.20-15.00.31:380][  0]BlueprintLog: New page: Editor Load
[2017.02.20-15.00.31:464][  0]LocalizationService: Info Localization service is disabled
[2017.02.20-15.00.31:534][  0]LogConsoleResponse:Display: 
[2017.02.20-15.00.31:649][  0]LogCook:Display: Max memory allowance for cook 8192mb
[2017.02.20-15.00.31:649][  0]LogCook:Display: Mobile HDR setting 1
[2017.02.20-15.00.31:773][  0]LogFileCache: Scanning file cache for directory 'C:/Users/Jack/Documents/Uni Folder/140FPSTEST/FPSMEME/Content/' took 0.02s
[2017.02.20-15.00.31:773][  0]SourceControl: Info Source control is disabled
[2017.02.20-15.00.31:773][  0]Cmd: MAP LOAD FILE="../../../../../../Users/Jack/Documents/Uni Folder/140FPSTEST/FPSMEME/Content/FirstPersonBP/Maps/FirstPersonExampleMap.umap" TEMPLATE=0 SHOWPROGRESS=1 FEATURELEVEL=3
[2017.02.20-15.00.31:773][  0]LightingResults: New page: Lighting Build
[2017.02.20-15.00.31:777][  0]MapCheck: New page: Map Check
[2017.02.20-15.00.31:777][  0]LightingResults: New page: Lighting Build
[2017.02.20-15.00.32:261][  0]LogAIModule: Creating AISystem for world FirstPersonExampleMap
[2017.02.20-15.00.32:272][  0]LogEditorServer: Finished looking for orphan Actors (0.000 secs)
[2017.02.20-15.00.32:273][  0]Cmd: MAP CHECKDEP NOCLEARLOG
[2017.02.20-15.00.32:353][  0]MapCheck: Info Map check complete: 0 Error(s), 0 Warning(s), took 80.963ms to complete.
[2017.02.20-15.00.32:353][  0]LogFileHelpers: Loading map 'FirstPersonExampleMap' took 0.581
[2017.02.20-15.00.32:496][  0]LogCollectionManager: Loaded 0 collections in 0.002519 seconds
[2017.02.20-15.00.32:539][  0]LogFileCache: Scanning file cache for directory 'C:/Users/Jack/Documents/Uni Folder/140FPSTEST/FPSMEME/Saved/Collections/' took 0.01s
[2017.02.20-15.00.32:539][  0]LogFileCache: Scanning file cache for directory 'C:/Users/Jack/Documents/Uni Folder/140FPSTEST/FPSMEME/Content/Developers/Jack/Collections/' took 0.01s
[2017.02.20-15.00.32:539][  0]LogFileCache: Scanning file cache for directory 'C:/Users/Jack/Documents/Uni Folder/140FPSTEST/FPSMEME/Content/Collections/' took 0.01s
[2017.02.20-15.00.32:539][  0]LogCollectionManager: Rebuilt the GUID cache for 0 collections in 0.000002 seconds
[2017.02.20-15.00.32:547][  0]LogContentBrowser: Native class hierarchy populated in 0.0076 seconds. Added 2047 classes and 369 folders.
[2017.02.20-15.00.32:551][  0]LogStats: UGameplayTagsManager::ConstructGameplayTagTree: Construct from data asset -  0.000 s
[2017.02.20-15.00.32:552][  0]LogStats: UGameplayTagsManager::ConstructGameplayTagTree: GameplayTagTreeChangedEvent.Broadcast -  0.000 s
[2017.02.20-15.00.32:552][  0]LogContentBrowser: Native class hierarchy updated for 'GameplayTags' in 0.0006 seconds. Added 12 classes and 0 folders.
[2017.02.20-15.00.32:558][  0]LogContentBrowser: Native class hierarchy updated for 'WidgetCarousel' in 0.0003 seconds. Added 0 classes and 0 folders.
[2017.02.20-15.00.32:613][  0]LogContentBrowser: Native class hierarchy updated for 'AddContentDialog' in 0.0006 seconds. Added 0 classes and 0 folders.
[2017.02.20-15.00.32:618][  0]LogContentBrowser: Native class hierarchy updated for 'SceneOutliner' in 0.0003 seconds. Added 1 classes and 2 folders.
[2017.02.20-15.00.32:631][  0]LogCrashTracker: Crashtracker disabled due to settings.
[2017.02.20-15.00.32:640][  0]LogUObjectGlobals:Warning: Failed to find object 'Class None.'
[2017.02.20-15.00.32:666][  0]LogContentBrowser: Native class hierarchy updated for 'HierarchicalLODOutliner' in 0.0003 seconds. Added 1 classes and 2 folders.
[2017.02.20-15.00.32:667][  0]LogLoad: Full Startup: 7.78 seconds (BP compile: 0.10 seconds)
[2017.02.20-15.00.32:667][  0]LogExternalProfiler: Found external profiler: VSPerf
[2017.02.20-15.00.32:667][  0]LogExternalProfiler: Using external profiler: VSPerf
[2017.02.20-15.00.32:685][  0]LogWindowsTextInputMethodSystem:Display: IME system now deactivated.
[2017.02.20-15.00.32:685][  0]LogOcInput: OculusInput pre-init called
[2017.02.20-15.00.32:711][  0]LogContentStreaming: Texture pool size now 1000 MB
[2017.02.20-15.00.32:873][  0]LogRenderer: Reallocating scene render targets to support 1208x568 (Frame:2).
[2017.02.20-15.00.32:962][  1]LogAssetRegistry: Asset discovery search completed in 3.4707 seconds
[2017.02.20-15.00.32:962][  1]LogCollectionManager: Rebuilt the object cache for 0 collections in 0.000002 seconds (found 0 objects)
[2017.02.20-15.00.32:962][  1]LogCollectionManager: Fixed up redirectors for 0 collections in 0.000025 seconds (updated 0 objects)
[2017.02.20-15.00.34:753][ 91]LogBlueprintUserMessages: Early PlayInEditor Detection: Level '/Game/FirstPersonBP/Maps/FirstPersonExampleMap.FirstPersonExampleMap:PersistentLevel' has LevelScriptBlueprint '/Game/FirstPersonBP/Maps/FirstPersonExampleMap.FirstPersonExampleMap:PersistentLevel.FirstPersonExampleMap' with GeneratedClass '/Game/FirstPersonBP/Maps/FirstPersonExampleMap.FirstPersonExampleMap_C' with ClassGeneratedBy '/Game/FirstPersonBP/Maps/FirstPersonExampleMap.FirstPersonExampleMap:PersistentLevel.FirstPersonExampleMap'
[2017.02.20-15.00.34:753][ 91]LogPlayLevel: PlayLevel: No blueprints needed recompiling
[2017.02.20-15.00.34:754][ 91]PIE: New page: PIE session: FirstPersonExampleMap (20 Feb 2017 15:00:34)
[2017.02.20-15.00.34:754][ 91]LogPlayLevel: Creating play world package: /Game/FirstPersonBP/Maps/UEDPIE_0_FirstPersonExampleMap
[2017.02.20-15.00.34:787][ 91]LogPlayLevel: PIE: StaticDuplicateObject took: (0.032535s)
[2017.02.20-15.00.34:788][ 91]LogAIModule: Creating AISystem for world FirstPersonExampleMap
[2017.02.20-15.00.34:788][ 91]LogPlayLevel: PIE: World Init took: (0.001589s)
[2017.02.20-15.00.34:789][ 91]LogPlayLevel: PIE: Created PIE world by copying editor world from /Game/FirstPersonBP/Maps/FirstPersonExampleMap.FirstPersonExampleMap to /Game/FirstPersonBP/Maps/UEDPIE_0_FirstPersonExampleMap.FirstPersonExampleMap (0.034731s)
[2017.02.20-15.00.34:811][ 91]LogInit: XAudio2 using 'Speakers (Realtek High Definition Audio)' : 2 channels at 48 kHz using 32 bits per sample (channel mask 0x3)
[2017.02.20-15.00.34:821][ 91]LogInit: FAudioDevice initialized.
[2017.02.20-15.00.34:888][ 91]LogWorld: Game class is 'FirstPersonGameMode_C'
[2017.02.20-15.00.34:894][ 91]LogWorld: Bringing World /Game/FirstPersonBP/Maps/UEDPIE_0_FirstPersonExampleMap.FirstPersonExampleMap up for play (max tick rate 60) at 2017.02.20-15.00.34
[2017.02.20-15.00.34:895][ 91]LogWorld: Bringing up level for play took: 0.004803
[2017.02.20-15.00.34:899][ 91]LogContentBrowser: Native class hierarchy updated for 'MovieSceneCapture' in 0.0004 seconds. Added 11 classes and 0 folders.
[2017.02.20-15.00.34:899][ 91]PIE: Info Play in editor start time for /Game/FirstPersonBP/Maps/UEDPIE_0_FirstPersonExampleMap -0.629
[2017.02.20-15.00.34:900][ 91]LogBlueprintUserMessages: Late PlayInEditor Detection: Level '/Game/FirstPersonBP/Maps/FirstPersonExampleMap.FirstPersonExampleMap:PersistentLevel' has LevelScriptBlueprint '/Game/FirstPersonBP/Maps/FirstPersonExampleMap.FirstPersonExampleMap:PersistentLevel.FirstPersonExampleMap' with GeneratedClass '/Game/FirstPersonBP/Maps/FirstPersonExampleMap.FirstPersonExampleMap_C' with ClassGeneratedBy '/Game/FirstPersonBP/Maps/FirstPersonExampleMap.FirstPersonExampleMap:PersistentLevel.FirstPersonExampleMap'
[2017.02.20-15.00.36:332][165]LogBlueprintUserMessages: Early EndPlayMap Detection: Level '/Game/FirstPersonBP/Maps/FirstPersonExampleMap.FirstPersonExampleMap:PersistentLevel' has LevelScriptBlueprint '/Game/FirstPersonBP/Maps/FirstPersonExampleMap.FirstPersonExampleMap:PersistentLevel.FirstPersonExampleMap' with GeneratedClass '/Game/FirstPersonBP/Maps/FirstPersonExampleMap.FirstPersonExampleMap_C' with ClassGeneratedBy '/Game/FirstPersonBP/Maps/FirstPersonExampleMap.FirstPersonExampleMap:PersistentLevel.FirstPersonExampleMap'
[2017.02.20-15.00.36:364][165]LogBlueprintUserMessages: Late EndPlayMap Detection: Level '/Game/FirstPersonBP/Maps/FirstPersonExampleMap.FirstPersonExampleMap:PersistentLevel' has LevelScriptBlueprint '/Game/FirstPersonBP/Maps/FirstPersonExampleMap.FirstPersonExampleMap:PersistentLevel.FirstPersonExampleMap' with GeneratedClass '/Game/FirstPersonBP/Maps/FirstPersonExampleMap.FirstPersonExampleMap_C' with ClassGeneratedBy '/Game/FirstPersonBP/Maps/FirstPersonExampleMap.FirstPersonExampleMap:PersistentLevel.FirstPersonExampleMap'
[2017.02.20-15.00.37:421][223]LogWindowsTextInputMethodSystem:Display: IME system now deactivated.
[2017.02.20-15.00.37:633][224]Cmd: QUIT_EDITOR
[2017.02.20-15.00.38:235][224]LogExit: Preparing to exit.
[2017.02.20-15.00.38:596][224]LogExit: Editor shut down
[2017.02.20-15.00.38:597][224]LogExit: Transaction tracking system shut down
[2017.02.20-15.00.38:697][224]LogObj: Freed 0b from 0 cluster array pools.
[2017.02.20-15.00.38:698][224]LogExit: Object subsystem successfully closed.
[2017.02.20-15.00.38:714][224]LogD3D11RHI: Shutdown
[2017.02.20-15.00.38:714][224]LogD3D11RHI: CleanupD3DDevice
[2017.02.20-15.00.38:822][224]LogD3D11RHI: ~FD3D11DynamicRHI
[2017.02.20-15.00.38:846][224]LogModuleManager: Shutting down and abandoning module MovieSceneCapture (214)
[2017.02.20-15.00.38:846][224]LogModuleManager: Shutting down and abandoning module HierarchicalLODOutliner (213)
[2017.02.20-15.00.38:846][224]LogModuleManager: Shutting down and abandoning module CrashTracker (212)
[2017.02.20-15.00.38:846][224]LogModuleManager: Shutting down and abandoning module SceneOutliner (211)
[2017.02.20-15.00.38:846][224]LogModuleManager: Shutting down and abandoning module WidgetCarousel (210)
[2017.02.20-15.00.38:846][224]LogModuleManager: Shutting down and abandoning module AddContentDialog (209)
[2017.02.20-15.00.38:849][224]LogModuleManager: Shutting down and abandoning module GameplayTags (208)
[2017.02.20-15.00.38:849][224]LogModuleManager: Shutting down and abandoning module EditorWidgets (207)
[2017.02.20-15.00.38:849][224]LogModuleManager: Shutting down and abandoning module CollectionManager (206)
[2017.02.20-15.00.38:849][224]LogModuleManager: Shutting down and abandoning module StatsViewer (205)
[2017.02.20-15.00.38:849][224]LogModuleManager: Shutting down and abandoning module FoliageEdit (204)
[2017.02.20-15.00.38:849][224]LogModuleManager: Shutting down and abandoning module LandscapeEditor (203)
[2017.02.20-15.00.38:850][224]LogModuleManager: Shutting down and abandoning module SceneDepthPickerMode (202)
[2017.02.20-15.00.38:850][224]LogModuleManager: Shutting down and abandoning module ActorPickerMode (201)
[2017.02.20-15.00.38:850][224]LogModuleManager: Shutting down and abandoning module GeometryMode (200)
[2017.02.20-15.00.38:850][224]LogModuleManager: Shutting down and abandoning module TextureAlignMode (199)
[2017.02.20-15.00.38:850][224]LogModuleManager: Shutting down and abandoning module BspMode (198)
[2017.02.20-15.00.38:850][224]LogModuleManager: Shutting down and abandoning module HardwareSurvey (197)
[2017.02.20-15.00.38:850][224]LogModuleManager: Shutting down and abandoning module SequenceRecorderSections (196)
[2017.02.20-15.00.38:850][224]LogModuleManager: Shutting down and abandoning module SequenceRecorder (195)
[2017.02.20-15.00.38:850][224]LogModuleManager: Shutting down and abandoning module AutomationWorker (194)
[2017.02.20-15.00.38:850][224]LogModuleManager: Shutting down and abandoning module MatineeToLevelSequence (193)
[2017.02.20-15.00.38:850][224]LogModuleManager: Shutting down and abandoning module PlacementMode (192)
[2017.02.20-15.00.38:850][224]LogModuleManager: Shutting down and abandoning module LevelSequenceEditor (191)
[2017.02.20-15.00.38:850][224]LogModuleManager: Shutting down and abandoning module CharacterAI (190)
[2017.02.20-15.00.38:850][224]LogModuleManager: Shutting down and abandoning module SmartSnapping (189)
[2017.02.20-15.00.38:850][224]LogModuleManager: Shutting down and abandoning module SessionServices (188)
[2017.02.20-15.00.38:850][224]LogModuleManager: Shutting down and abandoning module ViewportSnapping (187)
[2017.02.20-15.00.38:850][224]LogModuleManager: Shutting down and abandoning module LogVisualizer (186)
[2017.02.20-15.00.38:850][224]LogModuleManager: Shutting down and abandoning module GameProjectGeneration (185)
[2017.02.20-15.00.38:850][224]LogModuleManager: Shutting down and abandoning module IntroTutorials (184)
[2017.02.20-15.00.38:851][224]LogModuleManager: Shutting down and abandoning module EditorLiveStreaming (183)
[2017.02.20-15.00.38:851][224]LogModuleManager: Shutting down and abandoning module IOSPlatformEditor (182)
[2017.02.20-15.00.38:851][224]LogModuleManager: Shutting down and abandoning module HTML5PlatformEditor (181)
[2017.02.20-15.00.38:851][224]LogModuleManager: Shutting down and abandoning module AndroidDeviceDetection (180)
[2017.02.20-15.00.39:507][224]LogModuleManager: Shutting down and abandoning module AndroidPlatformEditor (179)
[2017.02.20-15.00.39:507][224]LogModuleManager: Shutting down and abandoning module IOSRuntimeSettings (178)
[2017.02.20-15.00.39:507][224]LogModuleManager: Shutting down and abandoning module AndroidRuntimeSettings (177)
[2017.02.20-15.00.39:507][224]LogModuleManager: Shutting down and abandoning module MergeActors (176)
[2017.02.20-15.00.39:507][224]LogModuleManager: Shutting down and abandoning module SizeMap (175)
[2017.02.20-15.00.39:507][224]LogModuleManager: Shutting down and abandoning module TreeMap (174)
[2017.02.20-15.00.39:507][224]LogModuleManager: Shutting down and abandoning module ReferenceViewer (173)
[2017.02.20-15.00.39:507][224]LogModuleManager: Shutting down and abandoning module LocalizationService (172)
[2017.02.20-15.00.39:507][224]LogModuleManager: Shutting down and abandoning module LocalizationDashboard (171)
[2017.02.20-15.00.39:507][224]LogModuleManager: Shutting down and abandoning module HardwareTargeting (170)
[2017.02.20-15.00.39:507][224]LogModuleManager: Shutting down and abandoning module DeviceProfileEditor (169)
[2017.02.20-15.00.39:507][224]LogModuleManager: Shutting down and abandoning module UndoHistory (168)
[2017.02.20-15.00.39:507][224]LogModuleManager: Shutting down and abandoning module UserFeedback (167)
[2017.02.20-15.00.39:507][224]LogModuleManager: Shutting down and abandoning module XmlParser (166)
[2017.02.20-15.00.39:507][224]LogModuleManager: Shutting down and abandoning module Blutility (165)
[2017.02.20-15.00.39:508][224]LogModuleManager: Shutting down and abandoning module ProjectTargetPlatformEditor (164)
[2017.02.20-15.00.39:508][224]LogModuleManager: Shutting down and abandoning module ProjectSettingsViewer (163)
[2017.02.20-15.00.39:508][224]LogModuleManager: Shutting down and abandoning module InputBindingEditor (162)
[2017.02.20-15.00.39:508][224]LogModuleManager: Shutting down and abandoning module EditorSettingsViewer (161)
[2017.02.20-15.00.39:508][224]LogModuleManager: Shutting down and abandoning module SettingsEditor (160)
[2017.02.20-15.00.39:508][224]LogModuleManager: Shutting down and abandoning module ProjectLauncher (159)
[2017.02.20-15.00.39:508][224]LogModuleManager: Shutting down and abandoning module SessionFrontend (158)
[2017.02.20-15.00.39:509][224]LogModuleManager: Shutting down and abandoning module ProfilerClient (157)
[2017.02.20-15.00.39:509][224]LogModuleManager: Shutting down and abandoning module TargetDeviceServices (156)
[2017.02.20-15.00.39:509][224]LogModuleManager: Shutting down and abandoning module DeviceManager (155)
[2017.02.20-15.00.39:552][224]LogModuleManager: Shutting down and abandoning module AutomationController (154)
[2017.02.20-15.00.39:552][224]LogModuleManager: Shutting down and abandoning module AutomationWindow (153)
[2017.02.20-15.00.39:552][224]LogModuleManager: Shutting down and abandoning module Layers (152)
[2017.02.20-15.00.39:552][224]LogModuleManager: Shutting down and abandoning module ComponentVisualizers (151)
[2017.02.20-15.00.39:552][224]LogModuleManager: Shutting down and abandoning module DetailCustomizations (150)
[2017.02.20-15.00.39:552][224]LogModuleManager: Shutting down and abandoning module PackagesDialog (149)
[2017.02.20-15.00.39:552][224]LogModuleManager: Shutting down and abandoning module Persona (148)
[2017.02.20-15.00.39:552][224]LogModuleManager: Shutting down and abandoning module Kismet (147)
[2017.02.20-15.00.39:552][224]LogModuleManager: Shutting down and abandoning module GraphEditor (146)
[2017.02.20-15.00.39:553][224]LogModuleManager: Shutting down and abandoning module ClassViewer (145)
[2017.02.20-15.00.39:553][224]LogModuleManager: Shutting down and abandoning module Toolbox (144)
[2017.02.20-15.00.39:553][224]LogModuleManager: Shutting down and abandoning module ModuleUI (143)
[2017.02.20-15.00.39:553][224]LogModuleManager: Shutting down and abandoning module MovieSceneTools (142)
[2017.02.20-15.00.39:553][224]LogModuleManager: Shutting down and abandoning module OutputLog (141)
[2017.02.20-15.00.39:553][224]LogModuleManager: Shutting down and abandoning module GammaUI (140)
[2017.02.20-15.00.39:553][224]LogModuleManager: Shutting down and abandoning module Documentation (139)
[2017.02.20-15.00.39:553][224]LogModuleManager: Shutting down and abandoning module StreamingPauseRendering (138)
[2017.02.20-15.00.39:553][224]LogModuleManager: Shutting down and abandoning module AnalyticsET (137)
[2017.02.20-15.00.39:553][224]LogModuleManager: Shutting down and abandoning module Analytics (136)
[2017.02.20-15.00.39:553][224]LogModuleManager: Shutting down and abandoning module PortalServices (135)
[2017.02.20-15.00.39:553][224]LogModuleManager: Shutting down and abandoning module PortalRpc (134)
[2017.02.20-15.00.39:553][224]LogModuleManager: Shutting down and abandoning module MessagingRpc (133)
[2017.02.20-15.00.39:553][224]LogModuleManager: Shutting down and abandoning module GameplayDebugger (132)
[2017.02.20-15.00.39:553][224]LogModuleManager: Shutting down and abandoning module AITestSuite (131)
[2017.02.20-15.00.39:553][224]LogModuleManager: Shutting down and abandoning module AIModule (130)
[2017.02.20-15.00.39:553][224]LogModuleManager: Shutting down and abandoning module ProfilerService (129)
[2017.02.20-15.00.39:604][224]LogModuleManager: Shutting down and abandoning module TaskGraph (128)
[2017.02.20-15.00.39:604][224]LogModuleManager: Shutting down and abandoning module SlateRemote (127)
[2017.02.20-15.00.39:604][224]LogModuleManager: Shutting down and abandoning module SteamVRController (126)
[2017.02.20-15.00.39:604][224]LogModuleManager: Shutting down and abandoning module SteamVR (125)
[2017.02.20-15.00.39:604][224]LogModuleManager: Shutting down and abandoning module ProceduralMeshComponent (124)
[2017.02.20-15.00.39:604][224]LogModuleManager: Shutting down and abandoning module OculusLibrary (123)
[2017.02.20-15.00.39:604][224]LogModuleManager: Shutting down and abandoning module OculusInput (122)
[2017.02.20-15.00.39:604][224]LogModuleManager: Shutting down and abandoning module CustomMeshComponent (121)
[2017.02.20-15.00.39:604][224]LogModuleManager: Shutting down and abandoning module CableComponent (120)
[2017.02.20-15.00.39:604][224]LogModuleManager: Shutting down and abandoning module ArchVisCharacter (119)
[2017.02.20-15.00.39:604][224]LogModuleManager: Shutting down and abandoning module MediaPlayerEditor (118)
[2017.02.20-15.00.39:604][224]LogModuleManager: Shutting down and abandoning module HTML5Networking (117)
[2017.02.20-15.00.39:604][224]LogModuleManager: Shutting down and abandoning module SuperSearch (116)
[2017.02.20-15.00.39:604][224]LogModuleManager: Shutting down and abandoning module SuperSearchEditor (115)
[2017.02.20-15.00.39:604][224]LogModuleManager: Shutting down and abandoning module SpeedTreeImporter (114)
[2017.02.20-15.00.39:604][224]LogModuleManager: Shutting down and abandoning module PluginBrowser (113)
[2017.02.20-15.00.39:604][224]LogModuleManager: Shutting down and abandoning module EpicSurvey (112)
[2017.02.20-15.00.39:604][224]LogModuleManager: Shutting down and abandoning module DesktopPlatform (111)
[2017.02.20-15.00.39:605][224]LogModuleManager: Shutting down and abandoning module VisualStudioSourceCodeAccess (110)
[2017.02.20-15.00.39:605][224]LogModuleManager: Shutting down and abandoning module UObjectPlugin (109)
[2017.02.20-15.00.39:605][224]LogModuleManager: Shutting down and abandoning module SubversionSourceControl (108)
[2017.02.20-15.00.39:605][224]LogModuleManager: Shutting down and abandoning module PerforceSourceControl (107)
[2017.02.20-15.00.39:605][224]LogModuleManager: Shutting down and abandoning module SourceControl (106)
[2017.02.20-15.00.39:605][224]LogModuleManager: Shutting down and abandoning module GitSourceControl (105)
[2017.02.20-15.00.39:605][224]LogModuleManager: Shutting down and abandoning module LightPropagationVolumeEditor (104)
[2017.02.20-15.00.39:605][224]LogModuleManager: Shutting down and abandoning module PaperTiledImporter (103)
[2017.02.20-15.00.39:605][224]LogModuleManager: Shutting down and abandoning module PaperSpriteSheetImporter (102)
[2017.02.20-15.00.39:605][224]LogModuleManager: Shutting down and abandoning module MeshPaint (101)
[2017.02.20-15.00.39:605][224]LogModuleManager: Shutting down and abandoning module PixelInspectorModule (100)
[2017.02.20-15.00.39:605][224]LogModuleManager: Shutting down and abandoning module HotReload (99)
[2017.02.20-15.00.39:606][224]LogModuleManager: Shutting down and abandoning module MainFrame (98)
[2017.02.20-15.00.39:606][224]LogModuleManager: Shutting down and abandoning module LevelEditor (97)
[2017.02.20-15.00.39:608][224]LogModuleManager: Shutting down and abandoning module ContentBrowser (96)
[2017.02.20-15.00.39:610][224]LogModuleManager: Shutting down and abandoning module Paper2DEditor (95)
[2017.02.20-15.00.39:610][224]LogModuleManager: Shutting down and abandoning module UdpMessaging (94)
[2017.02.20-15.00.39:710][224]LogModuleManager: Shutting down and abandoning module LightPropagationVolumeRuntime (93)
[2017.02.20-15.00.39:710][224]LogModuleManager: Shutting down and abandoning module Paper2D (92)
[2017.02.20-15.00.39:710][224]LogModuleManager: Shutting down and abandoning module WindowsMoviePlayer (91)
[2017.02.20-15.00.39:710][224]LogModuleManager: Shutting down and abandoning module Media (90)
[2017.02.20-15.00.39:710][224]LogModuleManager: Shutting down and abandoning module WmfMedia (89)
[2017.02.20-15.00.39:711][224]LogModuleManager: Shutting down and abandoning module MediaAssets (88)
[2017.02.20-15.00.39:711][224]LogModuleManager: Shutting down and abandoning module GameLiveStreaming (87)
[2017.02.20-15.00.39:711][224]LogModuleManager: Shutting down and abandoning module GameplayTagsEditor (86)
[2017.02.20-15.00.39:711][224]LogModuleManager: Shutting down and abandoning module OnlineBlueprintSupport (85)
[2017.02.20-15.00.39:711][224]LogModuleManager: Shutting down and abandoning module VREditor (84)
[2017.02.20-15.00.39:711][224]LogModuleManager: Shutting down and abandoning module GameplayTasksEditor (83)
[2017.02.20-15.00.39:711][224]LogModuleManager: Shutting down and abandoning module PropertyEditor (82)
[2017.02.20-15.00.39:711][224]LogModuleManager: Shutting down and abandoning module BehaviorTreeEditor (81)
[2017.02.20-15.00.39:711][224]LogModuleManager: Shutting down and abandoning module FunctionalTesting (80)
[2017.02.20-15.00.39:711][224]LogModuleManager: Shutting down and abandoning module CollisionAnalyzer (79)
[2017.02.20-15.00.39:712][224]LogModuleManager: Shutting down and abandoning module Sequencer (78)
[2017.02.20-15.00.39:712][224]LogModuleManager: Shutting down and abandoning module WorkspaceMenuStructure (77)
[2017.02.20-15.00.39:712][224]LogModuleManager: Shutting down and abandoning module MessageLog (76)
[2017.02.20-15.00.39:712][224]LogModuleManager: Shutting down and abandoning module AssetTools (75)
[2017.02.20-15.00.39:712][224]LogModuleManager: Shutting down and abandoning module UMGEditor (74)
[2017.02.20-15.00.39:712][224]LogModuleManager: Shutting down and abandoning module UMG (73)
[2017.02.20-15.00.39:712][224]LogModuleManager: Shutting down and abandoning module SlateReflector (72)
[2017.02.20-15.00.39:712][224]LogModuleManager: Shutting down and abandoning module Slate (71)
[2017.02.20-15.00.39:712][224]LogModuleManager: Shutting down and abandoning module EditorStyle (70)
[2017.02.20-15.00.39:723][224]LogModuleManager: Shutting down and abandoning module SourceCodeAccess (69)
[2017.02.20-15.00.39:723][224]LogModuleManager: Shutting down and abandoning module HeadMountedDisplay (68)
[2017.02.20-15.00.39:723][224]LogModuleManager: Shutting down and abandoning module XAudio2 (67)
[2017.02.20-15.00.39:723][224]LogModuleManager: Shutting down and abandoning module Networking (65)
[2017.02.20-15.00.39:723][224]LogModuleManager: Shutting down and abandoning module Core (64)
[2017.02.20-15.00.39:723][224]LogModuleManager: Shutting down and abandoning module DirectoryWatcher (63)
[2017.02.20-15.00.39:724][224]LogModuleManager: Shutting down and abandoning module AssetRegistry (62)
[2017.02.20-15.00.39:948][224]LogModuleManager: Shutting down and abandoning module KismetCompiler (61)
[2017.02.20-15.00.39:948][224]LogModuleManager: Shutting down and abandoning module PhysXFormats (60)
[2017.02.20-15.00.39:948][224]LogModuleManager: Shutting down and abandoning module MeshUtilities (59)
[2017.02.20-15.00.39:948][224]LogModuleManager: Shutting down and abandoning module DerivedDataCache (58)
[2017.02.20-15.00.40:391][224]LogDerivedDataCache: Shutdown
[2017.02.20-15.00.40:391][224]LogModuleManager: Shutting down and abandoning module VulkanShaderFormat (57)
[2017.02.20-15.00.40:391][224]LogModuleManager: Shutting down and abandoning module ShaderFormatOpenGL (56)
[2017.02.20-15.00.40:391][224]LogModuleManager: Shutting down and abandoning module ShaderFormatD3D (55)
[2017.02.20-15.00.40:391][224]LogModuleManager: Shutting down and abandoning module MetalShaderFormat (54)
[2017.02.20-15.00.40:391][224]LogModuleManager: Shutting down and abandoning module TextureFormatUncompressed (53)
[2017.02.20-15.00.40:391][224]LogModuleManager: Shutting down and abandoning module TextureFormatPVR (52)
[2017.02.20-15.00.40:391][224]LogModuleManager: Shutting down and abandoning module TextureFormatIntelISPCTexComp (51)
[2017.02.20-15.00.40:391][224]LogModuleManager: Shutting down and abandoning module TextureFormatDXT (50)
[2017.02.20-15.00.40:391][224]LogModuleManager: Shutting down and abandoning module ImageWrapper (49)
[2017.02.20-15.00.40:391][224]LogModuleManager: Shutting down and abandoning module TextureFormatASTC (48)
[2017.02.20-15.00.40:391][224]LogModuleManager: Shutting down and abandoning module TextureFormatAndroid (47)
[2017.02.20-15.00.40:391][224]LogModuleManager: Shutting down and abandoning module AudioFormatOpus (46)
[2017.02.20-15.00.40:391][224]LogModuleManager: Shutting down and abandoning module AudioFormatOgg (45)
[2017.02.20-15.00.40:391][224]LogModuleManager: Shutting down and abandoning module AudioFormatADPCM (44)
[2017.02.20-15.00.40:391][224]LogModuleManager: Shutting down and abandoning module LinuxTargetPlatform (43)
[2017.02.20-15.00.40:391][224]LogModuleManager: Shutting down and abandoning module LinuxServerTargetPlatform (42)
[2017.02.20-15.00.40:391][224]LogModuleManager: Shutting down and abandoning module LinuxNoEditorTargetPlatform (41)
[2017.02.20-15.00.40:391][224]LogModuleManager: Shutting down and abandoning module TVOSTargetPlatform (40)
[2017.02.20-15.00.40:391][224]LogModuleManager: Shutting down and abandoning module Messaging (39)
[2017.02.20-15.00.40:392][224]LogModuleManager: Shutting down and abandoning module IOSTargetPlatform (38)
[2017.02.20-15.00.40:392][224]LogModuleManager: Shutting down and abandoning module HTML5TargetPlatform (37)
[2017.02.20-15.00.40:392][224]LogModuleManager: Shutting down and abandoning module Android_PVRTCTargetPlatform (36)
[2017.02.20-15.00.40:392][224]LogModuleManager: Shutting down and abandoning module Android_MultiTargetPlatform (35)
[2017.02.20-15.00.40:392][224]LogModuleManager: Shutting down and abandoning module Android_ETC2TargetPlatform (34)
[2017.02.20-15.00.40:392][224]LogModuleManager: Shutting down and abandoning module Android_ETC1TargetPlatform (33)
[2017.02.20-15.00.40:392][224]LogModuleManager: Shutting down and abandoning module Android_DXTTargetPlatform (32)
[2017.02.20-15.00.40:392][224]LogModuleManager: Shutting down and abandoning module Android_ATCTargetPlatform (31)
[2017.02.20-15.00.40:392][224]LogModuleManager: Shutting down and abandoning module Android_ASTCTargetPlatform (30)
[2017.02.20-15.00.40:392][224]LogModuleManager: Shutting down and abandoning module AndroidTargetPlatform (29)
[2017.02.20-15.00.40:392][224]LogModuleManager: Shutting down and abandoning module WindowsTargetPlatform (28)
[2017.02.20-15.00.40:392][224]LogModuleManager: Shutting down and abandoning module WindowsServerTargetPlatform (27)
[2017.02.20-15.00.40:392][224]LogModuleManager: Shutting down and abandoning module WindowsNoEditorTargetPlatform (26)
[2017.02.20-15.00.40:392][224]LogModuleManager: Shutting down and abandoning module WindowsClientTargetPlatform (25)
[2017.02.20-15.00.40:392][224]LogModuleManager: Shutting down and abandoning module AllDesktopTargetPlatform (24)
[2017.02.20-15.00.40:392][224]LogModuleManager: Shutting down and abandoning module TargetPlatform (23)
[2017.02.20-15.00.40:392][224]LogModuleManager: Shutting down and abandoning module InputCore (22)
[2017.02.20-15.00.40:392][224]LogModuleManager: Shutting down and abandoning module Settings (21)
[2017.02.20-15.00.40:392][224]LogModuleManager: Shutting down and abandoning module OnlineSubsystem (19)
[2017.02.20-15.00.40:392][224]LogModuleManager: Shutting down and abandoning module HTTP (18)
[2017.02.20-15.00.44:410][224]LogModuleManager: Shutting down and abandoning module XMPP (17)
[2017.02.20-15.00.44:410][224]LogModuleManager: Shutting down and abandoning module OculusRift (16)
[2017.02.20-15.00.44:410][224]LogModuleManager: Shutting down and abandoning module ExampleDeviceProfileSelector (15)
[2017.02.20-15.00.44:410][224]LogModuleManager: Shutting down and abandoning module TextureCompressor (14)
[2017.02.20-15.00.44:410][224]LogModuleManager: Shutting down and abandoning module ShaderCore (13)
[2017.02.20-15.00.44:410][224]LogModuleManager: Shutting down and abandoning module Landscape (12)
[2017.02.20-15.00.44:411][224]LogModuleManager: Shutting down and abandoning module SlateRHIRenderer (11)
[2017.02.20-15.00.44:412][224]LogModuleManager: Shutting down and abandoning module OpenGLDrv (10)
[2017.02.20-15.00.44:412][224]LogModuleManager: Shutting down and abandoning module D3D11RHI (9)
[2017.02.20-15.00.44:412][224]LogModuleManager: Shutting down and abandoning module AnimGraphRuntime (8)
[2017.02.20-15.00.44:412][224]LogModuleManager: Shutting down and abandoning module Renderer (7)
[2017.02.20-15.00.44:412][224]LogModuleManager: Shutting down and abandoning module Engine (6)
[2017.02.20-15.00.44:412][224]LogModuleManager: Shutting down and abandoning module CoreUObject (5)
[2017.02.20-15.00.44:412][224]LogModuleManager: Shutting down and abandoning module NetworkFile (4)
[2017.02.20-15.00.44:412][224]LogModuleManager: Shutting down and abandoning module StreamingFile (3)
[2017.02.20-15.00.44:413][224]LogModuleManager: Shutting down and abandoning module SandboxFile (2)
[2017.02.20-15.00.44:413][224]LogModuleManager: Shutting down and abandoning module PakFile (1)
[2017.02.20-15.00.44:416][224]LogExit: Exiting.
[2017.02.20-15.00.44:420][224]Log file closed, 02/20/17 15:00:44
