Log file open, 02/25/17 14:17:35
LogInit:Display: Running engine for game: FPSMEME
LogPlatformFile: Not using cached read wrapper
LogInit:Display: RandInit(61391509) SRandInit(61391530).
LogTaskGraph: Started task graph with 4 named threads and 6 total threads with 1 sets of task threads.
LogStats: Stats thread started at 0.090090
LogInit: Version: 4.12.5-3039270+++UE4+Release-4.12
LogInit: API Version: 2992821
LogInit: Net Version: 3039270
LogDevObjectVersion: Number of dev versions registered: 13
LogDevObjectVersion:   Dev-Blueprints (B0D832E4-1F89-4F0D-ACCF-7EB736FD4AA2): 3
LogDevObjectVersion:   Dev-Build (E1C64328-A22C-4D53-A36C-8E866417BD8C): 0
LogDevObjectVersion:   Dev-Core (375EC13C-06E4-48FB-B500-84F0262A717E): 1
LogDevObjectVersion:   Dev-Editor (E4B068ED-F494-42E9-A231-DA0B2E46BB41): 2
LogDevObjectVersion:   Dev-Framework (CFFC743F-43B0-4480-9391-14DF171D2073): 6
LogDevObjectVersion:   Dev-Mobile (B02B49B5-BB20-44E9-A304-32B752E40360): 0
LogDevObjectVersion:   Dev-Networking (A4E4105C-59A1-49B5-A7C5-40C4547EDFEE): 0
LogDevObjectVersion:   Dev-Online (39C831C9-5AE6-47DC-9A44-9C173E1C8E7C): 0
LogDevObjectVersion:   Dev-Physics (78F01B33-EBEA-4F98-B9B4-84EACCB95AA2): 0
LogDevObjectVersion:   Dev-Platform (6631380F-2D4D-43E0-8009-CF276956A95A): 0
LogDevObjectVersion:   Dev-Rendering (12F88B9F-8875-4AFC-A67C-D90C383ABD29): 2
LogDevObjectVersion:   Dev-Sequencer (7B5AE74C-D270-4C10-A958-57980B212A5A): 0
LogDevObjectVersion:   Dev-VR (D7296918-1DD6-4BDD-9DE2-64A83CC13884): 0
LogInit: Compiled (64-bit): Jul  6 2016 09:09:46
LogInit: Compiled with Visual C++: 19.00.23026.00
LogInit: Build Configuration: Development
LogInit: Branch Name: ++UE4+Release-4.12
LogInit: Command line:  
LogInit: Base directory: C:/Program Files (x86)/Epic Games/4.12/Engine/Binaries/Win64/
LogInit: Installed Engine Build: 1
LogInit: Using libcurl 7.41.0
LogInit:  - built for x86_64-pc-win32
LogInit:  - supports SSL with WinSSL
LogInit:  - other features:
LogInit:      CURL_VERSION_SSL
LogInit:      CURL_VERSION_IPV6
LogInit:      CURL_VERSION_ASYNCHDNS
LogInit:      CURL_VERSION_LARGEFILE
LogInit:      CURL_VERSION_IDN
LogInit:  CurlRequestOptions (configurable via config and command line):
LogInit:  - bVerifyPeer = true  - Libcurl will verify peer certificate
LogInit:  - bUseHttpProxy = false  - Libcurl will NOT use HTTP proxy
LogInit:  - bDontReuseConnections = false  - Libcurl will reuse connections
LogInit:  - CertBundlePath = nullptr  - Libcurl will use whatever was configured at build time.
LogInit: Presizing for max 8388607 objects, including 0 objects not considered by GC, pre-allocating 0 bytes for permanent pool.
LogInit: Object subsystem initialized
[2017.02.25-14.17.35:390][  0]LogInit: Selected Device Profile: [Windows]
[2017.02.25-14.17.35:390][  0]LogInit: Applying CVar settings loaded from the selected device profile: [Windows]
[2017.02.25-14.17.35:407][  0]LogInit: Computer: JACK-PC
[2017.02.25-14.17.35:407][  0]LogInit: User: Jack
[2017.02.25-14.17.35:407][  0]LogInit: CPU Page size=65536, Cores=3
[2017.02.25-14.17.35:407][  0]LogInit: High frequency timer resolution =14.318180 MHz
[2017.02.25-14.17.35:407][  0]LogMemory: Memory total: Physical=7.9GB (8GB approx)
[2017.02.25-14.17.35:407][  0]LogMemory: Platform Memory Stats for Windows
[2017.02.25-14.17.35:407][  0]LogMemory: Process Physical Memory: 190.21 MB used, 190.21 MB peak
[2017.02.25-14.17.35:407][  0]LogMemory: Process Virtual Memory: 195.13 MB used, 195.13 MB peak
[2017.02.25-14.17.35:407][  0]LogMemory: Physical Memory: 5065.83 MB used, 8089.09 MB total
[2017.02.25-14.17.35:407][  0]LogMemory: Virtual Memory: 553.15 MB used, 134217728.00 MB total
[2017.02.25-14.17.35:438][  0]LogTextLocalizationManager: No specific translations for ('en-GB') exist, so ('en') translations will be used.
[2017.02.25-14.17.35:928][  0]LogD3D11RHI: D3D11 adapters:
[2017.02.25-14.17.35:958][  0]LogD3D11RHI:    0. 'AMD Radeon HD 7800 Series' (Feature Level 11_0)
[2017.02.25-14.17.35:958][  0]LogD3D11RHI:       2029/0/4044 MB DedicatedVideo/DedicatedSystem/SharedSystem, Outputs:2, VendorId:0x1002
[2017.02.25-14.17.35:961][  0]LogD3D11RHI:    1. 'Microsoft Basic Render Driver' (Feature Level 11_0)
[2017.02.25-14.17.35:961][  0]LogD3D11RHI:       0/0/4044 MB DedicatedVideo/DedicatedSystem/SharedSystem, Outputs:0, VendorId:0x1414
[2017.02.25-14.17.35:961][  0]LogD3D11RHI: Chosen D3D11 Adapter: 0
[2017.02.25-14.17.35:972][  0]LogD3D11RHI: Creating new Direct3DDevice
[2017.02.25-14.17.35:972][  0]LogD3D11RHI:     GPU DeviceId: 0x679e (for the marketing name, search the web for "GPU Device Id")
[2017.02.25-14.17.35:972][  0]LogWindows: EnumDisplayDevices:
[2017.02.25-14.17.35:972][  0]LogWindows:    0. 'AMD Radeon HD 7800 Series' (P:1 D:1)
[2017.02.25-14.17.35:973][  0]LogWindows:    1. 'AMD Radeon HD 7800 Series' (P:0 D:1)
[2017.02.25-14.17.35:973][  0]LogWindows:    2. 'AMD Radeon HD 7800 Series' (P:0 D:0)
[2017.02.25-14.17.35:973][  0]LogWindows:    3. 'AMD Radeon HD 7800 Series' (P:0 D:0)
[2017.02.25-14.17.35:974][  0]LogWindows:    4. 'AMD Radeon HD 7800 Series' (P:0 D:0)
[2017.02.25-14.17.35:974][  0]LogWindows:    5. 'AMD Radeon HD 7800 Series' (P:0 D:0)
[2017.02.25-14.17.35:975][  0]LogWindows: DebugString: FoundDriverCount:6 
[2017.02.25-14.17.35:975][  0]LogD3D11RHI:     Adapter Name: AMD Radeon HD 7800 Series
[2017.02.25-14.17.35:975][  0]LogD3D11RHI:   Driver Version: Crimson ReLive 17.2.1 (internal:21.19.519.2, unified:21.19.519.2)
[2017.02.25-14.17.35:975][  0]LogD3D11RHI:      Driver Date: 2-10-2017
[2017.02.25-14.17.35:975][  0]LogRHI: Texture pool is 1361 MB (70% of 1945 MB)
[2017.02.25-14.17.35:992][  0]LogD3D11RHI: Async texture creation disabled: no driver support
[2017.02.25-14.17.36:009][  0]LogD3D11RHI: GPU Timing Frequency: 27.000000 (Debug: 2 1)
[2017.02.25-14.17.36:011][  0]LogShaderCompilers: Guid format shader working directory is -32 characters bigger than the processId version (../../../../../../Users/Jack/Documents/Uni Folder/comp140-gam160-game/FPSMEME/Intermediate/Shaders/WorkingDirectory/4264/).
[2017.02.25-14.17.36:011][  0]LogShaderCompilers: Cleaned the shader compiler working directory 'C:/Users/Jack/AppData/Local/Temp/UnrealShaderWorkingDir/9BD5715342BED4BC27FE7C9543B26869/'.
[2017.02.25-14.17.36:011][  0]LogShaderCompilers:Display: Using Local Shader Compiler.
[2017.02.25-14.17.37:510][  0]LogTemp:Display: Loaded TP AllDesktopTargetPlatform
[2017.02.25-14.17.37:526][  0]LogTemp:Display: Loaded TP WindowsClientTargetPlatform
[2017.02.25-14.17.37:543][  0]LogTemp:Display: Loaded TP WindowsNoEditorTargetPlatform
[2017.02.25-14.17.37:559][  0]LogTemp:Display: Loaded TP WindowsServerTargetPlatform
[2017.02.25-14.17.37:575][  0]LogTemp:Display: Loaded TP WindowsTargetPlatform
[2017.02.25-14.17.37:587][  0]LogTemp:Display: Loaded TP AndroidTargetPlatform
[2017.02.25-14.17.37:600][  0]LogTemp:Display: Loaded TP Android_ASTCTargetPlatform
[2017.02.25-14.17.37:612][  0]LogTemp:Display: Loaded TP Android_ATCTargetPlatform
[2017.02.25-14.17.37:624][  0]LogTemp:Display: Loaded TP Android_DXTTargetPlatform
[2017.02.25-14.17.37:638][  0]LogTemp:Display: Loaded TP Android_ETC1TargetPlatform
[2017.02.25-14.17.37:650][  0]LogTemp:Display: Loaded TP Android_ETC2TargetPlatform
[2017.02.25-14.17.37:677][  0]LogTemp:Display: Loaded TP Android_MultiTargetPlatform
[2017.02.25-14.17.37:677][  0]LogTemp:Display: Loaded TP Android_PVRTCTargetPlatform
[2017.02.25-14.17.37:678][  0]LogTemp:Display: Loaded TP HTML5TargetPlatform
[2017.02.25-14.17.37:708][  0]LogTemp:Display: Loaded TP IOSTargetPlatform
[2017.02.25-14.17.37:721][  0]LogTemp:Display: Loaded TP TVOSTargetPlatform
[2017.02.25-14.17.37:735][  0]LogTemp:Display: Loaded TP LinuxNoEditorTargetPlatform
[2017.02.25-14.17.37:749][  0]LogTemp:Display: Loaded TP LinuxServerTargetPlatform
[2017.02.25-14.17.37:762][  0]LogTemp:Display: Loaded TP LinuxTargetPlatform
[2017.02.25-14.17.37:762][  0]LogTargetPlatformManager:Display: Building Assets For Windows
[2017.02.25-14.17.37:950][  0]LogDerivedDataCache:Display: Max Cache Size: 512 MB
[2017.02.25-14.17.38:070][  0]LogDerivedDataCache: Loaded boot cache 0.12s 54MB C:/Users/Jack/AppData/Local/UnrealEngine/4.12/DerivedDataCache/Boot.ddc.
[2017.02.25-14.17.38:070][  0]LogDerivedDataCache:Display: Loaded Boot cache: C:/Users/Jack/AppData/Local/UnrealEngine/4.12/DerivedDataCache/Boot.ddc
[2017.02.25-14.17.38:070][  0]LogDerivedDataCache: FDerivedDataBackendGraph:  Pak pak cache file ../../../../../../Users/Jack/Documents/Uni Folder/comp140-gam160-game/FPSMEME/DerivedDataCache/DDC.ddp not found, will not use a pak cache.
[2017.02.25-14.17.38:070][  0]LogDerivedDataCache: Unable to find inner node Pak for hierarchical cache Hierarchy.
[2017.02.25-14.17.38:071][  0]LogDerivedDataCache: FDerivedDataBackendGraph:  CompressedPak pak cache file ../../../../../../Users/Jack/Documents/Uni Folder/comp140-gam160-game/FPSMEME/DerivedDataCache/Compressed.ddp not found, will not use a pak cache.
[2017.02.25-14.17.38:071][  0]LogDerivedDataCache: Unable to find inner node CompressedPak for hierarchical cache Hierarchy.
[2017.02.25-14.17.38:096][  0]LogDerivedDataCache:Display: Pak cache opened for reading ../../../Engine/DerivedDataCache/Compressed.ddp.
[2017.02.25-14.17.38:109][  0]LogDerivedDataCache: Using Local data cache path C:/Users/Jack/AppData/Local/UnrealEngine/Common/DerivedDataCache: Writable
[2017.02.25-14.17.38:395][  0]LogInit: Selected Device Profile: [Windows]
[2017.02.25-14.17.38:396][  0]LogContentStreaming: Texture pool size is 0.00 MB
[2017.02.25-14.17.38:641][  0]LogMeshUtilities: No automatic mesh reduction module available
[2017.02.25-14.17.38:641][  0]LogMeshUtilities: No automatic mesh merging module available
[2017.02.25-14.17.38:641][  0]LogMeshUtilities: No distributed automatic mesh merging module available
[2017.02.25-14.17.39:060][  0]LogAssetRegistry: FAssetRegistry took 0.0214 seconds to start up
[2017.02.25-14.17.39:137][  0]LogPackageLocalizationCache: Processed 3 localized package path(s) for 2 prioritized culture(s) in 0.069548 seconds
[2017.02.25-14.17.39:145][  0]LogUObjectArray: 28739 objects as part of root set at end of initial load.
[2017.02.25-14.17.39:145][  0]LogUObjectAllocator: 5855624 out of 0 bytes used by permanent object pool.
[2017.02.25-14.17.39:145][  0]LogUObjectArray: CloseDisregardForGC: 0/0 objects in disregard for GC pool
[2017.02.25-14.17.39:166][  0]LogInit: WinSock: version 1.1 (2.2), MaxSocks=32767, MaxUdp=65467
[2017.02.25-14.17.39:451][  0]LogSlate: SlateFontCache - WITH_FREETYPE: 1, WITH_HARFBUZZ: 1
[2017.02.25-14.17.39:451][  0]LogSlate: SlateFontCache - WITH_FREETYPE: 1, WITH_HARFBUZZ: 1
[2017.02.25-14.17.49:255][  0]LogUdpMessaging: Initializing bridge on interface 0.0.0.0:0 to multicast group 230.0.0.1:6666.
[2017.02.25-14.17.53:241][  0]LogConfig:Warning: Failed to saved backup for config[SourceControlSettings]
[2017.02.25-14.17.53:306][  0]SourceControl: Info Source control is disabled
[2017.02.25-14.17.54:197][  0]SourceControl: Info Source control is disabled
[2017.02.25-14.17.54:303][  0]SourceControl: Info Source control is disabled
[2017.02.25-14.17.54:436][  0]SourceControl: Info Source control is disabled
[2017.02.25-14.17.57:681][  0]LogEngine: Initializing Engine...
[2017.02.25-14.17.57:939][  0]LogHMD: SteamVR failed to initialize.  Err: 105
[2017.02.25-14.17.57:964][  0]LogHMD: SteamVR failed to initialize.  Err: 105
[2017.02.25-14.18.00:097][  0]LogAIModule: Creating AISystem for world NewWorld
[2017.02.25-14.18.00:700][  0]LogInit: XAudio2 using 'Speakers (3- Corsair HS40 USB Gaming Headset)' : 8 channels at 44.1 kHz using 16 bits per sample (channel mask 0x63f)
[2017.02.25-14.18.00:777][  0]LogInit: FAudioDevice initialized.
[2017.02.25-14.18.00:813][  0]LogDerivedDataCache:Error: Could not save memory cache C:/Users/Jack/AppData/Local/UnrealEngine/4.12/DerivedDataCache/Boot.ddc.
[2017.02.25-14.18.00:836][  0]LogInit: Texture streaming: Enabled
[2017.02.25-14.18.03:537][  0]LogWindowsTextInputMethodSystem:Display: IME system now deactivated.
[2017.02.25-14.18.04:970][  0]LogInit: Transaction tracking system initialized
[2017.02.25-14.18.07:219][  0]BlueprintLog: New page: Editor Load
[2017.02.25-14.18.15:083][  0]LocalizationService: Info Localization service is disabled
[2017.02.25-14.18.17:199][  0]LogConsoleResponse:Display: 
[2017.02.25-14.18.23:968][  0]LogFileCache: Scanning file cache for directory 'C:/Users/Jack/Documents/Uni Folder/comp140-gam160-game/FPSMEME/Content/' took 0.12s
[2017.02.25-14.18.23:968][  0]LogCook:Display: Max memory allowance for cook 8192mb
[2017.02.25-14.18.23:995][  0]LogCook:Display: Mobile HDR setting 1
[2017.02.25-14.18.34:009][  0]SourceControl: Info Source control is disabled
[2017.02.25-14.18.34:369][  0]Cmd: MAP LOAD FILE="../../../../../../Users/Jack/Documents/Uni Folder/comp140-gam160-game/FPSMEME/Content/FirstPersonBP/Maps/FirstPersonExampleMap.umap" TEMPLATE=0 SHOWPROGRESS=1 FEATURELEVEL=3
[2017.02.25-14.18.34:708][  0]LightingResults: New page: Lighting Build
[2017.02.25-14.18.35:265][  0]MapCheck: New page: Map Check
[2017.02.25-14.18.35:265][  0]LightingResults: New page: Lighting Build
[2017.02.25-14.18.53:028][  0]LogAIModule: Creating AISystem for world FirstPersonExampleMap
[2017.02.25-14.18.57:966][  0]LogEditorServer: Finished looking for orphan Actors (0.017 secs)
[2017.02.25-14.18.58:257][  0]Cmd: MAP CHECKDEP NOCLEARLOG
[2017.02.25-14.18.58:418][  0]MapCheck: Info Map check complete: 0 Error(s), 0 Warning(s), took 160.865ms to complete.
[2017.02.25-14.18.58:418][  0]LogFileHelpers: Loading map 'FirstPersonExampleMap' took 24.183
[2017.02.25-14.19.09:131][  0]LogCollectionManager: Loaded 0 collections in 0.067918 seconds
[2017.02.25-14.19.12:705][  0]LogFileCache: Scanning file cache for directory 'C:/Users/Jack/Documents/Uni Folder/comp140-gam160-game/FPSMEME/Saved/Collections/' took 0.01s
[2017.02.25-14.19.12:705][  0]LogFileCache: Scanning file cache for directory 'C:/Users/Jack/Documents/Uni Folder/comp140-gam160-game/FPSMEME/Content/Developers/Jack/Collections/' took 0.01s
[2017.02.25-14.19.12:705][  0]LogFileCache: Scanning file cache for directory 'C:/Users/Jack/Documents/Uni Folder/comp140-gam160-game/FPSMEME/Content/Collections/' took 0.01s
[2017.02.25-14.19.12:705][  0]LogCollectionManager: Rebuilt the GUID cache for 0 collections in 0.000010 seconds
[2017.02.25-14.19.12:796][  0]LogContentBrowser: Native class hierarchy populated in 0.0689 seconds. Added 2047 classes and 369 folders.
[2017.02.25-14.19.13:361][  0]LogStats: UGameplayTagsManager::ConstructGameplayTagTree: Construct from data asset -  0.000 s
[2017.02.25-14.19.13:410][  0]LogStats: UGameplayTagsManager::ConstructGameplayTagTree: GameplayTagTreeChangedEvent.Broadcast -  0.049 s
[2017.02.25-14.19.13:439][  0]LogContentBrowser: Native class hierarchy updated for 'GameplayTags' in 0.0007 seconds. Added 12 classes and 0 folders.
[2017.02.25-14.19.13:667][  0]LogContentBrowser: Native class hierarchy updated for 'WidgetCarousel' in 0.0006 seconds. Added 0 classes and 0 folders.
[2017.02.25-14.19.25:669][  0]LogContentBrowser: Native class hierarchy updated for 'AddContentDialog' in 0.0006 seconds. Added 0 classes and 0 folders.
[2017.02.25-14.19.26:419][  0]LogContentBrowser: Native class hierarchy updated for 'SceneOutliner' in 0.0006 seconds. Added 1 classes and 2 folders.
[2017.02.25-14.19.30:124][  0]LogCrashTracker: Crashtracker disabled due to settings.
[2017.02.25-14.19.32:050][  0]LogUObjectGlobals:Warning: Failed to find object 'Class None.'
[2017.02.25-14.19.32:915][  0]LogContentBrowser: Native class hierarchy updated for 'HierarchicalLODOutliner' in 0.0007 seconds. Added 1 classes and 2 folders.
[2017.02.25-14.19.32:916][  0]LogLoad: Full Startup: 118.77 seconds (BP compile: 2.41 seconds)
[2017.02.25-14.19.32:916][  0]LogExternalProfiler: Found external profiler: VSPerf
[2017.02.25-14.19.32:916][  0]LogExternalProfiler: Using external profiler: VSPerf
[2017.02.25-14.19.33:190][  0]LogOcInput: OculusInput pre-init called
[2017.02.25-14.19.36:369][  0]LogContentStreaming: Texture pool size now 1000 MB
[2017.02.25-14.19.47:297][  0]LogRenderer: Reallocating scene render targets to support 1208x568 (Frame:2).
[2017.02.25-14.19.51:549][  1]LogWindowsTextInputMethodSystem:Display: IME system now deactivated.
[2017.02.25-14.19.55:744][  2]Cmd: QUIT_EDITOR
[2017.02.25-14.19.58:817][  2]LogExit: Preparing to exit.
[2017.02.25-14.20.02:413][  2]LogExit: Editor shut down
[2017.02.25-14.20.02:413][  2]LogExit: Transaction tracking system shut down
[2017.02.25-14.20.05:431][  2]LogObj: Freed 0b from 0 cluster array pools.
[2017.02.25-14.20.05:431][  2]LogExit: Object subsystem successfully closed.
[2017.02.25-14.20.07:038][  2]LogD3D11RHI: Shutdown
[2017.02.25-14.20.07:071][  2]LogD3D11RHI: CleanupD3DDevice
[2017.02.25-14.20.07:679][  2]LogD3D11RHI: ~FD3D11DynamicRHI
[2017.02.25-14.20.10:048][  2]LogModuleManager: Shutting down and abandoning module HierarchicalLODOutliner (213)
[2017.02.25-14.20.10:059][  2]LogModuleManager: Shutting down and abandoning module CrashTracker (212)
[2017.02.25-14.20.10:059][  2]LogModuleManager: Shutting down and abandoning module SceneOutliner (211)
[2017.02.25-14.20.10:069][  2]LogModuleManager: Shutting down and abandoning module WidgetCarousel (210)
[2017.02.25-14.20.10:090][  2]LogModuleManager: Shutting down and abandoning module AddContentDialog (209)
[2017.02.25-14.20.10:130][  2]LogModuleManager: Shutting down and abandoning module GameplayTags (208)
[2017.02.25-14.20.10:130][  2]LogModuleManager: Shutting down and abandoning module EditorWidgets (207)
[2017.02.25-14.20.10:130][  2]LogModuleManager: Shutting down and abandoning module CollectionManager (206)
[2017.02.25-14.20.10:154][  2]LogModuleManager: Shutting down and abandoning module StatsViewer (205)
[2017.02.25-14.20.10:190][  2]LogModuleManager: Shutting down and abandoning module FoliageEdit (204)
[2017.02.25-14.20.10:199][  2]LogModuleManager: Shutting down and abandoning module LandscapeEditor (203)
[2017.02.25-14.20.10:226][  2]LogModuleManager: Shutting down and abandoning module SceneDepthPickerMode (202)
[2017.02.25-14.20.10:226][  2]LogModuleManager: Shutting down and abandoning module ActorPickerMode (201)
[2017.02.25-14.20.10:226][  2]LogModuleManager: Shutting down and abandoning module GeometryMode (200)
[2017.02.25-14.20.10:226][  2]LogModuleManager: Shutting down and abandoning module TextureAlignMode (199)
[2017.02.25-14.20.10:226][  2]LogModuleManager: Shutting down and abandoning module BspMode (198)
[2017.02.25-14.20.10:250][  2]LogModuleManager: Shutting down and abandoning module HardwareSurvey (197)
[2017.02.25-14.20.10:250][  2]LogModuleManager: Shutting down and abandoning module SequenceRecorderSections (196)
[2017.02.25-14.20.10:250][  2]LogModuleManager: Shutting down and abandoning module SequenceRecorder (195)
[2017.02.25-14.20.10:258][  2]LogModuleManager: Shutting down and abandoning module AutomationWorker (194)
[2017.02.25-14.20.10:258][  2]LogModuleManager: Shutting down and abandoning module MatineeToLevelSequence (193)
[2017.02.25-14.20.10:258][  2]LogModuleManager: Shutting down and abandoning module PlacementMode (192)
[2017.02.25-14.20.10:271][  2]LogModuleManager: Shutting down and abandoning module LevelSequenceEditor (191)
[2017.02.25-14.20.10:324][  2]LogModuleManager: Shutting down and abandoning module CharacterAI (190)
[2017.02.25-14.20.10:324][  2]LogModuleManager: Shutting down and abandoning module SmartSnapping (189)
[2017.02.25-14.20.10:324][  2]LogModuleManager: Shutting down and abandoning module SessionServices (188)
[2017.02.25-14.20.10:324][  2]LogModuleManager: Shutting down and abandoning module ViewportSnapping (187)
[2017.02.25-14.20.10:324][  2]LogModuleManager: Shutting down and abandoning module LogVisualizer (186)
[2017.02.25-14.20.10:342][  2]LogModuleManager: Shutting down and abandoning module GameProjectGeneration (185)
[2017.02.25-14.20.10:365][  2]LogModuleManager: Shutting down and abandoning module IntroTutorials (184)
[2017.02.25-14.20.10:375][  2]LogModuleManager: Shutting down and abandoning module EditorLiveStreaming (183)
[2017.02.25-14.20.10:375][  2]LogModuleManager: Shutting down and abandoning module IOSPlatformEditor (182)
[2017.02.25-14.20.10:383][  2]LogModuleManager: Shutting down and abandoning module HTML5PlatformEditor (181)
[2017.02.25-14.20.10:383][  2]LogModuleManager: Shutting down and abandoning module AndroidDeviceDetection (180)
[2017.02.25-14.20.11:062][  2]LogModuleManager: Shutting down and abandoning module AndroidPlatformEditor (179)
[2017.02.25-14.20.11:087][  2]LogModuleManager: Shutting down and abandoning module IOSRuntimeSettings (178)
[2017.02.25-14.20.11:087][  2]LogModuleManager: Shutting down and abandoning module AndroidRuntimeSettings (177)
[2017.02.25-14.20.11:087][  2]LogModuleManager: Shutting down and abandoning module MergeActors (176)
[2017.02.25-14.20.11:105][  2]LogModuleManager: Shutting down and abandoning module SizeMap (175)
[2017.02.25-14.20.11:105][  2]LogModuleManager: Shutting down and abandoning module TreeMap (174)
[2017.02.25-14.20.11:120][  2]LogModuleManager: Shutting down and abandoning module ReferenceViewer (173)
[2017.02.25-14.20.11:128][  2]LogModuleManager: Shutting down and abandoning module LocalizationService (172)
[2017.02.25-14.20.11:145][  2]LogModuleManager: Shutting down and abandoning module LocalizationDashboard (171)
[2017.02.25-14.20.11:157][  2]LogModuleManager: Shutting down and abandoning module HardwareTargeting (170)
[2017.02.25-14.20.11:163][  2]LogModuleManager: Shutting down and abandoning module DeviceProfileEditor (169)
[2017.02.25-14.20.11:177][  2]LogModuleManager: Shutting down and abandoning module UndoHistory (168)
[2017.02.25-14.20.11:183][  2]LogModuleManager: Shutting down and abandoning module UserFeedback (167)
[2017.02.25-14.20.11:183][  2]LogModuleManager: Shutting down and abandoning module XmlParser (166)
[2017.02.25-14.20.11:183][  2]LogModuleManager: Shutting down and abandoning module Blutility (165)
[2017.02.25-14.20.11:194][  2]LogModuleManager: Shutting down and abandoning module ProjectTargetPlatformEditor (164)
[2017.02.25-14.20.11:204][  2]LogModuleManager: Shutting down and abandoning module ProjectSettingsViewer (163)
[2017.02.25-14.20.11:204][  2]LogModuleManager: Shutting down and abandoning module InputBindingEditor (162)
[2017.02.25-14.20.11:230][  2]LogModuleManager: Shutting down and abandoning module EditorSettingsViewer (161)
[2017.02.25-14.20.11:230][  2]LogModuleManager: Shutting down and abandoning module SettingsEditor (160)
[2017.02.25-14.20.11:274][  2]LogModuleManager: Shutting down and abandoning module ProjectLauncher (159)
[2017.02.25-14.20.11:292][  2]LogModuleManager: Shutting down and abandoning module SessionFrontend (158)
[2017.02.25-14.20.11:321][  2]LogModuleManager: Shutting down and abandoning module ProfilerClient (157)
[2017.02.25-14.20.11:350][  2]LogModuleManager: Shutting down and abandoning module TargetDeviceServices (156)
[2017.02.25-14.20.11:359][  2]LogModuleManager: Shutting down and abandoning module DeviceManager (155)
[2017.02.25-14.20.11:452][  2]LogModuleManager: Shutting down and abandoning module AutomationController (154)
[2017.02.25-14.20.11:471][  2]LogModuleManager: Shutting down and abandoning module AutomationWindow (153)
[2017.02.25-14.20.11:497][  2]LogModuleManager: Shutting down and abandoning module Layers (152)
[2017.02.25-14.20.11:515][  2]LogModuleManager: Shutting down and abandoning module ComponentVisualizers (151)
[2017.02.25-14.20.11:515][  2]LogModuleManager: Shutting down and abandoning module DetailCustomizations (150)
[2017.02.25-14.20.11:544][  2]LogModuleManager: Shutting down and abandoning module PackagesDialog (149)
[2017.02.25-14.20.11:563][  2]LogModuleManager: Shutting down and abandoning module Persona (148)
[2017.02.25-14.20.11:611][  2]LogModuleManager: Shutting down and abandoning module Kismet (147)
[2017.02.25-14.20.11:626][  2]LogModuleManager: Shutting down and abandoning module GraphEditor (146)
[2017.02.25-14.20.11:676][  2]LogModuleManager: Shutting down and abandoning module ClassViewer (145)
[2017.02.25-14.20.11:695][  2]LogModuleManager: Shutting down and abandoning module Toolbox (144)
[2017.02.25-14.20.11:705][  2]LogModuleManager: Shutting down and abandoning module ModuleUI (143)
[2017.02.25-14.20.11:730][  2]LogModuleManager: Shutting down and abandoning module MovieSceneTools (142)
[2017.02.25-14.20.11:758][  2]LogModuleManager: Shutting down and abandoning module OutputLog (141)
[2017.02.25-14.20.11:768][  2]LogModuleManager: Shutting down and abandoning module GammaUI (140)
[2017.02.25-14.20.11:796][  2]LogModuleManager: Shutting down and abandoning module Documentation (139)
[2017.02.25-14.20.11:796][  2]LogModuleManager: Shutting down and abandoning module StreamingPauseRendering (138)
[2017.02.25-14.20.11:797][  2]LogModuleManager: Shutting down and abandoning module AnalyticsET (137)
[2017.02.25-14.20.11:797][  2]LogModuleManager: Shutting down and abandoning module Analytics (136)
[2017.02.25-14.20.11:797][  2]LogModuleManager: Shutting down and abandoning module PortalServices (135)
[2017.02.25-14.20.11:797][  2]LogModuleManager: Shutting down and abandoning module PortalRpc (134)
[2017.02.25-14.20.11:797][  2]LogModuleManager: Shutting down and abandoning module MessagingRpc (133)
[2017.02.25-14.20.11:797][  2]LogModuleManager: Shutting down and abandoning module GameplayDebugger (132)
[2017.02.25-14.20.11:809][  2]LogModuleManager: Shutting down and abandoning module AITestSuite (131)
[2017.02.25-14.20.11:821][  2]LogModuleManager: Shutting down and abandoning module AIModule (130)
[2017.02.25-14.20.11:821][  2]LogModuleManager: Shutting down and abandoning module ProfilerService (129)
[2017.02.25-14.20.11:897][  2]LogModuleManager: Shutting down and abandoning module TaskGraph (128)
[2017.02.25-14.20.11:920][  2]LogModuleManager: Shutting down and abandoning module SlateRemote (127)
[2017.02.25-14.20.11:920][  2]LogModuleManager: Shutting down and abandoning module SteamVRController (126)
[2017.02.25-14.20.11:920][  2]LogModuleManager: Shutting down and abandoning module SteamVR (125)
[2017.02.25-14.20.11:920][  2]LogModuleManager: Shutting down and abandoning module ProceduralMeshComponent (124)
[2017.02.25-14.20.11:920][  2]LogModuleManager: Shutting down and abandoning module OculusLibrary (123)
[2017.02.25-14.20.11:920][  2]LogModuleManager: Shutting down and abandoning module OculusInput (122)
[2017.02.25-14.20.11:920][  2]LogModuleManager: Shutting down and abandoning module CustomMeshComponent (121)
[2017.02.25-14.20.11:931][  2]LogModuleManager: Shutting down and abandoning module CableComponent (120)
[2017.02.25-14.20.11:931][  2]LogModuleManager: Shutting down and abandoning module ArchVisCharacter (119)
[2017.02.25-14.20.11:931][  2]LogModuleManager: Shutting down and abandoning module MediaPlayerEditor (118)
[2017.02.25-14.20.11:973][  2]LogModuleManager: Shutting down and abandoning module HTML5Networking (117)
[2017.02.25-14.20.11:973][  2]LogModuleManager: Shutting down and abandoning module SuperSearch (116)
[2017.02.25-14.20.11:973][  2]LogModuleManager: Shutting down and abandoning module SuperSearchEditor (115)
[2017.02.25-14.20.11:973][  2]LogModuleManager: Shutting down and abandoning module SpeedTreeImporter (114)
[2017.02.25-14.20.11:973][  2]LogModuleManager: Shutting down and abandoning module PluginBrowser (113)
[2017.02.25-14.20.11:990][  2]LogModuleManager: Shutting down and abandoning module EpicSurvey (112)
[2017.02.25-14.20.11:990][  2]LogModuleManager: Shutting down and abandoning module DesktopPlatform (111)
[2017.02.25-14.20.12:008][  2]LogModuleManager: Shutting down and abandoning module VisualStudioSourceCodeAccess (110)
[2017.02.25-14.20.12:008][  2]LogModuleManager: Shutting down and abandoning module UObjectPlugin (109)
[2017.02.25-14.20.12:008][  2]LogModuleManager: Shutting down and abandoning module SubversionSourceControl (108)
[2017.02.25-14.20.12:030][  2]LogModuleManager: Shutting down and abandoning module PerforceSourceControl (107)
[2017.02.25-14.20.12:048][  2]LogModuleManager: Shutting down and abandoning module SourceControl (106)
[2017.02.25-14.20.12:070][  2]LogModuleManager: Shutting down and abandoning module GitSourceControl (105)
[2017.02.25-14.20.12:085][  2]LogModuleManager: Shutting down and abandoning module LightPropagationVolumeEditor (104)
[2017.02.25-14.20.12:085][  2]LogModuleManager: Shutting down and abandoning module PaperTiledImporter (103)
[2017.02.25-14.20.12:097][  2]LogModuleManager: Shutting down and abandoning module PaperSpriteSheetImporter (102)
[2017.02.25-14.20.12:098][  2]LogModuleManager: Shutting down and abandoning module MeshPaint (101)
[2017.02.25-14.20.12:105][  2]LogModuleManager: Shutting down and abandoning module PixelInspectorModule (100)
[2017.02.25-14.20.12:119][  2]LogModuleManager: Shutting down and abandoning module HotReload (99)
[2017.02.25-14.20.12:131][  2]LogModuleManager: Shutting down and abandoning module MainFrame (98)
[2017.02.25-14.20.12:137][  2]LogModuleManager: Shutting down and abandoning module LevelEditor (97)
[2017.02.25-14.20.12:149][  2]LogModuleManager: Shutting down and abandoning module ContentBrowser (96)
[2017.02.25-14.20.12:150][  2]LogModuleManager: Shutting down and abandoning module Paper2DEditor (95)
[2017.02.25-14.20.12:171][  2]LogModuleManager: Shutting down and abandoning module UdpMessaging (94)
[2017.02.25-14.20.12:271][  2]LogModuleManager: Shutting down and abandoning module LightPropagationVolumeRuntime (93)
[2017.02.25-14.20.12:271][  2]LogModuleManager: Shutting down and abandoning module Paper2D (92)
[2017.02.25-14.20.12:305][  2]LogModuleManager: Shutting down and abandoning module WindowsMoviePlayer (91)
[2017.02.25-14.20.12:305][  2]LogModuleManager: Shutting down and abandoning module Media (90)
[2017.02.25-14.20.12:305][  2]LogModuleManager: Shutting down and abandoning module WmfMedia (89)
[2017.02.25-14.20.12:312][  2]LogModuleManager: Shutting down and abandoning module MediaAssets (88)
[2017.02.25-14.20.12:312][  2]LogModuleManager: Shutting down and abandoning module GameLiveStreaming (87)
[2017.02.25-14.20.12:312][  2]LogModuleManager: Shutting down and abandoning module GameplayTagsEditor (86)
[2017.02.25-14.20.12:312][  2]LogModuleManager: Shutting down and abandoning module OnlineBlueprintSupport (85)
[2017.02.25-14.20.12:312][  2]LogModuleManager: Shutting down and abandoning module VREditor (84)
[2017.02.25-14.20.12:324][  2]LogModuleManager: Shutting down and abandoning module GameplayTasksEditor (83)
[2017.02.25-14.20.12:324][  2]LogModuleManager: Shutting down and abandoning module PropertyEditor (82)
[2017.02.25-14.20.12:345][  2]LogModuleManager: Shutting down and abandoning module BehaviorTreeEditor (81)
[2017.02.25-14.20.12:370][  2]LogModuleManager: Shutting down and abandoning module FunctionalTesting (80)
[2017.02.25-14.20.12:370][  2]LogModuleManager: Shutting down and abandoning module CollisionAnalyzer (79)
[2017.02.25-14.20.12:382][  2]LogModuleManager: Shutting down and abandoning module Sequencer (78)
[2017.02.25-14.20.12:398][  2]LogModuleManager: Shutting down and abandoning module WorkspaceMenuStructure (77)
[2017.02.25-14.20.12:398][  2]LogModuleManager: Shutting down and abandoning module MessageLog (76)
[2017.02.25-14.20.12:414][  2]LogModuleManager: Shutting down and abandoning module AssetTools (75)
[2017.02.25-14.20.12:453][  2]LogModuleManager: Shutting down and abandoning module UMGEditor (74)
[2017.02.25-14.20.12:486][  2]LogModuleManager: Shutting down and abandoning module UMG (73)
[2017.02.25-14.20.12:513][  2]LogModuleManager: Shutting down and abandoning module SlateReflector (72)
[2017.02.25-14.20.12:544][  2]LogModuleManager: Shutting down and abandoning module Slate (71)
[2017.02.25-14.20.12:553][  2]LogModuleManager: Shutting down and abandoning module EditorStyle (70)
[2017.02.25-14.20.12:556][  2]LogModuleManager: Shutting down and abandoning module SourceCodeAccess (69)
[2017.02.25-14.20.12:556][  2]LogModuleManager: Shutting down and abandoning module HeadMountedDisplay (68)
[2017.02.25-14.20.12:556][  2]LogModuleManager: Shutting down and abandoning module XAudio2 (67)
[2017.02.25-14.20.12:556][  2]LogModuleManager: Shutting down and abandoning module Networking (65)
[2017.02.25-14.20.12:556][  2]LogModuleManager: Shutting down and abandoning module Core (64)
[2017.02.25-14.20.12:556][  2]LogModuleManager: Shutting down and abandoning module DirectoryWatcher (63)
[2017.02.25-14.20.12:557][  2]LogModuleManager: Shutting down and abandoning module AssetRegistry (62)
[2017.02.25-14.20.13:256][  2]LogModuleManager: Shutting down and abandoning module KismetCompiler (61)
[2017.02.25-14.20.13:256][  2]LogModuleManager: Shutting down and abandoning module PhysXFormats (60)
[2017.02.25-14.20.13:256][  2]LogModuleManager: Shutting down and abandoning module MeshUtilities (59)
[2017.02.25-14.20.13:320][  2]LogModuleManager: Shutting down and abandoning module DerivedDataCache (58)
[2017.02.25-14.20.13:986][  2]LogDerivedDataCache: Shutdown
[2017.02.25-14.20.13:986][  2]LogModuleManager: Shutting down and abandoning module VulkanShaderFormat (57)
[2017.02.25-14.20.14:041][  2]LogModuleManager: Shutting down and abandoning module ShaderFormatOpenGL (56)
[2017.02.25-14.20.14:205][  2]LogModuleManager: Shutting down and abandoning module ShaderFormatD3D (55)
[2017.02.25-14.20.14:342][  2]LogModuleManager: Shutting down and abandoning module MetalShaderFormat (54)
[2017.02.25-14.20.14:664][  2]LogModuleManager: Shutting down and abandoning module TextureFormatUncompressed (53)
[2017.02.25-14.20.14:664][  2]LogModuleManager: Shutting down and abandoning module TextureFormatPVR (52)
[2017.02.25-14.20.14:677][  2]LogModuleManager: Shutting down and abandoning module TextureFormatIntelISPCTexComp (51)
[2017.02.25-14.20.14:682][  2]LogModuleManager: Shutting down and abandoning module TextureFormatDXT (50)
[2017.02.25-14.20.14:690][  2]LogModuleManager: Shutting down and abandoning module ImageWrapper (49)
[2017.02.25-14.20.14:690][  2]LogModuleManager: Shutting down and abandoning module TextureFormatASTC (48)
[2017.02.25-14.20.14:690][  2]LogModuleManager: Shutting down and abandoning module TextureFormatAndroid (47)
[2017.02.25-14.20.14:690][  2]LogModuleManager: Shutting down and abandoning module AudioFormatOpus (46)
[2017.02.25-14.20.14:696][  2]LogModuleManager: Shutting down and abandoning module AudioFormatOgg (45)
[2017.02.25-14.20.14:696][  2]LogModuleManager: Shutting down and abandoning module AudioFormatADPCM (44)
[2017.02.25-14.20.14:696][  2]LogModuleManager: Shutting down and abandoning module LinuxTargetPlatform (43)
[2017.02.25-14.20.14:696][  2]LogModuleManager: Shutting down and abandoning module LinuxServerTargetPlatform (42)
[2017.02.25-14.20.14:696][  2]LogModuleManager: Shutting down and abandoning module LinuxNoEditorTargetPlatform (41)
[2017.02.25-14.20.14:707][  2]LogModuleManager: Shutting down and abandoning module TVOSTargetPlatform (40)
[2017.02.25-14.20.14:708][  2]LogModuleManager: Shutting down and abandoning module Messaging (39)
[2017.02.25-14.20.14:708][  2]LogModuleManager: Shutting down and abandoning module IOSTargetPlatform (38)
[2017.02.25-14.20.14:708][  2]LogModuleManager: Shutting down and abandoning module HTML5TargetPlatform (37)
[2017.02.25-14.20.14:708][  2]LogModuleManager: Shutting down and abandoning module Android_PVRTCTargetPlatform (36)
[2017.02.25-14.20.14:708][  2]LogModuleManager: Shutting down and abandoning module Android_MultiTargetPlatform (35)
[2017.02.25-14.20.14:709][  2]LogModuleManager: Shutting down and abandoning module Android_ETC2TargetPlatform (34)
[2017.02.25-14.20.14:709][  2]LogModuleManager: Shutting down and abandoning module Android_ETC1TargetPlatform (33)
[2017.02.25-14.20.14:709][  2]LogModuleManager: Shutting down and abandoning module Android_DXTTargetPlatform (32)
[2017.02.25-14.20.14:709][  2]LogModuleManager: Shutting down and abandoning module Android_ATCTargetPlatform (31)
[2017.02.25-14.20.14:709][  2]LogModuleManager: Shutting down and abandoning module Android_ASTCTargetPlatform (30)
[2017.02.25-14.20.14:709][  2]LogModuleManager: Shutting down and abandoning module AndroidTargetPlatform (29)
[2017.02.25-14.20.14:709][  2]LogModuleManager: Shutting down and abandoning module WindowsTargetPlatform (28)
[2017.02.25-14.20.14:709][  2]LogModuleManager: Shutting down and abandoning module WindowsServerTargetPlatform (27)
[2017.02.25-14.20.14:709][  2]LogModuleManager: Shutting down and abandoning module WindowsNoEditorTargetPlatform (26)
[2017.02.25-14.20.14:716][  2]LogModuleManager: Shutting down and abandoning module WindowsClientTargetPlatform (25)
[2017.02.25-14.20.14:722][  2]LogModuleManager: Shutting down and abandoning module AllDesktopTargetPlatform (24)
[2017.02.25-14.20.14:722][  2]LogModuleManager: Shutting down and abandoning module TargetPlatform (23)
[2017.02.25-14.20.14:738][  2]LogModuleManager: Shutting down and abandoning module InputCore (22)
[2017.02.25-14.20.14:738][  2]LogModuleManager: Shutting down and abandoning module Settings (21)
[2017.02.25-14.20.14:738][  2]LogModuleManager: Shutting down and abandoning module OnlineSubsystem (19)
[2017.02.25-14.20.14:738][  2]LogModuleManager: Shutting down and abandoning module HTTP (18)
[2017.02.25-14.20.18:780][  2]LogModuleManager: Shutting down and abandoning module XMPP (17)
[2017.02.25-14.20.18:810][  2]LogModuleManager: Shutting down and abandoning module OculusRift (16)
[2017.02.25-14.20.18:822][  2]LogModuleManager: Shutting down and abandoning module ExampleDeviceProfileSelector (15)
[2017.02.25-14.20.18:822][  2]LogModuleManager: Shutting down and abandoning module TextureCompressor (14)
[2017.02.25-14.20.18:835][  2]LogModuleManager: Shutting down and abandoning module ShaderCore (13)
[2017.02.25-14.20.18:835][  2]LogModuleManager: Shutting down and abandoning module Landscape (12)
[2017.02.25-14.20.18:835][  2]LogModuleManager: Shutting down and abandoning module SlateRHIRenderer (11)
[2017.02.25-14.20.18:931][  2]LogModuleManager: Shutting down and abandoning module OpenGLDrv (10)
[2017.02.25-14.20.18:956][  2]LogModuleManager: Shutting down and abandoning module D3D11RHI (9)
[2017.02.25-14.20.18:956][  2]LogModuleManager: Shutting down and abandoning module AnimGraphRuntime (8)
[2017.02.25-14.20.18:956][  2]LogModuleManager: Shutting down and abandoning module Renderer (7)
[2017.02.25-14.20.18:956][  2]LogModuleManager: Shutting down and abandoning module Engine (6)
[2017.02.25-14.20.18:956][  2]LogModuleManager: Shutting down and abandoning module CoreUObject (5)
[2017.02.25-14.20.18:956][  2]LogModuleManager: Shutting down and abandoning module NetworkFile (4)
[2017.02.25-14.20.18:979][  2]LogModuleManager: Shutting down and abandoning module StreamingFile (3)
[2017.02.25-14.20.18:979][  2]LogModuleManager: Shutting down and abandoning module SandboxFile (2)
[2017.02.25-14.20.18:989][  2]LogModuleManager: Shutting down and abandoning module PakFile (1)
[2017.02.25-14.20.19:013][  2]LogExit: Exiting.
[2017.02.25-14.20.19:020][  2]Log file closed, 02/25/17 14:20:19
