Log file open, 04/29/17 00:57:09
LogInit:Display: Running engine for game: comp140game
LogPlatformFile: Not using cached read wrapper
LogInit:Display: RandInit(-1929630311) SRandInit(-1929630290).
LogTaskGraph: Started task graph with 4 named threads and 6 total threads with 1 sets of task threads.
LogStats: Stats thread started at 0.088151
LogInit: Version: 4.12.5-3039270+++UE4+Release-4.12
LogInit: API Version: 2992821
LogInit: Net Version: 3039270
LogDevObjectVersion: Number of dev versions registered: 13
LogDevObjectVersion:   Dev-Blueprints (B0D832E4-1F89-4F0D-ACCF-7EB736FD4AA2): 3
LogDevObjectVersion:   Dev-Build (E1C64328-A22C-4D53-A36C-8E866417BD8C): 0
LogDevObjectVersion:   Dev-Core (375EC13C-06E4-48FB-B500-84F0262A717E): 1
LogDevObjectVersion:   Dev-Editor (E4B068ED-F494-42E9-A231-DA0B2E46BB41): 2
LogDevObjectVersion:   Dev-Framework (CFFC743F-43B0-4480-9391-14DF171D2073): 6
LogDevObjectVersion:   Dev-Mobile (B02B49B5-BB20-44E9-A304-32B752E40360): 0
LogDevObjectVersion:   Dev-Networking (A4E4105C-59A1-49B5-A7C5-40C4547EDFEE): 0
LogDevObjectVersion:   Dev-Online (39C831C9-5AE6-47DC-9A44-9C173E1C8E7C): 0
LogDevObjectVersion:   Dev-Physics (78F01B33-EBEA-4F98-B9B4-84EACCB95AA2): 0
LogDevObjectVersion:   Dev-Platform (6631380F-2D4D-43E0-8009-CF276956A95A): 0
LogDevObjectVersion:   Dev-Rendering (12F88B9F-8875-4AFC-A67C-D90C383ABD29): 2
LogDevObjectVersion:   Dev-Sequencer (7B5AE74C-D270-4C10-A958-57980B212A5A): 0
LogDevObjectVersion:   Dev-VR (D7296918-1DD6-4BDD-9DE2-64A83CC13884): 0
LogInit: Compiled (64-bit): Jul  6 2016 09:09:46
LogInit: Compiled with Visual C++: 19.00.23026.00
LogInit: Build Configuration: Development
LogInit: Branch Name: ++UE4+Release-4.12
LogInit: Command line:  
LogInit: Base directory: C:/Program Files (x86)/Epic Games/4.12/Engine/Binaries/Win64/
LogInit: Installed Engine Build: 1
LogInit: Using libcurl 7.41.0
LogInit:  - built for x86_64-pc-win32
LogInit:  - supports SSL with WinSSL
LogInit:  - other features:
LogInit:      CURL_VERSION_SSL
LogInit:      CURL_VERSION_IPV6
LogInit:      CURL_VERSION_ASYNCHDNS
LogInit:      CURL_VERSION_LARGEFILE
LogInit:      CURL_VERSION_IDN
LogInit:  CurlRequestOptions (configurable via config and command line):
LogInit:  - bVerifyPeer = true  - Libcurl will verify peer certificate
LogInit:  - bUseHttpProxy = false  - Libcurl will NOT use HTTP proxy
LogInit:  - bDontReuseConnections = false  - Libcurl will reuse connections
LogInit:  - CertBundlePath = nullptr  - Libcurl will use whatever was configured at build time.
LogInit: Presizing for max 8388607 objects, including 0 objects not considered by GC, pre-allocating 0 bytes for permanent pool.
LogInit: Object subsystem initialized
[2017.04.28-23.57.09:666][  0]LogInit: Selected Device Profile: [Windows]
[2017.04.28-23.57.09:666][  0]LogInit: Applying CVar settings loaded from the selected device profile: [Windows]
[2017.04.28-23.57.15:068][  0]LogInit: Computer: JACK-PC
[2017.04.28-23.57.15:068][  0]LogInit: User: Jack
[2017.04.28-23.57.15:068][  0]LogInit: CPU Page size=65536, Cores=3
[2017.04.28-23.57.15:068][  0]LogInit: High frequency timer resolution =14.318180 MHz
[2017.04.28-23.57.15:068][  0]LogMemory: Memory total: Physical=7.9GB (8GB approx)
[2017.04.28-23.57.15:068][  0]LogMemory: Platform Memory Stats for Windows
[2017.04.28-23.57.15:068][  0]LogMemory: Process Physical Memory: 190.24 MB used, 190.24 MB peak
[2017.04.28-23.57.15:068][  0]LogMemory: Process Virtual Memory: 195.17 MB used, 195.17 MB peak
[2017.04.28-23.57.15:068][  0]LogMemory: Physical Memory: 5090.44 MB used, 8105.09 MB total
[2017.04.28-23.57.15:069][  0]LogMemory: Virtual Memory: 553.36 MB used, 134217728.00 MB total
[2017.04.28-23.57.15:100][  0]LogTextLocalizationManager: No specific translations for ('en-GB') exist, so ('en') translations will be used.
[2017.04.28-23.57.15:730][  0]LogD3D11RHI: D3D11 adapters:
[2017.04.28-23.57.15:753][  0]LogD3D11RHI:    0. 'AMD Radeon HD 7800 Series' (Feature Level 11_0)
[2017.04.28-23.57.15:754][  0]LogD3D11RHI:       2029/0/4052 MB DedicatedVideo/DedicatedSystem/SharedSystem, Outputs:2, VendorId:0x1002
[2017.04.28-23.57.15:755][  0]LogD3D11RHI:    1. 'Microsoft Basic Render Driver' (Feature Level 11_0)
[2017.04.28-23.57.15:755][  0]LogD3D11RHI:       0/0/4052 MB DedicatedVideo/DedicatedSystem/SharedSystem, Outputs:0, VendorId:0x1414
[2017.04.28-23.57.15:755][  0]LogD3D11RHI: Chosen D3D11 Adapter: 0
[2017.04.28-23.57.15:763][  0]LogD3D11RHI: Creating new Direct3DDevice
[2017.04.28-23.57.15:763][  0]LogD3D11RHI:     GPU DeviceId: 0x679e (for the marketing name, search the web for "GPU Device Id")
[2017.04.28-23.57.15:763][  0]LogWindows: EnumDisplayDevices:
[2017.04.28-23.57.15:763][  0]LogWindows:    0. 'AMD Radeon HD 7800 Series' (P:1 D:1)
[2017.04.28-23.57.15:764][  0]LogWindows:    1. 'AMD Radeon HD 7800 Series' (P:0 D:1)
[2017.04.28-23.57.15:764][  0]LogWindows:    2. 'AMD Radeon HD 7800 Series' (P:0 D:0)
[2017.04.28-23.57.15:764][  0]LogWindows:    3. 'AMD Radeon HD 7800 Series' (P:0 D:0)
[2017.04.28-23.57.15:765][  0]LogWindows:    4. 'AMD Radeon HD 7800 Series' (P:0 D:0)
[2017.04.28-23.57.15:765][  0]LogWindows:    5. 'AMD Radeon HD 7800 Series' (P:0 D:0)
[2017.04.28-23.57.15:765][  0]LogWindows: DebugString: FoundDriverCount:6 
[2017.04.28-23.57.15:766][  0]LogD3D11RHI:     Adapter Name: AMD Radeon HD 7800 Series
[2017.04.28-23.57.15:766][  0]LogD3D11RHI:   Driver Version: Crimson ReLive 17.4.3 (internal:22.19.157.3, unified:22.19.157.3)
[2017.04.28-23.57.15:766][  0]LogD3D11RHI:      Driver Date: 4-10-2017
[2017.04.28-23.57.15:766][  0]LogRHI: Texture pool is 1361 MB (70% of 1945 MB)
[2017.04.28-23.57.15:777][  0]LogD3D11RHI: Async texture creation disabled: no driver support
[2017.04.28-23.57.15:792][  0]LogD3D11RHI: GPU Timing Frequency: 27.000000 (Debug: 2 1)
[2017.04.28-23.57.15:793][  0]LogShaderCompilers: Guid format shader working directory is -1 characters bigger than the processId version (E:/New folder/comp140-gam160-game/comp140game/Intermediate/Shaders/WorkingDirectory/14256/).
[2017.04.28-23.57.15:793][  0]LogShaderCompilers: Cleaned the shader compiler working directory 'C:/Users/Jack/AppData/Local/Temp/UnrealShaderWorkingDir/D819B5C14338AD22A488C383FDE4C366/'.
[2017.04.28-23.57.15:793][  0]LogShaderCompilers:Display: Using Local Shader Compiler.
[2017.04.28-23.57.17:317][  0]LogTemp:Display: Loaded TP AllDesktopTargetPlatform
[2017.04.28-23.57.17:334][  0]LogTemp:Display: Loaded TP WindowsClientTargetPlatform
[2017.04.28-23.57.17:351][  0]LogTemp:Display: Loaded TP WindowsNoEditorTargetPlatform
[2017.04.28-23.57.17:367][  0]LogTemp:Display: Loaded TP WindowsServerTargetPlatform
[2017.04.28-23.57.17:387][  0]LogTemp:Display: Loaded TP WindowsTargetPlatform
[2017.04.28-23.57.17:400][  0]LogTemp:Display: Loaded TP AndroidTargetPlatform
[2017.04.28-23.57.17:414][  0]LogTemp:Display: Loaded TP Android_ASTCTargetPlatform
[2017.04.28-23.57.17:426][  0]LogTemp:Display: Loaded TP Android_ATCTargetPlatform
[2017.04.28-23.57.17:451][  0]LogTemp:Display: Loaded TP Android_DXTTargetPlatform
[2017.04.28-23.57.17:470][  0]LogTemp:Display: Loaded TP Android_ETC1TargetPlatform
[2017.04.28-23.57.17:508][  0]LogTemp:Display: Loaded TP Android_ETC2TargetPlatform
[2017.04.28-23.57.17:540][  0]LogTemp:Display: Loaded TP Android_MultiTargetPlatform
[2017.04.28-23.57.17:540][  0]LogTemp:Display: Loaded TP Android_PVRTCTargetPlatform
[2017.04.28-23.57.17:541][  0]LogTemp:Display: Loaded TP HTML5TargetPlatform
[2017.04.28-23.57.17:570][  0]LogTemp:Display: Loaded TP IOSTargetPlatform
[2017.04.28-23.57.17:582][  0]LogTemp:Display: Loaded TP TVOSTargetPlatform
[2017.04.28-23.57.17:595][  0]LogTemp:Display: Loaded TP LinuxNoEditorTargetPlatform
[2017.04.28-23.57.17:607][  0]LogTemp:Display: Loaded TP LinuxServerTargetPlatform
[2017.04.28-23.57.17:620][  0]LogTemp:Display: Loaded TP LinuxTargetPlatform
[2017.04.28-23.57.17:620][  0]LogTargetPlatformManager:Display: Building Assets For Windows
[2017.04.28-23.57.17:765][  0]LogDerivedDataCache:Display: Max Cache Size: 512 MB
[2017.04.28-23.57.17:858][  0]LogDerivedDataCache: Loaded boot cache 0.09s 48MB C:/Users/Jack/AppData/Local/UnrealEngine/4.12/DerivedDataCache/Boot.ddc.
[2017.04.28-23.57.17:858][  0]LogDerivedDataCache:Display: Loaded Boot cache: C:/Users/Jack/AppData/Local/UnrealEngine/4.12/DerivedDataCache/Boot.ddc
[2017.04.28-23.57.17:858][  0]LogDerivedDataCache: FDerivedDataBackendGraph:  Pak pak cache file E:/New folder/comp140-gam160-game/comp140game/DerivedDataCache/DDC.ddp not found, will not use a pak cache.
[2017.04.28-23.57.17:858][  0]LogDerivedDataCache: Unable to find inner node Pak for hierarchical cache Hierarchy.
[2017.04.28-23.57.17:858][  0]LogDerivedDataCache: FDerivedDataBackendGraph:  CompressedPak pak cache file E:/New folder/comp140-gam160-game/comp140game/DerivedDataCache/Compressed.ddp not found, will not use a pak cache.
[2017.04.28-23.57.17:858][  0]LogDerivedDataCache: Unable to find inner node CompressedPak for hierarchical cache Hierarchy.
[2017.04.28-23.57.17:880][  0]LogDerivedDataCache:Display: Pak cache opened for reading ../../../Engine/DerivedDataCache/Compressed.ddp.
[2017.04.28-23.57.17:894][  0]LogDerivedDataCache: Using Local data cache path C:/Users/Jack/AppData/Local/UnrealEngine/Common/DerivedDataCache: Writable
[2017.04.28-23.57.17:973][  0]LogModuleManager:Warning: Found module file E:/New folder/comp140-gam160-game/comp140game/Binaries/Win64/UE4Editor-comp140game.dll (API version 0), but it was incompatible with the current engine API version (2992821). This is likely a stale module that must be recompiled.
[2017.04.28-23.57.18:168][  0]LogInit: Selected Device Profile: [Windows]
[2017.04.28-23.57.18:169][  0]LogContentStreaming: Texture pool size is 0.00 MB
[2017.04.28-23.57.18:438][  0]LogMeshUtilities: No automatic mesh reduction module available
[2017.04.28-23.57.18:438][  0]LogMeshUtilities: No automatic mesh merging module available
[2017.04.28-23.57.18:438][  0]LogMeshUtilities: No distributed automatic mesh merging module available
[2017.04.28-23.57.18:824][  0]LogAssetRegistry: FAssetRegistry took 0.0218 seconds to start up
[2017.04.28-23.57.19:203][  0]LogPackageLocalizationCache: Processed 3 localized package path(s) for 2 prioritized culture(s) in 0.371659 seconds
[2017.04.28-23.57.19:208][  0]LogUObjectArray: 28739 objects as part of root set at end of initial load.
[2017.04.28-23.57.19:208][  0]LogUObjectAllocator: 5855624 out of 0 bytes used by permanent object pool.
[2017.04.28-23.57.19:208][  0]LogUObjectArray: CloseDisregardForGC: 0/0 objects in disregard for GC pool
[2017.04.28-23.57.19:221][  0]LogInit: WinSock: version 1.1 (2.2), MaxSocks=32767, MaxUdp=65467
[2017.04.28-23.57.19:556][  0]LogSlate: SlateFontCache - WITH_FREETYPE: 1, WITH_HARFBUZZ: 1
[2017.04.28-23.57.19:556][  0]LogSlate: SlateFontCache - WITH_FREETYPE: 1, WITH_HARFBUZZ: 1
[2017.04.28-23.57.20:426][  0]LogUdpMessaging: Initializing bridge on interface 0.0.0.0:0 to multicast group 230.0.0.1:6666.
[2017.04.28-23.57.28:270][  0]SourceControl: Info Source control is disabled
[2017.04.28-23.57.28:369][  0]SourceControl: Info Source control is disabled
[2017.04.28-23.57.28:389][  0]SourceControl: Info Source control is disabled
[2017.04.28-23.57.28:407][  0]SourceControl: Info Source control is disabled
[2017.04.28-23.57.28:800][  0]LogEngine: Initializing Engine...
[2017.04.28-23.57.28:804][  0]LogHMD: SteamVR failed to initialize.  Err: 105
[2017.04.28-23.57.28:806][  0]LogHMD: SteamVR failed to initialize.  Err: 105
[2017.04.28-23.57.29:005][  0]LogAIModule: Creating AISystem for world NewWorld
[2017.04.28-23.57.29:016][  0]LogInit: XAudio2 using 'Speakers (Corsair HS40 USB Gaming Headset)' : 8 channels at 44.1 kHz using 16 bits per sample (channel mask 0x63f)
[2017.04.28-23.57.29:044][  0]LogInit: FAudioDevice initialized.
[2017.04.28-23.57.29:090][  0]LogDerivedDataCache: Saved boot cache 0.05s 48MB C:/Users/Jack/AppData/Local/UnrealEngine/4.12/DerivedDataCache/Boot.ddc.
[2017.04.28-23.57.29:103][  0]LogInit: Texture streaming: Enabled
[2017.04.28-23.57.29:147][  0]LogInit: Transaction tracking system initialized
[2017.04.28-23.57.29:191][  0]BlueprintLog: New page: Editor Load
[2017.04.28-23.57.29:363][  0]LocalizationService: Info Localization service is disabled
[2017.04.28-23.57.29:470][  0]LogConsoleResponse:Display: 
[2017.04.28-23.57.29:609][  0]LogCook:Display: Max memory allowance for cook 8192mb
[2017.04.28-23.57.29:609][  0]LogCook:Display: Mobile HDR setting 1
[2017.04.28-23.57.29:816][  0]LogFileCache: Scanning file cache for directory 'E:/New folder/comp140-gam160-game/comp140game/Content/' took 0.02s
[2017.04.28-23.57.29:816][  0]SourceControl: Info Source control is disabled
[2017.04.28-23.57.29:816][  0]Cmd: MAP LOAD FILE="E:/New folder/comp140-gam160-game/comp140game/Content/FirstPersonBP/Maps/FirstPersonExampleMap.umap" TEMPLATE=0 SHOWPROGRESS=1 FEATURELEVEL=3
[2017.04.28-23.57.29:817][  0]LightingResults: New page: Lighting Build
[2017.04.28-23.57.29:822][  0]MapCheck: New page: Map Check
[2017.04.28-23.57.29:823][  0]LightingResults: New page: Lighting Build
[2017.04.28-23.57.29:840][  0]LogLinker:Warning: Asset 'E:/New folder/comp140-gam160-game/comp140game/Content/FirstPersonBP/Maps/FirstPersonExampleMap.umap' has been saved with empty engine version. The asset will be loaded but may be incompatible.
[2017.04.28-23.57.29:841][  0]LogLinker:Warning: Asset 'E:/New folder/comp140-gam160-game/comp140game/Content/FirstPersonBP/Blueprints/FirstPersonCharacter.uasset' has been saved with empty engine version. The asset will be loaded but may be incompatible.
[2017.04.28-23.57.30:041][  0]LogLinker:Warning: Can't find file '/Script/comp140game'
[2017.04.28-23.57.30:041][  0]LogLinker:Warning: Can't find file for asset '/Script/comp140game' while loading E:/New folder/comp140-gam160-game/comp140game/Content/FirstPersonBP/Blueprints/FirstPersonCharacter.uasset.
[2017.04.28-23.57.30:041][  0]LoadErrors:Error: Error /Game/FirstPersonBP/Blueprints/FirstPersonCharacter : Can't find file for asset. /Script/comp140game
[2017.04.28-23.57.30:042][  0]LogLinker:Warning: Asset 'E:/New folder/comp140-gam160-game/comp140game/Content/FirstPerson/AIClass.uasset' has been saved with empty engine version. The asset will be loaded but may be incompatible.
[2017.04.28-23.57.30:054][  0]LogLinker:Warning: Asset 'E:/New folder/comp140-gam160-game/comp140game/Content/FirstPersonBP/Blueprints/FirstPersonGameMode.uasset' has been saved with empty engine version. The asset will be loaded but may be incompatible.
[2017.04.28-23.57.30:281][  0]LogLinker:Warning: Asset 'E:/New folder/comp140-gam160-game/comp140game/Content/FirstPersonBP/Blueprints/AISpawner.uasset' has been saved with empty engine version. The asset will be loaded but may be incompatible.
[2017.04.28-23.57.30:353][  0]LogLinker:Warning: Asset 'E:/New folder/comp140-gam160-game/comp140game/Content/FirstPersonBP/Blueprints/FirstPersonProjectile.uasset' has been saved with empty engine version. The asset will be loaded but may be incompatible.
[2017.04.28-23.57.30:399][  0]LogLinker:Warning: Can't find file '/Script/comp140game'
[2017.04.28-23.57.30:399][  0]LogLinker:Warning: Can't find file for asset '/Script/comp140game' while loading E:/New folder/comp140-gam160-game/comp140game/Content/UI/password_ui.uasset.
[2017.04.28-23.57.30:399][  0]LoadErrors:Error: Error /Game/UI/password_ui : Can't find file for asset. /Script/comp140game
[2017.04.28-23.57.30:578][  0]LogLinker:Warning: Can't find file '/Script/comp140game'
[2017.04.28-23.57.30:578][  0]LogLinker:Warning: Can't find file for asset '/Script/comp140game' while loading E:/New folder/comp140-gam160-game/comp140game/Content/FirstPersonBP/Blueprints/FirstPersonGameMode.uasset.
[2017.04.28-23.57.30:578][  0]LoadErrors:Error: Error /Game/FirstPersonBP/Blueprints/FirstPersonGameMode : Can't find file for asset. /Script/comp140game
[2017.04.28-23.57.30:579][  0]LogLinker:Warning: Can't find file '/Script/comp140game'
[2017.04.28-23.57.30:579][  0]LogLinker:Warning: Can't find file for asset '/Script/comp140game' while loading E:/New folder/comp140-gam160-game/comp140game/Content/FirstPersonBP/Blueprints/FirstPersonGameMode.uasset.
[2017.04.28-23.57.30:579][  0]LoadErrors:Error: Error /Game/FirstPersonBP/Blueprints/FirstPersonGameMode : Can't find file for asset. /Script/comp140game
[2017.04.28-23.57.30:584][  0]LogLinker:Warning: Can't find file '/Script/comp140game'
[2017.04.28-23.57.30:584][  0]LogLinker:Warning: Can't find file for asset '/Script/comp140game' while loading E:/New folder/comp140-gam160-game/comp140game/Content/FirstPersonBP/Blueprints/FirstPersonGameMode.uasset.
[2017.04.28-23.57.30:584][  0]LoadErrors:Error: Error /Game/FirstPersonBP/Blueprints/FirstPersonGameMode : Can't find file for asset. /Script/comp140game
[2017.04.28-23.57.30:586][  0]LogLinker:Warning: Can't find file '/Script/comp140game'
[2017.04.28-23.57.30:586][  0]LoadErrors: Info Failed to load /Script/comp140game.ControllerActor Referenced by FirstPersonCharacter
[2017.04.28-23.57.30:586][  0]LogLinker:Warning: Can't find file for asset '/Script/comp140game' while loading E:/New folder/comp140-gam160-game/comp140game/Content/FirstPersonBP/Blueprints/FirstPersonGameMode.uasset.
[2017.04.28-23.57.30:586][  0]LoadErrors: Info Failed to load /Script/comp140game.ControllerActor Referenced by FirstPersonCharacter
[2017.04.28-23.57.30:586][  0]LoadErrors:Error: Error /Game/FirstPersonBP/Blueprints/FirstPersonGameMode : Can't find file for asset. /Script/comp140game
[2017.04.28-23.57.30:611][  0]LogLinker:Warning: Can't find file '/Script/comp140game'
[2017.04.28-23.57.30:611][  0]LoadErrors: Info Failed to load /Script/comp140game.ControllerActor Referenced by EdGraphPin_684
[2017.04.28-23.57.30:611][  0]LogLinker:Warning: Can't find file for asset '/Script/comp140game' while loading E:/New folder/comp140-gam160-game/comp140game/Content/FirstPersonBP/Blueprints/FirstPersonGameMode.uasset.
[2017.04.28-23.57.30:611][  0]LoadErrors: Info Failed to load /Script/comp140game.ControllerActor Referenced by EdGraphPin_684
[2017.04.28-23.57.30:611][  0]LoadErrors:Error: Error /Game/FirstPersonBP/Blueprints/FirstPersonGameMode : Can't find file for asset. /Script/comp140game
[2017.04.28-23.57.30:611][  0]LogLinker:Warning: Can't find file '/Script/comp140game'
[2017.04.28-23.57.30:611][  0]LoadErrors: Info Failed to load /Script/comp140game.ControllerActor Referenced by K2Node_VariableGet_1702
[2017.04.28-23.57.30:611][  0]LogLinker:Warning: Can't find file for asset '/Script/comp140game' while loading E:/New folder/comp140-gam160-game/comp140game/Content/FirstPersonBP/Blueprints/FirstPersonGameMode.uasset.
[2017.04.28-23.57.30:612][  0]LoadErrors: Info Failed to load /Script/comp140game.ControllerActor Referenced by K2Node_VariableGet_1702
[2017.04.28-23.57.30:612][  0]LoadErrors:Error: Error /Game/FirstPersonBP/Blueprints/FirstPersonGameMode : Can't find file for asset. /Script/comp140game
[2017.04.28-23.57.30:612][  0]LogLinker:Warning: Can't find file '/Script/comp140game'
[2017.04.28-23.57.30:612][  0]LoadErrors: Info Failed to load /Script/comp140game.ControllerActor Referenced by EdGraphPin_1662
[2017.04.28-23.57.30:612][  0]LogLinker:Warning: Can't find file for asset '/Script/comp140game' while loading E:/New folder/comp140-gam160-game/comp140game/Content/FirstPersonBP/Blueprints/FirstPersonGameMode.uasset.
[2017.04.28-23.57.30:612][  0]LoadErrors: Info Failed to load /Script/comp140game.ControllerActor Referenced by EdGraphPin_1662
[2017.04.28-23.57.30:612][  0]LoadErrors:Error: Error /Game/FirstPersonBP/Blueprints/FirstPersonGameMode : Can't find file for asset. /Script/comp140game
[2017.04.28-23.57.30:672][  0]LogBlueprint:Warning: [FirstPersonCharacter] CreatePinForVariable: 'StickInput' variable not found. Base class was probably changed.
[2017.04.28-23.57.30:714][  0]LogBlueprint:Warning: Compiler Warning Could not find a variable named "StickInput" in 'FirstPersonCharacter'.
Make sure 'FirstPersonCharacter' has been compiled for  Get StickInput 
[2017.04.28-23.57.30:718][  0]LogBlueprint:Error: Compiler Error This blueprint (self) is not compatible with ' Target ', therefore that pin must have a connection.
[2017.04.28-23.57.30:721][  0]LogBlueprint:Error: Compiler Error The property associated with  Stick Input  could not be found
[2017.04.28-23.57.30:768][  0]LogBlueprint:Warning: Compiler Warning [0022.66] Compile of FirstPersonCharacter failed. 2 Fatal Issue(s) 1 Warning(s) [in 88 ms] (/Game/FirstPersonBP/Blueprints/FirstPersonCharacter.FirstPersonCharacter)
[2017.04.28-23.57.30:769][  0]LogBlueprint:Warning: Compiler Warning [0022.66] Compile of FirstPersonCharacter failed. 2 Fatal Issue(s) 2 Warning(s) [in 1 ms] (/Game/FirstPersonBP/Blueprints/FirstPersonCharacter.FirstPersonCharacter)
[2017.04.28-23.57.30:769][  0]LogBlueprint:Warning: Compiler Warning [0022.66] Compile of FirstPersonCharacter failed. 2 Fatal Issue(s) 3 Warning(s) [in 0 ms] (/Game/FirstPersonBP/Blueprints/FirstPersonCharacter.FirstPersonCharacter)
[2017.04.28-23.57.30:906][  0]LogBlueprint:Warning: Compiler Warning Could not find a variable named "StickInput" in 'FirstPersonCharacter'.
Make sure 'FirstPersonCharacter' has been compiled for  Get StickInput 
[2017.04.28-23.57.30:909][  0]LogBlueprint:Error: Compiler Error This blueprint (self) is not compatible with ' Target ', therefore that pin must have a connection.
[2017.04.28-23.57.30:913][  0]LogBlueprint:Error: Compiler Error The property associated with  Stick Input  could not be found
[2017.04.28-23.57.30:956][  0]LogBlueprint:Warning: Compiler Warning [0022.85] Compile of FirstPersonCharacter failed. 2 Fatal Issue(s) 1 Warning(s) [in 84 ms] (/Game/FirstPersonBP/Blueprints/FirstPersonCharacter.FirstPersonCharacter)
[2017.04.28-23.57.30:956][  0]LogBlueprint:Warning: Compiler Warning [0022.85] Compile of FirstPersonCharacter failed. 2 Fatal Issue(s) 2 Warning(s) [in 0 ms] (/Game/FirstPersonBP/Blueprints/FirstPersonCharacter.FirstPersonCharacter)
[2017.04.28-23.57.30:957][  0]LogBlueprint:Warning: Compiler Warning [0022.85] Compile of FirstPersonCharacter failed. 2 Fatal Issue(s) 3 Warning(s) [in 1 ms] (/Game/FirstPersonBP/Blueprints/FirstPersonCharacter.FirstPersonCharacter)
[2017.04.28-23.57.30:968][  0]LogLinker:Warning: Can't find file '/Script/comp140game'
[2017.04.28-23.57.30:968][  0]LogLinker:Warning: Can't find file for asset '/Script/comp140game' while loading E:/New folder/comp140-gam160-game/comp140game/Content/FirstPersonBP/Blueprints/FirstPersonCharacter.uasset.
[2017.04.28-23.57.30:968][  0]LoadErrors:Error: Error /Game/FirstPersonBP/Blueprints/FirstPersonCharacter : Can't find file for asset. /Script/comp140game
[2017.04.28-23.57.30:976][  0]LogLinker:Warning: Can't find file '/Script/comp140game'
[2017.04.28-23.57.30:976][  0]LogLinker:Warning: Can't find file for asset '/Script/comp140game' while loading E:/New folder/comp140-gam160-game/comp140game/Content/FirstPersonBP/Blueprints/FirstPersonCharacter.uasset.
[2017.04.28-23.57.30:976][  0]LoadErrors:Error: Error /Game/FirstPersonBP/Blueprints/FirstPersonCharacter : Can't find file for asset. /Script/comp140game
[2017.04.28-23.57.31:107][  0]LogLinker:Warning: Can't find file '/Script/comp140game'
[2017.04.28-23.57.31:107][  0]LogLinker:Warning: Can't find file for asset '/Script/comp140game' while loading E:/New folder/comp140-gam160-game/comp140game/Content/FirstPersonBP/Maps/FirstPersonExampleMap.umap.
[2017.04.28-23.57.31:107][  0]LoadErrors:Error: Error /Game/FirstPersonBP/Maps/FirstPersonExampleMap : Can't find file for asset. /Script/comp140game
[2017.04.28-23.57.31:115][  0]LogLinker:Warning: Can't find file '/Script/comp140game'
[2017.04.28-23.57.31:115][  0]LogLinker:Warning: Can't find file for asset '/Script/comp140game' while loading E:/New folder/comp140-gam160-game/comp140game/Content/FirstPersonBP/Maps/FirstPersonExampleMap.umap.
[2017.04.28-23.57.31:115][  0]LoadErrors:Error: Error /Game/FirstPersonBP/Maps/FirstPersonExampleMap : Can't find file for asset. /Script/comp140game
[2017.04.28-23.57.31:117][  0]LogLinker:Warning: Can't find file '/Script/comp140game'
[2017.04.28-23.57.31:117][  0]LogLinker:Warning: Can't find file for asset '/Script/comp140game' while loading NULL.
[2017.04.28-23.57.31:117][  0]LogLinker:Warning: Can't find file '/Script/comp140game'
[2017.04.28-23.57.31:117][  0]LogLinker:Warning: Can't find file for asset '/Script/comp140game' while loading NULL.
[2017.04.28-23.57.31:124][  0]LogLinker:Warning: Can't find file '/Script/comp140game'
[2017.04.28-23.57.31:124][  0]LogLinker:Warning: Can't find file for asset '/Script/comp140game' while loading NULL.
[2017.04.28-23.57.31:124][  0]LogLinker:Warning: Can't find file '/Script/comp140game'
[2017.04.28-23.57.31:124][  0]LogLinker:Warning: Can't find file for asset '/Script/comp140game' while loading NULL.
[2017.04.28-23.57.31:162][  0]LogLinker:Warning: Can't find file '/Script/comp140game'
[2017.04.28-23.57.31:162][  0]LogLinker:Warning: Can't find file for asset '/Script/comp140game' while loading NULL.
[2017.04.28-23.57.31:162][  0]LogLinker:Warning: Can't find file '/Script/comp140game'
[2017.04.28-23.57.31:162][  0]LoadErrors: Info Failed to load /Script/comp140game.ControllerActor Referenced by FirstPersonCharacter_C_1
[2017.04.28-23.57.31:162][  0]LogLinker:Warning: Can't find file for asset '/Script/comp140game' while loading NULL.
[2017.04.28-23.57.31:162][  0]LoadErrors: Info Failed to load /Script/comp140game.ControllerActor Referenced by FirstPersonCharacter_C_1
[2017.04.28-23.57.31:163][  0]LogLinker:Warning: Can't find file '/Script/comp140game'
[2017.04.28-23.57.31:163][  0]LogLinker:Warning: Can't find file for asset '/Script/comp140game' while loading NULL.
[2017.04.28-23.57.31:163][  0]LogLinker:Warning: Can't find file '/Script/comp140game'
[2017.04.28-23.57.31:163][  0]LoadErrors: Info Failed to load /Script/comp140game.ControllerActor Referenced by PersistentLevel
[2017.04.28-23.57.31:163][  0]LogLinker:Warning: Can't find file for asset '/Script/comp140game' while loading NULL.
[2017.04.28-23.57.31:163][  0]LoadErrors: Info Failed to load /Script/comp140game.ControllerActor Referenced by PersistentLevel
[2017.04.28-23.57.31:579][  0]LogAIModule: Creating AISystem for world FirstPersonExampleMap
[2017.04.28-23.57.31:595][  0]LogEditorServer: Finished looking for orphan Actors (0.000 secs)
[2017.04.28-23.57.31:596][  0]Cmd: MAP CHECKDEP NOCLEARLOG
[2017.04.28-23.57.31:669][  0]MapCheck: Info Map check complete: 0 Error(s), 0 Warning(s), took 72.951ms to complete.
[2017.04.28-23.57.31:669][  0]LogFileHelpers: Loading map 'FirstPersonExampleMap' took 1.854
[2017.04.28-23.57.31:841][  0]LogCollectionManager: Loaded 0 collections in 0.004498 seconds
[2017.04.28-23.57.31:884][  0]LogFileCache: Scanning file cache for directory 'E:/New folder/comp140-gam160-game/comp140game/Saved/Collections/' took 0.01s
[2017.04.28-23.57.31:884][  0]LogFileCache: Scanning file cache for directory 'E:/New folder/comp140-gam160-game/comp140game/Content/Developers/Jack/Collections/' took 0.00s
[2017.04.28-23.57.31:884][  0]LogFileCache: Scanning file cache for directory 'E:/New folder/comp140-gam160-game/comp140game/Content/Collections/' took 0.01s
[2017.04.28-23.57.31:884][  0]LogCollectionManager: Rebuilt the GUID cache for 0 collections in 0.000004 seconds
[2017.04.28-23.57.31:897][  0]LogContentBrowser: Native class hierarchy populated in 0.0135 seconds. Added 2047 classes and 369 folders.
[2017.04.28-23.57.31:903][  0]LogStats: UGameplayTagsManager::ConstructGameplayTagTree: Construct from data asset -  0.000 s
[2017.04.28-23.57.31:904][  0]LogStats: UGameplayTagsManager::ConstructGameplayTagTree: GameplayTagTreeChangedEvent.Broadcast -  0.000 s
[2017.04.28-23.57.31:905][  0]LogContentBrowser: Native class hierarchy updated for 'GameplayTags' in 0.0015 seconds. Added 12 classes and 0 folders.
[2017.04.28-23.57.31:915][  0]LogContentBrowser: Native class hierarchy updated for 'WidgetCarousel' in 0.0014 seconds. Added 0 classes and 0 folders.
[2017.04.28-23.57.31:977][  0]LogContentBrowser: Native class hierarchy updated for 'AddContentDialog' in 0.0015 seconds. Added 0 classes and 0 folders.
[2017.04.28-23.57.31:985][  0]LogContentBrowser: Native class hierarchy updated for 'SceneOutliner' in 0.0014 seconds. Added 1 classes and 2 folders.
[2017.04.28-23.57.32:003][  0]LogCrashTracker: Crashtracker disabled due to settings.
[2017.04.28-23.57.32:014][  0]LogUObjectGlobals:Warning: Failed to find object 'Class None.'
[2017.04.28-23.57.32:044][  0]LogContentBrowser: Native class hierarchy updated for 'HierarchicalLODOutliner' in 0.0015 seconds. Added 1 classes and 2 folders.
[2017.04.28-23.57.32:044][  0]LogLoad: Full Startup: 23.94 seconds (BP compile: 0.46 seconds)
[2017.04.28-23.57.32:044][  0]LogExternalProfiler: Found external profiler: VSPerf
[2017.04.28-23.57.32:044][  0]LogExternalProfiler: Using external profiler: VSPerf
[2017.04.28-23.57.32:054][  0]LogWindowsTextInputMethodSystem:Display: IME system now deactivated.
[2017.04.28-23.57.32:056][  0]LogOcInput: OculusInput pre-init called
[2017.04.28-23.57.32:078][  0]LogContentStreaming: Texture pool size now 700 MB
[2017.04.28-23.57.32:320][  0]LogRenderer: Reallocating scene render targets to support 1208x568 (Frame:2).
[2017.04.28-23.57.32:484][  1]LogAssetRegistry: Asset discovery search completed in 13.6823 seconds
[2017.04.28-23.57.32:485][  1]LogCollectionManager: Rebuilt the object cache for 0 collections in 0.000001 seconds (found 0 objects)
[2017.04.28-23.57.32:485][  1]LogCollectionManager: Fixed up redirectors for 0 collections in 0.000043 seconds (updated 0 objects)
[2017.04.28-23.57.37:454][407]LogWindowsTextInputMethodSystem:Display: IME system now deactivated.
[2017.04.28-23.57.37:698][408]Cmd: QUIT_EDITOR
[2017.04.28-23.57.37:828][408]LogExit: Preparing to exit.
[2017.04.28-23.57.38:601][408]LogExit: Editor shut down
[2017.04.28-23.57.38:602][408]LogExit: Transaction tracking system shut down
[2017.04.28-23.57.38:741][408]LogObj: Freed 0b from 0 cluster array pools.
[2017.04.28-23.57.38:742][408]LogExit: Object subsystem successfully closed.
[2017.04.28-23.57.38:758][408]LogD3D11RHI: Shutdown
[2017.04.28-23.57.38:758][408]LogD3D11RHI: CleanupD3DDevice
[2017.04.28-23.57.38:872][408]LogD3D11RHI: ~FD3D11DynamicRHI
[2017.04.28-23.57.38:891][408]LogModuleManager: Shutting down and abandoning module HierarchicalLODOutliner (213)
[2017.04.28-23.57.38:891][408]LogModuleManager: Shutting down and abandoning module CrashTracker (212)
[2017.04.28-23.57.38:891][408]LogModuleManager: Shutting down and abandoning module SceneOutliner (211)
[2017.04.28-23.57.38:891][408]LogModuleManager: Shutting down and abandoning module WidgetCarousel (210)
[2017.04.28-23.57.38:891][408]LogModuleManager: Shutting down and abandoning module AddContentDialog (209)
[2017.04.28-23.57.38:893][408]LogModuleManager: Shutting down and abandoning module GameplayTags (208)
[2017.04.28-23.57.38:893][408]LogModuleManager: Shutting down and abandoning module EditorWidgets (207)
[2017.04.28-23.57.38:893][408]LogModuleManager: Shutting down and abandoning module CollectionManager (206)
[2017.04.28-23.57.38:894][408]LogModuleManager: Shutting down and abandoning module StatsViewer (205)
[2017.04.28-23.57.38:894][408]LogModuleManager: Shutting down and abandoning module FoliageEdit (204)
[2017.04.28-23.57.38:894][408]LogModuleManager: Shutting down and abandoning module LandscapeEditor (203)
[2017.04.28-23.57.38:894][408]LogModuleManager: Shutting down and abandoning module SceneDepthPickerMode (202)
[2017.04.28-23.57.38:894][408]LogModuleManager: Shutting down and abandoning module ActorPickerMode (201)
[2017.04.28-23.57.38:894][408]LogModuleManager: Shutting down and abandoning module GeometryMode (200)
[2017.04.28-23.57.38:894][408]LogModuleManager: Shutting down and abandoning module TextureAlignMode (199)
[2017.04.28-23.57.38:894][408]LogModuleManager: Shutting down and abandoning module BspMode (198)
[2017.04.28-23.57.38:895][408]LogModuleManager: Shutting down and abandoning module HardwareSurvey (197)
[2017.04.28-23.57.38:895][408]LogModuleManager: Shutting down and abandoning module SequenceRecorderSections (196)
[2017.04.28-23.57.38:895][408]LogModuleManager: Shutting down and abandoning module SequenceRecorder (195)
[2017.04.28-23.57.38:895][408]LogModuleManager: Shutting down and abandoning module AutomationWorker (194)
[2017.04.28-23.57.38:895][408]LogModuleManager: Shutting down and abandoning module MatineeToLevelSequence (193)
[2017.04.28-23.57.38:895][408]LogModuleManager: Shutting down and abandoning module PlacementMode (192)
[2017.04.28-23.57.38:895][408]LogModuleManager: Shutting down and abandoning module LevelSequenceEditor (191)
[2017.04.28-23.57.38:895][408]LogModuleManager: Shutting down and abandoning module CharacterAI (190)
[2017.04.28-23.57.38:895][408]LogModuleManager: Shutting down and abandoning module SmartSnapping (189)
[2017.04.28-23.57.38:895][408]LogModuleManager: Shutting down and abandoning module SessionServices (188)
[2017.04.28-23.57.38:895][408]LogModuleManager: Shutting down and abandoning module ViewportSnapping (187)
[2017.04.28-23.57.38:895][408]LogModuleManager: Shutting down and abandoning module LogVisualizer (186)
[2017.04.28-23.57.38:895][408]LogModuleManager: Shutting down and abandoning module GameProjectGeneration (185)
[2017.04.28-23.57.38:895][408]LogModuleManager: Shutting down and abandoning module IntroTutorials (184)
[2017.04.28-23.57.38:895][408]LogModuleManager: Shutting down and abandoning module EditorLiveStreaming (183)
[2017.04.28-23.57.38:895][408]LogModuleManager: Shutting down and abandoning module IOSPlatformEditor (182)
[2017.04.28-23.57.38:895][408]LogModuleManager: Shutting down and abandoning module HTML5PlatformEditor (181)
[2017.04.28-23.57.38:895][408]LogModuleManager: Shutting down and abandoning module AndroidDeviceDetection (180)
[2017.04.28-23.57.39:428][408]LogModuleManager: Shutting down and abandoning module AndroidPlatformEditor (179)
[2017.04.28-23.57.39:428][408]LogModuleManager: Shutting down and abandoning module IOSRuntimeSettings (178)
[2017.04.28-23.57.39:428][408]LogModuleManager: Shutting down and abandoning module AndroidRuntimeSettings (177)
[2017.04.28-23.57.39:428][408]LogModuleManager: Shutting down and abandoning module MergeActors (176)
[2017.04.28-23.57.39:428][408]LogModuleManager: Shutting down and abandoning module SizeMap (175)
[2017.04.28-23.57.39:428][408]LogModuleManager: Shutting down and abandoning module TreeMap (174)
[2017.04.28-23.57.39:428][408]LogModuleManager: Shutting down and abandoning module ReferenceViewer (173)
[2017.04.28-23.57.39:428][408]LogModuleManager: Shutting down and abandoning module LocalizationService (172)
[2017.04.28-23.57.39:428][408]LogModuleManager: Shutting down and abandoning module LocalizationDashboard (171)
[2017.04.28-23.57.39:428][408]LogModuleManager: Shutting down and abandoning module HardwareTargeting (170)
[2017.04.28-23.57.39:428][408]LogModuleManager: Shutting down and abandoning module DeviceProfileEditor (169)
[2017.04.28-23.57.39:428][408]LogModuleManager: Shutting down and abandoning module UndoHistory (168)
[2017.04.28-23.57.39:428][408]LogModuleManager: Shutting down and abandoning module UserFeedback (167)
[2017.04.28-23.57.39:428][408]LogModuleManager: Shutting down and abandoning module XmlParser (166)
[2017.04.28-23.57.39:428][408]LogModuleManager: Shutting down and abandoning module Blutility (165)
[2017.04.28-23.57.39:428][408]LogModuleManager: Shutting down and abandoning module ProjectTargetPlatformEditor (164)
[2017.04.28-23.57.39:429][408]LogModuleManager: Shutting down and abandoning module ProjectSettingsViewer (163)
[2017.04.28-23.57.39:429][408]LogModuleManager: Shutting down and abandoning module InputBindingEditor (162)
[2017.04.28-23.57.39:429][408]LogModuleManager: Shutting down and abandoning module EditorSettingsViewer (161)
[2017.04.28-23.57.39:429][408]LogModuleManager: Shutting down and abandoning module SettingsEditor (160)
[2017.04.28-23.57.39:429][408]LogModuleManager: Shutting down and abandoning module ProjectLauncher (159)
[2017.04.28-23.57.39:429][408]LogModuleManager: Shutting down and abandoning module SessionFrontend (158)
[2017.04.28-23.57.39:429][408]LogModuleManager: Shutting down and abandoning module ProfilerClient (157)
[2017.04.28-23.57.39:429][408]LogModuleManager: Shutting down and abandoning module TargetDeviceServices (156)
[2017.04.28-23.57.39:429][408]LogModuleManager: Shutting down and abandoning module DeviceManager (155)
[2017.04.28-23.57.39:473][408]LogModuleManager: Shutting down and abandoning module AutomationController (154)
[2017.04.28-23.57.39:473][408]LogModuleManager: Shutting down and abandoning module AutomationWindow (153)
[2017.04.28-23.57.39:473][408]LogModuleManager: Shutting down and abandoning module Layers (152)
[2017.04.28-23.57.39:473][408]LogModuleManager: Shutting down and abandoning module ComponentVisualizers (151)
[2017.04.28-23.57.39:473][408]LogModuleManager: Shutting down and abandoning module DetailCustomizations (150)
[2017.04.28-23.57.39:473][408]LogModuleManager: Shutting down and abandoning module PackagesDialog (149)
[2017.04.28-23.57.39:473][408]LogModuleManager: Shutting down and abandoning module Persona (148)
[2017.04.28-23.57.39:473][408]LogModuleManager: Shutting down and abandoning module Kismet (147)
[2017.04.28-23.57.39:473][408]LogModuleManager: Shutting down and abandoning module GraphEditor (146)
[2017.04.28-23.57.39:473][408]LogModuleManager: Shutting down and abandoning module ClassViewer (145)
[2017.04.28-23.57.39:473][408]LogModuleManager: Shutting down and abandoning module Toolbox (144)
[2017.04.28-23.57.39:473][408]LogModuleManager: Shutting down and abandoning module ModuleUI (143)
[2017.04.28-23.57.39:473][408]LogModuleManager: Shutting down and abandoning module MovieSceneTools (142)
[2017.04.28-23.57.39:473][408]LogModuleManager: Shutting down and abandoning module OutputLog (141)
[2017.04.28-23.57.39:473][408]LogModuleManager: Shutting down and abandoning module GammaUI (140)
[2017.04.28-23.57.39:473][408]LogModuleManager: Shutting down and abandoning module Documentation (139)
[2017.04.28-23.57.39:473][408]LogModuleManager: Shutting down and abandoning module StreamingPauseRendering (138)
[2017.04.28-23.57.39:473][408]LogModuleManager: Shutting down and abandoning module AnalyticsET (137)
[2017.04.28-23.57.39:473][408]LogModuleManager: Shutting down and abandoning module Analytics (136)
[2017.04.28-23.57.39:473][408]LogModuleManager: Shutting down and abandoning module PortalServices (135)
[2017.04.28-23.57.39:473][408]LogModuleManager: Shutting down and abandoning module PortalRpc (134)
[2017.04.28-23.57.39:473][408]LogModuleManager: Shutting down and abandoning module MessagingRpc (133)
[2017.04.28-23.57.39:473][408]LogModuleManager: Shutting down and abandoning module GameplayDebugger (132)
[2017.04.28-23.57.39:473][408]LogModuleManager: Shutting down and abandoning module AITestSuite (131)
[2017.04.28-23.57.39:473][408]LogModuleManager: Shutting down and abandoning module AIModule (130)
[2017.04.28-23.57.39:473][408]LogModuleManager: Shutting down and abandoning module ProfilerService (129)
[2017.04.28-23.57.39:498][408]LogModuleManager: Shutting down and abandoning module TaskGraph (128)
[2017.04.28-23.57.39:498][408]LogModuleManager: Shutting down and abandoning module SlateRemote (127)
[2017.04.28-23.57.39:498][408]LogModuleManager: Shutting down and abandoning module SteamVRController (126)
[2017.04.28-23.57.39:498][408]LogModuleManager: Shutting down and abandoning module SteamVR (125)
[2017.04.28-23.57.39:498][408]LogModuleManager: Shutting down and abandoning module ProceduralMeshComponent (124)
[2017.04.28-23.57.39:498][408]LogModuleManager: Shutting down and abandoning module OculusLibrary (123)
[2017.04.28-23.57.39:498][408]LogModuleManager: Shutting down and abandoning module OculusInput (122)
[2017.04.28-23.57.39:498][408]LogModuleManager: Shutting down and abandoning module CustomMeshComponent (121)
[2017.04.28-23.57.39:498][408]LogModuleManager: Shutting down and abandoning module CableComponent (120)
[2017.04.28-23.57.39:498][408]LogModuleManager: Shutting down and abandoning module ArchVisCharacter (119)
[2017.04.28-23.57.39:498][408]LogModuleManager: Shutting down and abandoning module MediaPlayerEditor (118)
[2017.04.28-23.57.39:498][408]LogModuleManager: Shutting down and abandoning module HTML5Networking (117)
[2017.04.28-23.57.39:498][408]LogModuleManager: Shutting down and abandoning module SuperSearch (116)
[2017.04.28-23.57.39:498][408]LogModuleManager: Shutting down and abandoning module SuperSearchEditor (115)
[2017.04.28-23.57.39:499][408]LogModuleManager: Shutting down and abandoning module SpeedTreeImporter (114)
[2017.04.28-23.57.39:499][408]LogModuleManager: Shutting down and abandoning module PluginBrowser (113)
[2017.04.28-23.57.39:499][408]LogModuleManager: Shutting down and abandoning module EpicSurvey (112)
[2017.04.28-23.57.39:499][408]LogModuleManager: Shutting down and abandoning module DesktopPlatform (111)
[2017.04.28-23.57.39:499][408]LogModuleManager: Shutting down and abandoning module VisualStudioSourceCodeAccess (110)
[2017.04.28-23.57.39:499][408]LogModuleManager: Shutting down and abandoning module UObjectPlugin (109)
[2017.04.28-23.57.39:499][408]LogModuleManager: Shutting down and abandoning module SubversionSourceControl (108)
[2017.04.28-23.57.39:499][408]LogModuleManager: Shutting down and abandoning module PerforceSourceControl (107)
[2017.04.28-23.57.39:499][408]LogModuleManager: Shutting down and abandoning module SourceControl (106)
[2017.04.28-23.57.39:499][408]LogModuleManager: Shutting down and abandoning module GitSourceControl (105)
[2017.04.28-23.57.39:499][408]LogModuleManager: Shutting down and abandoning module LightPropagationVolumeEditor (104)
[2017.04.28-23.57.39:499][408]LogModuleManager: Shutting down and abandoning module PaperTiledImporter (103)
[2017.04.28-23.57.39:499][408]LogModuleManager: Shutting down and abandoning module PaperSpriteSheetImporter (102)
[2017.04.28-23.57.39:499][408]LogModuleManager: Shutting down and abandoning module MeshPaint (101)
[2017.04.28-23.57.39:499][408]LogModuleManager: Shutting down and abandoning module PixelInspectorModule (100)
[2017.04.28-23.57.39:499][408]LogModuleManager: Shutting down and abandoning module HotReload (99)
[2017.04.28-23.57.39:500][408]LogModuleManager: Shutting down and abandoning module MainFrame (98)
[2017.04.28-23.57.39:500][408]LogModuleManager: Shutting down and abandoning module LevelEditor (97)
[2017.04.28-23.57.39:501][408]LogModuleManager: Shutting down and abandoning module ContentBrowser (96)
[2017.04.28-23.57.39:501][408]LogModuleManager: Shutting down and abandoning module Paper2DEditor (95)
[2017.04.28-23.57.39:502][408]LogModuleManager: Shutting down and abandoning module UdpMessaging (94)
[2017.04.28-23.57.39:603][408]LogModuleManager: Shutting down and abandoning module LightPropagationVolumeRuntime (93)
[2017.04.28-23.57.39:603][408]LogModuleManager: Shutting down and abandoning module Paper2D (92)
[2017.04.28-23.57.39:603][408]LogModuleManager: Shutting down and abandoning module WindowsMoviePlayer (91)
[2017.04.28-23.57.39:603][408]LogModuleManager: Shutting down and abandoning module Media (90)
[2017.04.28-23.57.39:603][408]LogModuleManager: Shutting down and abandoning module WmfMedia (89)
[2017.04.28-23.57.39:603][408]LogModuleManager: Shutting down and abandoning module MediaAssets (88)
[2017.04.28-23.57.39:603][408]LogModuleManager: Shutting down and abandoning module GameLiveStreaming (87)
[2017.04.28-23.57.39:603][408]LogModuleManager: Shutting down and abandoning module GameplayTagsEditor (86)
[2017.04.28-23.57.39:603][408]LogModuleManager: Shutting down and abandoning module OnlineBlueprintSupport (85)
[2017.04.28-23.57.39:603][408]LogModuleManager: Shutting down and abandoning module VREditor (84)
[2017.04.28-23.57.39:603][408]LogModuleManager: Shutting down and abandoning module GameplayTasksEditor (83)
[2017.04.28-23.57.39:603][408]LogModuleManager: Shutting down and abandoning module PropertyEditor (82)
[2017.04.28-23.57.39:603][408]LogModuleManager: Shutting down and abandoning module BehaviorTreeEditor (81)
[2017.04.28-23.57.39:603][408]LogModuleManager: Shutting down and abandoning module FunctionalTesting (80)
[2017.04.28-23.57.39:603][408]LogModuleManager: Shutting down and abandoning module CollisionAnalyzer (79)
[2017.04.28-23.57.39:603][408]LogModuleManager: Shutting down and abandoning module Sequencer (78)
[2017.04.28-23.57.39:603][408]LogModuleManager: Shutting down and abandoning module WorkspaceMenuStructure (77)
[2017.04.28-23.57.39:603][408]LogModuleManager: Shutting down and abandoning module MessageLog (76)
[2017.04.28-23.57.39:603][408]LogModuleManager: Shutting down and abandoning module AssetTools (75)
[2017.04.28-23.57.39:603][408]LogModuleManager: Shutting down and abandoning module UMGEditor (74)
[2017.04.28-23.57.39:603][408]LogModuleManager: Shutting down and abandoning module UMG (73)
[2017.04.28-23.57.39:603][408]LogModuleManager: Shutting down and abandoning module SlateReflector (72)
[2017.04.28-23.57.39:603][408]LogModuleManager: Shutting down and abandoning module Slate (71)
[2017.04.28-23.57.39:603][408]LogModuleManager: Shutting down and abandoning module EditorStyle (70)
[2017.04.28-23.57.39:606][408]LogModuleManager: Shutting down and abandoning module SourceCodeAccess (69)
[2017.04.28-23.57.39:606][408]LogModuleManager: Shutting down and abandoning module HeadMountedDisplay (68)
[2017.04.28-23.57.39:606][408]LogModuleManager: Shutting down and abandoning module XAudio2 (67)
[2017.04.28-23.57.39:606][408]LogModuleManager: Shutting down and abandoning module Networking (65)
[2017.04.28-23.57.39:606][408]LogModuleManager: Shutting down and abandoning module Core (64)
[2017.04.28-23.57.39:606][408]LogModuleManager: Shutting down and abandoning module DirectoryWatcher (63)
[2017.04.28-23.57.39:607][408]LogModuleManager: Shutting down and abandoning module AssetRegistry (62)
[2017.04.28-23.57.39:885][408]LogModuleManager: Shutting down and abandoning module KismetCompiler (61)
[2017.04.28-23.57.39:885][408]LogModuleManager: Shutting down and abandoning module PhysXFormats (60)
[2017.04.28-23.57.39:885][408]LogModuleManager: Shutting down and abandoning module MeshUtilities (59)
[2017.04.28-23.57.39:885][408]LogModuleManager: Shutting down and abandoning module DerivedDataCache (58)
[2017.04.28-23.57.39:935][408]LogDerivedDataCache: Shutdown
[2017.04.28-23.57.39:935][408]LogModuleManager: Shutting down and abandoning module VulkanShaderFormat (57)
[2017.04.28-23.57.39:935][408]LogModuleManager: Shutting down and abandoning module ShaderFormatOpenGL (56)
[2017.04.28-23.57.39:935][408]LogModuleManager: Shutting down and abandoning module ShaderFormatD3D (55)
[2017.04.28-23.57.39:935][408]LogModuleManager: Shutting down and abandoning module MetalShaderFormat (54)
[2017.04.28-23.57.39:935][408]LogModuleManager: Shutting down and abandoning module TextureFormatUncompressed (53)
[2017.04.28-23.57.39:935][408]LogModuleManager: Shutting down and abandoning module TextureFormatPVR (52)
[2017.04.28-23.57.39:935][408]LogModuleManager: Shutting down and abandoning module TextureFormatIntelISPCTexComp (51)
[2017.04.28-23.57.39:935][408]LogModuleManager: Shutting down and abandoning module TextureFormatDXT (50)
[2017.04.28-23.57.39:935][408]LogModuleManager: Shutting down and abandoning module ImageWrapper (49)
[2017.04.28-23.57.39:935][408]LogModuleManager: Shutting down and abandoning module TextureFormatASTC (48)
[2017.04.28-23.57.39:935][408]LogModuleManager: Shutting down and abandoning module TextureFormatAndroid (47)
[2017.04.28-23.57.39:935][408]LogModuleManager: Shutting down and abandoning module AudioFormatOpus (46)
[2017.04.28-23.57.39:935][408]LogModuleManager: Shutting down and abandoning module AudioFormatOgg (45)
[2017.04.28-23.57.39:935][408]LogModuleManager: Shutting down and abandoning module AudioFormatADPCM (44)
[2017.04.28-23.57.39:935][408]LogModuleManager: Shutting down and abandoning module LinuxTargetPlatform (43)
[2017.04.28-23.57.39:935][408]LogModuleManager: Shutting down and abandoning module LinuxServerTargetPlatform (42)
[2017.04.28-23.57.39:935][408]LogModuleManager: Shutting down and abandoning module LinuxNoEditorTargetPlatform (41)
[2017.04.28-23.57.39:935][408]LogModuleManager: Shutting down and abandoning module TVOSTargetPlatform (40)
[2017.04.28-23.57.39:935][408]LogModuleManager: Shutting down and abandoning module Messaging (39)
[2017.04.28-23.57.39:935][408]LogModuleManager: Shutting down and abandoning module IOSTargetPlatform (38)
[2017.04.28-23.57.39:935][408]LogModuleManager: Shutting down and abandoning module HTML5TargetPlatform (37)
[2017.04.28-23.57.39:935][408]LogModuleManager: Shutting down and abandoning module Android_PVRTCTargetPlatform (36)
[2017.04.28-23.57.39:935][408]LogModuleManager: Shutting down and abandoning module Android_MultiTargetPlatform (35)
[2017.04.28-23.57.39:935][408]LogModuleManager: Shutting down and abandoning module Android_ETC2TargetPlatform (34)
[2017.04.28-23.57.39:935][408]LogModuleManager: Shutting down and abandoning module Android_ETC1TargetPlatform (33)
[2017.04.28-23.57.39:935][408]LogModuleManager: Shutting down and abandoning module Android_DXTTargetPlatform (32)
[2017.04.28-23.57.39:935][408]LogModuleManager: Shutting down and abandoning module Android_ATCTargetPlatform (31)
[2017.04.28-23.57.39:935][408]LogModuleManager: Shutting down and abandoning module Android_ASTCTargetPlatform (30)
[2017.04.28-23.57.39:935][408]LogModuleManager: Shutting down and abandoning module AndroidTargetPlatform (29)
[2017.04.28-23.57.39:935][408]LogModuleManager: Shutting down and abandoning module WindowsTargetPlatform (28)
[2017.04.28-23.57.39:935][408]LogModuleManager: Shutting down and abandoning module WindowsServerTargetPlatform (27)
[2017.04.28-23.57.39:935][408]LogModuleManager: Shutting down and abandoning module WindowsNoEditorTargetPlatform (26)
[2017.04.28-23.57.39:935][408]LogModuleManager: Shutting down and abandoning module WindowsClientTargetPlatform (25)
[2017.04.28-23.57.39:935][408]LogModuleManager: Shutting down and abandoning module AllDesktopTargetPlatform (24)
[2017.04.28-23.57.39:935][408]LogModuleManager: Shutting down and abandoning module TargetPlatform (23)
[2017.04.28-23.57.39:935][408]LogModuleManager: Shutting down and abandoning module InputCore (22)
[2017.04.28-23.57.39:935][408]LogModuleManager: Shutting down and abandoning module Settings (21)
[2017.04.28-23.57.39:935][408]LogModuleManager: Shutting down and abandoning module OnlineSubsystem (19)
[2017.04.28-23.57.39:935][408]LogModuleManager: Shutting down and abandoning module HTTP (18)
[2017.04.28-23.57.43:949][408]LogModuleManager: Shutting down and abandoning module XMPP (17)
[2017.04.28-23.57.43:949][408]LogModuleManager: Shutting down and abandoning module OculusRift (16)
[2017.04.28-23.57.43:949][408]LogModuleManager: Shutting down and abandoning module ExampleDeviceProfileSelector (15)
[2017.04.28-23.57.43:949][408]LogModuleManager: Shutting down and abandoning module TextureCompressor (14)
[2017.04.28-23.57.43:949][408]LogModuleManager: Shutting down and abandoning module ShaderCore (13)
[2017.04.28-23.57.43:949][408]LogModuleManager: Shutting down and abandoning module Landscape (12)
[2017.04.28-23.57.43:949][408]LogModuleManager: Shutting down and abandoning module SlateRHIRenderer (11)
[2017.04.28-23.57.43:951][408]LogModuleManager: Shutting down and abandoning module OpenGLDrv (10)
[2017.04.28-23.57.43:951][408]LogModuleManager: Shutting down and abandoning module D3D11RHI (9)
[2017.04.28-23.57.43:951][408]LogModuleManager: Shutting down and abandoning module AnimGraphRuntime (8)
[2017.04.28-23.57.43:951][408]LogModuleManager: Shutting down and abandoning module Renderer (7)
[2017.04.28-23.57.43:951][408]LogModuleManager: Shutting down and abandoning module Engine (6)
[2017.04.28-23.57.43:951][408]LogModuleManager: Shutting down and abandoning module CoreUObject (5)
[2017.04.28-23.57.43:951][408]LogModuleManager: Shutting down and abandoning module NetworkFile (4)
[2017.04.28-23.57.43:951][408]LogModuleManager: Shutting down and abandoning module StreamingFile (3)
[2017.04.28-23.57.43:951][408]LogModuleManager: Shutting down and abandoning module SandboxFile (2)
[2017.04.28-23.57.43:951][408]LogModuleManager: Shutting down and abandoning module PakFile (1)
[2017.04.28-23.57.43:953][408]LogExit: Exiting.
[2017.04.28-23.57.43:954][408]Log file closed, 04/29/17 00:57:43
