Log file open, 04/29/17 00:53:52
LogInit:Display: Running engine for game: comp140game
LogPlatformFile: Not using cached read wrapper
LogInit:Display: RandInit(-463703768) SRandInit(-463703747).
LogTaskGraph: Started task graph with 4 named threads and 6 total threads with 1 sets of task threads.
LogStats: Stats thread started at 0.126985
LogInit: Version: 4.12.5-3039270+++UE4+Release-4.12
LogInit: API Version: 2992821
LogInit: Net Version: 3039270
LogDevObjectVersion: Number of dev versions registered: 13
LogDevObjectVersion:   Dev-Blueprints (B0D832E4-1F89-4F0D-ACCF-7EB736FD4AA2): 3
LogDevObjectVersion:   Dev-Build (E1C64328-A22C-4D53-A36C-8E866417BD8C): 0
LogDevObjectVersion:   Dev-Core (375EC13C-06E4-48FB-B500-84F0262A717E): 1
LogDevObjectVersion:   Dev-Editor (E4B068ED-F494-42E9-A231-DA0B2E46BB41): 2
LogDevObjectVersion:   Dev-Framework (CFFC743F-43B0-4480-9391-14DF171D2073): 6
LogDevObjectVersion:   Dev-Mobile (B02B49B5-BB20-44E9-A304-32B752E40360): 0
LogDevObjectVersion:   Dev-Networking (A4E4105C-59A1-49B5-A7C5-40C4547EDFEE): 0
LogDevObjectVersion:   Dev-Online (39C831C9-5AE6-47DC-9A44-9C173E1C8E7C): 0
LogDevObjectVersion:   Dev-Physics (78F01B33-EBEA-4F98-B9B4-84EACCB95AA2): 0
LogDevObjectVersion:   Dev-Platform (6631380F-2D4D-43E0-8009-CF276956A95A): 0
LogDevObjectVersion:   Dev-Rendering (12F88B9F-8875-4AFC-A67C-D90C383ABD29): 2
LogDevObjectVersion:   Dev-Sequencer (7B5AE74C-D270-4C10-A958-57980B212A5A): 0
LogDevObjectVersion:   Dev-VR (D7296918-1DD6-4BDD-9DE2-64A83CC13884): 0
LogInit: Compiled (64-bit): Jul  6 2016 09:09:46
LogInit: Compiled with Visual C++: 19.00.23026.00
LogInit: Build Configuration: Development
LogInit: Branch Name: ++UE4+Release-4.12
LogInit: Command line:  
LogInit: Base directory: C:/Program Files (x86)/Epic Games/4.12/Engine/Binaries/Win64/
LogInit: Installed Engine Build: 1
LogInit: Using libcurl 7.41.0
LogInit:  - built for x86_64-pc-win32
LogInit:  - supports SSL with WinSSL
LogInit:  - other features:
LogInit:      CURL_VERSION_SSL
LogInit:      CURL_VERSION_IPV6
LogInit:      CURL_VERSION_ASYNCHDNS
LogInit:      CURL_VERSION_LARGEFILE
LogInit:      CURL_VERSION_IDN
LogInit:  CurlRequestOptions (configurable via config and command line):
LogInit:  - bVerifyPeer = true  - Libcurl will verify peer certificate
LogInit:  - bUseHttpProxy = false  - Libcurl will NOT use HTTP proxy
LogInit:  - bDontReuseConnections = false  - Libcurl will reuse connections
LogInit:  - CertBundlePath = nullptr  - Libcurl will use whatever was configured at build time.
LogInit: Presizing for max 8388607 objects, including 0 objects not considered by GC, pre-allocating 0 bytes for permanent pool.
LogInit: Object subsystem initialized
[2017.04.28-23.53.53:129][  0]LogInit: Selected Device Profile: [Windows]
[2017.04.28-23.53.53:130][  0]LogInit: Applying CVar settings loaded from the selected device profile: [Windows]
[2017.04.28-23.53.53:308][  0]LogInit: Computer: JACK-PC
[2017.04.28-23.53.53:308][  0]LogInit: User: Jack
[2017.04.28-23.53.53:308][  0]LogInit: CPU Page size=65536, Cores=3
[2017.04.28-23.53.53:308][  0]LogInit: High frequency timer resolution =14.318180 MHz
[2017.04.28-23.53.53:324][  0]LogMemory: Memory total: Physical=7.9GB (8GB approx)
[2017.04.28-23.53.53:324][  0]LogMemory: Platform Memory Stats for Windows
[2017.04.28-23.53.53:324][  0]LogMemory: Process Physical Memory: 190.20 MB used, 190.20 MB peak
[2017.04.28-23.53.53:324][  0]LogMemory: Process Virtual Memory: 195.11 MB used, 195.11 MB peak
[2017.04.28-23.53.53:324][  0]LogMemory: Physical Memory: 4272.95 MB used, 8105.09 MB total
[2017.04.28-23.53.53:324][  0]LogMemory: Virtual Memory: 553.36 MB used, 134217728.00 MB total
[2017.04.28-23.53.54:587][  0]LogTextLocalizationManager: No specific translations for ('en-GB') exist, so ('en') translations will be used.
[2017.04.28-23.53.55:668][  0]LogD3D11RHI: D3D11 adapters:
[2017.04.28-23.53.55:701][  0]LogD3D11RHI:    0. 'AMD Radeon HD 7800 Series' (Feature Level 11_0)
[2017.04.28-23.53.55:701][  0]LogD3D11RHI:       2029/0/4052 MB DedicatedVideo/DedicatedSystem/SharedSystem, Outputs:2, VendorId:0x1002
[2017.04.28-23.53.55:750][  0]LogD3D11RHI:    1. 'Microsoft Basic Render Driver' (Feature Level 11_0)
[2017.04.28-23.53.55:750][  0]LogD3D11RHI:       0/0/4052 MB DedicatedVideo/DedicatedSystem/SharedSystem, Outputs:0, VendorId:0x1414
[2017.04.28-23.53.55:750][  0]LogD3D11RHI: Chosen D3D11 Adapter: 0
[2017.04.28-23.53.55:793][  0]LogD3D11RHI: Creating new Direct3DDevice
[2017.04.28-23.53.55:794][  0]LogD3D11RHI:     GPU DeviceId: 0x679e (for the marketing name, search the web for "GPU Device Id")
[2017.04.28-23.53.55:794][  0]LogWindows: EnumDisplayDevices:
[2017.04.28-23.53.55:794][  0]LogWindows:    0. 'AMD Radeon HD 7800 Series' (P:1 D:1)
[2017.04.28-23.53.55:794][  0]LogWindows:    1. 'AMD Radeon HD 7800 Series' (P:0 D:1)
[2017.04.28-23.53.55:795][  0]LogWindows:    2. 'AMD Radeon HD 7800 Series' (P:0 D:0)
[2017.04.28-23.53.55:795][  0]LogWindows:    3. 'AMD Radeon HD 7800 Series' (P:0 D:0)
[2017.04.28-23.53.55:795][  0]LogWindows:    4. 'AMD Radeon HD 7800 Series' (P:0 D:0)
[2017.04.28-23.53.55:796][  0]LogWindows:    5. 'AMD Radeon HD 7800 Series' (P:0 D:0)
[2017.04.28-23.53.55:796][  0]LogWindows: DebugString: FoundDriverCount:6 
[2017.04.28-23.53.55:796][  0]LogD3D11RHI:     Adapter Name: AMD Radeon HD 7800 Series
[2017.04.28-23.53.55:796][  0]LogD3D11RHI:   Driver Version: Crimson ReLive 17.4.3 (internal:22.19.157.3, unified:22.19.157.3)
[2017.04.28-23.53.55:796][  0]LogD3D11RHI:      Driver Date: 4-10-2017
[2017.04.28-23.53.55:796][  0]LogRHI: Texture pool is 1361 MB (70% of 1945 MB)
[2017.04.28-23.53.55:813][  0]LogD3D11RHI: Async texture creation disabled: no driver support
[2017.04.28-23.53.56:167][  0]LogD3D11RHI: GPU Timing Frequency: 27.000000 (Debug: 2 1)
[2017.04.28-23.53.56:448][  0]LogShaderCompilers: Guid format shader working directory is -1 characters bigger than the processId version (E:/New folder/comp140-gam160-game/comp140game/Intermediate/Shaders/WorkingDirectory/10148/).
[2017.04.28-23.53.56:448][  0]LogShaderCompilers: Cleaned the shader compiler working directory 'C:/Users/Jack/AppData/Local/Temp/UnrealShaderWorkingDir/5493442443EA316EE73403976525F286/'.
[2017.04.28-23.53.56:448][  0]LogShaderCompilers:Display: Using Local Shader Compiler.
[2017.04.28-23.54.00:840][  0]LogTemp:Display: Loaded TP AllDesktopTargetPlatform
[2017.04.28-23.54.00:863][  0]LogTemp:Display: Loaded TP WindowsClientTargetPlatform
[2017.04.28-23.54.00:897][  0]LogTemp:Display: Loaded TP WindowsNoEditorTargetPlatform
[2017.04.28-23.54.00:939][  0]LogTemp:Display: Loaded TP WindowsServerTargetPlatform
[2017.04.28-23.54.01:019][  0]LogTemp:Display: Loaded TP WindowsTargetPlatform
[2017.04.28-23.54.01:052][  0]LogTemp:Display: Loaded TP AndroidTargetPlatform
[2017.04.28-23.54.01:072][  0]LogTemp:Display: Loaded TP Android_ASTCTargetPlatform
[2017.04.28-23.54.01:098][  0]LogTemp:Display: Loaded TP Android_ATCTargetPlatform
[2017.04.28-23.54.01:159][  0]LogTemp:Display: Loaded TP Android_DXTTargetPlatform
[2017.04.28-23.54.01:223][  0]LogTemp:Display: Loaded TP Android_ETC1TargetPlatform
[2017.04.28-23.54.01:290][  0]LogTemp:Display: Loaded TP Android_ETC2TargetPlatform
[2017.04.28-23.54.01:377][  0]LogTemp:Display: Loaded TP Android_MultiTargetPlatform
[2017.04.28-23.54.01:377][  0]LogTemp:Display: Loaded TP Android_PVRTCTargetPlatform
[2017.04.28-23.54.01:399][  0]LogTemp:Display: Loaded TP HTML5TargetPlatform
[2017.04.28-23.54.01:515][  0]LogTemp:Display: Loaded TP IOSTargetPlatform
[2017.04.28-23.54.01:532][  0]LogTemp:Display: Loaded TP TVOSTargetPlatform
[2017.04.28-23.54.01:570][  0]LogTemp:Display: Loaded TP LinuxNoEditorTargetPlatform
[2017.04.28-23.54.01:605][  0]LogTemp:Display: Loaded TP LinuxServerTargetPlatform
[2017.04.28-23.54.01:672][  0]LogTemp:Display: Loaded TP LinuxTargetPlatform
[2017.04.28-23.54.01:672][  0]LogTargetPlatformManager:Display: Building Assets For Windows
[2017.04.28-23.54.02:811][  0]LogDerivedDataCache:Display: Max Cache Size: 512 MB
[2017.04.28-23.54.03:206][  0]LogDerivedDataCache: Loaded boot cache 0.39s 48MB C:/Users/Jack/AppData/Local/UnrealEngine/4.12/DerivedDataCache/Boot.ddc.
[2017.04.28-23.54.03:206][  0]LogDerivedDataCache:Display: Loaded Boot cache: C:/Users/Jack/AppData/Local/UnrealEngine/4.12/DerivedDataCache/Boot.ddc
[2017.04.28-23.54.03:207][  0]LogDerivedDataCache: FDerivedDataBackendGraph:  Pak pak cache file E:/New folder/comp140-gam160-game/comp140game/DerivedDataCache/DDC.ddp not found, will not use a pak cache.
[2017.04.28-23.54.03:207][  0]LogDerivedDataCache: Unable to find inner node Pak for hierarchical cache Hierarchy.
[2017.04.28-23.54.03:207][  0]LogDerivedDataCache: FDerivedDataBackendGraph:  CompressedPak pak cache file E:/New folder/comp140-gam160-game/comp140game/DerivedDataCache/Compressed.ddp not found, will not use a pak cache.
[2017.04.28-23.54.03:207][  0]LogDerivedDataCache: Unable to find inner node CompressedPak for hierarchical cache Hierarchy.
[2017.04.28-23.54.03:258][  0]LogDerivedDataCache:Display: Pak cache opened for reading ../../../Engine/DerivedDataCache/Compressed.ddp.
[2017.04.28-23.54.03:293][  0]LogDerivedDataCache: Using Local data cache path C:/Users/Jack/AppData/Local/UnrealEngine/Common/DerivedDataCache: Writable
[2017.04.28-23.54.09:910][  0]LogModuleManager:Warning: Found module file E:/New folder/comp140-gam160-game/comp140game/Binaries/Win64/UE4Editor-comp140game.dll (API version 0), but it was incompatible with the current engine API version (2992821). This is likely a stale module that must be recompiled.
[2017.04.28-23.54.12:102][  0]LogInit: Selected Device Profile: [Windows]
[2017.04.28-23.54.12:215][  0]LogContentStreaming: Texture pool size is 0.00 MB
[2017.04.28-23.54.15:148][  0]LogMeshUtilities: No automatic mesh reduction module available
[2017.04.28-23.54.15:148][  0]LogMeshUtilities: No automatic mesh merging module available
[2017.04.28-23.54.15:148][  0]LogMeshUtilities: No distributed automatic mesh merging module available
[2017.04.28-23.54.18:870][  0]LogAssetRegistry: FAssetRegistry took 0.0393 seconds to start up
[2017.04.28-23.54.19:290][  0]LogPackageLocalizationCache: Processed 3 localized package path(s) for 2 prioritized culture(s) in 0.311990 seconds
[2017.04.28-23.54.19:362][  0]LogUObjectArray: 28739 objects as part of root set at end of initial load.
[2017.04.28-23.54.19:362][  0]LogUObjectAllocator: 5855624 out of 0 bytes used by permanent object pool.
[2017.04.28-23.54.19:362][  0]LogUObjectArray: CloseDisregardForGC: 0/0 objects in disregard for GC pool
[2017.04.28-23.54.19:473][  0]LogInit: WinSock: version 1.1 (2.2), MaxSocks=32767, MaxUdp=65467
[2017.04.28-23.54.24:360][  0]LogSlate: SlateFontCache - WITH_FREETYPE: 1, WITH_HARFBUZZ: 1
[2017.04.28-23.54.24:361][  0]LogSlate: SlateFontCache - WITH_FREETYPE: 1, WITH_HARFBUZZ: 1
[2017.04.28-23.54.40:479][  0]LogUdpMessaging: Initializing bridge on interface 0.0.0.0:0 to multicast group 230.0.0.1:6666.
[2017.04.28-23.54.43:419][  0]SourceControl: Info Source control is disabled
[2017.04.28-23.54.43:762][  0]SourceControl: Info Source control is disabled
[2017.04.28-23.54.43:915][  0]SourceControl: Info Source control is disabled
[2017.04.28-23.54.43:987][  0]SourceControl: Info Source control is disabled
[2017.04.28-23.54.46:168][  0]LogEngine: Initializing Engine...
[2017.04.28-23.54.46:480][  0]LogHMD: SteamVR failed to initialize.  Err: 105
[2017.04.28-23.54.46:526][  0]LogHMD: SteamVR failed to initialize.  Err: 105
[2017.04.28-23.54.47:681][  0]LogAIModule: Creating AISystem for world NewWorld
[2017.04.28-23.54.47:959][  0]LogInit: XAudio2 using 'Speakers (Corsair HS40 USB Gaming Headset)' : 8 channels at 44.1 kHz using 16 bits per sample (channel mask 0x63f)
[2017.04.28-23.54.48:028][  0]LogInit: FAudioDevice initialized.
[2017.04.28-23.54.48:087][  0]LogDerivedDataCache: Saved boot cache 0.06s 48MB C:/Users/Jack/AppData/Local/UnrealEngine/4.12/DerivedDataCache/Boot.ddc.
[2017.04.28-23.54.48:100][  0]LogInit: Texture streaming: Enabled
[2017.04.28-23.54.48:486][  0]LogWindowsTextInputMethodSystem:Display: IME system now deactivated.
[2017.04.28-23.54.49:399][  0]LogInit: Transaction tracking system initialized
[2017.04.28-23.54.50:864][  0]BlueprintLog: New page: Editor Load
[2017.04.28-23.54.54:722][  0]LocalizationService: Info Localization service is disabled
[2017.04.28-23.54.58:877][  0]LogConsoleResponse:Display: 
[2017.04.28-23.55.05:107][  0]LogFileCache: Scanning file cache for directory 'E:/New folder/comp140-gam160-game/comp140game/Content/' took 0.02s
[2017.04.28-23.55.05:107][  0]LogCook:Display: Max memory allowance for cook 8192mb
[2017.04.28-23.55.05:110][  0]LogCook:Display: Mobile HDR setting 1
[2017.04.28-23.55.11:174][  0]SourceControl: Info Source control is disabled
[2017.04.28-23.55.11:526][  0]Cmd: MAP LOAD FILE="E:/New folder/comp140-gam160-game/comp140game/Content/FirstPersonBP/Maps/FirstPersonExampleMap.umap" TEMPLATE=0 SHOWPROGRESS=1 FEATURELEVEL=3
[2017.04.28-23.55.11:548][  0]LightingResults: New page: Lighting Build
[2017.04.28-23.55.12:103][  0]MapCheck: New page: Map Check
[2017.04.28-23.55.12:103][  0]LightingResults: New page: Lighting Build
[2017.04.28-23.55.15:124][  0]LogLinker:Warning: Asset 'E:/New folder/comp140-gam160-game/comp140game/Content/FirstPersonBP/Maps/FirstPersonExampleMap.umap' has been saved with empty engine version. The asset will be loaded but may be incompatible.
[2017.04.28-23.55.15:126][  0]LogLinker:Warning: Asset 'E:/New folder/comp140-gam160-game/comp140game/Content/FirstPersonBP/Blueprints/FirstPersonCharacter.uasset' has been saved with empty engine version. The asset will be loaded but may be incompatible.
[2017.04.28-23.55.17:173][  0]LogLinker:Warning: Can't find file '/Script/comp140game'
[2017.04.28-23.55.17:174][  0]LogLinker:Warning: Can't find file for asset '/Script/comp140game' while loading E:/New folder/comp140-gam160-game/comp140game/Content/FirstPersonBP/Blueprints/FirstPersonCharacter.uasset.
[2017.04.28-23.55.17:174][  0]LoadErrors:Error: Error /Game/FirstPersonBP/Blueprints/FirstPersonCharacter : Can't find file for asset. /Script/comp140game
[2017.04.28-23.55.17:174][  0]LogLinker:Warning: Asset 'E:/New folder/comp140-gam160-game/comp140game/Content/FirstPerson/AIClass.uasset' has been saved with empty engine version. The asset will be loaded but may be incompatible.
[2017.04.28-23.55.17:176][  0]LogLinker:Warning: Asset 'E:/New folder/comp140-gam160-game/comp140game/Content/FirstPersonBP/Blueprints/FirstPersonGameMode.uasset' has been saved with empty engine version. The asset will be loaded but may be incompatible.
[2017.04.28-23.55.17:441][  0]LogLinker:Warning: Asset 'E:/New folder/comp140-gam160-game/comp140game/Content/FirstPersonBP/Blueprints/AISpawner.uasset' has been saved with empty engine version. The asset will be loaded but may be incompatible.
[2017.04.28-23.55.17:903][  0]LogLinker:Warning: Asset 'E:/New folder/comp140-gam160-game/comp140game/Content/FirstPersonBP/Blueprints/FirstPersonProjectile.uasset' has been saved with empty engine version. The asset will be loaded but may be incompatible.
[2017.04.28-23.55.18:010][  0]LogLinker:Warning: Can't find file '/Script/comp140game'
[2017.04.28-23.55.18:010][  0]LogLinker:Warning: Can't find file for asset '/Script/comp140game' while loading E:/New folder/comp140-gam160-game/comp140game/Content/UI/password_ui.uasset.
[2017.04.28-23.55.18:010][  0]LoadErrors:Error: Error /Game/UI/password_ui : Can't find file for asset. /Script/comp140game
[2017.04.28-23.55.18:379][  0]LogLinker:Warning: Can't find file '/Script/comp140game'
[2017.04.28-23.55.18:379][  0]LogLinker:Warning: Can't find file for asset '/Script/comp140game' while loading E:/New folder/comp140-gam160-game/comp140game/Content/FirstPersonBP/Blueprints/FirstPersonGameMode.uasset.
[2017.04.28-23.55.18:379][  0]LoadErrors:Error: Error /Game/FirstPersonBP/Blueprints/FirstPersonGameMode : Can't find file for asset. /Script/comp140game
[2017.04.28-23.55.18:379][  0]LogLinker:Warning: Can't find file '/Script/comp140game'
[2017.04.28-23.55.18:379][  0]LogLinker:Warning: Can't find file for asset '/Script/comp140game' while loading E:/New folder/comp140-gam160-game/comp140game/Content/FirstPersonBP/Blueprints/FirstPersonGameMode.uasset.
[2017.04.28-23.55.18:379][  0]LoadErrors:Error: Error /Game/FirstPersonBP/Blueprints/FirstPersonGameMode : Can't find file for asset. /Script/comp140game
[2017.04.28-23.55.18:388][  0]LogLinker:Warning: Can't find file '/Script/comp140game'
[2017.04.28-23.55.18:388][  0]LogLinker:Warning: Can't find file for asset '/Script/comp140game' while loading E:/New folder/comp140-gam160-game/comp140game/Content/FirstPersonBP/Blueprints/FirstPersonGameMode.uasset.
[2017.04.28-23.55.18:388][  0]LoadErrors:Error: Error /Game/FirstPersonBP/Blueprints/FirstPersonGameMode : Can't find file for asset. /Script/comp140game
[2017.04.28-23.55.18:389][  0]LogLinker:Warning: Can't find file '/Script/comp140game'
[2017.04.28-23.55.18:389][  0]LoadErrors: Info Failed to load /Script/comp140game.ControllerActor Referenced by FirstPersonCharacter
[2017.04.28-23.55.18:389][  0]LogLinker:Warning: Can't find file for asset '/Script/comp140game' while loading E:/New folder/comp140-gam160-game/comp140game/Content/FirstPersonBP/Blueprints/FirstPersonGameMode.uasset.
[2017.04.28-23.55.18:389][  0]LoadErrors: Info Failed to load /Script/comp140game.ControllerActor Referenced by FirstPersonCharacter
[2017.04.28-23.55.18:389][  0]LoadErrors:Error: Error /Game/FirstPersonBP/Blueprints/FirstPersonGameMode : Can't find file for asset. /Script/comp140game
[2017.04.28-23.55.18:417][  0]LogLinker:Warning: Can't find file '/Script/comp140game'
[2017.04.28-23.55.18:417][  0]LoadErrors: Info Failed to load /Script/comp140game.ControllerActor Referenced by EdGraphPin_684
[2017.04.28-23.55.18:417][  0]LogLinker:Warning: Can't find file for asset '/Script/comp140game' while loading E:/New folder/comp140-gam160-game/comp140game/Content/FirstPersonBP/Blueprints/FirstPersonGameMode.uasset.
[2017.04.28-23.55.18:417][  0]LoadErrors: Info Failed to load /Script/comp140game.ControllerActor Referenced by EdGraphPin_684
[2017.04.28-23.55.18:417][  0]LoadErrors:Error: Error /Game/FirstPersonBP/Blueprints/FirstPersonGameMode : Can't find file for asset. /Script/comp140game
[2017.04.28-23.55.18:417][  0]LogLinker:Warning: Can't find file '/Script/comp140game'
[2017.04.28-23.55.18:417][  0]LoadErrors: Info Failed to load /Script/comp140game.ControllerActor Referenced by K2Node_VariableGet_1702
[2017.04.28-23.55.18:418][  0]LogLinker:Warning: Can't find file for asset '/Script/comp140game' while loading E:/New folder/comp140-gam160-game/comp140game/Content/FirstPersonBP/Blueprints/FirstPersonGameMode.uasset.
[2017.04.28-23.55.18:418][  0]LoadErrors: Info Failed to load /Script/comp140game.ControllerActor Referenced by K2Node_VariableGet_1702
[2017.04.28-23.55.18:418][  0]LoadErrors:Error: Error /Game/FirstPersonBP/Blueprints/FirstPersonGameMode : Can't find file for asset. /Script/comp140game
[2017.04.28-23.55.18:418][  0]LogLinker:Warning: Can't find file '/Script/comp140game'
[2017.04.28-23.55.18:418][  0]LoadErrors: Info Failed to load /Script/comp140game.ControllerActor Referenced by EdGraphPin_1662
[2017.04.28-23.55.18:418][  0]LogLinker:Warning: Can't find file for asset '/Script/comp140game' while loading E:/New folder/comp140-gam160-game/comp140game/Content/FirstPersonBP/Blueprints/FirstPersonGameMode.uasset.
[2017.04.28-23.55.18:418][  0]LoadErrors: Info Failed to load /Script/comp140game.ControllerActor Referenced by EdGraphPin_1662
[2017.04.28-23.55.18:418][  0]LoadErrors:Error: Error /Game/FirstPersonBP/Blueprints/FirstPersonGameMode : Can't find file for asset. /Script/comp140game
[2017.04.28-23.55.18:493][  0]LogBlueprint:Warning: [FirstPersonCharacter] CreatePinForVariable: 'StickInput' variable not found. Base class was probably changed.
[2017.04.28-23.55.18:700][  0]LogBlueprint:Warning: Compiler Warning Could not find a variable named "StickInput" in 'FirstPersonCharacter'.
Make sure 'FirstPersonCharacter' has been compiled for  Get StickInput 
[2017.04.28-23.55.18:703][  0]LogBlueprint:Error: Compiler Error This blueprint (self) is not compatible with ' Target ', therefore that pin must have a connection.
[2017.04.28-23.55.18:707][  0]LogBlueprint:Error: Compiler Error The property associated with  Stick Input  could not be found
[2017.04.28-23.55.18:752][  0]LogBlueprint:Warning: Compiler Warning [0088.27] Compile of FirstPersonCharacter failed. 2 Fatal Issue(s) 1 Warning(s) [in 243 ms] (/Game/FirstPersonBP/Blueprints/FirstPersonCharacter.FirstPersonCharacter)
[2017.04.28-23.55.18:753][  0]LogBlueprint:Warning: Compiler Warning [0088.27] Compile of FirstPersonCharacter failed. 2 Fatal Issue(s) 2 Warning(s) [in 0 ms] (/Game/FirstPersonBP/Blueprints/FirstPersonCharacter.FirstPersonCharacter)
[2017.04.28-23.55.18:753][  0]LogBlueprint:Warning: Compiler Warning [0088.27] Compile of FirstPersonCharacter failed. 2 Fatal Issue(s) 3 Warning(s) [in 0 ms] (/Game/FirstPersonBP/Blueprints/FirstPersonCharacter.FirstPersonCharacter)
[2017.04.28-23.55.18:887][  0]LogBlueprint:Warning: Compiler Warning Could not find a variable named "StickInput" in 'FirstPersonCharacter'.
Make sure 'FirstPersonCharacter' has been compiled for  Get StickInput 
[2017.04.28-23.55.18:891][  0]LogBlueprint:Error: Compiler Error This blueprint (self) is not compatible with ' Target ', therefore that pin must have a connection.
[2017.04.28-23.55.18:894][  0]LogBlueprint:Error: Compiler Error The property associated with  Stick Input  could not be found
[2017.04.28-23.55.18:937][  0]LogBlueprint:Warning: Compiler Warning [0088.45] Compile of FirstPersonCharacter failed. 2 Fatal Issue(s) 1 Warning(s) [in 83 ms] (/Game/FirstPersonBP/Blueprints/FirstPersonCharacter.FirstPersonCharacter)
[2017.04.28-23.55.18:937][  0]LogBlueprint:Warning: Compiler Warning [0088.45] Compile of FirstPersonCharacter failed. 2 Fatal Issue(s) 2 Warning(s) [in 0 ms] (/Game/FirstPersonBP/Blueprints/FirstPersonCharacter.FirstPersonCharacter)
[2017.04.28-23.55.18:938][  0]LogBlueprint:Warning: Compiler Warning [0088.45] Compile of FirstPersonCharacter failed. 2 Fatal Issue(s) 3 Warning(s) [in 0 ms] (/Game/FirstPersonBP/Blueprints/FirstPersonCharacter.FirstPersonCharacter)
[2017.04.28-23.55.18:948][  0]LogLinker:Warning: Can't find file '/Script/comp140game'
[2017.04.28-23.55.18:948][  0]LogLinker:Warning: Can't find file for asset '/Script/comp140game' while loading E:/New folder/comp140-gam160-game/comp140game/Content/FirstPersonBP/Blueprints/FirstPersonCharacter.uasset.
[2017.04.28-23.55.18:948][  0]LoadErrors:Error: Error /Game/FirstPersonBP/Blueprints/FirstPersonCharacter : Can't find file for asset. /Script/comp140game
[2017.04.28-23.55.18:955][  0]LogLinker:Warning: Can't find file '/Script/comp140game'
[2017.04.28-23.55.18:956][  0]LogLinker:Warning: Can't find file for asset '/Script/comp140game' while loading E:/New folder/comp140-gam160-game/comp140game/Content/FirstPersonBP/Blueprints/FirstPersonCharacter.uasset.
[2017.04.28-23.55.18:956][  0]LoadErrors:Error: Error /Game/FirstPersonBP/Blueprints/FirstPersonCharacter : Can't find file for asset. /Script/comp140game
[2017.04.28-23.55.19:223][  0]LogLinker:Warning: Can't find file '/Script/comp140game'
[2017.04.28-23.55.19:223][  0]LogLinker:Warning: Can't find file for asset '/Script/comp140game' while loading E:/New folder/comp140-gam160-game/comp140game/Content/FirstPersonBP/Maps/FirstPersonExampleMap.umap.
[2017.04.28-23.55.19:223][  0]LoadErrors:Error: Error /Game/FirstPersonBP/Maps/FirstPersonExampleMap : Can't find file for asset. /Script/comp140game
[2017.04.28-23.55.19:257][  0]LogLinker:Warning: Can't find file '/Script/comp140game'
[2017.04.28-23.55.19:257][  0]LogLinker:Warning: Can't find file for asset '/Script/comp140game' while loading E:/New folder/comp140-gam160-game/comp140game/Content/FirstPersonBP/Maps/FirstPersonExampleMap.umap.
[2017.04.28-23.55.19:257][  0]LoadErrors:Error: Error /Game/FirstPersonBP/Maps/FirstPersonExampleMap : Can't find file for asset. /Script/comp140game
[2017.04.28-23.55.19:259][  0]LogLinker:Warning: Can't find file '/Script/comp140game'
[2017.04.28-23.55.19:259][  0]LogLinker:Warning: Can't find file for asset '/Script/comp140game' while loading NULL.
[2017.04.28-23.55.19:259][  0]LogLinker:Warning: Can't find file '/Script/comp140game'
[2017.04.28-23.55.19:259][  0]LogLinker:Warning: Can't find file for asset '/Script/comp140game' while loading NULL.
[2017.04.28-23.55.19:270][  0]LogLinker:Warning: Can't find file '/Script/comp140game'
[2017.04.28-23.55.19:270][  0]LogLinker:Warning: Can't find file for asset '/Script/comp140game' while loading NULL.
[2017.04.28-23.55.19:270][  0]LogLinker:Warning: Can't find file '/Script/comp140game'
[2017.04.28-23.55.19:270][  0]LogLinker:Warning: Can't find file for asset '/Script/comp140game' while loading NULL.
[2017.04.28-23.55.19:638][  0]LogLinker:Warning: Can't find file '/Script/comp140game'
[2017.04.28-23.55.19:638][  0]LogLinker:Warning: Can't find file for asset '/Script/comp140game' while loading NULL.
[2017.04.28-23.55.19:638][  0]LogLinker:Warning: Can't find file '/Script/comp140game'
[2017.04.28-23.55.19:638][  0]LoadErrors: Info Failed to load /Script/comp140game.ControllerActor Referenced by FirstPersonCharacter_C_1
[2017.04.28-23.55.19:638][  0]LogLinker:Warning: Can't find file for asset '/Script/comp140game' while loading NULL.
[2017.04.28-23.55.19:638][  0]LoadErrors: Info Failed to load /Script/comp140game.ControllerActor Referenced by FirstPersonCharacter_C_1
[2017.04.28-23.55.20:340][  0]LogLinker:Warning: Can't find file '/Script/comp140game'
[2017.04.28-23.55.20:340][  0]LogLinker:Warning: Can't find file for asset '/Script/comp140game' while loading NULL.
[2017.04.28-23.55.20:340][  0]LogLinker:Warning: Can't find file '/Script/comp140game'
[2017.04.28-23.55.20:340][  0]LoadErrors: Info Failed to load /Script/comp140game.ControllerActor Referenced by PersistentLevel
[2017.04.28-23.55.20:340][  0]LogLinker:Warning: Can't find file for asset '/Script/comp140game' while loading NULL.
[2017.04.28-23.55.20:340][  0]LoadErrors: Info Failed to load /Script/comp140game.ControllerActor Referenced by PersistentLevel
[2017.04.28-23.55.31:563][  0]LogAIModule: Creating AISystem for world FirstPersonExampleMap
[2017.04.28-23.55.38:896][  0]LogEditorServer: Finished looking for orphan Actors (0.006 secs)
[2017.04.28-23.55.39:112][  0]Cmd: MAP CHECKDEP NOCLEARLOG
[2017.04.28-23.55.39:250][  0]MapCheck: Info Map check complete: 0 Error(s), 0 Warning(s), took 137.97ms to complete.
[2017.04.28-23.55.39:251][  0]LogFileHelpers: Loading map 'FirstPersonExampleMap' took 27.994
[2017.04.28-23.55.42:200][  0]LogCollectionManager: Loaded 0 collections in 0.006516 seconds
[2017.04.28-23.55.42:484][  0]LogFileCache: Scanning file cache for directory 'E:/New folder/comp140-gam160-game/comp140game/Saved/Collections/' took 0.01s
[2017.04.28-23.55.42:484][  0]LogFileCache: Scanning file cache for directory 'E:/New folder/comp140-gam160-game/comp140game/Content/Developers/Jack/Collections/' took 0.01s
[2017.04.28-23.55.42:484][  0]LogFileCache: Scanning file cache for directory 'E:/New folder/comp140-gam160-game/comp140game/Content/Collections/' took 0.01s
[2017.04.28-23.55.42:485][  0]LogCollectionManager: Rebuilt the GUID cache for 0 collections in 0.000005 seconds
[2017.04.28-23.55.42:557][  0]LogContentBrowser: Native class hierarchy populated in 0.0637 seconds. Added 2047 classes and 369 folders.
[2017.04.28-23.55.42:670][  0]LogStats: UGameplayTagsManager::ConstructGameplayTagTree: Construct from data asset -  0.007 s
[2017.04.28-23.55.42:671][  0]LogStats: UGameplayTagsManager::ConstructGameplayTagTree: GameplayTagTreeChangedEvent.Broadcast -  0.000 s
[2017.04.28-23.55.42:690][  0]LogContentBrowser: Native class hierarchy updated for 'GameplayTags' in 0.0018 seconds. Added 12 classes and 0 folders.
[2017.04.28-23.55.42:769][  0]LogContentBrowser: Native class hierarchy updated for 'WidgetCarousel' in 0.0017 seconds. Added 0 classes and 0 folders.
[2017.04.28-23.55.43:669][  0]LogContentBrowser: Native class hierarchy updated for 'AddContentDialog' in 0.0016 seconds. Added 0 classes and 0 folders.
[2017.04.28-23.55.43:778][  0]LogContentBrowser: Native class hierarchy updated for 'SceneOutliner' in 0.0016 seconds. Added 1 classes and 2 folders.
[2017.04.28-23.55.45:029][  0]LogCrashTracker: Crashtracker disabled due to settings.
[2017.04.28-23.55.45:335][  0]LogUObjectGlobals:Warning: Failed to find object 'Class None.'
[2017.04.28-23.55.45:502][  0]LogContentBrowser: Native class hierarchy updated for 'HierarchicalLODOutliner' in 0.0019 seconds. Added 1 classes and 2 folders.
[2017.04.28-23.55.45:502][  0]LogLoad: Full Startup: 115.02 seconds (BP compile: 1.64 seconds)
[2017.04.28-23.55.45:502][  0]LogExternalProfiler: Found external profiler: VSPerf
[2017.04.28-23.55.45:502][  0]LogExternalProfiler: Using external profiler: VSPerf
[2017.04.28-23.55.45:656][  0]LogOcInput: OculusInput pre-init called
[2017.04.28-23.55.46:543][  0]LogContentStreaming: Texture pool size now 700 MB
[2017.04.28-23.55.48:567][  0]LogRenderer: Reallocating scene render targets to support 1208x568 (Frame:2).
[2017.04.28-23.55.50:181][  5]LogAssetRegistry: Asset discovery search completed in 91.3345 seconds
[2017.04.28-23.55.50:181][  5]LogCollectionManager: Rebuilt the object cache for 0 collections in 0.000002 seconds (found 0 objects)
[2017.04.28-23.55.50:233][  5]LogCollectionManager: Fixed up redirectors for 0 collections in 0.051843 seconds (updated 0 objects)
[2017.04.28-23.56.08:212][552]LogContentBrowser: Native class hierarchy updated for 'BlueprintGraph' in 0.0022 seconds. Added 111 classes and 0 folders.
[2017.04.28-23.56.52:288][835]LogWindowsTextInputMethodSystem:Display: IME system now deactivated.
[2017.04.28-23.56.52:795][836]Cmd: QUIT_EDITOR
[2017.04.28-23.56.53:363][836]LogExit: Preparing to exit.
[2017.04.28-23.56.54:210][836]LogExit: Editor shut down
[2017.04.28-23.56.54:211][836]LogExit: Transaction tracking system shut down
[2017.04.28-23.56.55:600][836]LogObj: Freed 0b from 0 cluster array pools.
[2017.04.28-23.56.55:600][836]LogExit: Object subsystem successfully closed.
[2017.04.28-23.56.55:831][836]LogD3D11RHI: Shutdown
[2017.04.28-23.56.55:839][836]LogD3D11RHI: CleanupD3DDevice
[2017.04.28-23.56.56:070][836]LogD3D11RHI: ~FD3D11DynamicRHI
[2017.04.28-23.56.56:829][836]LogModuleManager: Shutting down and abandoning module BlueprintGraph (214)
[2017.04.28-23.56.56:838][836]LogModuleManager: Shutting down and abandoning module HierarchicalLODOutliner (213)
[2017.04.28-23.56.56:854][836]LogModuleManager: Shutting down and abandoning module CrashTracker (212)
[2017.04.28-23.56.56:854][836]LogModuleManager: Shutting down and abandoning module SceneOutliner (211)
[2017.04.28-23.56.56:854][836]LogModuleManager: Shutting down and abandoning module WidgetCarousel (210)
[2017.04.28-23.56.56:865][836]LogModuleManager: Shutting down and abandoning module AddContentDialog (209)
[2017.04.28-23.56.56:887][836]LogModuleManager: Shutting down and abandoning module GameplayTags (208)
[2017.04.28-23.56.56:887][836]LogModuleManager: Shutting down and abandoning module EditorWidgets (207)
[2017.04.28-23.56.56:887][836]LogModuleManager: Shutting down and abandoning module CollectionManager (206)
[2017.04.28-23.56.56:916][836]LogModuleManager: Shutting down and abandoning module StatsViewer (205)
[2017.04.28-23.56.56:952][836]LogModuleManager: Shutting down and abandoning module FoliageEdit (204)
[2017.04.28-23.56.56:952][836]LogModuleManager: Shutting down and abandoning module LandscapeEditor (203)
[2017.04.28-23.56.56:990][836]LogModuleManager: Shutting down and abandoning module SceneDepthPickerMode (202)
[2017.04.28-23.56.56:991][836]LogModuleManager: Shutting down and abandoning module ActorPickerMode (201)
[2017.04.28-23.56.56:991][836]LogModuleManager: Shutting down and abandoning module GeometryMode (200)
[2017.04.28-23.56.56:991][836]LogModuleManager: Shutting down and abandoning module TextureAlignMode (199)
[2017.04.28-23.56.56:991][836]LogModuleManager: Shutting down and abandoning module BspMode (198)
[2017.04.28-23.56.57:012][836]LogModuleManager: Shutting down and abandoning module HardwareSurvey (197)
[2017.04.28-23.56.57:012][836]LogModuleManager: Shutting down and abandoning module SequenceRecorderSections (196)
[2017.04.28-23.56.57:012][836]LogModuleManager: Shutting down and abandoning module SequenceRecorder (195)
[2017.04.28-23.56.57:021][836]LogModuleManager: Shutting down and abandoning module AutomationWorker (194)
[2017.04.28-23.56.57:021][836]LogModuleManager: Shutting down and abandoning module MatineeToLevelSequence (193)
[2017.04.28-23.56.57:021][836]LogModuleManager: Shutting down and abandoning module PlacementMode (192)
[2017.04.28-23.56.57:042][836]LogModuleManager: Shutting down and abandoning module LevelSequenceEditor (191)
[2017.04.28-23.56.57:112][836]LogModuleManager: Shutting down and abandoning module CharacterAI (190)
[2017.04.28-23.56.57:112][836]LogModuleManager: Shutting down and abandoning module SmartSnapping (189)
[2017.04.28-23.56.57:112][836]LogModuleManager: Shutting down and abandoning module SessionServices (188)
[2017.04.28-23.56.57:112][836]LogModuleManager: Shutting down and abandoning module ViewportSnapping (187)
[2017.04.28-23.56.57:112][836]LogModuleManager: Shutting down and abandoning module LogVisualizer (186)
[2017.04.28-23.56.57:113][836]LogModuleManager: Shutting down and abandoning module GameProjectGeneration (185)
[2017.04.28-23.56.57:140][836]LogModuleManager: Shutting down and abandoning module IntroTutorials (184)
[2017.04.28-23.56.57:153][836]LogModuleManager: Shutting down and abandoning module EditorLiveStreaming (183)
[2017.04.28-23.56.57:153][836]LogModuleManager: Shutting down and abandoning module IOSPlatformEditor (182)
[2017.04.28-23.56.57:162][836]LogModuleManager: Shutting down and abandoning module HTML5PlatformEditor (181)
[2017.04.28-23.56.57:163][836]LogModuleManager: Shutting down and abandoning module AndroidDeviceDetection (180)
[2017.04.28-23.56.58:125][836]LogModuleManager: Shutting down and abandoning module AndroidPlatformEditor (179)
[2017.04.28-23.56.58:149][836]LogModuleManager: Shutting down and abandoning module IOSRuntimeSettings (178)
[2017.04.28-23.56.58:149][836]LogModuleManager: Shutting down and abandoning module AndroidRuntimeSettings (177)
[2017.04.28-23.56.58:149][836]LogModuleManager: Shutting down and abandoning module MergeActors (176)
[2017.04.28-23.56.58:163][836]LogModuleManager: Shutting down and abandoning module SizeMap (175)
[2017.04.28-23.56.58:163][836]LogModuleManager: Shutting down and abandoning module TreeMap (174)
[2017.04.28-23.56.58:181][836]LogModuleManager: Shutting down and abandoning module ReferenceViewer (173)
[2017.04.28-23.56.58:181][836]LogModuleManager: Shutting down and abandoning module LocalizationService (172)
[2017.04.28-23.56.58:217][836]LogModuleManager: Shutting down and abandoning module LocalizationDashboard (171)
[2017.04.28-23.56.58:272][836]LogModuleManager: Shutting down and abandoning module HardwareTargeting (170)
[2017.04.28-23.56.58:288][836]LogModuleManager: Shutting down and abandoning module DeviceProfileEditor (169)
[2017.04.28-23.56.58:309][836]LogModuleManager: Shutting down and abandoning module UndoHistory (168)
[2017.04.28-23.56.58:315][836]LogModuleManager: Shutting down and abandoning module UserFeedback (167)
[2017.04.28-23.56.58:315][836]LogModuleManager: Shutting down and abandoning module XmlParser (166)
[2017.04.28-23.56.58:315][836]LogModuleManager: Shutting down and abandoning module Blutility (165)
[2017.04.28-23.56.58:318][836]LogModuleManager: Shutting down and abandoning module ProjectTargetPlatformEditor (164)
[2017.04.28-23.56.58:331][836]LogModuleManager: Shutting down and abandoning module ProjectSettingsViewer (163)
[2017.04.28-23.56.58:331][836]LogModuleManager: Shutting down and abandoning module InputBindingEditor (162)
[2017.04.28-23.56.58:357][836]LogModuleManager: Shutting down and abandoning module EditorSettingsViewer (161)
[2017.04.28-23.56.58:357][836]LogModuleManager: Shutting down and abandoning module SettingsEditor (160)
[2017.04.28-23.56.58:370][836]LogModuleManager: Shutting down and abandoning module ProjectLauncher (159)
[2017.04.28-23.56.58:390][836]LogModuleManager: Shutting down and abandoning module SessionFrontend (158)
[2017.04.28-23.56.58:405][836]LogModuleManager: Shutting down and abandoning module ProfilerClient (157)
[2017.04.28-23.56.58:434][836]LogModuleManager: Shutting down and abandoning module TargetDeviceServices (156)
[2017.04.28-23.56.58:442][836]LogModuleManager: Shutting down and abandoning module DeviceManager (155)
[2017.04.28-23.56.58:501][836]LogModuleManager: Shutting down and abandoning module AutomationController (154)
[2017.04.28-23.56.58:519][836]LogModuleManager: Shutting down and abandoning module AutomationWindow (153)
[2017.04.28-23.56.58:543][836]LogModuleManager: Shutting down and abandoning module Layers (152)
[2017.04.28-23.56.58:586][836]LogModuleManager: Shutting down and abandoning module ComponentVisualizers (151)
[2017.04.28-23.56.58:586][836]LogModuleManager: Shutting down and abandoning module DetailCustomizations (150)
[2017.04.28-23.56.58:606][836]LogModuleManager: Shutting down and abandoning module PackagesDialog (149)
[2017.04.28-23.56.58:636][836]LogModuleManager: Shutting down and abandoning module Persona (148)
[2017.04.28-23.56.58:683][836]LogModuleManager: Shutting down and abandoning module Kismet (147)
[2017.04.28-23.56.58:683][836]LogModuleManager: Shutting down and abandoning module GraphEditor (146)
[2017.04.28-23.56.58:683][836]LogModuleManager: Shutting down and abandoning module ClassViewer (145)
[2017.04.28-23.56.58:705][836]LogModuleManager: Shutting down and abandoning module Toolbox (144)
[2017.04.28-23.56.58:711][836]LogModuleManager: Shutting down and abandoning module ModuleUI (143)
[2017.04.28-23.56.58:741][836]LogModuleManager: Shutting down and abandoning module MovieSceneTools (142)
[2017.04.28-23.56.58:777][836]LogModuleManager: Shutting down and abandoning module OutputLog (141)
[2017.04.28-23.56.58:800][836]LogModuleManager: Shutting down and abandoning module GammaUI (140)
[2017.04.28-23.56.58:826][836]LogModuleManager: Shutting down and abandoning module Documentation (139)
[2017.04.28-23.56.58:826][836]LogModuleManager: Shutting down and abandoning module StreamingPauseRendering (138)
[2017.04.28-23.56.58:826][836]LogModuleManager: Shutting down and abandoning module AnalyticsET (137)
[2017.04.28-23.56.58:826][836]LogModuleManager: Shutting down and abandoning module Analytics (136)
[2017.04.28-23.56.58:826][836]LogModuleManager: Shutting down and abandoning module PortalServices (135)
[2017.04.28-23.56.58:826][836]LogModuleManager: Shutting down and abandoning module PortalRpc (134)
[2017.04.28-23.56.58:826][836]LogModuleManager: Shutting down and abandoning module MessagingRpc (133)
[2017.04.28-23.56.58:826][836]LogModuleManager: Shutting down and abandoning module GameplayDebugger (132)
[2017.04.28-23.56.58:835][836]LogModuleManager: Shutting down and abandoning module AITestSuite (131)
[2017.04.28-23.56.58:845][836]LogModuleManager: Shutting down and abandoning module AIModule (130)
[2017.04.28-23.56.58:845][836]LogModuleManager: Shutting down and abandoning module ProfilerService (129)
[2017.04.28-23.56.58:974][836]LogModuleManager: Shutting down and abandoning module TaskGraph (128)
[2017.04.28-23.56.58:991][836]LogModuleManager: Shutting down and abandoning module SlateRemote (127)
[2017.04.28-23.56.58:991][836]LogModuleManager: Shutting down and abandoning module SteamVRController (126)
[2017.04.28-23.56.58:991][836]LogModuleManager: Shutting down and abandoning module SteamVR (125)
[2017.04.28-23.56.58:991][836]LogModuleManager: Shutting down and abandoning module ProceduralMeshComponent (124)
[2017.04.28-23.56.58:991][836]LogModuleManager: Shutting down and abandoning module OculusLibrary (123)
[2017.04.28-23.56.58:991][836]LogModuleManager: Shutting down and abandoning module OculusInput (122)
[2017.04.28-23.56.58:991][836]LogModuleManager: Shutting down and abandoning module CustomMeshComponent (121)
[2017.04.28-23.56.58:998][836]LogModuleManager: Shutting down and abandoning module CableComponent (120)
[2017.04.28-23.56.58:998][836]LogModuleManager: Shutting down and abandoning module ArchVisCharacter (119)
[2017.04.28-23.56.58:998][836]LogModuleManager: Shutting down and abandoning module MediaPlayerEditor (118)
[2017.04.28-23.56.59:032][836]LogModuleManager: Shutting down and abandoning module HTML5Networking (117)
[2017.04.28-23.56.59:032][836]LogModuleManager: Shutting down and abandoning module SuperSearch (116)
[2017.04.28-23.56.59:032][836]LogModuleManager: Shutting down and abandoning module SuperSearchEditor (115)
[2017.04.28-23.56.59:032][836]LogModuleManager: Shutting down and abandoning module SpeedTreeImporter (114)
[2017.04.28-23.56.59:032][836]LogModuleManager: Shutting down and abandoning module PluginBrowser (113)
[2017.04.28-23.56.59:043][836]LogModuleManager: Shutting down and abandoning module EpicSurvey (112)
[2017.04.28-23.56.59:043][836]LogModuleManager: Shutting down and abandoning module DesktopPlatform (111)
[2017.04.28-23.56.59:051][836]LogModuleManager: Shutting down and abandoning module VisualStudioSourceCodeAccess (110)
[2017.04.28-23.56.59:051][836]LogModuleManager: Shutting down and abandoning module UObjectPlugin (109)
[2017.04.28-23.56.59:051][836]LogModuleManager: Shutting down and abandoning module SubversionSourceControl (108)
[2017.04.28-23.56.59:060][836]LogModuleManager: Shutting down and abandoning module PerforceSourceControl (107)
[2017.04.28-23.56.59:071][836]LogModuleManager: Shutting down and abandoning module SourceControl (106)
[2017.04.28-23.56.59:086][836]LogModuleManager: Shutting down and abandoning module GitSourceControl (105)
[2017.04.28-23.56.59:090][836]LogModuleManager: Shutting down and abandoning module LightPropagationVolumeEditor (104)
[2017.04.28-23.56.59:091][836]LogModuleManager: Shutting down and abandoning module PaperTiledImporter (103)
[2017.04.28-23.56.59:100][836]LogModuleManager: Shutting down and abandoning module PaperSpriteSheetImporter (102)
[2017.04.28-23.56.59:100][836]LogModuleManager: Shutting down and abandoning module MeshPaint (101)
[2017.04.28-23.56.59:113][836]LogModuleManager: Shutting down and abandoning module PixelInspectorModule (100)
[2017.04.28-23.56.59:132][836]LogModuleManager: Shutting down and abandoning module HotReload (99)
[2017.04.28-23.56.59:140][836]LogModuleManager: Shutting down and abandoning module MainFrame (98)
[2017.04.28-23.56.59:143][836]LogModuleManager: Shutting down and abandoning module LevelEditor (97)
[2017.04.28-23.56.59:162][836]LogModuleManager: Shutting down and abandoning module ContentBrowser (96)
[2017.04.28-23.56.59:163][836]LogModuleManager: Shutting down and abandoning module Paper2DEditor (95)
[2017.04.28-23.56.59:193][836]LogModuleManager: Shutting down and abandoning module UdpMessaging (94)
[2017.04.28-23.56.59:294][836]LogModuleManager: Shutting down and abandoning module LightPropagationVolumeRuntime (93)
[2017.04.28-23.56.59:294][836]LogModuleManager: Shutting down and abandoning module Paper2D (92)
[2017.04.28-23.56.59:306][836]LogModuleManager: Shutting down and abandoning module WindowsMoviePlayer (91)
[2017.04.28-23.56.59:306][836]LogModuleManager: Shutting down and abandoning module Media (90)
[2017.04.28-23.56.59:306][836]LogModuleManager: Shutting down and abandoning module WmfMedia (89)
[2017.04.28-23.56.59:316][836]LogModuleManager: Shutting down and abandoning module MediaAssets (88)
[2017.04.28-23.56.59:316][836]LogModuleManager: Shutting down and abandoning module GameLiveStreaming (87)
[2017.04.28-23.56.59:324][836]LogModuleManager: Shutting down and abandoning module GameplayTagsEditor (86)
[2017.04.28-23.56.59:324][836]LogModuleManager: Shutting down and abandoning module OnlineBlueprintSupport (85)
[2017.04.28-23.56.59:324][836]LogModuleManager: Shutting down and abandoning module VREditor (84)
[2017.04.28-23.56.59:332][836]LogModuleManager: Shutting down and abandoning module GameplayTasksEditor (83)
[2017.04.28-23.56.59:332][836]LogModuleManager: Shutting down and abandoning module PropertyEditor (82)
[2017.04.28-23.56.59:332][836]LogModuleManager: Shutting down and abandoning module BehaviorTreeEditor (81)
[2017.04.28-23.56.59:357][836]LogModuleManager: Shutting down and abandoning module FunctionalTesting (80)
[2017.04.28-23.56.59:357][836]LogModuleManager: Shutting down and abandoning module CollisionAnalyzer (79)
[2017.04.28-23.56.59:389][836]LogModuleManager: Shutting down and abandoning module Sequencer (78)
[2017.04.28-23.56.59:418][836]LogModuleManager: Shutting down and abandoning module WorkspaceMenuStructure (77)
[2017.04.28-23.56.59:418][836]LogModuleManager: Shutting down and abandoning module MessageLog (76)
[2017.04.28-23.56.59:418][836]LogModuleManager: Shutting down and abandoning module AssetTools (75)
[2017.04.28-23.56.59:441][836]LogModuleManager: Shutting down and abandoning module UMGEditor (74)
[2017.04.28-23.56.59:484][836]LogModuleManager: Shutting down and abandoning module UMG (73)
[2017.04.28-23.56.59:502][836]LogModuleManager: Shutting down and abandoning module SlateReflector (72)
[2017.04.28-23.56.59:568][836]LogModuleManager: Shutting down and abandoning module Slate (71)
[2017.04.28-23.56.59:568][836]LogModuleManager: Shutting down and abandoning module EditorStyle (70)
[2017.04.28-23.56.59:571][836]LogModuleManager: Shutting down and abandoning module SourceCodeAccess (69)
[2017.04.28-23.56.59:571][836]LogModuleManager: Shutting down and abandoning module HeadMountedDisplay (68)
[2017.04.28-23.56.59:571][836]LogModuleManager: Shutting down and abandoning module XAudio2 (67)
[2017.04.28-23.56.59:571][836]LogModuleManager: Shutting down and abandoning module Networking (65)
[2017.04.28-23.56.59:571][836]LogModuleManager: Shutting down and abandoning module Core (64)
[2017.04.28-23.56.59:571][836]LogModuleManager: Shutting down and abandoning module DirectoryWatcher (63)
[2017.04.28-23.56.59:572][836]LogModuleManager: Shutting down and abandoning module AssetRegistry (62)
[2017.04.28-23.57.08:284][836]LogModuleManager: Shutting down and abandoning module KismetCompiler (61)
[2017.04.28-23.57.08:284][836]LogModuleManager: Shutting down and abandoning module PhysXFormats (60)
[2017.04.28-23.57.08:284][836]LogModuleManager: Shutting down and abandoning module MeshUtilities (59)
[2017.04.28-23.57.08:318][836]LogModuleManager: Shutting down and abandoning module DerivedDataCache (58)
[2017.04.28-23.57.08:362][836]LogDerivedDataCache: Shutdown
[2017.04.28-23.57.08:362][836]LogModuleManager: Shutting down and abandoning module VulkanShaderFormat (57)
[2017.04.28-23.57.08:363][836]LogModuleManager: Shutting down and abandoning module ShaderFormatOpenGL (56)
[2017.04.28-23.57.08:371][836]LogModuleManager: Shutting down and abandoning module ShaderFormatD3D (55)
[2017.04.28-23.57.08:371][836]LogModuleManager: Shutting down and abandoning module MetalShaderFormat (54)
[2017.04.28-23.57.08:378][836]LogModuleManager: Shutting down and abandoning module TextureFormatUncompressed (53)
[2017.04.28-23.57.08:379][836]LogModuleManager: Shutting down and abandoning module TextureFormatPVR (52)
[2017.04.28-23.57.08:379][836]LogModuleManager: Shutting down and abandoning module TextureFormatIntelISPCTexComp (51)
[2017.04.28-23.57.08:379][836]LogModuleManager: Shutting down and abandoning module TextureFormatDXT (50)
[2017.04.28-23.57.08:379][836]LogModuleManager: Shutting down and abandoning module ImageWrapper (49)
[2017.04.28-23.57.08:379][836]LogModuleManager: Shutting down and abandoning module TextureFormatASTC (48)
[2017.04.28-23.57.08:379][836]LogModuleManager: Shutting down and abandoning module TextureFormatAndroid (47)
[2017.04.28-23.57.08:379][836]LogModuleManager: Shutting down and abandoning module AudioFormatOpus (46)
[2017.04.28-23.57.08:394][836]LogModuleManager: Shutting down and abandoning module AudioFormatOgg (45)
[2017.04.28-23.57.08:394][836]LogModuleManager: Shutting down and abandoning module AudioFormatADPCM (44)
[2017.04.28-23.57.08:394][836]LogModuleManager: Shutting down and abandoning module LinuxTargetPlatform (43)
[2017.04.28-23.57.08:394][836]LogModuleManager: Shutting down and abandoning module LinuxServerTargetPlatform (42)
[2017.04.28-23.57.08:394][836]LogModuleManager: Shutting down and abandoning module LinuxNoEditorTargetPlatform (41)
[2017.04.28-23.57.08:394][836]LogModuleManager: Shutting down and abandoning module TVOSTargetPlatform (40)
[2017.04.28-23.57.08:394][836]LogModuleManager: Shutting down and abandoning module Messaging (39)
[2017.04.28-23.57.08:394][836]LogModuleManager: Shutting down and abandoning module IOSTargetPlatform (38)
[2017.04.28-23.57.08:394][836]LogModuleManager: Shutting down and abandoning module HTML5TargetPlatform (37)
[2017.04.28-23.57.08:394][836]LogModuleManager: Shutting down and abandoning module Android_PVRTCTargetPlatform (36)
[2017.04.28-23.57.08:394][836]LogModuleManager: Shutting down and abandoning module Android_MultiTargetPlatform (35)
[2017.04.28-23.57.08:400][836]LogModuleManager: Shutting down and abandoning module Android_ETC2TargetPlatform (34)
[2017.04.28-23.57.08:400][836]LogModuleManager: Shutting down and abandoning module Android_ETC1TargetPlatform (33)
[2017.04.28-23.57.08:400][836]LogModuleManager: Shutting down and abandoning module Android_DXTTargetPlatform (32)
[2017.04.28-23.57.08:400][836]LogModuleManager: Shutting down and abandoning module Android_ATCTargetPlatform (31)
[2017.04.28-23.57.08:400][836]LogModuleManager: Shutting down and abandoning module Android_ASTCTargetPlatform (30)
[2017.04.28-23.57.08:400][836]LogModuleManager: Shutting down and abandoning module AndroidTargetPlatform (29)
[2017.04.28-23.57.08:400][836]LogModuleManager: Shutting down and abandoning module WindowsTargetPlatform (28)
[2017.04.28-23.57.08:400][836]LogModuleManager: Shutting down and abandoning module WindowsServerTargetPlatform (27)
[2017.04.28-23.57.08:400][836]LogModuleManager: Shutting down and abandoning module WindowsNoEditorTargetPlatform (26)
[2017.04.28-23.57.08:400][836]LogModuleManager: Shutting down and abandoning module WindowsClientTargetPlatform (25)
[2017.04.28-23.57.08:400][836]LogModuleManager: Shutting down and abandoning module AllDesktopTargetPlatform (24)
[2017.04.28-23.57.08:400][836]LogModuleManager: Shutting down and abandoning module TargetPlatform (23)
[2017.04.28-23.57.08:411][836]LogModuleManager: Shutting down and abandoning module InputCore (22)
[2017.04.28-23.57.08:411][836]LogModuleManager: Shutting down and abandoning module Settings (21)
[2017.04.28-23.57.08:411][836]LogModuleManager: Shutting down and abandoning module OnlineSubsystem (19)
[2017.04.28-23.57.08:411][836]LogModuleManager: Shutting down and abandoning module HTTP (18)
[2017.04.28-23.57.09:913][836]LogModuleManager: Shutting down and abandoning module XMPP (17)
[2017.04.28-23.57.09:943][836]LogModuleManager: Shutting down and abandoning module OculusRift (16)
[2017.04.28-23.57.09:953][836]LogModuleManager: Shutting down and abandoning module ExampleDeviceProfileSelector (15)
[2017.04.28-23.57.09:953][836]LogModuleManager: Shutting down and abandoning module TextureCompressor (14)
[2017.04.28-23.57.09:953][836]LogModuleManager: Shutting down and abandoning module ShaderCore (13)
[2017.04.28-23.57.09:953][836]LogModuleManager: Shutting down and abandoning module Landscape (12)
[2017.04.28-23.57.09:953][836]LogModuleManager: Shutting down and abandoning module SlateRHIRenderer (11)
[2017.04.28-23.57.09:997][836]LogModuleManager: Shutting down and abandoning module OpenGLDrv (10)
[2017.04.28-23.57.09:997][836]LogModuleManager: Shutting down and abandoning module D3D11RHI (9)
[2017.04.28-23.57.09:997][836]LogModuleManager: Shutting down and abandoning module AnimGraphRuntime (8)
[2017.04.28-23.57.09:997][836]LogModuleManager: Shutting down and abandoning module Renderer (7)
[2017.04.28-23.57.09:997][836]LogModuleManager: Shutting down and abandoning module Engine (6)
[2017.04.28-23.57.09:997][836]LogModuleManager: Shutting down and abandoning module CoreUObject (5)
[2017.04.28-23.57.09:997][836]LogModuleManager: Shutting down and abandoning module NetworkFile (4)
[2017.04.28-23.57.09:997][836]LogModuleManager: Shutting down and abandoning module StreamingFile (3)
[2017.04.28-23.57.09:997][836]LogModuleManager: Shutting down and abandoning module SandboxFile (2)
[2017.04.28-23.57.09:997][836]LogModuleManager: Shutting down and abandoning module PakFile (1)
[2017.04.28-23.57.10:011][836]LogExit: Exiting.
[2017.04.28-23.57.10:012][836]Log file closed, 04/29/17 00:57:10
