Log file open, 02/21/17 22:55:13
LogInit:Display: Running engine for game: FPSMEME
LogPlatformFile: Not using cached read wrapper
LogInit:Display: RandInit(201617933) SRandInit(201618353).
LogTaskGraph: Started task graph with 4 named threads and 6 total threads with 1 sets of task threads.
LogStats: Stats thread started at 2.992549
LogInit: Version: 4.12.5-3039270+++UE4+Release-4.12
LogInit: API Version: 2992821
LogInit: Net Version: 3039270
LogDevObjectVersion: Number of dev versions registered: 13
LogDevObjectVersion:   Dev-Blueprints (B0D832E4-1F89-4F0D-ACCF-7EB736FD4AA2): 3
LogDevObjectVersion:   Dev-Build (E1C64328-A22C-4D53-A36C-8E866417BD8C): 0
LogDevObjectVersion:   Dev-Core (375EC13C-06E4-48FB-B500-84F0262A717E): 1
LogDevObjectVersion:   Dev-Editor (E4B068ED-F494-42E9-A231-DA0B2E46BB41): 2
LogDevObjectVersion:   Dev-Framework (CFFC743F-43B0-4480-9391-14DF171D2073): 6
LogDevObjectVersion:   Dev-Mobile (B02B49B5-BB20-44E9-A304-32B752E40360): 0
LogDevObjectVersion:   Dev-Networking (A4E4105C-59A1-49B5-A7C5-40C4547EDFEE): 0
LogDevObjectVersion:   Dev-Online (39C831C9-5AE6-47DC-9A44-9C173E1C8E7C): 0
LogDevObjectVersion:   Dev-Physics (78F01B33-EBEA-4F98-B9B4-84EACCB95AA2): 0
LogDevObjectVersion:   Dev-Platform (6631380F-2D4D-43E0-8009-CF276956A95A): 0
LogDevObjectVersion:   Dev-Rendering (12F88B9F-8875-4AFC-A67C-D90C383ABD29): 2
LogDevObjectVersion:   Dev-Sequencer (7B5AE74C-D270-4C10-A958-57980B212A5A): 0
LogDevObjectVersion:   Dev-VR (D7296918-1DD6-4BDD-9DE2-64A83CC13884): 0
LogInit: Compiled (64-bit): Jul  6 2016 09:09:46
LogInit: Compiled with Visual C++: 19.00.23026.00
LogInit: Build Configuration: Development
LogInit: Branch Name: ++UE4+Release-4.12
LogInit: Command line:  
LogInit: Base directory: C:/Program Files (x86)/Epic Games/4.12/Engine/Binaries/Win64/
LogInit: Installed Engine Build: 1
LogInit: Using libcurl 7.41.0
LogInit:  - built for x86_64-pc-win32
LogInit:  - supports SSL with WinSSL
LogInit:  - other features:
LogInit:      CURL_VERSION_SSL
LogInit:      CURL_VERSION_IPV6
LogInit:      CURL_VERSION_ASYNCHDNS
LogInit:      CURL_VERSION_LARGEFILE
LogInit:      CURL_VERSION_IDN
LogInit:  CurlRequestOptions (configurable via config and command line):
LogInit:  - bVerifyPeer = true  - Libcurl will verify peer certificate
LogInit:  - bUseHttpProxy = false  - Libcurl will NOT use HTTP proxy
LogInit:  - bDontReuseConnections = false  - Libcurl will reuse connections
LogInit:  - CertBundlePath = nullptr  - Libcurl will use whatever was configured at build time.
LogInit: Presizing for max 8388607 objects, including 0 objects not considered by GC, pre-allocating 0 bytes for permanent pool.
LogInit: Object subsystem initialized
[2017.02.21-22.55.14:228][  0]LogInit: Selected Device Profile: [Windows]
[2017.02.21-22.55.14:228][  0]LogInit: Applying CVar settings loaded from the selected device profile: [Windows]
[2017.02.21-22.55.14:380][  0]LogInit: Computer: JACK-PC
[2017.02.21-22.55.14:422][  0]LogInit: User: Jack
[2017.02.21-22.55.14:422][  0]LogInit: CPU Page size=65536, Cores=3
[2017.02.21-22.55.14:422][  0]LogInit: High frequency timer resolution =14.318180 MHz
[2017.02.21-22.55.14:428][  0]LogMemory: Memory total: Physical=7.9GB (8GB approx)
[2017.02.21-22.55.14:428][  0]LogMemory: Platform Memory Stats for Windows
[2017.02.21-22.55.14:428][  0]LogMemory: Process Physical Memory: 190.18 MB used, 190.18 MB peak
[2017.02.21-22.55.14:428][  0]LogMemory: Process Virtual Memory: 195.05 MB used, 195.05 MB peak
[2017.02.21-22.55.14:428][  0]LogMemory: Physical Memory: 4550.91 MB used, 8089.45 MB total
[2017.02.21-22.55.14:428][  0]LogMemory: Virtual Memory: 553.15 MB used, 134217728.00 MB total
[2017.02.21-22.55.16:001][  0]LogTextLocalizationManager: No specific translations for ('en-GB') exist, so ('en') translations will be used.
[2017.02.21-22.55.17:402][  0]LogD3D11RHI: D3D11 adapters:
[2017.02.21-22.55.17:451][  0]LogD3D11RHI:    0. 'AMD Radeon HD 7800 Series' (Feature Level 11_0)
[2017.02.21-22.55.17:451][  0]LogD3D11RHI:       2029/0/4044 MB DedicatedVideo/DedicatedSystem/SharedSystem, Outputs:2, VendorId:0x1002
[2017.02.21-22.55.17:453][  0]LogD3D11RHI:    1. 'Microsoft Basic Render Driver' (Feature Level 11_0)
[2017.02.21-22.55.17:453][  0]LogD3D11RHI:       0/0/4044 MB DedicatedVideo/DedicatedSystem/SharedSystem, Outputs:0, VendorId:0x1414
[2017.02.21-22.55.17:453][  0]LogD3D11RHI: Chosen D3D11 Adapter: 0
[2017.02.21-22.55.17:462][  0]LogD3D11RHI: Creating new Direct3DDevice
[2017.02.21-22.55.17:462][  0]LogD3D11RHI:     GPU DeviceId: 0x679e (for the marketing name, search the web for "GPU Device Id")
[2017.02.21-22.55.17:471][  0]LogWindows: EnumDisplayDevices:
[2017.02.21-22.55.17:471][  0]LogWindows:    0. 'AMD Radeon HD 7800 Series' (P:1 D:1)
[2017.02.21-22.55.17:472][  0]LogWindows:    1. 'AMD Radeon HD 7800 Series' (P:0 D:1)
[2017.02.21-22.55.17:472][  0]LogWindows:    2. 'AMD Radeon HD 7800 Series' (P:0 D:0)
[2017.02.21-22.55.17:473][  0]LogWindows:    3. 'AMD Radeon HD 7800 Series' (P:0 D:0)
[2017.02.21-22.55.17:473][  0]LogWindows:    4. 'AMD Radeon HD 7800 Series' (P:0 D:0)
[2017.02.21-22.55.17:474][  0]LogWindows:    5. 'AMD Radeon HD 7800 Series' (P:0 D:0)
[2017.02.21-22.55.17:474][  0]LogWindows: DebugString: FoundDriverCount:6 
[2017.02.21-22.55.17:474][  0]LogD3D11RHI:     Adapter Name: AMD Radeon HD 7800 Series
[2017.02.21-22.55.17:474][  0]LogD3D11RHI:   Driver Version: Crimson ReLive 17.1.2 (internal:21.19.413.0, unified:21.19.413.0)
[2017.02.21-22.55.17:474][  0]LogD3D11RHI:      Driver Date: 1-25-2017
[2017.02.21-22.55.17:474][  0]LogRHI: Texture pool is 1361 MB (70% of 1945 MB)
[2017.02.21-22.55.17:497][  0]LogD3D11RHI: Async texture creation disabled: no driver support
[2017.02.21-22.55.17:832][  0]LogD3D11RHI: GPU Timing Frequency: 27.000000 (Debug: 2 1)
[2017.02.21-22.55.17:915][  0]LogShaderCompilers: Guid format shader working directory is -33 characters bigger than the processId version (../../../../../../Users/Jack/Documents/Uni Folder/comp140-gam160-game/FPSMEME/Intermediate/Shaders/WorkingDirectory/12380/).
[2017.02.21-22.55.17:915][  0]LogShaderCompilers: Cleaned the shader compiler working directory 'C:/Users/Jack/AppData/Local/Temp/UnrealShaderWorkingDir/54F9F1B04D99D37E05BDCE9F4E111DB6/'.
[2017.02.21-22.55.17:918][  0]LogShaderCompilers:Display: Using Local Shader Compiler.
[2017.02.21-22.55.25:355][  0]LogTemp:Display: Loaded TP AllDesktopTargetPlatform
[2017.02.21-22.55.25:381][  0]LogTemp:Display: Loaded TP WindowsClientTargetPlatform
[2017.02.21-22.55.25:406][  0]LogTemp:Display: Loaded TP WindowsNoEditorTargetPlatform
[2017.02.21-22.55.25:430][  0]LogTemp:Display: Loaded TP WindowsServerTargetPlatform
[2017.02.21-22.55.25:453][  0]LogTemp:Display: Loaded TP WindowsTargetPlatform
[2017.02.21-22.55.25:493][  0]LogTemp:Display: Loaded TP AndroidTargetPlatform
[2017.02.21-22.55.25:513][  0]LogTemp:Display: Loaded TP Android_ASTCTargetPlatform
[2017.02.21-22.55.25:533][  0]LogTemp:Display: Loaded TP Android_ATCTargetPlatform
[2017.02.21-22.55.25:552][  0]LogTemp:Display: Loaded TP Android_DXTTargetPlatform
[2017.02.21-22.55.25:572][  0]LogTemp:Display: Loaded TP Android_ETC1TargetPlatform
[2017.02.21-22.55.25:593][  0]LogTemp:Display: Loaded TP Android_ETC2TargetPlatform
[2017.02.21-22.55.25:633][  0]LogTemp:Display: Loaded TP Android_MultiTargetPlatform
[2017.02.21-22.55.25:633][  0]LogTemp:Display: Loaded TP Android_PVRTCTargetPlatform
[2017.02.21-22.55.25:642][  0]LogTemp:Display: Loaded TP HTML5TargetPlatform
[2017.02.21-22.55.25:783][  0]LogTemp:Display: Loaded TP IOSTargetPlatform
[2017.02.21-22.55.25:801][  0]LogTemp:Display: Loaded TP TVOSTargetPlatform
[2017.02.21-22.55.25:820][  0]LogTemp:Display: Loaded TP LinuxNoEditorTargetPlatform
[2017.02.21-22.55.25:839][  0]LogTemp:Display: Loaded TP LinuxServerTargetPlatform
[2017.02.21-22.55.25:903][  0]LogTemp:Display: Loaded TP LinuxTargetPlatform
[2017.02.21-22.55.25:903][  0]LogTargetPlatformManager:Display: Building Assets For Windows
[2017.02.21-22.55.27:173][  0]LogDerivedDataCache:Display: Max Cache Size: 512 MB
[2017.02.21-22.55.27:525][  0]LogDerivedDataCache: Loaded boot cache 0.35s 48MB C:/Users/Jack/AppData/Local/UnrealEngine/4.12/DerivedDataCache/Boot.ddc.
[2017.02.21-22.55.27:526][  0]LogDerivedDataCache:Display: Loaded Boot cache: C:/Users/Jack/AppData/Local/UnrealEngine/4.12/DerivedDataCache/Boot.ddc
[2017.02.21-22.55.27:526][  0]LogDerivedDataCache: FDerivedDataBackendGraph:  Pak pak cache file ../../../../../../Users/Jack/Documents/Uni Folder/comp140-gam160-game/FPSMEME/DerivedDataCache/DDC.ddp not found, will not use a pak cache.
[2017.02.21-22.55.27:526][  0]LogDerivedDataCache: Unable to find inner node Pak for hierarchical cache Hierarchy.
[2017.02.21-22.55.27:526][  0]LogDerivedDataCache: FDerivedDataBackendGraph:  CompressedPak pak cache file ../../../../../../Users/Jack/Documents/Uni Folder/comp140-gam160-game/FPSMEME/DerivedDataCache/Compressed.ddp not found, will not use a pak cache.
[2017.02.21-22.55.27:526][  0]LogDerivedDataCache: Unable to find inner node CompressedPak for hierarchical cache Hierarchy.
[2017.02.21-22.55.27:608][  0]LogDerivedDataCache:Display: Pak cache opened for reading ../../../Engine/DerivedDataCache/Compressed.ddp.
[2017.02.21-22.55.27:679][  0]LogDerivedDataCache: Using Local data cache path C:/Users/Jack/AppData/Local/UnrealEngine/Common/DerivedDataCache: Writable
[2017.02.21-22.55.34:826][  0]LogInit: Selected Device Profile: [Windows]
[2017.02.21-22.55.34:921][  0]LogContentStreaming: Texture pool size is 0.00 MB
[2017.02.21-22.55.38:128][  0]LogMeshUtilities: No automatic mesh reduction module available
[2017.02.21-22.55.38:128][  0]LogMeshUtilities: No automatic mesh merging module available
[2017.02.21-22.55.38:128][  0]LogMeshUtilities: No distributed automatic mesh merging module available
[2017.02.21-22.55.43:533][  0]LogAssetRegistry: FAssetRegistry took 0.0298 seconds to start up
[2017.02.21-22.55.43:860][  0]LogPackageLocalizationCache: Processed 3 localized package path(s) for 2 prioritized culture(s) in 0.125936 seconds
[2017.02.21-22.55.43:960][  0]LogUObjectArray: 28739 objects as part of root set at end of initial load.
[2017.02.21-22.55.43:960][  0]LogUObjectAllocator: 5855632 out of 0 bytes used by permanent object pool.
[2017.02.21-22.55.43:960][  0]LogUObjectArray: CloseDisregardForGC: 0/0 objects in disregard for GC pool
[2017.02.21-22.55.44:242][  0]LogInit: WinSock: version 1.1 (2.2), MaxSocks=32767, MaxUdp=65467
[2017.02.21-22.56.07:777][  0]LogSlate: SlateFontCache - WITH_FREETYPE: 1, WITH_HARFBUZZ: 1
[2017.02.21-22.56.07:795][  0]LogSlate: SlateFontCache - WITH_FREETYPE: 1, WITH_HARFBUZZ: 1
[2017.02.21-22.57.03:738][  0]LogUdpMessaging: Initializing bridge on interface 0.0.0.0:0 to multicast group 230.0.0.1:6666.
[2017.02.21-22.57.06:131][  0]SourceControl: Info Source control is disabled
[2017.02.21-22.57.06:271][  0]SourceControl: Info Source control is disabled
[2017.02.21-22.57.06:411][  0]SourceControl: Info Source control is disabled
[2017.02.21-22.57.06:510][  0]SourceControl: Info Source control is disabled
[2017.02.21-22.57.09:106][  0]LogEngine: Initializing Engine...
[2017.02.21-22.57.09:347][  0]LogHMD: SteamVR failed to initialize.  Err: 105
[2017.02.21-22.57.09:374][  0]LogHMD: SteamVR failed to initialize.  Err: 105
[2017.02.21-22.57.10:640][  0]LogAIModule: Creating AISystem for world NewWorld
[2017.02.21-22.57.11:051][  0]LogInit: XAudio2 using 'Speakers (3- Corsair HS40 USB Gaming Headset)' : 8 channels at 44.1 kHz using 16 bits per sample (channel mask 0x63f)
[2017.02.21-22.57.11:153][  0]LogInit: FAudioDevice initialized.
[2017.02.21-22.57.11:282][  0]LogDerivedDataCache: Saved boot cache 0.13s 48MB C:/Users/Jack/AppData/Local/UnrealEngine/4.12/DerivedDataCache/Boot.ddc.
[2017.02.21-22.57.11:297][  0]LogInit: Texture streaming: Enabled
[2017.02.21-22.57.14:647][  0]LogInit: Transaction tracking system initialized
[2017.02.21-22.57.16:571][  0]BlueprintLog: New page: Editor Load
[2017.02.21-22.57.23:738][  0]LocalizationService: Info Localization service is disabled
[2017.02.21-22.57.27:298][  0]LogConsoleResponse:Display: 
[2017.02.21-22.57.32:711][  0]LogFileCache: Scanning file cache for directory 'C:/Users/Jack/Documents/Uni Folder/comp140-gam160-game/FPSMEME/Content/' took 0.04s
[2017.02.21-22.57.32:711][  0]LogCook:Display: Max memory allowance for cook 8192mb
[2017.02.21-22.57.32:711][  0]LogCook:Display: Mobile HDR setting 1
[2017.02.21-22.57.42:010][  0]SourceControl: Info Source control is disabled
[2017.02.21-22.57.42:537][  0]Cmd: MAP LOAD FILE="../../../../../../Users/Jack/Documents/Uni Folder/comp140-gam160-game/FPSMEME/Content/FirstPersonBP/Maps/FirstPersonExampleMap.umap" TEMPLATE=0 SHOWPROGRESS=1 FEATURELEVEL=3
[2017.02.21-22.57.42:900][  0]LightingResults: New page: Lighting Build
[2017.02.21-22.57.44:491][  0]MapCheck: New page: Map Check
[2017.02.21-22.57.44:491][  0]LightingResults: New page: Lighting Build
[2017.02.21-22.57.56:924][  0]LogTexture:Display: Building textures: UE4_LOGO_CARD (AutoDXT)
[2017.02.21-22.57.58:435][  0]LogTexture:Display: Building textures: T_ML_Rubber_Blue_01_N (BC5)
[2017.02.21-22.58.01:826][  0]LogTexture:Display: Building textures: T_ML_Rubber_Blue_01_D (AutoDXT)
[2017.02.21-22.58.08:049][  0]LogTexture:Display: Building textures: T_ML_Aluminum01 (AutoDXT)
[2017.02.21-22.58.15:949][  0]LogTexture:Display: Building textures: T_ML_Aluminum01_N (BC5)
[2017.02.21-22.58.17:172][  0]LogTexture:Display: Building textures: UE4_Mannequin_MAT_MASKA (AutoDXT)
[2017.02.21-22.58.18:952][  0]LogTexture:Display: Building textures: UE4_Mannequin__normals (BC5)
[2017.02.21-22.58.20:206][  0]LogTexture:Display: Building textures: FirstPersonCrosshair (AutoDXT)
[2017.02.21-22.58.23:969][  0]LogTexture:Display: Building textures: T_FPGun_N (BC5)
[2017.02.21-22.58.24:713][  0]LogTexture:Display: Building textures: T_FPGun_M (AutoDXT)
[2017.02.21-22.58.26:923][  0]LogTexture:Display: Building textures: T_ML_Aluminum01_N (BC5)
[2017.02.21-22.58.28:305][  0]LogTexture:Display: Building textures: T_ML_Aluminum01 (AutoDXT)
[2017.02.21-22.58.33:934][  0]LogTexture:Display: Building textures: T_ML_Rubber_Blue_01_N (BC5)
[2017.02.21-22.58.36:088][  0]LogTexture:Display: Building textures: T_ML_Rubber_Blue_01_D (AutoDXT)
[2017.02.21-22.58.45:745][  0]LogTexture:Display: Building textures: HQ_Lightmap1_1 (AutoDXT)
[2017.02.21-22.58.46:924][  0]LogTexture:Display: Building textures: HQ_Lightmap1_2 (AutoDXT)
[2017.02.21-22.58.48:610][  0]LogTexture:Display: Building textures: HQ_Lightmap1_3 (AutoDXT)
[2017.02.21-22.58.49:595][  0]LogTexture:Display: Building textures: HQ_Lightmap1_4 (AutoDXT)
[2017.02.21-22.58.51:457][  0]LogTexture:Display: Building textures: HQ_Lightmap1_5 (AutoDXT)
[2017.02.21-22.58.53:008][  0]LogTexture:Display: Building textures: HQ_Lightmap1_6 (AutoDXT)
[2017.02.21-22.58.54:073][  0]LogTexture:Display: Building textures: HQ_Lightmap1_7 (AutoDXT)
[2017.02.21-22.58.54:603][  0]LogTexture:Display: Building textures: HQ_Lightmap1_8 (AutoDXT)
[2017.02.21-22.58.54:700][  0]LogTexture:Display: Building textures: LQ_Lightmap_1_1 (DXT1)
[2017.02.21-22.58.55:327][  0]LogTexture:Display: Building textures: LQ_Lightmap_1_2 (DXT1)
[2017.02.21-22.58.55:910][  0]LogTexture:Display: Building textures: LQ_Lightmap_1_3 (DXT1)
[2017.02.21-22.58.56:306][  0]LogTexture:Display: Building textures: LQ_Lightmap_1_4 (DXT1)
[2017.02.21-22.58.56:898][  0]LogTexture:Display: Building textures: LQ_Lightmap_1_5 (DXT1)
[2017.02.21-22.58.57:402][  0]LogTexture:Display: Building textures: LQ_Lightmap_1_6 (DXT1)
[2017.02.21-22.58.57:915][  0]LogTexture:Display: Building textures: LQ_Lightmap_1_7 (DXT1)
[2017.02.21-22.58.58:469][  0]LogTexture:Display: Building textures: LQ_Lightmap_1_8 (DXT1)
[2017.02.21-22.58.58:544][  0]LogTexture:Display: Building textures: SkyOcclusion0_8 (AutoDXT)
[2017.02.21-22.58.59:123][  0]LogTexture:Display: Building textures: SkyOcclusion1_1 (AutoDXT)
[2017.02.21-22.58.59:645][  0]LogTexture:Display: Building textures: SkyOcclusion1_2 (AutoDXT)
[2017.02.21-22.58.59:931][  0]LogTexture:Display: Building textures: SkyOcclusion1_3 (AutoDXT)
[2017.02.21-22.59.00:520][  0]LogTexture:Display: Building textures: SkyOcclusion1_4 (AutoDXT)
[2017.02.21-22.59.01:186][  0]LogTexture:Display: Building textures: SkyOcclusion1_5 (AutoDXT)
[2017.02.21-22.59.02:183][  0]LogTexture:Display: Building textures: SkyOcclusion1_6 (AutoDXT)
[2017.02.21-22.59.02:624][  0]LogTexture:Display: Building textures: SkyOcclusion1_7 (AutoDXT)
[2017.02.21-22.59.02:970][  0]LogTexture:Display: Building textures: ShadowMapTexture2D_10 (G8)
[2017.02.21-22.59.03:099][  0]LogTexture:Display: Building textures: ShadowMapTexture2D_11 (G8)
[2017.02.21-22.59.03:229][  0]LogTexture:Display: Building textures: ShadowMapTexture2D_12 (G8)
[2017.02.21-22.59.03:402][  0]LogTexture:Display: Building textures: ShadowMapTexture2D_13 (G8)
[2017.02.21-22.59.03:522][  0]LogTexture:Display: Building textures: ShadowMapTexture2D_14 (G8)
[2017.02.21-22.59.03:628][  0]LogTexture:Display: Building textures: ShadowMapTexture2D_15 (G8)
[2017.02.21-22.59.03:637][  0]LogTexture:Display: Building textures: ShadowMapTexture2D_7 (G8)
[2017.02.21-22.59.03:773][  0]LogTexture:Display: Building textures: ShadowMapTexture2D_9 (G8)
[2017.02.21-22.59.04:245][  0]LogAIModule: Creating AISystem for world FirstPersonExampleMap
[2017.02.21-22.59.18:149][  0]LogEditorServer: Finished looking for orphan Actors (0.505 secs)
[2017.02.21-22.59.18:873][  0]Cmd: MAP CHECKDEP NOCLEARLOG
[2017.02.21-22.59.19:274][  0]MapCheck: Info Map check complete: 0 Error(s), 0 Warning(s), took 400.916ms to complete.
[2017.02.21-22.59.19:275][  0]LogFileHelpers: Loading map 'FirstPersonExampleMap' took 96.972
[2017.02.21-22.59.36:986][  0]LogCollectionManager: Loaded 0 collections in 0.004728 seconds
[2017.02.21-22.59.40:387][  0]LogFileCache: Scanning file cache for directory 'C:/Users/Jack/Documents/Uni Folder/comp140-gam160-game/FPSMEME/Saved/Collections/' took 0.01s
[2017.02.21-22.59.40:387][  0]LogFileCache: Scanning file cache for directory 'C:/Users/Jack/Documents/Uni Folder/comp140-gam160-game/FPSMEME/Content/Developers/Jack/Collections/' took 0.01s
[2017.02.21-22.59.40:387][  0]LogFileCache: Scanning file cache for directory 'C:/Users/Jack/Documents/Uni Folder/comp140-gam160-game/FPSMEME/Content/Collections/' took 0.01s
[2017.02.21-22.59.40:387][  0]LogCollectionManager: Rebuilt the GUID cache for 0 collections in 0.000006 seconds
[2017.02.21-22.59.41:099][  0]LogContentBrowser: Native class hierarchy populated in 0.2476 seconds. Added 2047 classes and 369 folders.
[2017.02.21-22.59.41:671][  0]LogStats: UGameplayTagsManager::ConstructGameplayTagTree: Construct from data asset -  0.010 s
[2017.02.21-22.59.41:685][  0]LogStats: UGameplayTagsManager::ConstructGameplayTagTree: GameplayTagTreeChangedEvent.Broadcast -  0.014 s
[2017.02.21-22.59.41:734][  0]LogContentBrowser: Native class hierarchy updated for 'GameplayTags' in 0.0007 seconds. Added 12 classes and 0 folders.
[2017.02.21-22.59.41:874][  0]LogContentBrowser: Native class hierarchy updated for 'WidgetCarousel' in 0.0006 seconds. Added 0 classes and 0 folders.
[2017.02.21-22.59.48:851][  0]LogContentBrowser: Native class hierarchy updated for 'AddContentDialog' in 0.0006 seconds. Added 0 classes and 0 folders.
[2017.02.21-22.59.50:152][  0]LogContentBrowser: Native class hierarchy updated for 'SceneOutliner' in 0.0006 seconds. Added 1 classes and 2 folders.
[2017.02.21-22.59.56:216][  0]LogCrashTracker: Crashtracker disabled due to settings.
[2017.02.21-22.59.59:959][  0]LogUObjectGlobals:Warning: Failed to find object 'Class None.'
[2017.02.21-23.00.00:877][  0]LogContentBrowser: Native class hierarchy updated for 'HierarchicalLODOutliner' in 0.0006 seconds. Added 1 classes and 2 folders.
[2017.02.21-23.00.00:878][  0]LogLoad: Full Startup: 298.13 seconds (BP compile: 3.30 seconds)
[2017.02.21-23.00.00:878][  0]LogExternalProfiler: Found external profiler: VSPerf
[2017.02.21-23.00.00:878][  0]LogExternalProfiler: Using external profiler: VSPerf
[2017.02.21-23.00.01:748][  0]LogOcInput: OculusInput pre-init called
[2017.02.21-23.00.04:968][  0]LogContentStreaming: Texture pool size now 1000 MB
[2017.02.21-23.00.13:946][  0]LogRenderer: Reallocating scene render targets to support 1208x568 (Frame:2).
[2017.02.21-23.00.18:910][  6]LogAssetRegistry: Asset discovery search completed in 275.3993 seconds
[2017.02.21-23.00.18:911][  6]LogCollectionManager: Rebuilt the object cache for 0 collections in 0.000003 seconds (found 0 objects)
[2017.02.21-23.00.18:936][  6]LogCollectionManager: Fixed up redirectors for 0 collections in 0.025634 seconds (updated 0 objects)
[2017.02.21-23.00.29:859][104]LogSynthBenchmark:Display: FSynthBenchmark (V0.95):  requested WorkScale=5.00
[2017.02.21-23.00.29:859][104]LogSynthBenchmark:Display: ===============
[2017.02.21-23.00.29:859][104]LogSynthBenchmark:Display: Main Processor:
[2017.02.21-23.00.30:159][104]LogSynthBenchmark:Display:          ... 0.032833 s/Run 'RayIntersect'
[2017.02.21-23.00.30:159][104]LogSynthBenchmark:Display:          ... 0.027193 s/Run 'Fractal'
[2017.02.21-23.00.30:159][104]LogSynthBenchmark:Display: 
[2017.02.21-23.00.30:159][104]LogSynthBenchmark:Display:   CompiledTarget_x_Bits: 64
[2017.02.21-23.00.30:159][104]LogSynthBenchmark:Display:   UE_BUILD_SHIPPING: 0
[2017.02.21-23.00.30:159][104]LogSynthBenchmark:Display:   UE_BUILD_TEST: 0
[2017.02.21-23.00.30:159][104]LogSynthBenchmark:Display:   UE_BUILD_DEBUG: 0
[2017.02.21-23.00.30:159][104]LogSynthBenchmark:Display:   TotalPhysicalGBRam: 8
[2017.02.21-23.00.30:159][104]LogSynthBenchmark:Display:   NumberOfCores (physical): 3
[2017.02.21-23.00.30:159][104]LogSynthBenchmark:Display:   NumberOfCores (logical): 6
[2017.02.21-23.00.30:159][104]LogSynthBenchmark:Display:   CPU Perf Index 0: 78.0 (weight 1.00)
[2017.02.21-23.00.30:159][104]LogSynthBenchmark:Display:   CPU Perf Index 1: 105.2 (weight 1.50)
[2017.02.21-23.00.30:159][104]LogSynthBenchmark:Display:  
[2017.02.21-23.00.30:159][104]LogSynthBenchmark:Display: Graphics:
[2017.02.21-23.00.30:159][104]LogSynthBenchmark:Display:   Adapter Name: 'AMD Radeon HD 7800 Series'
[2017.02.21-23.00.30:159][104]LogSynthBenchmark:Display:   (On Optimus the name might be wrong, memory should be ok)
[2017.02.21-23.00.30:159][104]LogSynthBenchmark:Display:   Vendor Id: 0x1002
[2017.02.21-23.00.30:159][104]LogSynthBenchmark:Display:   Device Id: 0x679e
[2017.02.21-23.00.30:159][104]LogSynthBenchmark:Display:   GPU Memory: 2030/0/4045 MB
[2017.02.21-23.00.30:216][104]LogSynthBenchmark:Display:   GPU first test: 0.01s
[2017.02.21-23.00.30:217][104]LogSynthBenchmark:Display:          ... 1.016 GigaPix/s, Confidence=89% 'ALUHeavyNoise' (likely to be very inaccurate)
[2017.02.21-23.00.30:217][104]LogSynthBenchmark:Display:          ... 0.921 GigaPix/s, Confidence=100% 'TexHeavy' (likely to be very inaccurate)
[2017.02.21-23.00.30:217][104]LogSynthBenchmark:Display:          ... 0.822 GigaPix/s, Confidence=89% 'DepTexHeavy' (likely to be very inaccurate)
[2017.02.21-23.00.30:217][104]LogSynthBenchmark:Display:          ... 1.362 GigaPix/s, Confidence=100% 'FillOnly' (likely to be very inaccurate)
[2017.02.21-23.00.30:217][104]LogSynthBenchmark:Display:          ... 0.275 GigaPix/s, Confidence=100% 'Bandwidth' (likely to be very inaccurate)
[2017.02.21-23.00.30:247][104]LogSynthBenchmark:Display:   GPU second test: 0.03s
[2017.02.21-23.00.30:247][104]LogSynthBenchmark:Display:          ... 5.179 GigaPix/s, Confidence=89% 'ALUHeavyNoise' (likely to be inaccurate)
[2017.02.21-23.00.30:247][104]LogSynthBenchmark:Display:          ... 4.414 GigaPix/s, Confidence=100% 'TexHeavy' (likely to be inaccurate)
[2017.02.21-23.00.30:247][104]LogSynthBenchmark:Display:          ... 3.225 GigaPix/s, Confidence=100% 'DepTexHeavy' (likely to be inaccurate)
[2017.02.21-23.00.30:247][104]LogSynthBenchmark:Display:          ... 11.143 GigaPix/s, Confidence=100% 'FillOnly' (likely to be inaccurate)
[2017.02.21-23.00.30:247][104]LogSynthBenchmark:Display:          ... 0.542 GigaPix/s, Confidence=100% 'Bandwidth' (likely to be inaccurate)
[2017.02.21-23.00.31:329][104]LogSynthBenchmark:Display:   GPU third test: 1.05s
[2017.02.21-23.00.31:329][104]LogSynthBenchmark:Display:          ... 7.291 GigaPix/s, Confidence=100% 'ALUHeavyNoise'
[2017.02.21-23.00.31:329][104]LogSynthBenchmark:Display:          ... 5.360 GigaPix/s, Confidence=100% 'TexHeavy'
[2017.02.21-23.00.31:329][104]LogSynthBenchmark:Display:          ... 4.053 GigaPix/s, Confidence=89% 'DepTexHeavy'
[2017.02.21-23.00.31:329][104]LogSynthBenchmark:Display:          ... 18.815 GigaPix/s, Confidence=100% 'FillOnly'
[2017.02.21-23.00.31:329][104]LogSynthBenchmark:Display:          ... 0.515 GigaPix/s, Confidence=100% 'Bandwidth'
[2017.02.21-23.00.31:329][104]LogSynthBenchmark:Display: 
[2017.02.21-23.00.31:329][104]LogSynthBenchmark:Display:   GPU Perf Index 0: 158.5 (weight 1.00)
[2017.02.21-23.00.31:329][104]LogSynthBenchmark:Display:   GPU Perf Index 1: 72.0 (weight 0.10)
[2017.02.21-23.00.31:329][104]LogSynthBenchmark:Display:   GPU Perf Index 2: 105.3 (weight 0.10)
[2017.02.21-23.00.31:329][104]LogSynthBenchmark:Display:   GPU Perf Index 3: 73.9 (weight 3.00)
[2017.02.21-23.00.31:329][104]LogSynthBenchmark:Display:   GPU Perf Index 4: 48.1 (weight 1.00)
[2017.02.21-23.00.31:329][104]LogSynthBenchmark:Display:   CPUIndex: 94.3
[2017.02.21-23.00.31:329][104]LogSynthBenchmark:Display:   GPUIndex: 85.8
[2017.02.21-23.00.31:329][104]LogSynthBenchmark:Display: 
[2017.02.21-23.00.31:329][104]LogSynthBenchmark:Display:          ... Total Time: 1.470793 sec
[2017.02.21-23.03.40:971][440]LogBlueprintUserMessages: Early PlayInEditor Detection: Level '/Game/FirstPersonBP/Maps/FirstPersonExampleMap.FirstPersonExampleMap:PersistentLevel' has LevelScriptBlueprint '/Game/FirstPersonBP/Maps/FirstPersonExampleMap.FirstPersonExampleMap:PersistentLevel.FirstPersonExampleMap' with GeneratedClass '/Game/FirstPersonBP/Maps/FirstPersonExampleMap.FirstPersonExampleMap_C' with ClassGeneratedBy '/Game/FirstPersonBP/Maps/FirstPersonExampleMap.FirstPersonExampleMap:PersistentLevel.FirstPersonExampleMap'
[2017.02.21-23.03.40:971][440]LogPlayLevel: PlayLevel: No blueprints needed recompiling
[2017.02.21-23.03.41:269][440]PIE: New page: PIE session: FirstPersonExampleMap (21 Feb 2017 23:03:41)
[2017.02.21-23.03.41:269][440]LogPlayLevel: Creating play world package: /Game/FirstPersonBP/Maps/UEDPIE_0_FirstPersonExampleMap
[2017.02.21-23.03.41:387][440]LogPlayLevel: PIE: StaticDuplicateObject took: (0.118048s)
[2017.02.21-23.03.41:388][440]LogAIModule: Creating AISystem for world FirstPersonExampleMap
[2017.02.21-23.03.41:388][440]LogPlayLevel: PIE: World Init took: (0.001435s)
[2017.02.21-23.03.41:404][440]LogPlayLevel: PIE: Created PIE world by copying editor world from /Game/FirstPersonBP/Maps/FirstPersonExampleMap.FirstPersonExampleMap to /Game/FirstPersonBP/Maps/UEDPIE_0_FirstPersonExampleMap.FirstPersonExampleMap (0.135169s)
[2017.02.21-23.03.41:817][440]LogInit: XAudio2 using 'Speakers (3- Corsair HS40 USB Gaming Headset)' : 8 channels at 44.1 kHz using 16 bits per sample (channel mask 0x63f)
[2017.02.21-23.03.41:830][440]LogInit: FAudioDevice initialized.
[2017.02.21-23.03.42:198][440]LogWorld: Game class is 'FirstPersonGameMode_C'
[2017.02.21-23.03.42:361][440]LogWorld: Bringing World /Game/FirstPersonBP/Maps/UEDPIE_0_FirstPersonExampleMap.FirstPersonExampleMap up for play (max tick rate 0) at 2017.02.21-23.03.42
[2017.02.21-23.03.42:389][440]LogWorld: Bringing up level for play took: 0.051136
[2017.02.21-23.03.42:640][440]LogContentBrowser: Native class hierarchy updated for 'MovieSceneCapture' in 0.0007 seconds. Added 11 classes and 0 folders.
[2017.02.21-23.03.42:728][440]PIE: Info Play in editor start time for /Game/FirstPersonBP/Maps/UEDPIE_0_FirstPersonExampleMap 1.904
[2017.02.21-23.03.42:728][440]LogBlueprintUserMessages: Late PlayInEditor Detection: Level '/Game/FirstPersonBP/Maps/FirstPersonExampleMap.FirstPersonExampleMap:PersistentLevel' has LevelScriptBlueprint '/Game/FirstPersonBP/Maps/FirstPersonExampleMap.FirstPersonExampleMap:PersistentLevel.FirstPersonExampleMap' with GeneratedClass '/Game/FirstPersonBP/Maps/FirstPersonExampleMap.FirstPersonExampleMap_C' with ClassGeneratedBy '/Game/FirstPersonBP/Maps/FirstPersonExampleMap.FirstPersonExampleMap:PersistentLevel.FirstPersonExampleMap'
[2017.02.21-23.04.42:387][455]LogBlueprintUserMessages: Early EndPlayMap Detection: Level '/Game/FirstPersonBP/Maps/FirstPersonExampleMap.FirstPersonExampleMap:PersistentLevel' has LevelScriptBlueprint '/Game/FirstPersonBP/Maps/FirstPersonExampleMap.FirstPersonExampleMap:PersistentLevel.FirstPersonExampleMap' with GeneratedClass '/Game/FirstPersonBP/Maps/FirstPersonExampleMap.FirstPersonExampleMap_C' with ClassGeneratedBy '/Game/FirstPersonBP/Maps/FirstPersonExampleMap.FirstPersonExampleMap:PersistentLevel.FirstPersonExampleMap'
[2017.02.21-23.04.42:567][455]LogBlueprintUserMessages: Late EndPlayMap Detection: Level '/Game/FirstPersonBP/Maps/FirstPersonExampleMap.FirstPersonExampleMap:PersistentLevel' has LevelScriptBlueprint '/Game/FirstPersonBP/Maps/FirstPersonExampleMap.FirstPersonExampleMap:PersistentLevel.FirstPersonExampleMap' with GeneratedClass '/Game/FirstPersonBP/Maps/FirstPersonExampleMap.FirstPersonExampleMap_C' with ClassGeneratedBy '/Game/FirstPersonBP/Maps/FirstPersonExampleMap.FirstPersonExampleMap:PersistentLevel.FirstPersonExampleMap'
[2017.02.21-23.04.46:885][920]LogEditorViewport: Clicking on Actor (LMB): FirstPersonCharacter_C (FirstPersonCharacter)
[2017.02.21-23.05.02:057][108]LogTexture:Display: Building textures: T_UDK_Sky_CloudMask01_N (AutoDXT)
[2017.02.21-23.05.05:419][108]LogSkeletalMesh: InitArticulated: Bodies already created (/Engine/Transient.DebugSkelMeshComponent_0) - call TermArticulated first.
[2017.02.21-23.05.14:932][668]LogContentBrowser: Native class hierarchy updated for 'BlueprintGraph' in 0.0013 seconds. Added 111 classes and 0 folders.
[2017.02.21-23.05.19:393][765]LogRenderer: Reallocating scene render targets to support 1208x704 (Frame:12541).
[2017.02.21-23.05.48:409][266]LogTexture:Display: Building textures: T_Lamp_N (BC5)
[2017.02.21-23.05.49:221][266]LogTexture:Display: Building textures: T_Lamp_M (AutoDXT)
[2017.02.21-23.06.27:911][231]BlueprintLog: New page: Compile FirstPersonCharacter
[2017.02.21-23.06.28:450][231]BlueprintEditorCompileResults: Info [0685.70] Compile of FirstPersonCharacter successful! [in 538 ms] (/Game/FirstPersonBP/Blueprints/FirstPersonCharacter.FirstPersonCharacter)
[2017.02.21-23.06.30:948][387]LogBlueprintUserMessages: Early PlayInEditor Detection: Level '/Game/FirstPersonBP/Maps/FirstPersonExampleMap.FirstPersonExampleMap:PersistentLevel' has LevelScriptBlueprint '/Game/FirstPersonBP/Maps/FirstPersonExampleMap.FirstPersonExampleMap:PersistentLevel.FirstPersonExampleMap' with GeneratedClass '/Game/FirstPersonBP/Maps/FirstPersonExampleMap.FirstPersonExampleMap_C' with ClassGeneratedBy '/Game/FirstPersonBP/Maps/FirstPersonExampleMap.FirstPersonExampleMap:PersistentLevel.FirstPersonExampleMap'
[2017.02.21-23.06.30:948][387]LogPlayLevel: PlayLevel: No blueprints needed recompiling
[2017.02.21-23.06.30:948][387]PIE: New page: PIE session: FirstPersonExampleMap (21 Feb 2017 23:06:30)
[2017.02.21-23.06.30:948][387]LogPlayLevel: Creating play world package: /Game/FirstPersonBP/Maps/UEDPIE_0_FirstPersonExampleMap
[2017.02.21-23.06.30:989][387]LogPlayLevel: PIE: StaticDuplicateObject took: (0.040500s)
[2017.02.21-23.06.30:991][387]LogAIModule: Creating AISystem for world FirstPersonExampleMap
[2017.02.21-23.06.30:991][387]LogPlayLevel: PIE: World Init took: (0.001868s)
[2017.02.21-23.06.30:991][387]LogPlayLevel: PIE: Created PIE world by copying editor world from /Game/FirstPersonBP/Maps/FirstPersonExampleMap.FirstPersonExampleMap to /Game/FirstPersonBP/Maps/UEDPIE_0_FirstPersonExampleMap.FirstPersonExampleMap (0.042934s)
[2017.02.21-23.06.31:185][387]LogInit: XAudio2 using 'Speakers (3- Corsair HS40 USB Gaming Headset)' : 8 channels at 44.1 kHz using 16 bits per sample (channel mask 0x63f)
[2017.02.21-23.06.31:197][387]LogInit: FAudioDevice initialized.
[2017.02.21-23.06.31:259][387]LogWorld: Game class is 'FirstPersonGameMode_C'
[2017.02.21-23.06.31:267][387]LogWorld: Bringing World /Game/FirstPersonBP/Maps/UEDPIE_0_FirstPersonExampleMap.FirstPersonExampleMap up for play (max tick rate 0) at 2017.02.21-23.06.31
[2017.02.21-23.06.31:268][387]LogWorld: Bringing up level for play took: 0.007060
[2017.02.21-23.06.31:270][387]PIE: Info Play in editor start time for /Game/FirstPersonBP/Maps/UEDPIE_0_FirstPersonExampleMap 0.446
[2017.02.21-23.06.31:270][387]LogBlueprintUserMessages: Late PlayInEditor Detection: Level '/Game/FirstPersonBP/Maps/FirstPersonExampleMap.FirstPersonExampleMap:PersistentLevel' has LevelScriptBlueprint '/Game/FirstPersonBP/Maps/FirstPersonExampleMap.FirstPersonExampleMap:PersistentLevel.FirstPersonExampleMap' with GeneratedClass '/Game/FirstPersonBP/Maps/FirstPersonExampleMap.FirstPersonExampleMap_C' with ClassGeneratedBy '/Game/FirstPersonBP/Maps/FirstPersonExampleMap.FirstPersonExampleMap:PersistentLevel.FirstPersonExampleMap'
[2017.02.21-23.06.34:883][813]LogBlueprintUserMessages: Early EndPlayMap Detection: Level '/Game/FirstPersonBP/Maps/FirstPersonExampleMap.FirstPersonExampleMap:PersistentLevel' has LevelScriptBlueprint '/Game/FirstPersonBP/Maps/FirstPersonExampleMap.FirstPersonExampleMap:PersistentLevel.FirstPersonExampleMap' with GeneratedClass '/Game/FirstPersonBP/Maps/FirstPersonExampleMap.FirstPersonExampleMap_C' with ClassGeneratedBy '/Game/FirstPersonBP/Maps/FirstPersonExampleMap.FirstPersonExampleMap:PersistentLevel.FirstPersonExampleMap'
[2017.02.21-23.06.34:967][813]LogBlueprintUserMessages: Late EndPlayMap Detection: Level '/Game/FirstPersonBP/Maps/FirstPersonExampleMap.FirstPersonExampleMap:PersistentLevel' has LevelScriptBlueprint '/Game/FirstPersonBP/Maps/FirstPersonExampleMap.FirstPersonExampleMap:PersistentLevel.FirstPersonExampleMap' with GeneratedClass '/Game/FirstPersonBP/Maps/FirstPersonExampleMap.FirstPersonExampleMap_C' with ClassGeneratedBy '/Game/FirstPersonBP/Maps/FirstPersonExampleMap.FirstPersonExampleMap:PersistentLevel.FirstPersonExampleMap'
[2017.02.21-23.06.41:259][ 46]LogSavePackage: Save=2758.53ms
[2017.02.21-23.06.41:259][ 46]LogSavePackage: Moving '../../../../../../Users/Jack/Documents/Uni Folder/comp140-gam160-game/FPSMEME/Saved/FirstPersonExampleMap84C21FBC4DA63EDAA7F4719BB0E00A3D.tmp' to '../../../../../../Users/Jack/Documents/Uni Folder/comp140-gam160-game/FPSMEME/Content/FirstPersonBP/Maps/FirstPersonExampleMap.umap'
[2017.02.21-23.06.41:277][ 46]LogSavePackage:Display: Finished SavePackage ../../../../../../Users/Jack/Documents/Uni Folder/comp140-gam160-game/FPSMEME/Content/FirstPersonBP/Maps/FirstPersonExampleMap.umap
[2017.02.21-23.06.46:775][367]LogSavePackage: Save=174.03ms
[2017.02.21-23.06.46:775][367]LogSavePackage: Moving '../../../../../../Users/Jack/Documents/Uni Folder/comp140-gam160-game/FPSMEME/Saved/FirstPersonCharacter3B4B4BE54367E34AF84C9EAA9359B976.tmp' to '../../../../../../Users/Jack/Documents/Uni Folder/comp140-gam160-game/FPSMEME/Content/FirstPersonBP/Blueprints/FirstPersonCharacter.uasset'
[2017.02.21-23.06.46:786][367]LogSavePackage:Display: Finished SavePackage ../../../../../../Users/Jack/Documents/Uni Folder/comp140-gam160-game/FPSMEME/Content/FirstPersonBP/Blueprints/FirstPersonCharacter.uasset
[2017.02.21-23.06.46:889][367]LogWindowsTextInputMethodSystem:Display: IME system now deactivated.
[2017.02.21-23.06.47:174][368]Cmd: QUIT_EDITOR
[2017.02.21-23.06.47:727][368]LogExit: Preparing to exit.
[2017.02.21-23.06.48:453][368]LogExit: Editor shut down
[2017.02.21-23.06.48:455][368]LogExit: Transaction tracking system shut down
[2017.02.21-23.06.50:260][368]LogObj: Freed 0b from 0 cluster array pools.
[2017.02.21-23.06.50:260][368]LogExit: Object subsystem successfully closed.
[2017.02.21-23.06.50:520][368]LogD3D11RHI: Shutdown
[2017.02.21-23.06.50:528][368]LogD3D11RHI: CleanupD3DDevice
[2017.02.21-23.06.50:829][368]LogD3D11RHI: ~FD3D11DynamicRHI
[2017.02.21-23.06.51:513][368]LogModuleManager: Shutting down and abandoning module HierarchicalLODUtilities (217)
[2017.02.21-23.06.51:513][368]LogModuleManager: Shutting down and abandoning module BlueprintGraph (216)
[2017.02.21-23.06.51:513][368]LogModuleManager: Shutting down and abandoning module MovieSceneCapture (215)
[2017.02.21-23.06.51:513][368]LogModuleManager: Shutting down and abandoning module SynthBenchmark (214)
[2017.02.21-23.06.51:513][368]LogModuleManager: Shutting down and abandoning module HierarchicalLODOutliner (213)
[2017.02.21-23.06.51:525][368]LogModuleManager: Shutting down and abandoning module CrashTracker (212)
[2017.02.21-23.06.51:525][368]LogModuleManager: Shutting down and abandoning module SceneOutliner (211)
[2017.02.21-23.06.51:525][368]LogModuleManager: Shutting down and abandoning module WidgetCarousel (210)
[2017.02.21-23.06.51:530][368]LogModuleManager: Shutting down and abandoning module AddContentDialog (209)
[2017.02.21-23.06.51:537][368]LogModuleManager: Shutting down and abandoning module GameplayTags (208)
[2017.02.21-23.06.51:537][368]LogModuleManager: Shutting down and abandoning module EditorWidgets (207)
[2017.02.21-23.06.51:537][368]LogModuleManager: Shutting down and abandoning module CollectionManager (206)
[2017.02.21-23.06.51:560][368]LogModuleManager: Shutting down and abandoning module StatsViewer (205)
[2017.02.21-23.06.51:589][368]LogModuleManager: Shutting down and abandoning module FoliageEdit (204)
[2017.02.21-23.06.51:590][368]LogModuleManager: Shutting down and abandoning module LandscapeEditor (203)
[2017.02.21-23.06.51:590][368]LogModuleManager: Shutting down and abandoning module SceneDepthPickerMode (202)
[2017.02.21-23.06.51:590][368]LogModuleManager: Shutting down and abandoning module ActorPickerMode (201)
[2017.02.21-23.06.51:590][368]LogModuleManager: Shutting down and abandoning module GeometryMode (200)
[2017.02.21-23.06.51:590][368]LogModuleManager: Shutting down and abandoning module TextureAlignMode (199)
[2017.02.21-23.06.51:590][368]LogModuleManager: Shutting down and abandoning module BspMode (198)
[2017.02.21-23.06.51:607][368]LogModuleManager: Shutting down and abandoning module HardwareSurvey (197)
[2017.02.21-23.06.51:607][368]LogModuleManager: Shutting down and abandoning module SequenceRecorderSections (196)
[2017.02.21-23.06.51:607][368]LogModuleManager: Shutting down and abandoning module SequenceRecorder (195)
[2017.02.21-23.06.51:615][368]LogModuleManager: Shutting down and abandoning module AutomationWorker (194)
[2017.02.21-23.06.51:615][368]LogModuleManager: Shutting down and abandoning module MatineeToLevelSequence (193)
[2017.02.21-23.06.51:615][368]LogModuleManager: Shutting down and abandoning module PlacementMode (192)
[2017.02.21-23.06.51:629][368]LogModuleManager: Shutting down and abandoning module LevelSequenceEditor (191)
[2017.02.21-23.06.51:673][368]LogModuleManager: Shutting down and abandoning module CharacterAI (190)
[2017.02.21-23.06.51:673][368]LogModuleManager: Shutting down and abandoning module SmartSnapping (189)
[2017.02.21-23.06.51:673][368]LogModuleManager: Shutting down and abandoning module SessionServices (188)
[2017.02.21-23.06.51:673][368]LogModuleManager: Shutting down and abandoning module ViewportSnapping (187)
[2017.02.21-23.06.51:673][368]LogModuleManager: Shutting down and abandoning module LogVisualizer (186)
[2017.02.21-23.06.51:674][368]LogModuleManager: Shutting down and abandoning module GameProjectGeneration (185)
[2017.02.21-23.06.51:697][368]LogModuleManager: Shutting down and abandoning module IntroTutorials (184)
[2017.02.21-23.06.51:698][368]LogModuleManager: Shutting down and abandoning module EditorLiveStreaming (183)
[2017.02.21-23.06.51:698][368]LogModuleManager: Shutting down and abandoning module IOSPlatformEditor (182)
[2017.02.21-23.06.51:707][368]LogModuleManager: Shutting down and abandoning module HTML5PlatformEditor (181)
[2017.02.21-23.06.51:707][368]LogModuleManager: Shutting down and abandoning module AndroidDeviceDetection (180)
[2017.02.21-23.06.52:170][368]LogModuleManager: Shutting down and abandoning module AndroidPlatformEditor (179)
[2017.02.21-23.06.52:185][368]LogModuleManager: Shutting down and abandoning module IOSRuntimeSettings (178)
[2017.02.21-23.06.52:185][368]LogModuleManager: Shutting down and abandoning module AndroidRuntimeSettings (177)
[2017.02.21-23.06.52:185][368]LogModuleManager: Shutting down and abandoning module MergeActors (176)
[2017.02.21-23.06.52:212][368]LogModuleManager: Shutting down and abandoning module SizeMap (175)
[2017.02.21-23.06.52:212][368]LogModuleManager: Shutting down and abandoning module TreeMap (174)
[2017.02.21-23.06.52:227][368]LogModuleManager: Shutting down and abandoning module ReferenceViewer (173)
[2017.02.21-23.06.52:236][368]LogModuleManager: Shutting down and abandoning module LocalizationService (172)
[2017.02.21-23.06.52:253][368]LogModuleManager: Shutting down and abandoning module LocalizationDashboard (171)
[2017.02.21-23.06.52:264][368]LogModuleManager: Shutting down and abandoning module HardwareTargeting (170)
[2017.02.21-23.06.52:270][368]LogModuleManager: Shutting down and abandoning module DeviceProfileEditor (169)
[2017.02.21-23.06.52:309][368]LogModuleManager: Shutting down and abandoning module UndoHistory (168)
[2017.02.21-23.06.52:315][368]LogModuleManager: Shutting down and abandoning module UserFeedback (167)
[2017.02.21-23.06.52:315][368]LogModuleManager: Shutting down and abandoning module XmlParser (166)
[2017.02.21-23.06.52:315][368]LogModuleManager: Shutting down and abandoning module Blutility (165)
[2017.02.21-23.06.52:326][368]LogModuleManager: Shutting down and abandoning module ProjectTargetPlatformEditor (164)
[2017.02.21-23.06.52:336][368]LogModuleManager: Shutting down and abandoning module ProjectSettingsViewer (163)
[2017.02.21-23.06.52:336][368]LogModuleManager: Shutting down and abandoning module InputBindingEditor (162)
[2017.02.21-23.06.52:345][368]LogModuleManager: Shutting down and abandoning module EditorSettingsViewer (161)
[2017.02.21-23.06.52:345][368]LogModuleManager: Shutting down and abandoning module SettingsEditor (160)
[2017.02.21-23.06.52:406][368]LogModuleManager: Shutting down and abandoning module ProjectLauncher (159)
[2017.02.21-23.06.52:424][368]LogModuleManager: Shutting down and abandoning module SessionFrontend (158)
[2017.02.21-23.06.52:453][368]LogModuleManager: Shutting down and abandoning module ProfilerClient (157)
[2017.02.21-23.06.52:483][368]LogModuleManager: Shutting down and abandoning module TargetDeviceServices (156)
[2017.02.21-23.06.52:483][368]LogModuleManager: Shutting down and abandoning module DeviceManager (155)
[2017.02.21-23.06.52:543][368]LogModuleManager: Shutting down and abandoning module AutomationController (154)
[2017.02.21-23.06.52:561][368]LogModuleManager: Shutting down and abandoning module AutomationWindow (153)
[2017.02.21-23.06.52:587][368]LogModuleManager: Shutting down and abandoning module Layers (152)
[2017.02.21-23.06.52:605][368]LogModuleManager: Shutting down and abandoning module ComponentVisualizers (151)
[2017.02.21-23.06.52:605][368]LogModuleManager: Shutting down and abandoning module DetailCustomizations (150)
[2017.02.21-23.06.52:606][368]LogModuleManager: Shutting down and abandoning module PackagesDialog (149)
[2017.02.21-23.06.52:606][368]LogModuleManager: Shutting down and abandoning module Persona (148)
[2017.02.21-23.06.52:606][368]LogModuleManager: Shutting down and abandoning module Kismet (147)
[2017.02.21-23.06.52:616][368]LogModuleManager: Shutting down and abandoning module GraphEditor (146)
[2017.02.21-23.06.52:616][368]LogModuleManager: Shutting down and abandoning module ClassViewer (145)
[2017.02.21-23.06.52:636][368]LogModuleManager: Shutting down and abandoning module Toolbox (144)
[2017.02.21-23.06.52:646][368]LogModuleManager: Shutting down and abandoning module ModuleUI (143)
[2017.02.21-23.06.52:670][368]LogModuleManager: Shutting down and abandoning module MovieSceneTools (142)
[2017.02.21-23.06.52:698][368]LogModuleManager: Shutting down and abandoning module OutputLog (141)
[2017.02.21-23.06.52:709][368]LogModuleManager: Shutting down and abandoning module GammaUI (140)
[2017.02.21-23.06.52:745][368]LogModuleManager: Shutting down and abandoning module Documentation (139)
[2017.02.21-23.06.52:745][368]LogModuleManager: Shutting down and abandoning module StreamingPauseRendering (138)
[2017.02.21-23.06.52:745][368]LogModuleManager: Shutting down and abandoning module AnalyticsET (137)
[2017.02.21-23.06.52:745][368]LogModuleManager: Shutting down and abandoning module Analytics (136)
[2017.02.21-23.06.52:745][368]LogModuleManager: Shutting down and abandoning module PortalServices (135)
[2017.02.21-23.06.52:745][368]LogModuleManager: Shutting down and abandoning module PortalRpc (134)
[2017.02.21-23.06.52:745][368]LogModuleManager: Shutting down and abandoning module MessagingRpc (133)
[2017.02.21-23.06.52:746][368]LogModuleManager: Shutting down and abandoning module GameplayDebugger (132)
[2017.02.21-23.06.52:746][368]LogModuleManager: Shutting down and abandoning module AITestSuite (131)
[2017.02.21-23.06.52:753][368]LogModuleManager: Shutting down and abandoning module AIModule (130)
[2017.02.21-23.06.52:753][368]LogModuleManager: Shutting down and abandoning module ProfilerService (129)
[2017.02.21-23.06.52:971][368]LogModuleManager: Shutting down and abandoning module TaskGraph (128)
[2017.02.21-23.06.52:994][368]LogModuleManager: Shutting down and abandoning module SlateRemote (127)
[2017.02.21-23.06.52:994][368]LogModuleManager: Shutting down and abandoning module SteamVRController (126)
[2017.02.21-23.06.52:994][368]LogModuleManager: Shutting down and abandoning module SteamVR (125)
[2017.02.21-23.06.52:994][368]LogModuleManager: Shutting down and abandoning module ProceduralMeshComponent (124)
[2017.02.21-23.06.52:994][368]LogModuleManager: Shutting down and abandoning module OculusLibrary (123)
[2017.02.21-23.06.52:994][368]LogModuleManager: Shutting down and abandoning module OculusInput (122)
[2017.02.21-23.06.52:994][368]LogModuleManager: Shutting down and abandoning module CustomMeshComponent (121)
[2017.02.21-23.06.53:005][368]LogModuleManager: Shutting down and abandoning module CableComponent (120)
[2017.02.21-23.06.53:005][368]LogModuleManager: Shutting down and abandoning module ArchVisCharacter (119)
[2017.02.21-23.06.53:005][368]LogModuleManager: Shutting down and abandoning module MediaPlayerEditor (118)
[2017.02.21-23.06.53:047][368]LogModuleManager: Shutting down and abandoning module HTML5Networking (117)
[2017.02.21-23.06.53:047][368]LogModuleManager: Shutting down and abandoning module SuperSearch (116)
[2017.02.21-23.06.53:047][368]LogModuleManager: Shutting down and abandoning module SuperSearchEditor (115)
[2017.02.21-23.06.53:047][368]LogModuleManager: Shutting down and abandoning module SpeedTreeImporter (114)
[2017.02.21-23.06.53:047][368]LogModuleManager: Shutting down and abandoning module PluginBrowser (113)
[2017.02.21-23.06.53:063][368]LogModuleManager: Shutting down and abandoning module EpicSurvey (112)
[2017.02.21-23.06.53:063][368]LogModuleManager: Shutting down and abandoning module DesktopPlatform (111)
[2017.02.21-23.06.53:082][368]LogModuleManager: Shutting down and abandoning module VisualStudioSourceCodeAccess (110)
[2017.02.21-23.06.53:083][368]LogModuleManager: Shutting down and abandoning module UObjectPlugin (109)
[2017.02.21-23.06.53:083][368]LogModuleManager: Shutting down and abandoning module SubversionSourceControl (108)
[2017.02.21-23.06.53:104][368]LogModuleManager: Shutting down and abandoning module PerforceSourceControl (107)
[2017.02.21-23.06.53:122][368]LogModuleManager: Shutting down and abandoning module SourceControl (106)
[2017.02.21-23.06.53:143][368]LogModuleManager: Shutting down and abandoning module GitSourceControl (105)
[2017.02.21-23.06.53:159][368]LogModuleManager: Shutting down and abandoning module LightPropagationVolumeEditor (104)
[2017.02.21-23.06.53:159][368]LogModuleManager: Shutting down and abandoning module PaperTiledImporter (103)
[2017.02.21-23.06.53:171][368]LogModuleManager: Shutting down and abandoning module PaperSpriteSheetImporter (102)
[2017.02.21-23.06.53:171][368]LogModuleManager: Shutting down and abandoning module MeshPaint (101)
[2017.02.21-23.06.53:178][368]LogModuleManager: Shutting down and abandoning module PixelInspectorModule (100)
[2017.02.21-23.06.53:193][368]LogModuleManager: Shutting down and abandoning module HotReload (99)
[2017.02.21-23.06.53:194][368]LogModuleManager: Shutting down and abandoning module MainFrame (98)
[2017.02.21-23.06.53:202][368]LogModuleManager: Shutting down and abandoning module LevelEditor (97)
[2017.02.21-23.06.53:203][368]LogModuleManager: Shutting down and abandoning module ContentBrowser (96)
[2017.02.21-23.06.53:204][368]LogModuleManager: Shutting down and abandoning module Paper2DEditor (95)
[2017.02.21-23.06.53:228][368]LogModuleManager: Shutting down and abandoning module UdpMessaging (94)
[2017.02.21-23.06.53:329][368]LogModuleManager: Shutting down and abandoning module LightPropagationVolumeRuntime (93)
[2017.02.21-23.06.53:329][368]LogModuleManager: Shutting down and abandoning module Paper2D (92)
[2017.02.21-23.06.53:346][368]LogModuleManager: Shutting down and abandoning module WindowsMoviePlayer (91)
[2017.02.21-23.06.53:346][368]LogModuleManager: Shutting down and abandoning module Media (90)
[2017.02.21-23.06.53:346][368]LogModuleManager: Shutting down and abandoning module WmfMedia (89)
[2017.02.21-23.06.53:353][368]LogModuleManager: Shutting down and abandoning module MediaAssets (88)
[2017.02.21-23.06.53:353][368]LogModuleManager: Shutting down and abandoning module GameLiveStreaming (87)
[2017.02.21-23.06.53:353][368]LogModuleManager: Shutting down and abandoning module GameplayTagsEditor (86)
[2017.02.21-23.06.53:353][368]LogModuleManager: Shutting down and abandoning module OnlineBlueprintSupport (85)
[2017.02.21-23.06.53:353][368]LogModuleManager: Shutting down and abandoning module VREditor (84)
[2017.02.21-23.06.53:364][368]LogModuleManager: Shutting down and abandoning module GameplayTasksEditor (83)
[2017.02.21-23.06.53:364][368]LogModuleManager: Shutting down and abandoning module PropertyEditor (82)
[2017.02.21-23.06.53:365][368]LogModuleManager: Shutting down and abandoning module BehaviorTreeEditor (81)
[2017.02.21-23.06.53:401][368]LogModuleManager: Shutting down and abandoning module FunctionalTesting (80)
[2017.02.21-23.06.53:401][368]LogModuleManager: Shutting down and abandoning module CollisionAnalyzer (79)
[2017.02.21-23.06.53:472][368]LogModuleManager: Shutting down and abandoning module Sequencer (78)
[2017.02.21-23.06.53:539][368]LogModuleManager: Shutting down and abandoning module WorkspaceMenuStructure (77)
[2017.02.21-23.06.53:539][368]LogModuleManager: Shutting down and abandoning module MessageLog (76)
[2017.02.21-23.06.53:539][368]LogModuleManager: Shutting down and abandoning module AssetTools (75)
[2017.02.21-23.06.53:678][368]LogModuleManager: Shutting down and abandoning module UMGEditor (74)
[2017.02.21-23.06.53:739][368]LogModuleManager: Shutting down and abandoning module UMG (73)
[2017.02.21-23.06.53:804][368]LogModuleManager: Shutting down and abandoning module SlateReflector (72)
[2017.02.21-23.06.53:984][368]LogModuleManager: Shutting down and abandoning module Slate (71)
[2017.02.21-23.06.53:984][368]LogModuleManager: Shutting down and abandoning module EditorStyle (70)
[2017.02.21-23.06.53:988][368]LogModuleManager: Shutting down and abandoning module SourceCodeAccess (69)
[2017.02.21-23.06.53:988][368]LogModuleManager: Shutting down and abandoning module HeadMountedDisplay (68)
[2017.02.21-23.06.53:988][368]LogModuleManager: Shutting down and abandoning module XAudio2 (67)
[2017.02.21-23.06.53:988][368]LogModuleManager: Shutting down and abandoning module Networking (65)
[2017.02.21-23.06.53:988][368]LogModuleManager: Shutting down and abandoning module Core (64)
[2017.02.21-23.06.53:988][368]LogModuleManager: Shutting down and abandoning module DirectoryWatcher (63)
[2017.02.21-23.06.54:013][368]LogModuleManager: Shutting down and abandoning module AssetRegistry (62)
[2017.02.21-23.06.54:262][368]LogModuleManager: Shutting down and abandoning module KismetCompiler (61)
[2017.02.21-23.06.54:262][368]LogModuleManager: Shutting down and abandoning module PhysXFormats (60)
[2017.02.21-23.06.54:262][368]LogModuleManager: Shutting down and abandoning module MeshUtilities (59)
[2017.02.21-23.06.54:294][368]LogModuleManager: Shutting down and abandoning module DerivedDataCache (58)
[2017.02.21-23.06.54:319][368]LogDerivedDataCache: Shutdown
[2017.02.21-23.06.54:319][368]LogModuleManager: Shutting down and abandoning module VulkanShaderFormat (57)
[2017.02.21-23.06.54:331][368]LogModuleManager: Shutting down and abandoning module ShaderFormatOpenGL (56)
[2017.02.21-23.06.54:354][368]LogModuleManager: Shutting down and abandoning module ShaderFormatD3D (55)
[2017.02.21-23.06.54:354][368]LogModuleManager: Shutting down and abandoning module MetalShaderFormat (54)
[2017.02.21-23.06.54:388][368]LogModuleManager: Shutting down and abandoning module TextureFormatUncompressed (53)
[2017.02.21-23.06.54:388][368]LogModuleManager: Shutting down and abandoning module TextureFormatPVR (52)
[2017.02.21-23.06.54:388][368]LogModuleManager: Shutting down and abandoning module TextureFormatIntelISPCTexComp (51)
[2017.02.21-23.06.54:388][368]LogModuleManager: Shutting down and abandoning module TextureFormatDXT (50)
[2017.02.21-23.06.54:388][368]LogModuleManager: Shutting down and abandoning module ImageWrapper (49)
[2017.02.21-23.06.54:388][368]LogModuleManager: Shutting down and abandoning module TextureFormatASTC (48)
[2017.02.21-23.06.54:388][368]LogModuleManager: Shutting down and abandoning module TextureFormatAndroid (47)
[2017.02.21-23.06.54:388][368]LogModuleManager: Shutting down and abandoning module AudioFormatOpus (46)
[2017.02.21-23.06.54:411][368]LogModuleManager: Shutting down and abandoning module AudioFormatOgg (45)
[2017.02.21-23.06.54:411][368]LogModuleManager: Shutting down and abandoning module AudioFormatADPCM (44)
[2017.02.21-23.06.54:411][368]LogModuleManager: Shutting down and abandoning module LinuxTargetPlatform (43)
[2017.02.21-23.06.54:411][368]LogModuleManager: Shutting down and abandoning module LinuxServerTargetPlatform (42)
[2017.02.21-23.06.54:411][368]LogModuleManager: Shutting down and abandoning module LinuxNoEditorTargetPlatform (41)
[2017.02.21-23.06.54:411][368]LogModuleManager: Shutting down and abandoning module TVOSTargetPlatform (40)
[2017.02.21-23.06.54:411][368]LogModuleManager: Shutting down and abandoning module Messaging (39)
[2017.02.21-23.06.54:411][368]LogModuleManager: Shutting down and abandoning module IOSTargetPlatform (38)
[2017.02.21-23.06.54:412][368]LogModuleManager: Shutting down and abandoning module HTML5TargetPlatform (37)
[2017.02.21-23.06.54:412][368]LogModuleManager: Shutting down and abandoning module Android_PVRTCTargetPlatform (36)
[2017.02.21-23.06.54:412][368]LogModuleManager: Shutting down and abandoning module Android_MultiTargetPlatform (35)
[2017.02.21-23.06.54:412][368]LogModuleManager: Shutting down and abandoning module Android_ETC2TargetPlatform (34)
[2017.02.21-23.06.54:412][368]LogModuleManager: Shutting down and abandoning module Android_ETC1TargetPlatform (33)
[2017.02.21-23.06.54:412][368]LogModuleManager: Shutting down and abandoning module Android_DXTTargetPlatform (32)
[2017.02.21-23.06.54:412][368]LogModuleManager: Shutting down and abandoning module Android_ATCTargetPlatform (31)
[2017.02.21-23.06.54:412][368]LogModuleManager: Shutting down and abandoning module Android_ASTCTargetPlatform (30)
[2017.02.21-23.06.54:412][368]LogModuleManager: Shutting down and abandoning module AndroidTargetPlatform (29)
[2017.02.21-23.06.54:412][368]LogModuleManager: Shutting down and abandoning module WindowsTargetPlatform (28)
[2017.02.21-23.06.54:412][368]LogModuleManager: Shutting down and abandoning module WindowsServerTargetPlatform (27)
[2017.02.21-23.06.54:412][368]LogModuleManager: Shutting down and abandoning module WindowsNoEditorTargetPlatform (26)
[2017.02.21-23.06.54:412][368]LogModuleManager: Shutting down and abandoning module WindowsClientTargetPlatform (25)
[2017.02.21-23.06.54:412][368]LogModuleManager: Shutting down and abandoning module AllDesktopTargetPlatform (24)
[2017.02.21-23.06.54:412][368]LogModuleManager: Shutting down and abandoning module TargetPlatform (23)
[2017.02.21-23.06.54:421][368]LogModuleManager: Shutting down and abandoning module InputCore (22)
[2017.02.21-23.06.54:421][368]LogModuleManager: Shutting down and abandoning module Settings (21)
[2017.02.21-23.06.54:421][368]LogModuleManager: Shutting down and abandoning module OnlineSubsystem (19)
[2017.02.21-23.06.54:421][368]LogModuleManager: Shutting down and abandoning module HTTP (18)
[2017.02.21-23.06.55:923][368]LogModuleManager: Shutting down and abandoning module XMPP (17)
[2017.02.21-23.06.55:951][368]LogModuleManager: Shutting down and abandoning module OculusRift (16)
[2017.02.21-23.06.55:963][368]LogModuleManager: Shutting down and abandoning module ExampleDeviceProfileSelector (15)
[2017.02.21-23.06.55:963][368]LogModuleManager: Shutting down and abandoning module TextureCompressor (14)
[2017.02.21-23.06.55:963][368]LogModuleManager: Shutting down and abandoning module ShaderCore (13)
[2017.02.21-23.06.55:963][368]LogModuleManager: Shutting down and abandoning module Landscape (12)
[2017.02.21-23.06.55:963][368]LogModuleManager: Shutting down and abandoning module SlateRHIRenderer (11)
[2017.02.21-23.06.55:983][368]LogModuleManager: Shutting down and abandoning module OpenGLDrv (10)
[2017.02.21-23.06.56:005][368]LogModuleManager: Shutting down and abandoning module D3D11RHI (9)
[2017.02.21-23.06.56:005][368]LogModuleManager: Shutting down and abandoning module AnimGraphRuntime (8)
[2017.02.21-23.06.56:005][368]LogModuleManager: Shutting down and abandoning module Renderer (7)
[2017.02.21-23.06.56:005][368]LogModuleManager: Shutting down and abandoning module Engine (6)
[2017.02.21-23.06.56:005][368]LogModuleManager: Shutting down and abandoning module CoreUObject (5)
[2017.02.21-23.06.56:005][368]LogModuleManager: Shutting down and abandoning module NetworkFile (4)
[2017.02.21-23.06.56:028][368]LogModuleManager: Shutting down and abandoning module StreamingFile (3)
[2017.02.21-23.06.56:028][368]LogModuleManager: Shutting down and abandoning module SandboxFile (2)
[2017.02.21-23.06.56:038][368]LogModuleManager: Shutting down and abandoning module PakFile (1)
[2017.02.21-23.06.56:060][368]LogExit: Exiting.
[2017.02.21-23.06.56:085][368]Log file closed, 02/21/17 23:06:56
