Log file open, 03/20/17 13:58:38
LogInit:Display: Running engine for game: FPSMEME
LogPlatformFile: Not using cached read wrapper
LogInit:Display: RandInit(-1268258588) SRandInit(-1268258585).
LogTaskGraph: Started task graph with 4 named threads and 5 total threads with 1 sets of task threads.
LogStats: Stats thread started at 0.167860
LogInit: Version: 4.12.5-0+UE4
LogInit: API Version: 0
LogInit: Net Version: 0
LogDevObjectVersion: Number of dev versions registered: 13
LogDevObjectVersion:   Dev-Blueprints (B0D832E4-1F89-4F0D-ACCF-7EB736FD4AA2): 3
LogDevObjectVersion:   Dev-Build (E1C64328-A22C-4D53-A36C-8E866417BD8C): 0
LogDevObjectVersion:   Dev-Core (375EC13C-06E4-48FB-B500-84F0262A717E): 1
LogDevObjectVersion:   Dev-Editor (E4B068ED-F494-42E9-A231-DA0B2E46BB41): 2
LogDevObjectVersion:   Dev-Framework (CFFC743F-43B0-4480-9391-14DF171D2073): 6
LogDevObjectVersion:   Dev-Mobile (B02B49B5-BB20-44E9-A304-32B752E40360): 0
LogDevObjectVersion:   Dev-Networking (A4E4105C-59A1-49B5-A7C5-40C4547EDFEE): 0
LogDevObjectVersion:   Dev-Online (39C831C9-5AE6-47DC-9A44-9C173E1C8E7C): 0
LogDevObjectVersion:   Dev-Physics (78F01B33-EBEA-4F98-B9B4-84EACCB95AA2): 0
LogDevObjectVersion:   Dev-Platform (6631380F-2D4D-43E0-8009-CF276956A95A): 0
LogDevObjectVersion:   Dev-Rendering (12F88B9F-8875-4AFC-A67C-D90C383ABD29): 2
LogDevObjectVersion:   Dev-Sequencer (7B5AE74C-D270-4C10-A958-57980B212A5A): 0
LogDevObjectVersion:   Dev-VR (D7296918-1DD6-4BDD-9DE2-64A83CC13884): 0
LogInit: Compiled (64-bit): Aug 25 2016 13:31:26
LogInit: Compiled with Visual C++: 19.00.24213.01
LogInit: Build Configuration: Development
LogInit: Branch Name: UE4
LogInit: Command line:  
LogInit: Base directory: C:/Unreal Engine 4.12/Engine/Binaries/Win64/
LogInit: Installed Engine Build: 0
LogInit: Using libcurl 7.41.0
LogInit:  - built for x86_64-pc-win32
LogInit:  - supports SSL with WinSSL
LogInit:  - other features:
LogInit:      CURL_VERSION_SSL
LogInit:      CURL_VERSION_IPV6
LogInit:      CURL_VERSION_ASYNCHDNS
LogInit:      CURL_VERSION_LARGEFILE
LogInit:      CURL_VERSION_IDN
LogInit:  CurlRequestOptions (configurable via config and command line):
LogInit:  - bVerifyPeer = true  - Libcurl will verify peer certificate
LogInit:  - bUseHttpProxy = false  - Libcurl will NOT use HTTP proxy
LogInit:  - bDontReuseConnections = false  - Libcurl will reuse connections
LogInit:  - CertBundlePath = nullptr  - Libcurl will use whatever was configured at build time.
LogInit: Presizing for max 8388607 objects, including 0 objects not considered by GC, pre-allocating 0 bytes for permanent pool.
LogInit: Object subsystem initialized
[2017.03.20-13.58.39:096][  0]LogInit: Selected Device Profile: [Windows]
[2017.03.20-13.58.39:096][  0]LogInit: Applying CVar settings loaded from the selected device profile: [Windows]
[2017.03.20-13.58.39:105][  0]LogInit: Computer: PENGAME-59035
[2017.03.20-13.58.39:105][  0]LogInit: User: JM192929
[2017.03.20-13.58.39:105][  0]LogInit: CPU Page size=65536, Cores=2
[2017.03.20-13.58.39:105][  0]LogInit: High frequency timer resolution =3.507521 MHz
[2017.03.20-13.58.39:105][  0]LogMemory: Memory total: Physical=7.9GB (8GB approx)
[2017.03.20-13.58.39:105][  0]LogMemory: Platform Memory Stats for Windows
[2017.03.20-13.58.39:105][  0]LogMemory: Process Physical Memory: 190.13 MB used, 190.13 MB peak
[2017.03.20-13.58.39:105][  0]LogMemory: Process Virtual Memory: 194.61 MB used, 194.61 MB peak
[2017.03.20-13.58.39:105][  0]LogMemory: Physical Memory: 4577.57 MB used, 8134.15 MB total
[2017.03.20-13.58.39:105][  0]LogMemory: Virtual Memory: 542.52 MB used, 134217728.00 MB total
[2017.03.20-13.58.39:132][  0]LogTextLocalizationManager: No specific translations for ('en-GB') exist, so ('en') translations will be used.
[2017.03.20-13.58.39:466][  0]LogD3D11RHI: D3D11 adapters:
[2017.03.20-13.58.39:478][  0]LogD3D11RHI:    0. 'AMD Radeon(TM) R5 240' (Feature Level 11_0)
[2017.03.20-13.58.39:478][  0]LogD3D11RHI:       1006/0/4067 MB DedicatedVideo/DedicatedSystem/SharedSystem, Outputs:1, VendorId:0x1002
[2017.03.20-13.58.39:480][  0]LogD3D11RHI:    1. 'Microsoft Basic Render Driver' (Feature Level 11_0)
[2017.03.20-13.58.39:480][  0]LogD3D11RHI:       0/0/4067 MB DedicatedVideo/DedicatedSystem/SharedSystem, Outputs:0, VendorId:0x1414
[2017.03.20-13.58.39:480][  0]LogD3D11RHI: Chosen D3D11 Adapter: 0
[2017.03.20-13.58.39:485][  0]LogD3D11RHI: Creating new Direct3DDevice
[2017.03.20-13.58.39:485][  0]LogD3D11RHI:     GPU DeviceId: 0x6611 (for the marketing name, search the web for "GPU Device Id")
[2017.03.20-13.58.39:485][  0]LogWindows: EnumDisplayDevices:
[2017.03.20-13.58.39:485][  0]LogWindows:    0. 'AMD Radeon(TM) R5 240' (P:1 D:1)
[2017.03.20-13.58.39:486][  0]LogWindows:    1. 'AMD Radeon(TM) R5 240' (P:0 D:0)
[2017.03.20-13.58.39:486][  0]LogWindows: DebugString: FoundDriverCount:2 
[2017.03.20-13.58.39:486][  0]LogD3D11RHI:     Adapter Name: AMD Radeon(TM) R5 240
[2017.03.20-13.58.39:486][  0]LogD3D11RHI:   Driver Version: Crimson 15.11 (internal:15.300.1025.1001, unified:15.300.1025.1001)
[2017.03.20-13.58.39:486][  0]LogD3D11RHI:      Driver Date: 11-29-2015
[2017.03.20-13.58.39:486][  0]LogRHI: Texture pool is 704 MB (70% of 1006 MB)
[2017.03.20-13.58.39:491][  0]LogD3D11RHI: Async texture creation disabled: no driver support
[2017.03.20-13.58.39:503][  0]LogD3D11RHI: GPU Timing Frequency: 27.000000 (Debug: 2 1)
[2017.03.20-13.58.39:506][  0]LogShaderCompilers: Guid format shader working directory is 19 characters bigger than the processId version (E:/comp140-gam160-game/FPSMEME/Intermediate/Shaders/WorkingDirectory/7804/).
[2017.03.20-13.58.39:506][  0]LogShaderCompilers: Cleaned the shader compiler working directory 'C:/Users/JM192929/AppData/Local/Temp/UnrealShaderWorkingDir/7C718E0C49F9F25AB0DE1B9ECC95975D/'.
[2017.03.20-13.58.39:565][  0]LogShaderCompilers:Display: Using Local Shader Compiler.
[2017.03.20-13.58.40:950][  0]LogTemp:Display: Loaded TP AllDesktopTargetPlatform
[2017.03.20-13.58.40:956][  0]LogTemp:Display: Loaded TP WindowsClientTargetPlatform
[2017.03.20-13.58.40:962][  0]LogTemp:Display: Loaded TP WindowsNoEditorTargetPlatform
[2017.03.20-13.58.40:968][  0]LogTemp:Display: Loaded TP WindowsServerTargetPlatform
[2017.03.20-13.58.40:974][  0]LogTemp:Display: Loaded TP WindowsTargetPlatform
[2017.03.20-13.58.40:980][  0]LogTemp:Display: Loaded TP AndroidTargetPlatform
[2017.03.20-13.58.40:987][  0]LogTemp:Display: Loaded TP Android_ASTCTargetPlatform
[2017.03.20-13.58.40:992][  0]LogTemp:Display: Loaded TP Android_ATCTargetPlatform
[2017.03.20-13.58.40:998][  0]LogTemp:Display: Loaded TP Android_DXTTargetPlatform
[2017.03.20-13.58.41:003][  0]LogTemp:Display: Loaded TP Android_ETC1TargetPlatform
[2017.03.20-13.58.41:008][  0]LogTemp:Display: Loaded TP Android_ETC2TargetPlatform
[2017.03.20-13.58.41:019][  0]LogTemp:Display: Loaded TP Android_MultiTargetPlatform
[2017.03.20-13.58.41:019][  0]LogTemp:Display: Loaded TP Android_PVRTCTargetPlatform
[2017.03.20-13.58.41:019][  0]LogTemp:Display: Loaded TP HTML5TargetPlatform
[2017.03.20-13.58.41:038][  0]LogTemp:Display: Loaded TP IOSTargetPlatform
[2017.03.20-13.58.41:043][  0]LogTemp:Display: Loaded TP TVOSTargetPlatform
[2017.03.20-13.58.41:043][  0]LogTargetPlatformManager:Display: Building Assets For Windows
[2017.03.20-13.58.41:088][  0]LogDerivedDataCache:Display: Max Cache Size: 512 MB
[2017.03.20-13.58.41:133][  0]LogDerivedDataCache: Loaded boot cache 0.04s 48MB E:/comp140-gam160-game/FPSMEME/DerivedDataCache/Boot.ddc.
[2017.03.20-13.58.41:133][  0]LogDerivedDataCache:Display: Loaded Boot cache: E:/comp140-gam160-game/FPSMEME/DerivedDataCache/Boot.ddc
[2017.03.20-13.58.41:133][  0]LogDerivedDataCache: FDerivedDataBackendGraph:  Pak pak cache file E:/comp140-gam160-game/FPSMEME/DerivedDataCache/DDC.ddp not found, will not use a pak cache.
[2017.03.20-13.58.41:133][  0]LogDerivedDataCache: Unable to find inner node Pak for hierarchical cache Hierarchy.
[2017.03.20-13.58.41:134][  0]LogDerivedDataCache: FDerivedDataBackendGraph:  EnginePak pak cache file ../../../Engine/DerivedDataCache/DDC.ddp not found, will not use a pak cache.
[2017.03.20-13.58.41:134][  0]LogDerivedDataCache: Unable to find inner node EnginePak for hierarchical cache Hierarchy.
[2017.03.20-13.58.41:146][  0]LogDerivedDataCache: Using Local data cache path ../../../Engine/DerivedDataCache: Writable
[2017.03.20-13.58.41:146][  0]LogDerivedDataCache: Shared data cache path not found in *engine.ini, will not use an Shared cache.
[2017.03.20-13.58.41:146][  0]LogDerivedDataCache: Unable to find inner node Shared for hierarchical cache Hierarchy.
[2017.03.20-13.58.41:333][  0]LogInit: Selected Device Profile: [Windows]
[2017.03.20-13.58.41:353][  0]LogContentStreaming: Texture pool size is 0.00 MB
[2017.03.20-13.58.43:287][  0]LogMeshUtilities: No automatic mesh reduction module available
[2017.03.20-13.58.43:287][  0]LogMeshUtilities: No automatic mesh merging module available
[2017.03.20-13.58.43:287][  0]LogMeshUtilities: No distributed automatic mesh merging module available
[2017.03.20-13.58.47:510][  0]LogAssetRegistry: FAssetRegistry took 0.0224 seconds to start up
[2017.03.20-13.58.47:556][  0]LogPackageLocalizationCache: Processed 3 localized package path(s) for 2 prioritized culture(s) in 0.037881 seconds
[2017.03.20-13.58.47:565][  0]LogUObjectArray: 28732 objects as part of root set at end of initial load.
[2017.03.20-13.58.47:565][  0]LogUObjectAllocator: 5854096 out of 0 bytes used by permanent object pool.
[2017.03.20-13.58.47:565][  0]LogUObjectArray: CloseDisregardForGC: 0/0 objects in disregard for GC pool
[2017.03.20-13.58.47:571][  0]LogInit: WinSock: version 1.1 (2.2), MaxSocks=32767, MaxUdp=65467
[2017.03.20-13.58.49:486][  0]LogSlate: SlateFontCache - WITH_FREETYPE: 1, WITH_HARFBUZZ: 1
[2017.03.20-13.58.49:486][  0]LogSlate: SlateFontCache - WITH_FREETYPE: 1, WITH_HARFBUZZ: 1
[2017.03.20-13.59.06:978][  0]LogUdpMessaging: Initializing bridge on interface 0.0.0.0:0 to multicast group 230.0.0.1:6666.
[2017.03.20-13.59.07:453][  0]SourceControl: Info Source control is disabled
[2017.03.20-13.59.07:503][  0]SourceControl: Info Source control is disabled
[2017.03.20-13.59.07:514][  0]SourceControl: Info Source control is disabled
[2017.03.20-13.59.07:521][  0]SourceControl: Info Source control is disabled
[2017.03.20-13.59.07:920][  0]LogEngine: Initializing Engine...
[2017.03.20-13.59.07:921][  0]LogHMD: SteamVR failed to initialize.  Err: 110
[2017.03.20-13.59.07:922][  0]LogHMD: SteamVR failed to initialize.  Err: 110
[2017.03.20-13.59.08:640][  0]LogAIModule: Creating AISystem for world NewWorld
[2017.03.20-13.59.08:651][  0]LogInit: XAudio2 using 'Speakers / Headphones (Realtek High Definition Audio)' : 2 channels at 48 kHz using 32 bits per sample (channel mask 0x3)
[2017.03.20-13.59.08:827][  0]LogInit: FAudioDevice initialized.
[2017.03.20-13.59.08:862][  0]LogDerivedDataCache: Saved boot cache 0.04s 48MB E:/comp140-gam160-game/FPSMEME/DerivedDataCache/Boot.ddc.
[2017.03.20-13.59.08:869][  0]LogInit: Texture streaming: Enabled
[2017.03.20-13.59.08:934][  0]LogInit: Transaction tracking system initialized
[2017.03.20-13.59.08:951][  0]BlueprintLog: New page: Editor Load
[2017.03.20-13.59.09:023][  0]LocalizationService: Info Localization service is disabled
[2017.03.20-13.59.09:108][  0]LogConsoleResponse:Display: 
[2017.03.20-13.59.11:092][  0]LogCook:Display: Max memory allowance for cook 8192mb
[2017.03.20-13.59.11:092][  0]LogCook:Display: Mobile HDR setting 1
[2017.03.20-13.59.11:295][  0]LogFileCache: Scanning file cache for directory 'E:/comp140-gam160-game/FPSMEME/Content/' took 0.03s
[2017.03.20-13.59.11:971][  0]SourceControl: Info Source control is disabled
[2017.03.20-13.59.11:972][  0]Cmd: MAP LOAD FILE="E:/comp140-gam160-game/FPSMEME/Content/FirstPersonBP/Maps/FirstPersonExampleMap.umap" TEMPLATE=0 SHOWPROGRESS=1 FEATURELEVEL=3
[2017.03.20-13.59.11:998][  0]LightingResults: New page: Lighting Build
[2017.03.20-13.59.12:001][  0]MapCheck: New page: Map Check
[2017.03.20-13.59.12:001][  0]LightingResults: New page: Lighting Build
[2017.03.20-13.59.15:554][  0]LogTexture:Display: Building textures: HQ_Lightmap1_1 (AutoDXT)
[2017.03.20-13.59.16:669][  0]LogTexture:Display: Building textures: HQ_Lightmap1_2 (AutoDXT)
[2017.03.20-13.59.17:802][  0]LogTexture:Display: Building textures: HQ_Lightmap1_3 (AutoDXT)
[2017.03.20-13.59.18:604][  0]LogTexture:Display: Building textures: HQ_Lightmap1_4 (AutoDXT)
[2017.03.20-13.59.18:648][  0]LogTexture:Display: Building textures: LQ_Lightmap_1_1 (DXT1)
[2017.03.20-13.59.18:966][  0]LogTexture:Display: Building textures: LQ_Lightmap_1_2 (DXT1)
[2017.03.20-13.59.19:305][  0]LogTexture:Display: Building textures: LQ_Lightmap_1_3 (DXT1)
[2017.03.20-13.59.19:537][  0]LogTexture:Display: Building textures: LQ_Lightmap_1_4 (DXT1)
[2017.03.20-13.59.19:563][  0]LogTexture:Display: Building textures: SkyOcclusion1_1 (AutoDXT)
[2017.03.20-13.59.20:064][  0]LogTexture:Display: Building textures: SkyOcclusion1_2 (AutoDXT)
[2017.03.20-13.59.20:495][  0]LogTexture:Display: Building textures: SkyOcclusion1_3 (AutoDXT)
[2017.03.20-13.59.20:836][  0]LogTexture:Display: Building textures: SkyOcclusion1_4 (AutoDXT)
[2017.03.20-13.59.20:925][  0]LogTexture:Display: Building textures: ShadowMapTexture2D_0 (G8)
[2017.03.20-13.59.20:989][  0]LogTexture:Display: Building textures: ShadowMapTexture2D_1 (G8)
[2017.03.20-13.59.21:052][  0]LogTexture:Display: Building textures: ShadowMapTexture2D_2 (G8)
[2017.03.20-13.59.21:124][  0]LogTexture:Display: Building textures: ShadowMapTexture2D_3 (G8)
[2017.03.20-13.59.21:191][  0]LogTexture:Display: Building textures: ShadowMapTexture2D_4 (G8)
[2017.03.20-13.59.21:245][  0]LogTexture:Display: Building textures: ShadowMapTexture2D_5 (G8)
[2017.03.20-13.59.21:246][  0]LogTexture:Display: Building textures: ShadowMapTexture2D_6 (G8)
[2017.03.20-13.59.21:259][  0]LogStaticMesh: Building static mesh SM_Lamp_Ceiling...
[2017.03.20-13.59.21:366][  0]LogStaticMesh: Built static mesh [0.11s] /Game/StarterContent/Props/SM_Lamp_Ceiling.SM_Lamp_Ceiling
[2017.03.20-13.59.21:369][  0]LogStaticMesh: Building static mesh 1M_Cube...
[2017.03.20-13.59.21:372][  0]LogStaticMesh: Built static mesh [0.00s] /Game/Geometry/Meshes/1M_Cube.1M_Cube
[2017.03.20-13.59.21:381][  0]LogTexture:Display: Building textures: T_Smoke_Tiled_D (AutoDXT)
[2017.03.20-13.59.21:541][  0]LogTexture:Display: Building textures: T_Smoke_SubUV (AutoDXT)
[2017.03.20-13.59.25:383][  0]LogMaterial: Missing cached shader map for material M_smoke_subUV, compiling. 
[2017.03.20-13.59.25:712][  0]LogMaterial: Missing cached shader map for material M_radial_ramp, compiling. 
[2017.03.20-13.59.25:723][  0]LogMaterial: Missing cached shader map for material m_flare_01, compiling. 
[2017.03.20-13.59.25:831][  0]LogTexture:Display: Building textures: T_Explosion_SubUV (AutoDXT)
[2017.03.20-13.59.28:000][  0]LogMaterial: Missing cached shader map for material M_explosion_subUV, compiling. 
[2017.03.20-13.59.28:021][  0]LogTexture:Display: Building textures: T_Burst_M (AutoDXT)
[2017.03.20-13.59.28:176][  0]LogMaterial: Missing cached shader map for material M_Burst, compiling. 
[2017.03.20-13.59.29:190][  0]LogTexture:Display: Building textures: ThumbnailTexture (DXT1)
[2017.03.20-13.59.29:494][  0]LogTexture:Display: Building textures: T_Metal_Gold_N (BC5)
[2017.03.20-13.59.30:432][  0]LogTexture:Display: Building textures: T_Metal_Aluminum_D (AutoDXT)
[2017.03.20-13.59.37:872][  0]LogTexture:Display: Building textures: T_MacroVariation (AutoDXT)
[2017.03.20-13.59.45:886][  0]LogMaterial: Missing cached shader map for material M_Metal_Burnished_Steel, compiling. 
[2017.03.20-13.59.46:631][  0]LogTexture:Display: Building textures: T_Chair_N (BC5)
[2017.03.20-13.59.47:396][  0]LogTexture:Display: Building textures: T_Chair_M (AutoDXT)
[2017.03.20-13.59.49:151][  0]LogMaterial: Missing cached shader map for material M_Chair, compiling. 
[2017.03.20-13.59.49:179][  0]LogStaticMesh: Building static mesh SM_Couch...
[2017.03.20-13.59.49:199][  0]LogStaticMesh: Built static mesh [0.03s] /Game/StarterContent/Props/SM_Couch.SM_Couch
[2017.03.20-13.59.49:492][  0]LogTexture:Display: Building textures: T_Lamp_N (BC5)
[2017.03.20-13.59.50:183][  0]LogTexture:Display: Building textures: T_Lamp_M (AutoDXT)
[2017.03.20-13.59.52:599][  0]LogMaterial: Missing cached shader map for material M_Lamp, compiling. 
[2017.03.20-13.59.52:775][  0]LogTexture:Display: Building textures: T_FPGun_N (BC5)
[2017.03.20-13.59.53:457][  0]LogTexture:Display: Building textures: T_FPGun_M (AutoDXT)
[2017.03.20-13.59.54:537][  0]LogTexture:Display: Building textures: T_ML_Aluminum01_N (BC5)
[2017.03.20-13.59.55:492][  0]LogTexture:Display: Building textures: T_ML_Aluminum01 (AutoDXT)
[2017.03.20-14.00.02:816][  0]LogTexture:Display: Building textures: T_ML_Rubber_Blue_01_N (BC5)
[2017.03.20-14.00.03:684][  0]LogTexture:Display: Building textures: T_ML_Rubber_Blue_01_D (AutoDXT)
[2017.03.20-14.00.10:904][  0]LogMaterial: Missing cached shader map for material M_FPGun, compiling. 
[2017.03.20-14.00.11:241][  0]LogTexture:Display: Building textures: UE4_Mannequin_MAT_MASKA (AutoDXT)
[2017.03.20-14.00.11:539][  0]LogTexture:Display: Building textures: UE4_Mannequin__normals (BC5)
[2017.03.20-14.00.12:410][  0]LogTexture:Display: Building textures: T_ML_Aluminum01_N (BC5)
[2017.03.20-14.00.13:130][  0]LogTexture:Display: Building textures: UE4_LOGO_CARD (AutoDXT)
[2017.03.20-14.00.13:387][  0]LogTexture:Display: Building textures: T_ML_Rubber_Blue_01_N (BC5)
[2017.03.20-14.00.14:260][  0]LogTexture:Display: Building textures: T_ML_Rubber_Blue_01_D (AutoDXT)
[2017.03.20-14.00.21:865][  0]LogTexture:Display: Building textures: T_ML_Aluminum01 (AutoDXT)
[2017.03.20-14.00.29:186][  0]LogMaterial: Missing cached shader map for material M_UE4Man_Body, compiling. 
[2017.03.20-14.00.29:649][  0]LogAnimationCompression: Building Anim DDC data for AnimSequence /Game/FirstPerson/Animations/FirstPerson_Fire.FirstPerson_Fire
[2017.03.20-14.00.29:816][  0]LogTexture:Display: Building textures: FirstPersonCrosshair (AutoDXT)
[2017.03.20-14.00.29:820][  0]LogMaterial: Missing cached shader map for material BaseMaterial, compiling. 
[2017.03.20-14.00.29:956][  0]LogMaterial: Missing cached shader map for material AntiAliasedTextMaterialTranslucent, compiling. 
[2017.03.20-14.00.30:001][  0]LogMaterial: Missing cached shader map for material BasicShapeMaterial, compiling. 
[2017.03.20-14.00.30:091][  0]LogAnimationCompression: Building Anim DDC data for AnimSequence /Game/FirstPerson/Animations/FirstPerson_JumpLoop.FirstPerson_JumpLoop
[2017.03.20-14.00.30:164][  0]LogAnimationCompression: Building Anim DDC data for AnimSequence /Game/FirstPerson/Animations/FirstPerson_JumpEnd.FirstPerson_JumpEnd
[2017.03.20-14.00.30:215][  0]LogAnimationCompression: Building Anim DDC data for AnimSequence /Game/FirstPerson/Animations/FirstPerson_JumpStart.FirstPerson_JumpStart
[2017.03.20-14.00.30:227][  0]LogAnimationCompression: Building Anim DDC data for AnimSequence /Game/FirstPerson/Animations/FirstPerson_Run.FirstPerson_Run
[2017.03.20-14.00.30:242][  0]LogAnimationCompression: Building Anim DDC data for AnimSequence /Game/FirstPerson/Animations/FirstPerson_Idle.FirstPerson_Idle
[2017.03.20-14.00.30:531][  0]LogAudioDerivedData:Display: Building compressed audio format OGG wave NOICE_GREEN_SCREEN_WITH_SOUND_EFFECT_ConvertToAudi...
[2017.03.20-14.00.30:691][  0]LogAudioDerivedData:Display: Building compressed audio format OGG wave FirstPersonTemplateWeaponFire02...
[2017.03.20-14.00.30:808][  0]LogAIModule: Creating AISystem for world FirstPersonExampleMap
[2017.03.20-14.00.32:067][  0]LogEditorServer: Finished looking for orphan Actors (0.000 secs)
[2017.03.20-14.00.32:301][  0]Cmd: MAP CHECKDEP NOCLEARLOG
[2017.03.20-14.00.32:367][  0]MapCheck: Info Map check complete: 0 Error(s), 0 Warning(s), took 66.269ms to complete.
[2017.03.20-14.00.32:367][  0]LogFileHelpers: Loading map 'FirstPersonExampleMap' took 80.396
[2017.03.20-14.00.34:309][  0]LogCollectionManager: Loaded 0 collections in 0.001424 seconds
[2017.03.20-14.00.34:594][  0]LogFileCache: Scanning file cache for directory 'E:/comp140-gam160-game/FPSMEME/Saved/Collections/' took 0.01s
[2017.03.20-14.00.34:594][  0]LogFileCache: Scanning file cache for directory 'E:/comp140-gam160-game/FPSMEME/Content/Developers/JM192929/Collections/' took 0.01s
[2017.03.20-14.00.34:594][  0]LogFileCache: Scanning file cache for directory 'E:/comp140-gam160-game/FPSMEME/Content/Collections/' took 0.01s
[2017.03.20-14.00.34:594][  0]LogCollectionManager: Rebuilt the GUID cache for 0 collections in 0.000005 seconds
[2017.03.20-14.00.34:617][  0]LogContentBrowser: Native class hierarchy populated in 0.0142 seconds. Added 2046 classes and 367 folders.
[2017.03.20-14.00.35:028][  0]LogStats: UGameplayTagsManager::ConstructGameplayTagTree: Construct from data asset -  0.014 s
[2017.03.20-14.00.35:028][  0]LogStats: UGameplayTagsManager::ConstructGameplayTagTree: GameplayTagTreeChangedEvent.Broadcast -  0.000 s
[2017.03.20-14.00.35:030][  0]LogContentBrowser: Native class hierarchy updated for 'GameplayTags' in 0.0007 seconds. Added 12 classes and 0 folders.
[2017.03.20-14.00.35:127][  0]LogContentBrowser: Native class hierarchy updated for 'WidgetCarousel' in 0.0006 seconds. Added 0 classes and 0 folders.
[2017.03.20-14.00.39:837][  0]LogContentBrowser: Native class hierarchy updated for 'AddContentDialog' in 0.0006 seconds. Added 0 classes and 0 folders.
[2017.03.20-14.00.40:231][  0]LogContentBrowser: Native class hierarchy updated for 'SceneOutliner' in 0.0006 seconds. Added 1 classes and 2 folders.
[2017.03.20-14.00.40:896][  0]LogCrashTracker: Crashtracker disabled due to settings.
[2017.03.20-14.00.41:099][  0]LogUObjectGlobals:Warning: Failed to find object 'Class None.'
[2017.03.20-14.00.41:284][  0]LogContentBrowser: Native class hierarchy updated for 'HierarchicalLODOutliner' in 0.0005 seconds. Added 1 classes and 2 folders.
[2017.03.20-14.00.41:284][  0]LogLoad: Full Startup: 122.98 seconds (BP compile: 0.99 seconds)
[2017.03.20-14.00.41:284][  0]LogExternalProfiler: No external profilers were discovered.  External profiling features will not be available.
[2017.03.20-14.00.41:297][  0]LogOcInput: OculusInput pre-init called
[2017.03.20-14.00.41:869][  0]LogContentStreaming: Texture pool size now 700 MB
[2017.03.20-14.00.42:184][  0]LogTexture:Display: Building textures: icon_tab_Levels_40x (BGRA8)
[2017.03.20-14.00.43:793][  0]LogTexture:Display: Building textures: LevelGrid1DStripes (BGRA8)
[2017.03.20-14.00.43:796][  0]LogMaterial: Missing cached shader map for material LevelGridMaterial2, compiling. 
[2017.03.20-14.00.44:404][  0]LogRenderer: Reallocating scene render targets to support 1208x576 (Frame:2).
[2017.03.20-14.00.48:141][  3]LogAssetRegistry: Asset discovery search completed in 120.6526 seconds
[2017.03.20-14.00.48:141][  3]LogCollectionManager: Rebuilt the object cache for 0 collections in 0.000001 seconds (found 0 objects)
[2017.03.20-14.00.48:141][  3]LogCollectionManager: Fixed up redirectors for 0 collections in 0.000034 seconds (updated 0 objects)
[2017.03.20-14.01.00:878][372]LogStreaming:Warning: Failed to open ANSI TEXT file E:/comp140-gam160-game/FPSMEME/Saved/HardwareSurvey/dxdiag.txt
[2017.03.20-14.01.00:965][373]LogSynthBenchmark:Display: FSynthBenchmark (V0.95):  requested WorkScale=5.00
[2017.03.20-14.01.00:965][373]LogSynthBenchmark:Display: ===============
[2017.03.20-14.01.00:965][373]LogSynthBenchmark:Display: Main Processor:
[2017.03.20-14.01.01:178][373]LogSynthBenchmark:Display:          ... 0.023667 s/Run 'RayIntersect'
[2017.03.20-14.01.01:178][373]LogSynthBenchmark:Display:          ... 0.018937 s/Run 'Fractal'
[2017.03.20-14.01.01:178][373]LogSynthBenchmark:Display: 
[2017.03.20-14.01.01:178][373]LogSynthBenchmark:Display:   CompiledTarget_x_Bits: 64
[2017.03.20-14.01.01:178][373]LogSynthBenchmark:Display:   UE_BUILD_SHIPPING: 0
[2017.03.20-14.01.01:178][373]LogSynthBenchmark:Display:   UE_BUILD_TEST: 0
[2017.03.20-14.01.01:178][373]LogSynthBenchmark:Display:   UE_BUILD_DEBUG: 0
[2017.03.20-14.01.01:178][373]LogSynthBenchmark:Display:   TotalPhysicalGBRam: 8
[2017.03.20-14.01.01:178][373]LogSynthBenchmark:Display:   NumberOfCores (physical): 2
[2017.03.20-14.01.01:178][373]LogSynthBenchmark:Display:   NumberOfCores (logical): 4
[2017.03.20-14.01.01:178][373]LogSynthBenchmark:Display:   CPU Perf Index 0: 108.2 (weight 1.00)
[2017.03.20-14.01.01:178][373]LogSynthBenchmark:Display:   CPU Perf Index 1: 151.0 (weight 1.50)
[2017.03.20-14.01.01:179][373]LogSynthBenchmark:Display:  
[2017.03.20-14.01.01:179][373]LogSynthBenchmark:Display: Graphics:
[2017.03.20-14.01.01:179][373]LogSynthBenchmark:Display:   Adapter Name: 'AMD Radeon(TM) R5 240'
[2017.03.20-14.01.01:179][373]LogSynthBenchmark:Display:   (On Optimus the name might be wrong, memory should be ok)
[2017.03.20-14.01.01:179][373]LogSynthBenchmark:Display:   Vendor Id: 0x1002
[2017.03.20-14.01.01:179][373]LogSynthBenchmark:Display:   Device Id: 0x6611
[2017.03.20-14.01.01:179][373]LogSynthBenchmark:Display:   GPU Memory: 1007/0/4068 MB
[2017.03.20-14.01.01:231][373]LogSynthBenchmark:Display:   GPU first test: 0.01s
[2017.03.20-14.01.01:231][373]LogSynthBenchmark:Display:          ... 0.624 GigaPix/s, Confidence=100% 'ALUHeavyNoise' (likely to be very inaccurate)
[2017.03.20-14.01.01:231][373]LogSynthBenchmark:Display:          ... 0.648 GigaPix/s, Confidence=89% 'TexHeavy' (likely to be very inaccurate)
[2017.03.20-14.01.01:231][373]LogSynthBenchmark:Display:          ... 0.572 GigaPix/s, Confidence=100% 'DepTexHeavy' (likely to be very inaccurate)
[2017.03.20-14.01.01:231][373]LogSynthBenchmark:Display:          ... 1.022 GigaPix/s, Confidence=89% 'FillOnly' (likely to be very inaccurate)
[2017.03.20-14.01.01:231][373]LogSynthBenchmark:Display:          ... 0.113 GigaPix/s, Confidence=100% 'Bandwidth' (likely to be very inaccurate)
[2017.03.20-14.01.01:337][373]LogSynthBenchmark:Display:   GPU second test: 0.10s
[2017.03.20-14.01.01:337][373]LogSynthBenchmark:Display:          ... 1.465 GigaPix/s, Confidence=100% 'ALUHeavyNoise' (likely to be inaccurate)
[2017.03.20-14.01.01:337][373]LogSynthBenchmark:Display:          ... 1.092 GigaPix/s, Confidence=100% 'TexHeavy' (likely to be inaccurate)
[2017.03.20-14.01.01:337][373]LogSynthBenchmark:Display:          ... 0.894 GigaPix/s, Confidence=89% 'DepTexHeavy' (likely to be inaccurate)
[2017.03.20-14.01.01:337][373]LogSynthBenchmark:Display:          ... 1.635 GigaPix/s, Confidence=89% 'FillOnly' (likely to be inaccurate)
[2017.03.20-14.01.01:337][373]LogSynthBenchmark:Display:          ... 0.112 GigaPix/s, Confidence=100% 'Bandwidth' (likely to be inaccurate)
[2017.03.20-14.01.01:337][373]LogSynthBenchmark:Display:          ... 1.465 GigaPix/s, Confidence=100% 'ALUHeavyNoise'
[2017.03.20-14.01.01:337][373]LogSynthBenchmark:Display:          ... 1.092 GigaPix/s, Confidence=100% 'TexHeavy'
[2017.03.20-14.01.01:337][373]LogSynthBenchmark:Display:          ... 0.894 GigaPix/s, Confidence=89% 'DepTexHeavy'
[2017.03.20-14.01.01:337][373]LogSynthBenchmark:Display:          ... 1.635 GigaPix/s, Confidence=89% 'FillOnly'
[2017.03.20-14.01.01:337][373]LogSynthBenchmark:Display:          ... 0.112 GigaPix/s, Confidence=100% 'Bandwidth'
[2017.03.20-14.01.01:337][373]LogSynthBenchmark:Display: 
[2017.03.20-14.01.01:337][373]LogSynthBenchmark:Display:   GPU Perf Index 0: 31.8 (weight 1.00)
[2017.03.20-14.01.01:337][373]LogSynthBenchmark:Display:   GPU Perf Index 1: 14.7 (weight 0.10)
[2017.03.20-14.01.01:337][373]LogSynthBenchmark:Display:   GPU Perf Index 2: 23.2 (weight 0.10)
[2017.03.20-14.01.01:337][373]LogSynthBenchmark:Display:   GPU Perf Index 3: 6.4 (weight 3.00)
[2017.03.20-14.01.01:337][373]LogSynthBenchmark:Display:   GPU Perf Index 4: 10.5 (weight 1.00)
[2017.03.20-14.01.01:337][373]LogSynthBenchmark:Display:   CPUIndex: 133.9
[2017.03.20-14.01.01:337][373]LogSynthBenchmark:Display:   GPUIndex: 12.6
[2017.03.20-14.01.01:337][373]LogSynthBenchmark:Display: 
[2017.03.20-14.01.01:337][373]LogSynthBenchmark:Display:          ... Total Time: 0.372026 sec
[2017.03.20-14.01.01:495][373]LogWindows:Warning: FWindowsPlatformSurvey::TickSurveyHardware() WinSAT assessment unavailable. Unable to examine some hardware metrics. Run the Windows Experience Index Assessment.
[2017.03.20-14.32.32:056][ 12]LogD3D11RHI: Timed out while waiting for GPU to catch up. (0.5 s)
[2017.03.20-14.32.32:992][ 13]LogHttp:Warning: Timeout processing Http request. 0000021B60041480
[2017.03.20-14.32.39:185][ 48]LogBlueprintUserMessages: Early PlayInEditor Detection: Level '/Game/FirstPersonBP/Maps/FirstPersonExampleMap.FirstPersonExampleMap:PersistentLevel' has LevelScriptBlueprint '/Game/FirstPersonBP/Maps/FirstPersonExampleMap.FirstPersonExampleMap:PersistentLevel.FirstPersonExampleMap' with GeneratedClass '/Game/FirstPersonBP/Maps/FirstPersonExampleMap.FirstPersonExampleMap_C' with ClassGeneratedBy '/Game/FirstPersonBP/Maps/FirstPersonExampleMap.FirstPersonExampleMap:PersistentLevel.FirstPersonExampleMap'
[2017.03.20-14.32.39:185][ 48]LogPlayLevel: PlayLevel: No blueprints needed recompiling
[2017.03.20-14.32.39:432][ 48]PIE: New page: PIE session: FirstPersonExampleMap (20 Mar 2017 14:32:39)
[2017.03.20-14.32.39:436][ 48]LogPlayLevel: Creating play world package: /Game/FirstPersonBP/Maps/UEDPIE_0_FirstPersonExampleMap
[2017.03.20-14.32.39:529][ 48]LogPlayLevel: PIE: StaticDuplicateObject took: (0.092566s)
[2017.03.20-14.32.39:530][ 48]LogAIModule: Creating AISystem for world FirstPersonExampleMap
[2017.03.20-14.32.39:530][ 48]LogPlayLevel: PIE: World Init took: (0.001108s)
[2017.03.20-14.32.39:557][ 48]LogPlayLevel: PIE: Created PIE world by copying editor world from /Game/FirstPersonBP/Maps/FirstPersonExampleMap.FirstPersonExampleMap to /Game/FirstPersonBP/Maps/UEDPIE_0_FirstPersonExampleMap.FirstPersonExampleMap (0.120700s)
[2017.03.20-14.32.39:654][ 48]LogInit: XAudio2 using 'Speakers / Headphones (Realtek High Definition Audio)' : 2 channels at 48 kHz using 32 bits per sample (channel mask 0x3)
[2017.03.20-14.32.39:666][ 48]LogInit: FAudioDevice initialized.
[2017.03.20-14.32.39:885][ 48]LogAudioDerivedData:Display: Building compressed audio format OGG wave StartPlayInEditor...
[2017.03.20-14.32.40:081][ 48]LogWorld: Game class is 'FirstPersonGameMode_C'
[2017.03.20-14.32.40:242][ 48]LogWorld: Bringing World /Game/FirstPersonBP/Maps/UEDPIE_0_FirstPersonExampleMap.FirstPersonExampleMap up for play (max tick rate 0) at 2017.03.20-14.32.40
[2017.03.20-14.32.40:275][ 48]LogWorld: Bringing up level for play took: 0.035980
[2017.03.20-14.32.40:429][ 48]LogContentBrowser: Native class hierarchy updated for 'MovieSceneCapture' in 0.0005 seconds. Added 11 classes and 0 folders.
[2017.03.20-14.32.40:532][ 48]PIE: Info Play in editor start time for /Game/FirstPersonBP/Maps/UEDPIE_0_FirstPersonExampleMap 0.515
[2017.03.20-14.32.40:533][ 48]LogBlueprintUserMessages: Late PlayInEditor Detection: Level '/Game/FirstPersonBP/Maps/FirstPersonExampleMap.FirstPersonExampleMap:PersistentLevel' has LevelScriptBlueprint '/Game/FirstPersonBP/Maps/FirstPersonExampleMap.FirstPersonExampleMap:PersistentLevel.FirstPersonExampleMap' with GeneratedClass '/Game/FirstPersonBP/Maps/FirstPersonExampleMap.FirstPersonExampleMap_C' with ClassGeneratedBy '/Game/FirstPersonBP/Maps/FirstPersonExampleMap.FirstPersonExampleMap:PersistentLevel.FirstPersonExampleMap'
[2017.03.20-14.33.09:212][ 38]LogBlueprintUserMessages: Early EndPlayMap Detection: Level '/Game/FirstPersonBP/Maps/FirstPersonExampleMap.FirstPersonExampleMap:PersistentLevel' has LevelScriptBlueprint '/Game/FirstPersonBP/Maps/FirstPersonExampleMap.FirstPersonExampleMap:PersistentLevel.FirstPersonExampleMap' with GeneratedClass '/Game/FirstPersonBP/Maps/FirstPersonExampleMap.FirstPersonExampleMap_C' with ClassGeneratedBy '/Game/FirstPersonBP/Maps/FirstPersonExampleMap.FirstPersonExampleMap:PersistentLevel.FirstPersonExampleMap'
[2017.03.20-14.33.09:344][ 38]LogAudioDerivedData:Display: Building compressed audio format OGG wave EndPlayInEditor...
[2017.03.20-14.33.09:419][ 38]LogBlueprintUserMessages: Late EndPlayMap Detection: Level '/Game/FirstPersonBP/Maps/FirstPersonExampleMap.FirstPersonExampleMap:PersistentLevel' has LevelScriptBlueprint '/Game/FirstPersonBP/Maps/FirstPersonExampleMap.FirstPersonExampleMap:PersistentLevel.FirstPersonExampleMap' with GeneratedClass '/Game/FirstPersonBP/Maps/FirstPersonExampleMap.FirstPersonExampleMap_C' with ClassGeneratedBy '/Game/FirstPersonBP/Maps/FirstPersonExampleMap.FirstPersonExampleMap:PersistentLevel.FirstPersonExampleMap'
[2017.03.20-14.33.12:107][ 94]Cmd: QUIT_EDITOR
[2017.03.20-14.33.13:084][ 94]LogWindowsTextInputMethodSystem:Display: IME system now deactivated.
[2017.03.20-14.33.13:108][ 94]LogExit: Preparing to exit.
[2017.03.20-14.33.13:944][ 94]LogExit: Editor shut down
[2017.03.20-14.33.13:944][ 94]LogExit: Transaction tracking system shut down
[2017.03.20-14.33.14:125][ 94]LogObj: Freed 0b from 0 cluster array pools.
[2017.03.20-14.33.14:125][ 94]LogExit: Object subsystem successfully closed.
[2017.03.20-14.33.14:147][ 94]LogD3D11RHI: Shutdown
[2017.03.20-14.33.14:147][ 94]LogD3D11RHI: CleanupD3DDevice
[2017.03.20-14.33.14:242][ 94]LogD3D11RHI: ~FD3D11DynamicRHI
[2017.03.20-14.33.14:282][ 94]LogModuleManager: Shutting down and abandoning module MovieSceneCapture (210)
[2017.03.20-14.33.14:282][ 94]LogModuleManager: Shutting down and abandoning module SynthBenchmark (209)
[2017.03.20-14.33.14:282][ 94]LogModuleManager: Shutting down and abandoning module HierarchicalLODOutliner (208)
[2017.03.20-14.33.14:282][ 94]LogModuleManager: Shutting down and abandoning module CrashTracker (207)
[2017.03.20-14.33.14:282][ 94]LogModuleManager: Shutting down and abandoning module SceneOutliner (206)
[2017.03.20-14.33.14:296][ 94]LogModuleManager: Shutting down and abandoning module WidgetCarousel (205)
[2017.03.20-14.33.14:304][ 94]LogModuleManager: Shutting down and abandoning module AddContentDialog (204)
[2017.03.20-14.33.14:319][ 94]LogModuleManager: Shutting down and abandoning module GameplayTags (203)
[2017.03.20-14.33.14:319][ 94]LogModuleManager: Shutting down and abandoning module EditorWidgets (202)
[2017.03.20-14.33.14:319][ 94]LogModuleManager: Shutting down and abandoning module CollectionManager (201)
[2017.03.20-14.33.14:319][ 94]LogModuleManager: Shutting down and abandoning module StatsViewer (200)
[2017.03.20-14.33.14:319][ 94]LogModuleManager: Shutting down and abandoning module FoliageEdit (199)
[2017.03.20-14.33.14:319][ 94]LogModuleManager: Shutting down and abandoning module LandscapeEditor (198)
[2017.03.20-14.33.14:319][ 94]LogModuleManager: Shutting down and abandoning module SceneDepthPickerMode (197)
[2017.03.20-14.33.14:319][ 94]LogModuleManager: Shutting down and abandoning module ActorPickerMode (196)
[2017.03.20-14.33.14:319][ 94]LogModuleManager: Shutting down and abandoning module GeometryMode (195)
[2017.03.20-14.33.14:319][ 94]LogModuleManager: Shutting down and abandoning module TextureAlignMode (194)
[2017.03.20-14.33.14:319][ 94]LogModuleManager: Shutting down and abandoning module BspMode (193)
[2017.03.20-14.33.14:319][ 94]LogModuleManager: Shutting down and abandoning module HardwareSurvey (192)
[2017.03.20-14.33.14:319][ 94]LogModuleManager: Shutting down and abandoning module SequenceRecorderSections (191)
[2017.03.20-14.33.14:319][ 94]LogModuleManager: Shutting down and abandoning module SequenceRecorder (190)
[2017.03.20-14.33.14:319][ 94]LogModuleManager: Shutting down and abandoning module AutomationWorker (189)
[2017.03.20-14.33.14:319][ 94]LogModuleManager: Shutting down and abandoning module MatineeToLevelSequence (188)
[2017.03.20-14.33.14:319][ 94]LogModuleManager: Shutting down and abandoning module PlacementMode (187)
[2017.03.20-14.33.14:319][ 94]LogModuleManager: Shutting down and abandoning module LevelSequenceEditor (186)
[2017.03.20-14.33.14:319][ 94]LogModuleManager: Shutting down and abandoning module CharacterAI (185)
[2017.03.20-14.33.14:319][ 94]LogModuleManager: Shutting down and abandoning module SmartSnapping (184)
[2017.03.20-14.33.14:319][ 94]LogModuleManager: Shutting down and abandoning module SessionServices (183)
[2017.03.20-14.33.14:319][ 94]LogModuleManager: Shutting down and abandoning module ViewportSnapping (182)
[2017.03.20-14.33.14:319][ 94]LogModuleManager: Shutting down and abandoning module LogVisualizer (181)
[2017.03.20-14.33.14:319][ 94]LogModuleManager: Shutting down and abandoning module GameProjectGeneration (180)
[2017.03.20-14.33.14:319][ 94]LogModuleManager: Shutting down and abandoning module IntroTutorials (179)
[2017.03.20-14.33.14:333][ 94]LogModuleManager: Shutting down and abandoning module EditorLiveStreaming (178)
[2017.03.20-14.33.14:333][ 94]LogModuleManager: Shutting down and abandoning module IOSPlatformEditor (177)
[2017.03.20-14.33.14:333][ 94]LogModuleManager: Shutting down and abandoning module HTML5PlatformEditor (176)
[2017.03.20-14.33.14:333][ 94]LogModuleManager: Shutting down and abandoning module AndroidDeviceDetection (175)
[2017.03.20-14.33.14:884][ 94]LogModuleManager: Shutting down and abandoning module AndroidPlatformEditor (174)
[2017.03.20-14.33.14:884][ 94]LogModuleManager: Shutting down and abandoning module IOSRuntimeSettings (173)
[2017.03.20-14.33.14:884][ 94]LogModuleManager: Shutting down and abandoning module AndroidRuntimeSettings (172)
[2017.03.20-14.33.14:884][ 94]LogModuleManager: Shutting down and abandoning module MergeActors (171)
[2017.03.20-14.33.14:884][ 94]LogModuleManager: Shutting down and abandoning module SizeMap (170)
[2017.03.20-14.33.14:884][ 94]LogModuleManager: Shutting down and abandoning module TreeMap (169)
[2017.03.20-14.33.14:884][ 94]LogModuleManager: Shutting down and abandoning module ReferenceViewer (168)
[2017.03.20-14.33.14:884][ 94]LogModuleManager: Shutting down and abandoning module LocalizationService (167)
[2017.03.20-14.33.14:884][ 94]LogModuleManager: Shutting down and abandoning module LocalizationDashboard (166)
[2017.03.20-14.33.14:884][ 94]LogModuleManager: Shutting down and abandoning module HardwareTargeting (165)
[2017.03.20-14.33.14:884][ 94]LogModuleManager: Shutting down and abandoning module DeviceProfileEditor (164)
[2017.03.20-14.33.14:884][ 94]LogModuleManager: Shutting down and abandoning module UndoHistory (163)
[2017.03.20-14.33.14:884][ 94]LogModuleManager: Shutting down and abandoning module UserFeedback (162)
[2017.03.20-14.33.14:884][ 94]LogModuleManager: Shutting down and abandoning module XmlParser (161)
[2017.03.20-14.33.14:884][ 94]LogModuleManager: Shutting down and abandoning module Blutility (160)
[2017.03.20-14.33.14:884][ 94]LogModuleManager: Shutting down and abandoning module ProjectTargetPlatformEditor (159)
[2017.03.20-14.33.14:884][ 94]LogModuleManager: Shutting down and abandoning module ProjectSettingsViewer (158)
[2017.03.20-14.33.14:884][ 94]LogModuleManager: Shutting down and abandoning module InputBindingEditor (157)
[2017.03.20-14.33.14:884][ 94]LogModuleManager: Shutting down and abandoning module EditorSettingsViewer (156)
[2017.03.20-14.33.14:884][ 94]LogModuleManager: Shutting down and abandoning module SettingsEditor (155)
[2017.03.20-14.33.14:884][ 94]LogModuleManager: Shutting down and abandoning module ProjectLauncher (154)
[2017.03.20-14.33.14:885][ 94]LogModuleManager: Shutting down and abandoning module SessionFrontend (153)
[2017.03.20-14.33.14:885][ 94]LogModuleManager: Shutting down and abandoning module ProfilerClient (152)
[2017.03.20-14.33.14:885][ 94]LogModuleManager: Shutting down and abandoning module TargetDeviceServices (151)
[2017.03.20-14.33.14:885][ 94]LogModuleManager: Shutting down and abandoning module DeviceManager (150)
[2017.03.20-14.33.14:948][ 94]LogModuleManager: Shutting down and abandoning module AutomationController (149)
[2017.03.20-14.33.14:948][ 94]LogModuleManager: Shutting down and abandoning module AutomationWindow (148)
[2017.03.20-14.33.14:948][ 94]LogModuleManager: Shutting down and abandoning module Layers (147)
[2017.03.20-14.33.14:948][ 94]LogModuleManager: Shutting down and abandoning module ComponentVisualizers (146)
[2017.03.20-14.33.14:948][ 94]LogModuleManager: Shutting down and abandoning module DetailCustomizations (145)
[2017.03.20-14.33.14:948][ 94]LogModuleManager: Shutting down and abandoning module PackagesDialog (144)
[2017.03.20-14.33.14:948][ 94]LogModuleManager: Shutting down and abandoning module Persona (143)
[2017.03.20-14.33.14:948][ 94]LogModuleManager: Shutting down and abandoning module Kismet (142)
[2017.03.20-14.33.14:948][ 94]LogModuleManager: Shutting down and abandoning module GraphEditor (141)
[2017.03.20-14.33.14:948][ 94]LogModuleManager: Shutting down and abandoning module ClassViewer (140)
[2017.03.20-14.33.14:948][ 94]LogModuleManager: Shutting down and abandoning module Toolbox (139)
[2017.03.20-14.33.14:948][ 94]LogModuleManager: Shutting down and abandoning module ModuleUI (138)
[2017.03.20-14.33.14:948][ 94]LogModuleManager: Shutting down and abandoning module MovieSceneTools (137)
[2017.03.20-14.33.14:948][ 94]LogModuleManager: Shutting down and abandoning module OutputLog (136)
[2017.03.20-14.33.14:948][ 94]LogModuleManager: Shutting down and abandoning module GammaUI (135)
[2017.03.20-14.33.14:948][ 94]LogModuleManager: Shutting down and abandoning module Documentation (134)
[2017.03.20-14.33.14:948][ 94]LogModuleManager: Shutting down and abandoning module StreamingPauseRendering (133)
[2017.03.20-14.33.14:948][ 94]LogModuleManager: Shutting down and abandoning module AnalyticsET (132)
[2017.03.20-14.33.14:948][ 94]LogModuleManager: Shutting down and abandoning module Analytics (131)
[2017.03.20-14.33.14:948][ 94]LogModuleManager: Shutting down and abandoning module PortalServices (130)
[2017.03.20-14.33.14:948][ 94]LogModuleManager: Shutting down and abandoning module PortalRpc (129)
[2017.03.20-14.33.14:948][ 94]LogModuleManager: Shutting down and abandoning module MessagingRpc (128)
[2017.03.20-14.33.14:948][ 94]LogModuleManager: Shutting down and abandoning module GameplayDebugger (127)
[2017.03.20-14.33.14:948][ 94]LogModuleManager: Shutting down and abandoning module AITestSuite (126)
[2017.03.20-14.33.14:948][ 94]LogModuleManager: Shutting down and abandoning module AIModule (125)
[2017.03.20-14.33.14:948][ 94]LogModuleManager: Shutting down and abandoning module ProfilerService (124)
[2017.03.20-14.33.15:054][ 94]LogModuleManager: Shutting down and abandoning module TaskGraph (123)
[2017.03.20-14.33.15:054][ 94]LogModuleManager: Shutting down and abandoning module SlateRemote (122)
[2017.03.20-14.33.15:054][ 94]LogModuleManager: Shutting down and abandoning module SteamVRController (121)
[2017.03.20-14.33.15:054][ 94]LogModuleManager: Shutting down and abandoning module SteamVR (120)
[2017.03.20-14.33.15:054][ 94]LogModuleManager: Shutting down and abandoning module ProceduralMeshComponent (119)
[2017.03.20-14.33.15:054][ 94]LogModuleManager: Shutting down and abandoning module OculusLibrary (118)
[2017.03.20-14.33.15:054][ 94]LogModuleManager: Shutting down and abandoning module OculusInput (117)
[2017.03.20-14.33.15:054][ 94]LogModuleManager: Shutting down and abandoning module CustomMeshComponent (116)
[2017.03.20-14.33.15:054][ 94]LogModuleManager: Shutting down and abandoning module CableComponent (115)
[2017.03.20-14.33.15:054][ 94]LogModuleManager: Shutting down and abandoning module ArchVisCharacter (114)
[2017.03.20-14.33.15:054][ 94]LogModuleManager: Shutting down and abandoning module MediaPlayerEditor (113)
[2017.03.20-14.33.15:054][ 94]LogModuleManager: Shutting down and abandoning module HTML5Networking (112)
[2017.03.20-14.33.15:054][ 94]LogModuleManager: Shutting down and abandoning module SuperSearch (111)
[2017.03.20-14.33.15:054][ 94]LogModuleManager: Shutting down and abandoning module SuperSearchEditor (110)
[2017.03.20-14.33.15:054][ 94]LogModuleManager: Shutting down and abandoning module SpeedTreeImporter (109)
[2017.03.20-14.33.15:054][ 94]LogModuleManager: Shutting down and abandoning module PluginBrowser (108)
[2017.03.20-14.33.15:054][ 94]LogModuleManager: Shutting down and abandoning module EpicSurvey (107)
[2017.03.20-14.33.15:054][ 94]LogModuleManager: Shutting down and abandoning module DesktopPlatform (106)
[2017.03.20-14.33.15:054][ 94]LogModuleManager: Shutting down and abandoning module VisualStudioSourceCodeAccess (105)
[2017.03.20-14.33.15:054][ 94]LogModuleManager: Shutting down and abandoning module UObjectPlugin (104)
[2017.03.20-14.33.15:054][ 94]LogModuleManager: Shutting down and abandoning module SubversionSourceControl (103)
[2017.03.20-14.33.15:054][ 94]LogModuleManager: Shutting down and abandoning module PerforceSourceControl (102)
[2017.03.20-14.33.15:054][ 94]LogModuleManager: Shutting down and abandoning module SourceControl (101)
[2017.03.20-14.33.15:054][ 94]LogModuleManager: Shutting down and abandoning module GitSourceControl (100)
[2017.03.20-14.33.15:054][ 94]LogModuleManager: Shutting down and abandoning module LightPropagationVolumeEditor (99)
[2017.03.20-14.33.15:054][ 94]LogModuleManager: Shutting down and abandoning module PaperTiledImporter (98)
[2017.03.20-14.33.15:054][ 94]LogModuleManager: Shutting down and abandoning module PaperSpriteSheetImporter (97)
[2017.03.20-14.33.15:054][ 94]LogModuleManager: Shutting down and abandoning module MeshPaint (96)
[2017.03.20-14.33.15:054][ 94]LogModuleManager: Shutting down and abandoning module PixelInspectorModule (95)
[2017.03.20-14.33.15:054][ 94]LogModuleManager: Shutting down and abandoning module HotReload (94)
[2017.03.20-14.33.15:056][ 94]LogModuleManager: Shutting down and abandoning module MainFrame (93)
[2017.03.20-14.33.15:056][ 94]LogModuleManager: Shutting down and abandoning module LevelEditor (92)
[2017.03.20-14.33.15:057][ 94]LogModuleManager: Shutting down and abandoning module ContentBrowser (91)
[2017.03.20-14.33.15:058][ 94]LogModuleManager: Shutting down and abandoning module Paper2DEditor (90)
[2017.03.20-14.33.15:058][ 94]LogModuleManager: Shutting down and abandoning module UdpMessaging (89)
[2017.03.20-14.33.15:158][ 94]LogModuleManager: Shutting down and abandoning module LightPropagationVolumeRuntime (88)
[2017.03.20-14.33.15:158][ 94]LogModuleManager: Shutting down and abandoning module Paper2D (87)
[2017.03.20-14.33.15:158][ 94]LogModuleManager: Shutting down and abandoning module WindowsMoviePlayer (86)
[2017.03.20-14.33.15:158][ 94]LogModuleManager: Shutting down and abandoning module Media (85)
[2017.03.20-14.33.15:158][ 94]LogModuleManager: Shutting down and abandoning module WmfMedia (84)
[2017.03.20-14.33.15:158][ 94]LogModuleManager: Shutting down and abandoning module MediaAssets (83)
[2017.03.20-14.33.15:158][ 94]LogModuleManager: Shutting down and abandoning module GameLiveStreaming (82)
[2017.03.20-14.33.15:158][ 94]LogModuleManager: Shutting down and abandoning module GameplayTagsEditor (81)
[2017.03.20-14.33.15:158][ 94]LogModuleManager: Shutting down and abandoning module OnlineBlueprintSupport (80)
[2017.03.20-14.33.15:158][ 94]LogModuleManager: Shutting down and abandoning module VREditor (79)
[2017.03.20-14.33.15:158][ 94]LogModuleManager: Shutting down and abandoning module GameplayTasksEditor (78)
[2017.03.20-14.33.15:158][ 94]LogModuleManager: Shutting down and abandoning module PropertyEditor (77)
[2017.03.20-14.33.15:175][ 94]LogModuleManager: Shutting down and abandoning module BehaviorTreeEditor (76)
[2017.03.20-14.33.15:175][ 94]LogModuleManager: Shutting down and abandoning module FunctionalTesting (75)
[2017.03.20-14.33.15:175][ 94]LogModuleManager: Shutting down and abandoning module CollisionAnalyzer (74)
[2017.03.20-14.33.15:175][ 94]LogModuleManager: Shutting down and abandoning module Sequencer (73)
[2017.03.20-14.33.15:175][ 94]LogModuleManager: Shutting down and abandoning module WorkspaceMenuStructure (72)
[2017.03.20-14.33.15:175][ 94]LogModuleManager: Shutting down and abandoning module MessageLog (71)
[2017.03.20-14.33.15:175][ 94]LogModuleManager: Shutting down and abandoning module AssetTools (70)
[2017.03.20-14.33.15:175][ 94]LogModuleManager: Shutting down and abandoning module UMGEditor (69)
[2017.03.20-14.33.15:175][ 94]LogModuleManager: Shutting down and abandoning module UMG (68)
[2017.03.20-14.33.15:175][ 94]LogModuleManager: Shutting down and abandoning module SlateReflector (67)
[2017.03.20-14.33.15:175][ 94]LogModuleManager: Shutting down and abandoning module Slate (66)
[2017.03.20-14.33.15:175][ 94]LogModuleManager: Shutting down and abandoning module EditorStyle (65)
[2017.03.20-14.33.15:177][ 94]LogModuleManager: Shutting down and abandoning module SourceCodeAccess (64)
[2017.03.20-14.33.15:177][ 94]LogModuleManager: Shutting down and abandoning module HeadMountedDisplay (63)
[2017.03.20-14.33.15:177][ 94]LogModuleManager: Shutting down and abandoning module XAudio2 (62)
[2017.03.20-14.33.15:177][ 94]LogModuleManager: Shutting down and abandoning module Networking (60)
[2017.03.20-14.33.15:177][ 94]LogModuleManager: Shutting down and abandoning module Core (59)
[2017.03.20-14.33.15:177][ 94]LogModuleManager: Shutting down and abandoning module DirectoryWatcher (58)
[2017.03.20-14.33.15:177][ 94]LogModuleManager: Shutting down and abandoning module AssetRegistry (57)
[2017.03.20-14.33.15:248][ 94]LogModuleManager: Shutting down and abandoning module KismetCompiler (56)
[2017.03.20-14.33.15:248][ 94]LogModuleManager: Shutting down and abandoning module PhysXFormats (55)
[2017.03.20-14.33.15:248][ 94]LogModuleManager: Shutting down and abandoning module MeshUtilities (54)
[2017.03.20-14.33.15:248][ 94]LogModuleManager: Shutting down and abandoning module DerivedDataCache (53)
[2017.03.20-14.33.15:344][ 94]LogDerivedDataCache: Shutdown
[2017.03.20-14.33.15:344][ 94]LogModuleManager: Shutting down and abandoning module VulkanShaderFormat (52)
[2017.03.20-14.33.15:344][ 94]LogModuleManager: Shutting down and abandoning module ShaderFormatOpenGL (51)
[2017.03.20-14.33.15:344][ 94]LogModuleManager: Shutting down and abandoning module ShaderFormatD3D (50)
[2017.03.20-14.33.15:344][ 94]LogModuleManager: Shutting down and abandoning module MetalShaderFormat (49)
[2017.03.20-14.33.15:344][ 94]LogModuleManager: Shutting down and abandoning module TextureFormatUncompressed (48)
[2017.03.20-14.33.15:344][ 94]LogModuleManager: Shutting down and abandoning module TextureFormatPVR (47)
[2017.03.20-14.33.15:344][ 94]LogModuleManager: Shutting down and abandoning module TextureFormatIntelISPCTexComp (46)
[2017.03.20-14.33.15:344][ 94]LogModuleManager: Shutting down and abandoning module TextureFormatDXT (45)
[2017.03.20-14.33.15:344][ 94]LogModuleManager: Shutting down and abandoning module ImageWrapper (44)
[2017.03.20-14.33.15:344][ 94]LogModuleManager: Shutting down and abandoning module TextureFormatASTC (43)
[2017.03.20-14.33.15:344][ 94]LogModuleManager: Shutting down and abandoning module AudioFormatOpus (42)
[2017.03.20-14.33.15:344][ 94]LogModuleManager: Shutting down and abandoning module AudioFormatOgg (41)
[2017.03.20-14.33.15:344][ 94]LogModuleManager: Shutting down and abandoning module AudioFormatADPCM (40)
[2017.03.20-14.33.15:344][ 94]LogModuleManager: Shutting down and abandoning module TVOSTargetPlatform (39)
[2017.03.20-14.33.15:344][ 94]LogModuleManager: Shutting down and abandoning module Messaging (38)
[2017.03.20-14.33.15:344][ 94]LogModuleManager: Shutting down and abandoning module IOSTargetPlatform (37)
[2017.03.20-14.33.15:344][ 94]LogModuleManager: Shutting down and abandoning module HTML5TargetPlatform (36)
[2017.03.20-14.33.15:344][ 94]LogModuleManager: Shutting down and abandoning module Android_PVRTCTargetPlatform (35)
[2017.03.20-14.33.15:344][ 94]LogModuleManager: Shutting down and abandoning module Android_MultiTargetPlatform (34)
[2017.03.20-14.33.15:344][ 94]LogModuleManager: Shutting down and abandoning module Android_ETC2TargetPlatform (33)
[2017.03.20-14.33.15:344][ 94]LogModuleManager: Shutting down and abandoning module Android_ETC1TargetPlatform (32)
[2017.03.20-14.33.15:344][ 94]LogModuleManager: Shutting down and abandoning module Android_DXTTargetPlatform (31)
[2017.03.20-14.33.15:344][ 94]LogModuleManager: Shutting down and abandoning module Android_ATCTargetPlatform (30)
[2017.03.20-14.33.15:344][ 94]LogModuleManager: Shutting down and abandoning module Android_ASTCTargetPlatform (29)
[2017.03.20-14.33.15:344][ 94]LogModuleManager: Shutting down and abandoning module AndroidTargetPlatform (28)
[2017.03.20-14.33.15:344][ 94]LogModuleManager: Shutting down and abandoning module WindowsTargetPlatform (27)
[2017.03.20-14.33.15:344][ 94]LogModuleManager: Shutting down and abandoning module WindowsServerTargetPlatform (26)
[2017.03.20-14.33.15:344][ 94]LogModuleManager: Shutting down and abandoning module WindowsNoEditorTargetPlatform (25)
[2017.03.20-14.33.15:344][ 94]LogModuleManager: Shutting down and abandoning module WindowsClientTargetPlatform (24)
[2017.03.20-14.33.15:344][ 94]LogModuleManager: Shutting down and abandoning module AllDesktopTargetPlatform (23)
[2017.03.20-14.33.15:344][ 94]LogModuleManager: Shutting down and abandoning module TargetPlatform (22)
[2017.03.20-14.33.15:344][ 94]LogModuleManager: Shutting down and abandoning module InputCore (21)
[2017.03.20-14.33.15:344][ 94]LogModuleManager: Shutting down and abandoning module Settings (20)
[2017.03.20-14.33.15:344][ 94]LogModuleManager: Shutting down and abandoning module OnlineSubsystem (18)
[2017.03.20-14.33.15:345][ 94]LogModuleManager: Shutting down and abandoning module HTTP (17)
[2017.03.20-14.33.40:883][ 94]LogModuleManager: Shutting down and abandoning module OculusRift (16)
[2017.03.20-14.33.40:883][ 94]LogModuleManager: Shutting down and abandoning module ExampleDeviceProfileSelector (15)
[2017.03.20-14.33.40:883][ 94]LogModuleManager: Shutting down and abandoning module TextureCompressor (14)
[2017.03.20-14.33.40:883][ 94]LogModuleManager: Shutting down and abandoning module ShaderCore (13)
[2017.03.20-14.33.40:883][ 94]LogModuleManager: Shutting down and abandoning module Landscape (12)
[2017.03.20-14.33.40:883][ 94]LogModuleManager: Shutting down and abandoning module SlateRHIRenderer (11)
[2017.03.20-14.33.40:884][ 94]LogModuleManager: Shutting down and abandoning module OpenGLDrv (10)
[2017.03.20-14.33.40:884][ 94]LogModuleManager: Shutting down and abandoning module D3D11RHI (9)
[2017.03.20-14.33.40:884][ 94]LogModuleManager: Shutting down and abandoning module AnimGraphRuntime (8)
[2017.03.20-14.33.40:884][ 94]LogModuleManager: Shutting down and abandoning module Renderer (7)
[2017.03.20-14.33.40:884][ 94]LogModuleManager: Shutting down and abandoning module Engine (6)
[2017.03.20-14.33.40:884][ 94]LogModuleManager: Shutting down and abandoning module CoreUObject (5)
[2017.03.20-14.33.40:884][ 94]LogModuleManager: Shutting down and abandoning module NetworkFile (4)
[2017.03.20-14.33.40:884][ 94]LogModuleManager: Shutting down and abandoning module StreamingFile (3)
[2017.03.20-14.33.40:884][ 94]LogModuleManager: Shutting down and abandoning module SandboxFile (2)
[2017.03.20-14.33.40:884][ 94]LogModuleManager: Shutting down and abandoning module PakFile (1)
[2017.03.20-14.33.40:885][ 94]LogExit: Exiting.
[2017.03.20-14.33.40:886][ 94]Log file closed, 03/20/17 14:33:40
