Log file open, 03/20/17 14:34:03
LogInit:Display: Running engine for game: FPSMEME
LogPlatformFile: Not using cached read wrapper
LogInit:Display: RandInit(1890528687) SRandInit(1890528688).
LogTaskGraph: Started task graph with 4 named threads and 5 total threads with 1 sets of task threads.
LogStats: Stats thread started at 0.049622
LogInit: Version: 4.12.5-0+UE4
LogInit: API Version: 0
LogInit: Net Version: 0
LogDevObjectVersion: Number of dev versions registered: 13
LogDevObjectVersion:   Dev-Blueprints (B0D832E4-1F89-4F0D-ACCF-7EB736FD4AA2): 3
LogDevObjectVersion:   Dev-Build (E1C64328-A22C-4D53-A36C-8E866417BD8C): 0
LogDevObjectVersion:   Dev-Core (375EC13C-06E4-48FB-B500-84F0262A717E): 1
LogDevObjectVersion:   Dev-Editor (E4B068ED-F494-42E9-A231-DA0B2E46BB41): 2
LogDevObjectVersion:   Dev-Framework (CFFC743F-43B0-4480-9391-14DF171D2073): 6
LogDevObjectVersion:   Dev-Mobile (B02B49B5-BB20-44E9-A304-32B752E40360): 0
LogDevObjectVersion:   Dev-Networking (A4E4105C-59A1-49B5-A7C5-40C4547EDFEE): 0
LogDevObjectVersion:   Dev-Online (39C831C9-5AE6-47DC-9A44-9C173E1C8E7C): 0
LogDevObjectVersion:   Dev-Physics (78F01B33-EBEA-4F98-B9B4-84EACCB95AA2): 0
LogDevObjectVersion:   Dev-Platform (6631380F-2D4D-43E0-8009-CF276956A95A): 0
LogDevObjectVersion:   Dev-Rendering (12F88B9F-8875-4AFC-A67C-D90C383ABD29): 2
LogDevObjectVersion:   Dev-Sequencer (7B5AE74C-D270-4C10-A958-57980B212A5A): 0
LogDevObjectVersion:   Dev-VR (D7296918-1DD6-4BDD-9DE2-64A83CC13884): 0
LogInit: Compiled (64-bit): Aug 25 2016 13:31:26
LogInit: Compiled with Visual C++: 19.00.24213.01
LogInit: Build Configuration: Development
LogInit: Branch Name: UE4
LogInit: Command line:  
LogInit: Base directory: C:/Unreal Engine 4.12/Engine/Binaries/Win64/
LogInit: Installed Engine Build: 0
LogInit: Using libcurl 7.41.0
LogInit:  - built for x86_64-pc-win32
LogInit:  - supports SSL with WinSSL
LogInit:  - other features:
LogInit:      CURL_VERSION_SSL
LogInit:      CURL_VERSION_IPV6
LogInit:      CURL_VERSION_ASYNCHDNS
LogInit:      CURL_VERSION_LARGEFILE
LogInit:      CURL_VERSION_IDN
LogInit:  CurlRequestOptions (configurable via config and command line):
LogInit:  - bVerifyPeer = true  - Libcurl will verify peer certificate
LogInit:  - bUseHttpProxy = false  - Libcurl will NOT use HTTP proxy
LogInit:  - bDontReuseConnections = false  - Libcurl will reuse connections
LogInit:  - CertBundlePath = nullptr  - Libcurl will use whatever was configured at build time.
LogInit: Presizing for max 8388607 objects, including 0 objects not considered by GC, pre-allocating 0 bytes for permanent pool.
LogInit: Object subsystem initialized
[2017.03.20-14.34.03:706][  0]LogInit: Selected Device Profile: [Windows]
[2017.03.20-14.34.03:706][  0]LogInit: Applying CVar settings loaded from the selected device profile: [Windows]
[2017.03.20-14.34.03:719][  0]LogInit: Computer: PENGAME-59035
[2017.03.20-14.34.03:719][  0]LogInit: User: JM192929
[2017.03.20-14.34.03:719][  0]LogInit: CPU Page size=65536, Cores=2
[2017.03.20-14.34.03:719][  0]LogInit: High frequency timer resolution =3.507521 MHz
[2017.03.20-14.34.03:719][  0]LogMemory: Memory total: Physical=7.9GB (8GB approx)
[2017.03.20-14.34.03:719][  0]LogMemory: Platform Memory Stats for Windows
[2017.03.20-14.34.03:719][  0]LogMemory: Process Physical Memory: 189.20 MB used, 189.20 MB peak
[2017.03.20-14.34.03:719][  0]LogMemory: Process Virtual Memory: 194.75 MB used, 194.75 MB peak
[2017.03.20-14.34.03:719][  0]LogMemory: Physical Memory: 3302.55 MB used, 8134.15 MB total
[2017.03.20-14.34.03:719][  0]LogMemory: Virtual Memory: 542.52 MB used, 134217728.00 MB total
[2017.03.20-14.34.03:748][  0]LogTextLocalizationManager: No specific translations for ('en-GB') exist, so ('en') translations will be used.
[2017.03.20-14.34.04:127][  0]LogD3D11RHI: D3D11 adapters:
[2017.03.20-14.34.04:135][  0]LogD3D11RHI:    0. 'AMD Radeon(TM) R5 240' (Feature Level 11_0)
[2017.03.20-14.34.04:135][  0]LogD3D11RHI:       1006/0/4067 MB DedicatedVideo/DedicatedSystem/SharedSystem, Outputs:1, VendorId:0x1002
[2017.03.20-14.34.04:136][  0]LogD3D11RHI:    1. 'Microsoft Basic Render Driver' (Feature Level 11_0)
[2017.03.20-14.34.04:136][  0]LogD3D11RHI:       0/0/4067 MB DedicatedVideo/DedicatedSystem/SharedSystem, Outputs:0, VendorId:0x1414
[2017.03.20-14.34.04:136][  0]LogD3D11RHI: Chosen D3D11 Adapter: 0
[2017.03.20-14.34.04:140][  0]LogD3D11RHI: Creating new Direct3DDevice
[2017.03.20-14.34.04:140][  0]LogD3D11RHI:     GPU DeviceId: 0x6611 (for the marketing name, search the web for "GPU Device Id")
[2017.03.20-14.34.04:140][  0]LogWindows: EnumDisplayDevices:
[2017.03.20-14.34.04:140][  0]LogWindows:    0. 'AMD Radeon(TM) R5 240' (P:1 D:1)
[2017.03.20-14.34.04:140][  0]LogWindows:    1. 'AMD Radeon(TM) R5 240' (P:0 D:0)
[2017.03.20-14.34.04:140][  0]LogWindows: DebugString: FoundDriverCount:2 
[2017.03.20-14.34.04:140][  0]LogD3D11RHI:     Adapter Name: AMD Radeon(TM) R5 240
[2017.03.20-14.34.04:140][  0]LogD3D11RHI:   Driver Version: Crimson 15.11 (internal:15.300.1025.1001, unified:15.300.1025.1001)
[2017.03.20-14.34.04:140][  0]LogD3D11RHI:      Driver Date: 11-29-2015
[2017.03.20-14.34.04:140][  0]LogRHI: Texture pool is 704 MB (70% of 1006 MB)
[2017.03.20-14.34.04:145][  0]LogD3D11RHI: Async texture creation disabled: no driver support
[2017.03.20-14.34.04:156][  0]LogD3D11RHI: GPU Timing Frequency: 27.000000 (Debug: 2 1)
[2017.03.20-14.34.04:157][  0]LogShaderCompilers: Guid format shader working directory is 15 characters bigger than the processId version (E:/comp140-gam160-game/comp140game/Intermediate/Shaders/WorkingDirectory/7996/).
[2017.03.20-14.34.04:157][  0]LogShaderCompilers: Cleaned the shader compiler working directory 'C:/Users/JM192929/AppData/Local/Temp/UnrealShaderWorkingDir/B7164DB74BCEAEE337FA98A513BDCE9A/'.
[2017.03.20-14.34.04:157][  0]LogShaderCompilers:Display: Using Local Shader Compiler.
[2017.03.20-14.34.05:213][  0]LogTemp:Display: Loaded TP AllDesktopTargetPlatform
[2017.03.20-14.34.05:219][  0]LogTemp:Display: Loaded TP WindowsClientTargetPlatform
[2017.03.20-14.34.05:226][  0]LogTemp:Display: Loaded TP WindowsNoEditorTargetPlatform
[2017.03.20-14.34.05:232][  0]LogTemp:Display: Loaded TP WindowsServerTargetPlatform
[2017.03.20-14.34.05:238][  0]LogTemp:Display: Loaded TP WindowsTargetPlatform
[2017.03.20-14.34.05:245][  0]LogTemp:Display: Loaded TP AndroidTargetPlatform
[2017.03.20-14.34.05:250][  0]LogTemp:Display: Loaded TP Android_ASTCTargetPlatform
[2017.03.20-14.34.05:256][  0]LogTemp:Display: Loaded TP Android_ATCTargetPlatform
[2017.03.20-14.34.05:261][  0]LogTemp:Display: Loaded TP Android_DXTTargetPlatform
[2017.03.20-14.34.05:266][  0]LogTemp:Display: Loaded TP Android_ETC1TargetPlatform
[2017.03.20-14.34.05:271][  0]LogTemp:Display: Loaded TP Android_ETC2TargetPlatform
[2017.03.20-14.34.05:282][  0]LogTemp:Display: Loaded TP Android_MultiTargetPlatform
[2017.03.20-14.34.05:282][  0]LogTemp:Display: Loaded TP Android_PVRTCTargetPlatform
[2017.03.20-14.34.05:283][  0]LogTemp:Display: Loaded TP HTML5TargetPlatform
[2017.03.20-14.34.05:301][  0]LogTemp:Display: Loaded TP IOSTargetPlatform
[2017.03.20-14.34.05:306][  0]LogTemp:Display: Loaded TP TVOSTargetPlatform
[2017.03.20-14.34.05:306][  0]LogTargetPlatformManager:Display: Building Assets For Windows
[2017.03.20-14.34.05:352][  0]LogDerivedDataCache:Display: Max Cache Size: 512 MB
[2017.03.20-14.34.05:924][  0]LogDerivedDataCache: Loaded boot cache 0.57s 48MB E:/comp140-gam160-game/comp140game/DerivedDataCache/Boot.ddc.
[2017.03.20-14.34.05:925][  0]LogDerivedDataCache:Display: Loaded Boot cache: E:/comp140-gam160-game/comp140game/DerivedDataCache/Boot.ddc
[2017.03.20-14.34.05:925][  0]LogDerivedDataCache: FDerivedDataBackendGraph:  Pak pak cache file E:/comp140-gam160-game/comp140game/DerivedDataCache/DDC.ddp not found, will not use a pak cache.
[2017.03.20-14.34.05:925][  0]LogDerivedDataCache: Unable to find inner node Pak for hierarchical cache Hierarchy.
[2017.03.20-14.34.05:926][  0]LogDerivedDataCache: FDerivedDataBackendGraph:  EnginePak pak cache file ../../../Engine/DerivedDataCache/DDC.ddp not found, will not use a pak cache.
[2017.03.20-14.34.05:926][  0]LogDerivedDataCache: Unable to find inner node EnginePak for hierarchical cache Hierarchy.
[2017.03.20-14.34.05:939][  0]LogDerivedDataCache: Using Local data cache path ../../../Engine/DerivedDataCache: Writable
[2017.03.20-14.34.05:939][  0]LogDerivedDataCache: Shared data cache path not found in *engine.ini, will not use an Shared cache.
[2017.03.20-14.34.05:939][  0]LogDerivedDataCache: Unable to find inner node Shared for hierarchical cache Hierarchy.
[2017.03.20-14.34.06:152][  0]LogInit: Selected Device Profile: [Windows]
[2017.03.20-14.34.06:153][  0]LogContentStreaming: Texture pool size is 0.00 MB
[2017.03.20-14.34.06:288][  0]LogMeshUtilities: No automatic mesh reduction module available
[2017.03.20-14.34.06:288][  0]LogMeshUtilities: No automatic mesh merging module available
[2017.03.20-14.34.06:288][  0]LogMeshUtilities: No distributed automatic mesh merging module available
[2017.03.20-14.34.06:623][  0]LogAssetRegistry: FAssetRegistry took 0.0224 seconds to start up
[2017.03.20-14.34.06:649][  0]LogPackageLocalizationCache: Processed 3 localized package path(s) for 2 prioritized culture(s) in 0.023960 seconds
[2017.03.20-14.34.06:654][  0]LogUObjectArray: 28732 objects as part of root set at end of initial load.
[2017.03.20-14.34.06:654][  0]LogUObjectAllocator: 5854096 out of 0 bytes used by permanent object pool.
[2017.03.20-14.34.06:654][  0]LogUObjectArray: CloseDisregardForGC: 0/0 objects in disregard for GC pool
[2017.03.20-14.34.06:658][  0]LogInit: WinSock: version 1.1 (2.2), MaxSocks=32767, MaxUdp=65467
[2017.03.20-14.34.06:877][  0]LogSlate: SlateFontCache - WITH_FREETYPE: 1, WITH_HARFBUZZ: 1
[2017.03.20-14.34.06:877][  0]LogSlate: SlateFontCache - WITH_FREETYPE: 1, WITH_HARFBUZZ: 1
[2017.03.20-14.34.12:113][  0]LogUdpMessaging: Initializing bridge on interface 0.0.0.0:0 to multicast group 230.0.0.1:6666.
[2017.03.20-14.34.12:408][  0]SourceControl: Info Source control is disabled
[2017.03.20-14.34.12:450][  0]SourceControl: Info Source control is disabled
[2017.03.20-14.34.12:459][  0]SourceControl: Info Source control is disabled
[2017.03.20-14.34.12:465][  0]SourceControl: Info Source control is disabled
[2017.03.20-14.34.12:665][  0]LogEngine: Initializing Engine...
[2017.03.20-14.34.12:666][  0]LogHMD: SteamVR failed to initialize.  Err: 110
[2017.03.20-14.34.12:666][  0]LogHMD: SteamVR failed to initialize.  Err: 110
[2017.03.20-14.34.12:796][  0]LogAIModule: Creating AISystem for world NewWorld
[2017.03.20-14.34.12:799][  0]LogInit: XAudio2 using 'Speakers / Headphones (Realtek High Definition Audio)' : 2 channels at 48 kHz using 32 bits per sample (channel mask 0x3)
[2017.03.20-14.34.12:936][  0]LogInit: FAudioDevice initialized.
[2017.03.20-14.34.12:968][  0]LogDerivedDataCache: Saved boot cache 0.03s 48MB E:/comp140-gam160-game/comp140game/DerivedDataCache/Boot.ddc.
[2017.03.20-14.34.12:976][  0]LogInit: Texture streaming: Enabled
[2017.03.20-14.34.13:000][  0]LogInit: Transaction tracking system initialized
[2017.03.20-14.34.13:022][  0]BlueprintLog: New page: Editor Load
[2017.03.20-14.34.13:087][  0]LocalizationService: Info Localization service is disabled
[2017.03.20-14.34.13:180][  0]LogConsoleResponse:Display: 
[2017.03.20-14.34.14:200][  0]LogCook:Display: Max memory allowance for cook 8192mb
[2017.03.20-14.34.14:200][  0]LogCook:Display: Mobile HDR setting 1
[2017.03.20-14.34.14:604][  0]LogFileCache: Scanning file cache for directory 'E:/comp140-gam160-game/comp140game/Content/' took 0.01s
[2017.03.20-14.34.14:604][  0]SourceControl: Info Source control is disabled
[2017.03.20-14.34.14:604][  0]Cmd: MAP LOAD FILE="E:/comp140-gam160-game/comp140game/Content/FirstPersonBP/Maps/FirstPersonExampleMap.umap" TEMPLATE=0 SHOWPROGRESS=1 FEATURELEVEL=3
[2017.03.20-14.34.14:604][  0]LightingResults: New page: Lighting Build
[2017.03.20-14.34.14:606][  0]MapCheck: New page: Map Check
[2017.03.20-14.34.14:606][  0]LightingResults: New page: Lighting Build
[2017.03.20-14.34.15:811][  0]LogAIModule: Creating AISystem for world FirstPersonExampleMap
[2017.03.20-14.34.15:954][  0]LogEditorServer: Finished looking for orphan Actors (0.000 secs)
[2017.03.20-14.34.15:955][  0]Cmd: MAP CHECKDEP NOCLEARLOG
[2017.03.20-14.34.16:016][  0]MapCheck: Info Map check complete: 0 Error(s), 0 Warning(s), took 61.238ms to complete.
[2017.03.20-14.34.16:016][  0]LogFileHelpers: Loading map 'FirstPersonExampleMap' took 1.412
[2017.03.20-14.34.16:200][  0]LogCollectionManager: Loaded 0 collections in 0.000850 seconds
[2017.03.20-14.34.16:240][  0]LogFileCache: Scanning file cache for directory 'E:/comp140-gam160-game/comp140game/Saved/Collections/' took 0.01s
[2017.03.20-14.34.16:240][  0]LogFileCache: Scanning file cache for directory 'E:/comp140-gam160-game/comp140game/Content/Developers/JM192929/Collections/' took 0.01s
[2017.03.20-14.34.16:240][  0]LogFileCache: Scanning file cache for directory 'E:/comp140-gam160-game/comp140game/Content/Collections/' took 0.01s
[2017.03.20-14.34.16:240][  0]LogCollectionManager: Rebuilt the GUID cache for 0 collections in 0.000007 seconds
[2017.03.20-14.34.16:256][  0]LogContentBrowser: Native class hierarchy populated in 0.0158 seconds. Added 2046 classes and 367 folders.
[2017.03.20-14.34.16:261][  0]LogStats: UGameplayTagsManager::ConstructGameplayTagTree: Construct from data asset -  0.000 s
[2017.03.20-14.34.16:261][  0]LogStats: UGameplayTagsManager::ConstructGameplayTagTree: GameplayTagTreeChangedEvent.Broadcast -  0.000 s
[2017.03.20-14.34.16:262][  0]LogContentBrowser: Native class hierarchy updated for 'GameplayTags' in 0.0004 seconds. Added 12 classes and 0 folders.
[2017.03.20-14.34.16:265][  0]LogContentBrowser: Native class hierarchy updated for 'WidgetCarousel' in 0.0003 seconds. Added 0 classes and 0 folders.
[2017.03.20-14.34.17:166][  0]LogContentBrowser: Native class hierarchy updated for 'AddContentDialog' in 0.0004 seconds. Added 0 classes and 0 folders.
[2017.03.20-14.34.17:170][  0]LogContentBrowser: Native class hierarchy updated for 'SceneOutliner' in 0.0004 seconds. Added 1 classes and 2 folders.
[2017.03.20-14.34.17:183][  0]LogCrashTracker: Crashtracker disabled due to settings.
[2017.03.20-14.34.17:188][  0]LogUObjectGlobals:Warning: Failed to find object 'Class None.'
[2017.03.20-14.34.17:213][  0]LogContentBrowser: Native class hierarchy updated for 'HierarchicalLODOutliner' in 0.0004 seconds. Added 1 classes and 2 folders.
[2017.03.20-14.34.17:213][  0]LogLoad: Full Startup: 14.17 seconds (BP compile: 0.34 seconds)
[2017.03.20-14.34.17:213][  0]LogExternalProfiler: No external profilers were discovered.  External profiling features will not be available.
[2017.03.20-14.34.17:224][  0]LogOcInput: OculusInput pre-init called
[2017.03.20-14.34.17:241][  0]LogContentStreaming: Texture pool size now 700 MB
[2017.03.20-14.34.17:418][  0]LogRenderer: Reallocating scene render targets to support 1208x576 (Frame:2).
[2017.03.20-14.34.17:999][  1]LogAssetRegistry: Asset discovery search completed in 11.3999 seconds
[2017.03.20-14.34.17:999][  1]LogCollectionManager: Rebuilt the object cache for 0 collections in 0.000001 seconds (found 0 objects)
[2017.03.20-14.34.17:999][  1]LogCollectionManager: Fixed up redirectors for 0 collections in 0.000046 seconds (updated 0 objects)
[2017.03.20-14.34.26:569][242]LogEditorViewport: Clicking on Actor (LMB): StaticMeshActor (Floor)
[2017.03.20-14.34.37:741][700]LogTexture:Display: Building textures: T_Brick_Hewn_Stone_N (BC5)
[2017.03.20-14.34.38:558][700]LogTexture:Display: Building textures: T_Brick_Hewn_Stone_M (AutoDXT)
[2017.03.20-14.34.44:622][700]LogTexture:Display: Building textures: T_Brick_Hewn_Stone_D (AutoDXT)
[2017.03.20-14.34.50:234][700]LogTexture:Display: Building textures: T_Detail_Rocky_N (BC5)
[2017.03.20-14.34.50:416][700]LogMaterial: Missing cached shader map for material M_Brick_Hewn_Stone, compiling. 
[2017.03.20-14.34.55:599][836]LogEditorViewport: Clicking on Actor (LMB): StaticMeshActor (Floor)
[2017.03.20-14.34.57:211][879]LogEditorViewport: Clicking on Actor (LMB): StaticMeshActor (Floor)
[2017.03.20-14.35.06:703][405]LogEditorViewport: Clicking on Actor (LMB): StaticMeshActor (Floor)
[2017.03.20-14.35.32:770][168]LogEditorViewport: Clicking on Actor (LMB): StaticMeshActor (Floor)
[2017.03.20-14.35.34:903][225]Cmd: DELETE
[2017.03.20-14.35.34:903][225]Cmd: ACTOR DELETE
[2017.03.20-14.35.35:074][225]LogEditorActor: Deleted Actor: StaticMeshActor
[2017.03.20-14.35.35:170][225]LogEditorActor: Deleted 1 Actors (0.103 secs)
[2017.03.20-14.35.37:339][357]LogEditorViewport: Clicking on Actor (LMB): BP_Sky_Sphere_C (SkySphereBlueprint)
[2017.03.20-14.35.37:966][373]LogEditorViewport: Clicking on Actor (LMB): BP_Sky_Sphere_C (SkySphereBlueprint)
[2017.03.20-14.35.38:605][389]LogEditorViewport: Clicking on Actor (LMB): BP_Sky_Sphere_C (SkySphereBlueprint)
[2017.03.20-14.35.40:667][444]Cmd: TRANSACTION UNDO
[2017.03.20-14.35.40:667][444]LogEditorTransaction: Undo Clicking on Actors
[2017.03.20-14.35.42:856][570]Cmd: TRANSACTION UNDO
[2017.03.20-14.35.42:856][570]LogEditorTransaction: Undo Clicking on Actors
[2017.03.20-14.35.43:552][589]Cmd: TRANSACTION UNDO
[2017.03.20-14.35.43:552][589]LogEditorTransaction: Undo Clicking on Actors
[2017.03.20-14.35.44:128][606]Cmd: TRANSACTION UNDO
[2017.03.20-14.35.44:128][606]LogEditorTransaction: Undo Delete Actors
[2017.03.20-14.35.49:355][815]LogEditorActor: Deleted Actor: TextRenderActor
[2017.03.20-14.35.49:370][815]LogEditorActor: Deleted 1 Actors (0.016 secs)
[2017.03.20-14.35.55:146][996]LogSavePackage: Save=2368.64ms
[2017.03.20-14.35.55:146][996]LogSavePackage: Moving 'E:/comp140-gam160-game/comp140game/Saved/FirstPersonExampleMap9E838CE743AABDC468BA78933FAEF8AE.tmp' to 'E:/comp140-gam160-game/comp140game/Content/FirstPersonBP/Maps/FirstPersonExampleMap.umap'
[2017.03.20-14.35.55:151][996]LogSavePackage:Display: Finished SavePackage E:/comp140-gam160-game/comp140game/Content/FirstPersonBP/Maps/FirstPersonExampleMap.umap
[2017.03.20-14.36.00:877][506]LogWindowsTextInputMethodSystem:Display: IME system now deactivated.
[2017.03.20-14.36.01:070][507]Cmd: QUIT_EDITOR
[2017.03.20-14.36.01:150][507]LogExit: Preparing to exit.
[2017.03.20-14.36.02:279][507]LogExit: Editor shut down
[2017.03.20-14.36.02:279][507]LogExit: Transaction tracking system shut down
[2017.03.20-14.36.02:393][507]LogObj: Freed 0b from 0 cluster array pools.
[2017.03.20-14.36.02:393][507]LogExit: Object subsystem successfully closed.
[2017.03.20-14.36.02:408][507]LogD3D11RHI: Shutdown
[2017.03.20-14.36.02:408][507]LogD3D11RHI: CleanupD3DDevice
[2017.03.20-14.36.02:472][507]LogD3D11RHI: ~FD3D11DynamicRHI
[2017.03.20-14.36.02:483][507]LogModuleManager: Shutting down and abandoning module HierarchicalLODUtilities (209)
[2017.03.20-14.36.02:483][507]LogModuleManager: Shutting down and abandoning module HierarchicalLODOutliner (208)
[2017.03.20-14.36.02:483][507]LogModuleManager: Shutting down and abandoning module CrashTracker (207)
[2017.03.20-14.36.02:483][507]LogModuleManager: Shutting down and abandoning module SceneOutliner (206)
[2017.03.20-14.36.02:483][507]LogModuleManager: Shutting down and abandoning module WidgetCarousel (205)
[2017.03.20-14.36.02:483][507]LogModuleManager: Shutting down and abandoning module AddContentDialog (204)
[2017.03.20-14.36.02:484][507]LogModuleManager: Shutting down and abandoning module GameplayTags (203)
[2017.03.20-14.36.02:484][507]LogModuleManager: Shutting down and abandoning module EditorWidgets (202)
[2017.03.20-14.36.02:484][507]LogModuleManager: Shutting down and abandoning module CollectionManager (201)
[2017.03.20-14.36.02:484][507]LogModuleManager: Shutting down and abandoning module StatsViewer (200)
[2017.03.20-14.36.02:484][507]LogModuleManager: Shutting down and abandoning module FoliageEdit (199)
[2017.03.20-14.36.02:484][507]LogModuleManager: Shutting down and abandoning module LandscapeEditor (198)
[2017.03.20-14.36.02:484][507]LogModuleManager: Shutting down and abandoning module SceneDepthPickerMode (197)
[2017.03.20-14.36.02:484][507]LogModuleManager: Shutting down and abandoning module ActorPickerMode (196)
[2017.03.20-14.36.02:484][507]LogModuleManager: Shutting down and abandoning module GeometryMode (195)
[2017.03.20-14.36.02:484][507]LogModuleManager: Shutting down and abandoning module TextureAlignMode (194)
[2017.03.20-14.36.02:484][507]LogModuleManager: Shutting down and abandoning module BspMode (193)
[2017.03.20-14.36.02:484][507]LogModuleManager: Shutting down and abandoning module HardwareSurvey (192)
[2017.03.20-14.36.02:484][507]LogModuleManager: Shutting down and abandoning module SequenceRecorderSections (191)
[2017.03.20-14.36.02:484][507]LogModuleManager: Shutting down and abandoning module SequenceRecorder (190)
[2017.03.20-14.36.02:484][507]LogModuleManager: Shutting down and abandoning module AutomationWorker (189)
[2017.03.20-14.36.02:484][507]LogModuleManager: Shutting down and abandoning module MatineeToLevelSequence (188)
[2017.03.20-14.36.02:484][507]LogModuleManager: Shutting down and abandoning module PlacementMode (187)
[2017.03.20-14.36.02:484][507]LogModuleManager: Shutting down and abandoning module LevelSequenceEditor (186)
[2017.03.20-14.36.02:485][507]LogModuleManager: Shutting down and abandoning module CharacterAI (185)
[2017.03.20-14.36.02:485][507]LogModuleManager: Shutting down and abandoning module SmartSnapping (184)
[2017.03.20-14.36.02:485][507]LogModuleManager: Shutting down and abandoning module SessionServices (183)
[2017.03.20-14.36.02:485][507]LogModuleManager: Shutting down and abandoning module ViewportSnapping (182)
[2017.03.20-14.36.02:485][507]LogModuleManager: Shutting down and abandoning module LogVisualizer (181)
[2017.03.20-14.36.02:485][507]LogModuleManager: Shutting down and abandoning module GameProjectGeneration (180)
[2017.03.20-14.36.02:485][507]LogModuleManager: Shutting down and abandoning module IntroTutorials (179)
[2017.03.20-14.36.02:485][507]LogModuleManager: Shutting down and abandoning module EditorLiveStreaming (178)
[2017.03.20-14.36.02:485][507]LogModuleManager: Shutting down and abandoning module IOSPlatformEditor (177)
[2017.03.20-14.36.02:485][507]LogModuleManager: Shutting down and abandoning module HTML5PlatformEditor (176)
[2017.03.20-14.36.02:485][507]LogModuleManager: Shutting down and abandoning module AndroidDeviceDetection (175)
[2017.03.20-14.36.03:140][507]LogModuleManager: Shutting down and abandoning module AndroidPlatformEditor (174)
[2017.03.20-14.36.03:140][507]LogModuleManager: Shutting down and abandoning module IOSRuntimeSettings (173)
[2017.03.20-14.36.03:140][507]LogModuleManager: Shutting down and abandoning module AndroidRuntimeSettings (172)
[2017.03.20-14.36.03:140][507]LogModuleManager: Shutting down and abandoning module MergeActors (171)
[2017.03.20-14.36.03:140][507]LogModuleManager: Shutting down and abandoning module SizeMap (170)
[2017.03.20-14.36.03:140][507]LogModuleManager: Shutting down and abandoning module TreeMap (169)
[2017.03.20-14.36.03:140][507]LogModuleManager: Shutting down and abandoning module ReferenceViewer (168)
[2017.03.20-14.36.03:140][507]LogModuleManager: Shutting down and abandoning module LocalizationService (167)
[2017.03.20-14.36.03:140][507]LogModuleManager: Shutting down and abandoning module LocalizationDashboard (166)
[2017.03.20-14.36.03:140][507]LogModuleManager: Shutting down and abandoning module HardwareTargeting (165)
[2017.03.20-14.36.03:140][507]LogModuleManager: Shutting down and abandoning module DeviceProfileEditor (164)
[2017.03.20-14.36.03:140][507]LogModuleManager: Shutting down and abandoning module UndoHistory (163)
[2017.03.20-14.36.03:140][507]LogModuleManager: Shutting down and abandoning module UserFeedback (162)
[2017.03.20-14.36.03:140][507]LogModuleManager: Shutting down and abandoning module XmlParser (161)
[2017.03.20-14.36.03:140][507]LogModuleManager: Shutting down and abandoning module Blutility (160)
[2017.03.20-14.36.03:140][507]LogModuleManager: Shutting down and abandoning module ProjectTargetPlatformEditor (159)
[2017.03.20-14.36.03:141][507]LogModuleManager: Shutting down and abandoning module ProjectSettingsViewer (158)
[2017.03.20-14.36.03:141][507]LogModuleManager: Shutting down and abandoning module InputBindingEditor (157)
[2017.03.20-14.36.03:141][507]LogModuleManager: Shutting down and abandoning module EditorSettingsViewer (156)
[2017.03.20-14.36.03:141][507]LogModuleManager: Shutting down and abandoning module SettingsEditor (155)
[2017.03.20-14.36.03:141][507]LogModuleManager: Shutting down and abandoning module ProjectLauncher (154)
[2017.03.20-14.36.03:141][507]LogModuleManager: Shutting down and abandoning module SessionFrontend (153)
[2017.03.20-14.36.03:141][507]LogModuleManager: Shutting down and abandoning module ProfilerClient (152)
[2017.03.20-14.36.03:142][507]LogModuleManager: Shutting down and abandoning module TargetDeviceServices (151)
[2017.03.20-14.36.03:142][507]LogModuleManager: Shutting down and abandoning module DeviceManager (150)
[2017.03.20-14.36.03:208][507]LogModuleManager: Shutting down and abandoning module AutomationController (149)
[2017.03.20-14.36.03:208][507]LogModuleManager: Shutting down and abandoning module AutomationWindow (148)
[2017.03.20-14.36.03:208][507]LogModuleManager: Shutting down and abandoning module Layers (147)
[2017.03.20-14.36.03:208][507]LogModuleManager: Shutting down and abandoning module ComponentVisualizers (146)
[2017.03.20-14.36.03:208][507]LogModuleManager: Shutting down and abandoning module DetailCustomizations (145)
[2017.03.20-14.36.03:208][507]LogModuleManager: Shutting down and abandoning module PackagesDialog (144)
[2017.03.20-14.36.03:208][507]LogModuleManager: Shutting down and abandoning module Persona (143)
[2017.03.20-14.36.03:209][507]LogModuleManager: Shutting down and abandoning module Kismet (142)
[2017.03.20-14.36.03:209][507]LogModuleManager: Shutting down and abandoning module GraphEditor (141)
[2017.03.20-14.36.03:209][507]LogModuleManager: Shutting down and abandoning module ClassViewer (140)
[2017.03.20-14.36.03:209][507]LogModuleManager: Shutting down and abandoning module Toolbox (139)
[2017.03.20-14.36.03:209][507]LogModuleManager: Shutting down and abandoning module ModuleUI (138)
[2017.03.20-14.36.03:209][507]LogModuleManager: Shutting down and abandoning module MovieSceneTools (137)
[2017.03.20-14.36.03:209][507]LogModuleManager: Shutting down and abandoning module OutputLog (136)
[2017.03.20-14.36.03:209][507]LogModuleManager: Shutting down and abandoning module GammaUI (135)
[2017.03.20-14.36.03:209][507]LogModuleManager: Shutting down and abandoning module Documentation (134)
[2017.03.20-14.36.03:209][507]LogModuleManager: Shutting down and abandoning module StreamingPauseRendering (133)
[2017.03.20-14.36.03:209][507]LogModuleManager: Shutting down and abandoning module AnalyticsET (132)
[2017.03.20-14.36.03:209][507]LogModuleManager: Shutting down and abandoning module Analytics (131)
[2017.03.20-14.36.03:209][507]LogModuleManager: Shutting down and abandoning module PortalServices (130)
[2017.03.20-14.36.03:209][507]LogModuleManager: Shutting down and abandoning module PortalRpc (129)
[2017.03.20-14.36.03:209][507]LogModuleManager: Shutting down and abandoning module MessagingRpc (128)
[2017.03.20-14.36.03:209][507]LogModuleManager: Shutting down and abandoning module GameplayDebugger (127)
[2017.03.20-14.36.03:209][507]LogModuleManager: Shutting down and abandoning module AITestSuite (126)
[2017.03.20-14.36.03:210][507]LogModuleManager: Shutting down and abandoning module AIModule (125)
[2017.03.20-14.36.03:210][507]LogModuleManager: Shutting down and abandoning module ProfilerService (124)
[2017.03.20-14.36.03:458][507]LogModuleManager: Shutting down and abandoning module TaskGraph (123)
[2017.03.20-14.36.03:458][507]LogModuleManager: Shutting down and abandoning module SlateRemote (122)
[2017.03.20-14.36.03:458][507]LogModuleManager: Shutting down and abandoning module SteamVRController (121)
[2017.03.20-14.36.03:458][507]LogModuleManager: Shutting down and abandoning module SteamVR (120)
[2017.03.20-14.36.03:458][507]LogModuleManager: Shutting down and abandoning module ProceduralMeshComponent (119)
[2017.03.20-14.36.03:458][507]LogModuleManager: Shutting down and abandoning module OculusLibrary (118)
[2017.03.20-14.36.03:458][507]LogModuleManager: Shutting down and abandoning module OculusInput (117)
[2017.03.20-14.36.03:458][507]LogModuleManager: Shutting down and abandoning module CustomMeshComponent (116)
[2017.03.20-14.36.03:458][507]LogModuleManager: Shutting down and abandoning module CableComponent (115)
[2017.03.20-14.36.03:458][507]LogModuleManager: Shutting down and abandoning module ArchVisCharacter (114)
[2017.03.20-14.36.03:458][507]LogModuleManager: Shutting down and abandoning module MediaPlayerEditor (113)
[2017.03.20-14.36.03:458][507]LogModuleManager: Shutting down and abandoning module HTML5Networking (112)
[2017.03.20-14.36.03:458][507]LogModuleManager: Shutting down and abandoning module SuperSearch (111)
[2017.03.20-14.36.03:458][507]LogModuleManager: Shutting down and abandoning module SuperSearchEditor (110)
[2017.03.20-14.36.03:458][507]LogModuleManager: Shutting down and abandoning module SpeedTreeImporter (109)
[2017.03.20-14.36.03:459][507]LogModuleManager: Shutting down and abandoning module PluginBrowser (108)
[2017.03.20-14.36.03:459][507]LogModuleManager: Shutting down and abandoning module EpicSurvey (107)
[2017.03.20-14.36.03:459][507]LogModuleManager: Shutting down and abandoning module DesktopPlatform (106)
[2017.03.20-14.36.03:459][507]LogModuleManager: Shutting down and abandoning module VisualStudioSourceCodeAccess (105)
[2017.03.20-14.36.03:459][507]LogModuleManager: Shutting down and abandoning module UObjectPlugin (104)
[2017.03.20-14.36.03:459][507]LogModuleManager: Shutting down and abandoning module SubversionSourceControl (103)
[2017.03.20-14.36.03:459][507]LogModuleManager: Shutting down and abandoning module PerforceSourceControl (102)
[2017.03.20-14.36.03:459][507]LogModuleManager: Shutting down and abandoning module SourceControl (101)
[2017.03.20-14.36.03:459][507]LogModuleManager: Shutting down and abandoning module GitSourceControl (100)
[2017.03.20-14.36.03:459][507]LogModuleManager: Shutting down and abandoning module LightPropagationVolumeEditor (99)
[2017.03.20-14.36.03:459][507]LogModuleManager: Shutting down and abandoning module PaperTiledImporter (98)
[2017.03.20-14.36.03:459][507]LogModuleManager: Shutting down and abandoning module PaperSpriteSheetImporter (97)
[2017.03.20-14.36.03:459][507]LogModuleManager: Shutting down and abandoning module MeshPaint (96)
[2017.03.20-14.36.03:459][507]LogModuleManager: Shutting down and abandoning module PixelInspectorModule (95)
[2017.03.20-14.36.03:459][507]LogModuleManager: Shutting down and abandoning module HotReload (94)
[2017.03.20-14.36.03:461][507]LogModuleManager: Shutting down and abandoning module MainFrame (93)
[2017.03.20-14.36.03:461][507]LogModuleManager: Shutting down and abandoning module LevelEditor (92)
[2017.03.20-14.36.03:462][507]LogModuleManager: Shutting down and abandoning module ContentBrowser (91)
[2017.03.20-14.36.03:465][507]LogModuleManager: Shutting down and abandoning module Paper2DEditor (90)
[2017.03.20-14.36.03:465][507]LogModuleManager: Shutting down and abandoning module UdpMessaging (89)
[2017.03.20-14.36.03:566][507]LogModuleManager: Shutting down and abandoning module LightPropagationVolumeRuntime (88)
[2017.03.20-14.36.03:566][507]LogModuleManager: Shutting down and abandoning module Paper2D (87)
[2017.03.20-14.36.03:566][507]LogModuleManager: Shutting down and abandoning module WindowsMoviePlayer (86)
[2017.03.20-14.36.03:566][507]LogModuleManager: Shutting down and abandoning module Media (85)
[2017.03.20-14.36.03:566][507]LogModuleManager: Shutting down and abandoning module WmfMedia (84)
[2017.03.20-14.36.03:566][507]LogModuleManager: Shutting down and abandoning module MediaAssets (83)
[2017.03.20-14.36.03:566][507]LogModuleManager: Shutting down and abandoning module GameLiveStreaming (82)
[2017.03.20-14.36.03:567][507]LogModuleManager: Shutting down and abandoning module GameplayTagsEditor (81)
[2017.03.20-14.36.03:567][507]LogModuleManager: Shutting down and abandoning module OnlineBlueprintSupport (80)
[2017.03.20-14.36.03:567][507]LogModuleManager: Shutting down and abandoning module VREditor (79)
[2017.03.20-14.36.03:567][507]LogModuleManager: Shutting down and abandoning module GameplayTasksEditor (78)
[2017.03.20-14.36.03:567][507]LogModuleManager: Shutting down and abandoning module PropertyEditor (77)
[2017.03.20-14.36.03:567][507]LogModuleManager: Shutting down and abandoning module BehaviorTreeEditor (76)
[2017.03.20-14.36.03:567][507]LogModuleManager: Shutting down and abandoning module FunctionalTesting (75)
[2017.03.20-14.36.03:567][507]LogModuleManager: Shutting down and abandoning module CollisionAnalyzer (74)
[2017.03.20-14.36.03:567][507]LogModuleManager: Shutting down and abandoning module Sequencer (73)
[2017.03.20-14.36.03:567][507]LogModuleManager: Shutting down and abandoning module WorkspaceMenuStructure (72)
[2017.03.20-14.36.03:567][507]LogModuleManager: Shutting down and abandoning module MessageLog (71)
[2017.03.20-14.36.03:567][507]LogModuleManager: Shutting down and abandoning module AssetTools (70)
[2017.03.20-14.36.03:568][507]LogModuleManager: Shutting down and abandoning module UMGEditor (69)
[2017.03.20-14.36.03:568][507]LogModuleManager: Shutting down and abandoning module UMG (68)
[2017.03.20-14.36.03:568][507]LogModuleManager: Shutting down and abandoning module SlateReflector (67)
[2017.03.20-14.36.03:568][507]LogModuleManager: Shutting down and abandoning module Slate (66)
[2017.03.20-14.36.03:568][507]LogModuleManager: Shutting down and abandoning module EditorStyle (65)
[2017.03.20-14.36.03:605][507]LogModuleManager: Shutting down and abandoning module SourceCodeAccess (64)
[2017.03.20-14.36.03:605][507]LogModuleManager: Shutting down and abandoning module HeadMountedDisplay (63)
[2017.03.20-14.36.03:605][507]LogModuleManager: Shutting down and abandoning module XAudio2 (62)
[2017.03.20-14.36.03:605][507]LogModuleManager: Shutting down and abandoning module Networking (60)
[2017.03.20-14.36.03:605][507]LogModuleManager: Shutting down and abandoning module Core (59)
[2017.03.20-14.36.03:605][507]LogModuleManager: Shutting down and abandoning module DirectoryWatcher (58)
[2017.03.20-14.36.03:606][507]LogModuleManager: Shutting down and abandoning module AssetRegistry (57)
[2017.03.20-14.36.03:740][507]LogModuleManager: Shutting down and abandoning module KismetCompiler (56)
[2017.03.20-14.36.03:740][507]LogModuleManager: Shutting down and abandoning module PhysXFormats (55)
[2017.03.20-14.36.03:740][507]LogModuleManager: Shutting down and abandoning module MeshUtilities (54)
[2017.03.20-14.36.03:740][507]LogModuleManager: Shutting down and abandoning module DerivedDataCache (53)
[2017.03.20-14.36.03:998][507]LogDerivedDataCache: Shutdown
[2017.03.20-14.36.03:999][507]LogModuleManager: Shutting down and abandoning module VulkanShaderFormat (52)
[2017.03.20-14.36.03:999][507]LogModuleManager: Shutting down and abandoning module ShaderFormatOpenGL (51)
[2017.03.20-14.36.03:999][507]LogModuleManager: Shutting down and abandoning module ShaderFormatD3D (50)
[2017.03.20-14.36.03:999][507]LogModuleManager: Shutting down and abandoning module MetalShaderFormat (49)
[2017.03.20-14.36.03:999][507]LogModuleManager: Shutting down and abandoning module TextureFormatUncompressed (48)
[2017.03.20-14.36.03:999][507]LogModuleManager: Shutting down and abandoning module TextureFormatPVR (47)
[2017.03.20-14.36.03:999][507]LogModuleManager: Shutting down and abandoning module TextureFormatIntelISPCTexComp (46)
[2017.03.20-14.36.03:999][507]LogModuleManager: Shutting down and abandoning module TextureFormatDXT (45)
[2017.03.20-14.36.03:999][507]LogModuleManager: Shutting down and abandoning module ImageWrapper (44)
[2017.03.20-14.36.03:999][507]LogModuleManager: Shutting down and abandoning module TextureFormatASTC (43)
[2017.03.20-14.36.03:999][507]LogModuleManager: Shutting down and abandoning module AudioFormatOpus (42)
[2017.03.20-14.36.03:999][507]LogModuleManager: Shutting down and abandoning module AudioFormatOgg (41)
[2017.03.20-14.36.03:999][507]LogModuleManager: Shutting down and abandoning module AudioFormatADPCM (40)
[2017.03.20-14.36.03:999][507]LogModuleManager: Shutting down and abandoning module TVOSTargetPlatform (39)
[2017.03.20-14.36.03:999][507]LogModuleManager: Shutting down and abandoning module Messaging (38)
[2017.03.20-14.36.03:999][507]LogModuleManager: Shutting down and abandoning module IOSTargetPlatform (37)
[2017.03.20-14.36.03:999][507]LogModuleManager: Shutting down and abandoning module HTML5TargetPlatform (36)
[2017.03.20-14.36.03:999][507]LogModuleManager: Shutting down and abandoning module Android_PVRTCTargetPlatform (35)
[2017.03.20-14.36.03:999][507]LogModuleManager: Shutting down and abandoning module Android_MultiTargetPlatform (34)
[2017.03.20-14.36.03:999][507]LogModuleManager: Shutting down and abandoning module Android_ETC2TargetPlatform (33)
[2017.03.20-14.36.03:999][507]LogModuleManager: Shutting down and abandoning module Android_ETC1TargetPlatform (32)
[2017.03.20-14.36.04:000][507]LogModuleManager: Shutting down and abandoning module Android_DXTTargetPlatform (31)
[2017.03.20-14.36.04:000][507]LogModuleManager: Shutting down and abandoning module Android_ATCTargetPlatform (30)
[2017.03.20-14.36.04:000][507]LogModuleManager: Shutting down and abandoning module Android_ASTCTargetPlatform (29)
[2017.03.20-14.36.04:000][507]LogModuleManager: Shutting down and abandoning module AndroidTargetPlatform (28)
[2017.03.20-14.36.04:000][507]LogModuleManager: Shutting down and abandoning module WindowsTargetPlatform (27)
[2017.03.20-14.36.04:000][507]LogModuleManager: Shutting down and abandoning module WindowsServerTargetPlatform (26)
[2017.03.20-14.36.04:000][507]LogModuleManager: Shutting down and abandoning module WindowsNoEditorTargetPlatform (25)
[2017.03.20-14.36.04:000][507]LogModuleManager: Shutting down and abandoning module WindowsClientTargetPlatform (24)
[2017.03.20-14.36.04:000][507]LogModuleManager: Shutting down and abandoning module AllDesktopTargetPlatform (23)
[2017.03.20-14.36.04:000][507]LogModuleManager: Shutting down and abandoning module TargetPlatform (22)
[2017.03.20-14.36.04:000][507]LogModuleManager: Shutting down and abandoning module InputCore (21)
[2017.03.20-14.36.04:000][507]LogModuleManager: Shutting down and abandoning module Settings (20)
[2017.03.20-14.36.04:000][507]LogModuleManager: Shutting down and abandoning module OnlineSubsystem (18)
[2017.03.20-14.36.04:000][507]LogModuleManager: Shutting down and abandoning module HTTP (17)
[2017.03.20-14.36.05:501][507]LogModuleManager: Shutting down and abandoning module OculusRift (16)
[2017.03.20-14.36.05:502][507]LogModuleManager: Shutting down and abandoning module ExampleDeviceProfileSelector (15)
[2017.03.20-14.36.05:502][507]LogModuleManager: Shutting down and abandoning module TextureCompressor (14)
[2017.03.20-14.36.05:502][507]LogModuleManager: Shutting down and abandoning module ShaderCore (13)
[2017.03.20-14.36.05:502][507]LogModuleManager: Shutting down and abandoning module Landscape (12)
[2017.03.20-14.36.05:502][507]LogModuleManager: Shutting down and abandoning module SlateRHIRenderer (11)
[2017.03.20-14.36.05:503][507]LogModuleManager: Shutting down and abandoning module OpenGLDrv (10)
[2017.03.20-14.36.05:503][507]LogModuleManager: Shutting down and abandoning module D3D11RHI (9)
[2017.03.20-14.36.05:503][507]LogModuleManager: Shutting down and abandoning module AnimGraphRuntime (8)
[2017.03.20-14.36.05:503][507]LogModuleManager: Shutting down and abandoning module Renderer (7)
[2017.03.20-14.36.05:503][507]LogModuleManager: Shutting down and abandoning module Engine (6)
[2017.03.20-14.36.05:503][507]LogModuleManager: Shutting down and abandoning module CoreUObject (5)
[2017.03.20-14.36.05:503][507]LogModuleManager: Shutting down and abandoning module NetworkFile (4)
[2017.03.20-14.36.05:503][507]LogModuleManager: Shutting down and abandoning module StreamingFile (3)
[2017.03.20-14.36.05:503][507]LogModuleManager: Shutting down and abandoning module SandboxFile (2)
[2017.03.20-14.36.05:504][507]LogModuleManager: Shutting down and abandoning module PakFile (1)
[2017.03.20-14.36.05:505][507]LogExit: Exiting.
[2017.03.20-14.36.05:529][507]Log file closed, 03/20/17 14:36:05
